2022-07-27 02:04:12,024 - mmpose - INFO - Environment info:
------------------------------------------------------------
sys.platform: linux
Python: 3.9.7 (default, Sep 16 2021, 13:09:58) [GCC 7.5.0]
CUDA available: True
GPU 0,1,2,3: NVIDIA GeForce RTX 3090
CUDA_HOME: /usr/local/cuda-11.1:/usr/local/cuda-11.1:
GCC: gcc (Ubuntu 7.5.0-3ubuntu1~18.04) 7.5.0
PyTorch: 1.9.1+cu111
PyTorch compiling details: PyTorch built with:
  - GCC 7.3
  - C++ Version: 201402
  - Intel(R) Math Kernel Library Version 2020.0.0 Product Build 20191122 for Intel(R) 64 architecture applications
  - Intel(R) MKL-DNN v2.1.2 (Git Hash 98be7e8afa711dc9b66c8ff3504129cb82013cdb)
  - OpenMP 201511 (a.k.a. OpenMP 4.5)
  - NNPACK is enabled
  - CPU capability usage: AVX2
  - CUDA Runtime 11.1
  - NVCC architecture flags: -gencode;arch=compute_37,code=sm_37;-gencode;arch=compute_50,code=sm_50;-gencode;arch=compute_60,code=sm_60;-gencode;arch=compute_70,code=sm_70;-gencode;arch=compute_75,code=sm_75;-gencode;arch=compute_80,code=sm_80;-gencode;arch=compute_86,code=sm_86
  - CuDNN 8.0.5
  - Magma 2.5.2
  - Build settings: BLAS_INFO=mkl, BUILD_TYPE=Release, CUDA_VERSION=11.1, CUDNN_VERSION=8.0.5, CXX_COMPILER=/opt/rh/devtoolset-7/root/usr/bin/c++, CXX_FLAGS= -Wno-deprecated -fvisibility-inlines-hidden -DUSE_PTHREADPOOL -fopenmp -DNDEBUG -DUSE_KINETO -DUSE_FBGEMM -DUSE_QNNPACK -DUSE_PYTORCH_QNNPACK -DUSE_XNNPACK -DSYMBOLICATE_MOBILE_DEBUG_HANDLE -O2 -fPIC -Wno-narrowing -Wall -Wextra -Werror=return-type -Wno-missing-field-initializers -Wno-type-limits -Wno-array-bounds -Wno-unknown-pragmas -Wno-sign-compare -Wno-unused-parameter -Wno-unused-variable -Wno-unused-function -Wno-unused-result -Wno-unused-local-typedefs -Wno-strict-overflow -Wno-strict-aliasing -Wno-error=deprecated-declarations -Wno-stringop-overflow -Wno-psabi -Wno-error=pedantic -Wno-error=redundant-decls -Wno-error=old-style-cast -fdiagnostics-color=always -faligned-new -Wno-unused-but-set-variable -Wno-maybe-uninitialized -fno-math-errno -fno-trapping-math -Werror=format -Wno-stringop-overflow, LAPACK_INFO=mkl, PERF_WITH_AVX=1, PERF_WITH_AVX2=1, PERF_WITH_AVX512=1, TORCH_VERSION=1.9.1, USE_CUDA=ON, USE_CUDNN=ON, USE_EXCEPTION_PTR=1, USE_GFLAGS=OFF, USE_GLOG=OFF, USE_MKL=ON, USE_MKLDNN=ON, USE_MPI=OFF, USE_NCCL=ON, USE_NNPACK=ON, USE_OPENMP=ON, 

TorchVision: 0.10.1+cu111
OpenCV: 4.5.5
MMCV: 1.5.1
MMCV Compiler: GCC 7.5
MMCV CUDA Compiler: 11.1
MMPose: 0.27.0+003000e
------------------------------------------------------------

2022-07-27 02:04:12,024 - mmpose - INFO - Distributed training: True
2022-07-27 02:04:15,346 - mmpose - INFO - Config:
checkpoint_config = dict(interval=10)
log_config = dict(interval=50, hooks=[dict(type='TextLoggerHook')])
log_level = 'INFO'
load_from = None
resume_from = None
dist_params = dict(backend='nccl')
workflow = [('train', 1)]
opencv_num_threads = 0
mp_start_method = 'fork'
dataset_info = dict(
    dataset_name='mpii',
    paper_info=dict(
        author=
        'Mykhaylo Andriluka and Leonid Pishchulin and Peter Gehler and Schiele, Bernt',
        title=
        '2D Human Pose Estimation: New Benchmark and State of the Art Analysis',
        container=
        'IEEE Conference on Computer Vision and Pattern Recognition (CVPR)',
        year='2014',
        homepage='http://human-pose.mpi-inf.mpg.de/'),
    keypoint_info=dict({
        0:
        dict(
            name='right_ankle',
            id=0,
            color=[255, 128, 0],
            type='lower',
            swap='left_ankle'),
        1:
        dict(
            name='right_knee',
            id=1,
            color=[255, 128, 0],
            type='lower',
            swap='left_knee'),
        2:
        dict(
            name='right_hip',
            id=2,
            color=[255, 128, 0],
            type='lower',
            swap='left_hip'),
        3:
        dict(
            name='left_hip',
            id=3,
            color=[0, 255, 0],
            type='lower',
            swap='right_hip'),
        4:
        dict(
            name='left_knee',
            id=4,
            color=[0, 255, 0],
            type='lower',
            swap='right_knee'),
        5:
        dict(
            name='left_ankle',
            id=5,
            color=[0, 255, 0],
            type='lower',
            swap='right_ankle'),
        6:
        dict(name='pelvis', id=6, color=[51, 153, 255], type='lower', swap=''),
        7:
        dict(name='thorax', id=7, color=[51, 153, 255], type='upper', swap=''),
        8:
        dict(
            name='upper_neck',
            id=8,
            color=[51, 153, 255],
            type='upper',
            swap=''),
        9:
        dict(
            name='head_top', id=9, color=[51, 153, 255], type='upper',
            swap=''),
        10:
        dict(
            name='right_wrist',
            id=10,
            color=[255, 128, 0],
            type='upper',
            swap='left_wrist'),
        11:
        dict(
            name='right_elbow',
            id=11,
            color=[255, 128, 0],
            type='upper',
            swap='left_elbow'),
        12:
        dict(
            name='right_shoulder',
            id=12,
            color=[255, 128, 0],
            type='upper',
            swap='left_shoulder'),
        13:
        dict(
            name='left_shoulder',
            id=13,
            color=[0, 255, 0],
            type='upper',
            swap='right_shoulder'),
        14:
        dict(
            name='left_elbow',
            id=14,
            color=[0, 255, 0],
            type='upper',
            swap='right_elbow'),
        15:
        dict(
            name='left_wrist',
            id=15,
            color=[0, 255, 0],
            type='upper',
            swap='right_wrist')
    }),
    skeleton_info=dict({
        0:
        dict(link=('right_ankle', 'right_knee'), id=0, color=[255, 128, 0]),
        1:
        dict(link=('right_knee', 'right_hip'), id=1, color=[255, 128, 0]),
        2:
        dict(link=('right_hip', 'pelvis'), id=2, color=[255, 128, 0]),
        3:
        dict(link=('pelvis', 'left_hip'), id=3, color=[0, 255, 0]),
        4:
        dict(link=('left_hip', 'left_knee'), id=4, color=[0, 255, 0]),
        5:
        dict(link=('left_knee', 'left_ankle'), id=5, color=[0, 255, 0]),
        6:
        dict(link=('pelvis', 'thorax'), id=6, color=[51, 153, 255]),
        7:
        dict(link=('thorax', 'upper_neck'), id=7, color=[51, 153, 255]),
        8:
        dict(link=('upper_neck', 'head_top'), id=8, color=[51, 153, 255]),
        9:
        dict(link=('upper_neck', 'right_shoulder'), id=9, color=[255, 128, 0]),
        10:
        dict(
            link=('right_shoulder', 'right_elbow'), id=10, color=[255, 128,
                                                                  0]),
        11:
        dict(link=('right_elbow', 'right_wrist'), id=11, color=[255, 128, 0]),
        12:
        dict(link=('upper_neck', 'left_shoulder'), id=12, color=[0, 255, 0]),
        13:
        dict(link=('left_shoulder', 'left_elbow'), id=13, color=[0, 255, 0]),
        14:
        dict(link=('left_elbow', 'left_wrist'), id=14, color=[0, 255, 0])
    }),
    joint_weights=[
        1.5, 1.2, 1.0, 1.0, 1.2, 1.5, 1.0, 1.0, 1.0, 1.0, 1.5, 1.2, 1.0, 1.0,
        1.2, 1.5
    ],
    sigmas=[
        0.089, 0.083, 0.107, 0.107, 0.083, 0.089, 0.026, 0.026, 0.026, 0.026,
        0.062, 0.072, 0.179, 0.179, 0.072, 0.062
    ])
evaluation = dict(interval=10, metric='PCKh', save_best='PCKh')
optimizer = dict(type='AdamW', lr=0.0005)
optimizer_config = dict(grad_clip=None)
lr_config = dict(
    policy='step',
    warmup='linear',
    warmup_iters=500,
    warmup_ratio=0.001,
    step=[170, 200])
total_epochs = 210
channel_cfg = dict(
    num_output_channels=16,
    dataset_joints=16,
    dataset_channel=[0, 1, 2, 3, 4, 5, 6, 7, 8, 9, 10, 11, 12, 13, 14, 15],
    inference_channel=[0, 1, 2, 3, 4, 5, 6, 7, 8, 9, 10, 11, 12, 13, 14, 15])
model = dict(
    type='TopDown',
    pretrained=
    'work_dirs/2_hm_shufflenetv2_mpii_256x256/best_PCKh_epoch_200.pth',
    backbone=dict(type='ShuffleNetV2', widen_factor=1.0),
    keypoint_head=dict(
        type='IntegralPoseRegressionHead',
        in_channels=1024,
        num_joints=16,
        loss_keypoint=dict(
            type='DSNTRLE_SimC_Loss',
            dsnt_param=dict(
                use_target_weight=True,
                sigma=1,
                mse_weight=1,
                js_weight=1,
                is_dsnt=True),
            rle_param=dict(
                use_target_weight=True, size_average=True, residual=True),
            dsnt_weight=0,
            rle_weight=1,
            simc_weight=1),
        out_sigma=True,
        out_highres=True,
        with_simcc=True),
    train_cfg=dict(with_simcc=True),
    test_cfg=dict(flip_test=True))
data_cfg = dict(
    image_size=[256, 256],
    heatmap_size=[64, 64],
    num_output_channels=16,
    num_joints=16,
    dataset_channel=[0, 1, 2, 3, 4, 5, 6, 7, 8, 9, 10, 11, 12, 13, 14, 15],
    inference_channel=[0, 1, 2, 3, 4, 5, 6, 7, 8, 9, 10, 11, 12, 13, 14, 15],
    use_gt_bbox=True,
    bbox_file=None)
train_pipeline = [
    dict(type='LoadImageFromFile'),
    dict(type='TopDownGetBboxCenterScale', padding=1.25),
    dict(type='TopDownRandomFlip', flip_prob=0.5),
    dict(
        type='TopDownGetRandomScaleRotation', rot_factor=40, scale_factor=0.5),
    dict(type='TopDownAffine'),
    dict(type='ToTensor'),
    dict(
        type='NormalizeTensor',
        mean=[0.485, 0.456, 0.406],
        std=[0.229, 0.224, 0.225]),
    dict(type='TopDownGenerateTargetRegression'),
    dict(type='TopDownGenerateSimC'),
    dict(
        type='Collect',
        keys=['img', 'target', 'target_weight', 'target_x', 'target_y'],
        meta_keys=[
            'image_file', 'joints_3d', 'joints_3d_visible', 'center', 'scale',
            'rotation', 'flip_pairs'
        ])
]
val_pipeline = [
    dict(type='LoadImageFromFile'),
    dict(type='TopDownGetBboxCenterScale', padding=1.25),
    dict(type='TopDownAffine'),
    dict(type='ToTensor'),
    dict(
        type='NormalizeTensor',
        mean=[0.485, 0.456, 0.406],
        std=[0.229, 0.224, 0.225]),
    dict(
        type='Collect',
        keys=['img'],
        meta_keys=['image_file', 'center', 'scale', 'rotation', 'flip_pairs'])
]
test_pipeline = [
    dict(type='LoadImageFromFile'),
    dict(type='TopDownGetBboxCenterScale', padding=1.25),
    dict(type='TopDownAffine'),
    dict(type='ToTensor'),
    dict(
        type='NormalizeTensor',
        mean=[0.485, 0.456, 0.406],
        std=[0.229, 0.224, 0.225]),
    dict(
        type='Collect',
        keys=['img'],
        meta_keys=['image_file', 'center', 'scale', 'rotation', 'flip_pairs'])
]
data_root = '/data/tfj/workspace/datasets/MPII'
data = dict(
    samples_per_gpu=64,
    workers_per_gpu=4,
    persistent_workers=True,
    val_dataloader=dict(samples_per_gpu=32),
    test_dataloader=dict(samples_per_gpu=32),
    train=dict(
        type='TopDownMpiiDataset',
        ann_file=
        '/data/tfj/workspace/datasets/MPII/annotations/mpii_train.json',
        img_prefix='/data/tfj/workspace/datasets/MPII/images/',
        data_cfg=dict(
            image_size=[256, 256],
            heatmap_size=[64, 64],
            num_output_channels=16,
            num_joints=16,
            dataset_channel=[
                0, 1, 2, 3, 4, 5, 6, 7, 8, 9, 10, 11, 12, 13, 14, 15
            ],
            inference_channel=[
                0, 1, 2, 3, 4, 5, 6, 7, 8, 9, 10, 11, 12, 13, 14, 15
            ],
            use_gt_bbox=True,
            bbox_file=None),
        pipeline=[
            dict(type='LoadImageFromFile'),
            dict(type='TopDownGetBboxCenterScale', padding=1.25),
            dict(type='TopDownRandomFlip', flip_prob=0.5),
            dict(
                type='TopDownGetRandomScaleRotation',
                rot_factor=40,
                scale_factor=0.5),
            dict(type='TopDownAffine'),
            dict(type='ToTensor'),
            dict(
                type='NormalizeTensor',
                mean=[0.485, 0.456, 0.406],
                std=[0.229, 0.224, 0.225]),
            dict(type='TopDownGenerateTargetRegression'),
            dict(type='TopDownGenerateSimC'),
            dict(
                type='Collect',
                keys=[
                    'img', 'target', 'target_weight', 'target_x', 'target_y'
                ],
                meta_keys=[
                    'image_file', 'joints_3d', 'joints_3d_visible', 'center',
                    'scale', 'rotation', 'flip_pairs'
                ])
        ],
        dataset_info=dict(
            dataset_name='mpii',
            paper_info=dict(
                author=
                'Mykhaylo Andriluka and Leonid Pishchulin and Peter Gehler and Schiele, Bernt',
                title=
                '2D Human Pose Estimation: New Benchmark and State of the Art Analysis',
                container=
                'IEEE Conference on Computer Vision and Pattern Recognition (CVPR)',
                year='2014',
                homepage='http://human-pose.mpi-inf.mpg.de/'),
            keypoint_info=dict({
                0:
                dict(
                    name='right_ankle',
                    id=0,
                    color=[255, 128, 0],
                    type='lower',
                    swap='left_ankle'),
                1:
                dict(
                    name='right_knee',
                    id=1,
                    color=[255, 128, 0],
                    type='lower',
                    swap='left_knee'),
                2:
                dict(
                    name='right_hip',
                    id=2,
                    color=[255, 128, 0],
                    type='lower',
                    swap='left_hip'),
                3:
                dict(
                    name='left_hip',
                    id=3,
                    color=[0, 255, 0],
                    type='lower',
                    swap='right_hip'),
                4:
                dict(
                    name='left_knee',
                    id=4,
                    color=[0, 255, 0],
                    type='lower',
                    swap='right_knee'),
                5:
                dict(
                    name='left_ankle',
                    id=5,
                    color=[0, 255, 0],
                    type='lower',
                    swap='right_ankle'),
                6:
                dict(
                    name='pelvis',
                    id=6,
                    color=[51, 153, 255],
                    type='lower',
                    swap=''),
                7:
                dict(
                    name='thorax',
                    id=7,
                    color=[51, 153, 255],
                    type='upper',
                    swap=''),
                8:
                dict(
                    name='upper_neck',
                    id=8,
                    color=[51, 153, 255],
                    type='upper',
                    swap=''),
                9:
                dict(
                    name='head_top',
                    id=9,
                    color=[51, 153, 255],
                    type='upper',
                    swap=''),
                10:
                dict(
                    name='right_wrist',
                    id=10,
                    color=[255, 128, 0],
                    type='upper',
                    swap='left_wrist'),
                11:
                dict(
                    name='right_elbow',
                    id=11,
                    color=[255, 128, 0],
                    type='upper',
                    swap='left_elbow'),
                12:
                dict(
                    name='right_shoulder',
                    id=12,
                    color=[255, 128, 0],
                    type='upper',
                    swap='left_shoulder'),
                13:
                dict(
                    name='left_shoulder',
                    id=13,
                    color=[0, 255, 0],
                    type='upper',
                    swap='right_shoulder'),
                14:
                dict(
                    name='left_elbow',
                    id=14,
                    color=[0, 255, 0],
                    type='upper',
                    swap='right_elbow'),
                15:
                dict(
                    name='left_wrist',
                    id=15,
                    color=[0, 255, 0],
                    type='upper',
                    swap='right_wrist')
            }),
            skeleton_info=dict({
                0:
                dict(
                    link=('right_ankle', 'right_knee'),
                    id=0,
                    color=[255, 128, 0]),
                1:
                dict(
                    link=('right_knee', 'right_hip'),
                    id=1,
                    color=[255, 128, 0]),
                2:
                dict(link=('right_hip', 'pelvis'), id=2, color=[255, 128, 0]),
                3:
                dict(link=('pelvis', 'left_hip'), id=3, color=[0, 255, 0]),
                4:
                dict(link=('left_hip', 'left_knee'), id=4, color=[0, 255, 0]),
                5:
                dict(
                    link=('left_knee', 'left_ankle'), id=5, color=[0, 255, 0]),
                6:
                dict(link=('pelvis', 'thorax'), id=6, color=[51, 153, 255]),
                7:
                dict(
                    link=('thorax', 'upper_neck'), id=7, color=[51, 153, 255]),
                8:
                dict(
                    link=('upper_neck', 'head_top'),
                    id=8,
                    color=[51, 153, 255]),
                9:
                dict(
                    link=('upper_neck', 'right_shoulder'),
                    id=9,
                    color=[255, 128, 0]),
                10:
                dict(
                    link=('right_shoulder', 'right_elbow'),
                    id=10,
                    color=[255, 128, 0]),
                11:
                dict(
                    link=('right_elbow', 'right_wrist'),
                    id=11,
                    color=[255, 128, 0]),
                12:
                dict(
                    link=('upper_neck', 'left_shoulder'),
                    id=12,
                    color=[0, 255, 0]),
                13:
                dict(
                    link=('left_shoulder', 'left_elbow'),
                    id=13,
                    color=[0, 255, 0]),
                14:
                dict(
                    link=('left_elbow', 'left_wrist'),
                    id=14,
                    color=[0, 255, 0])
            }),
            joint_weights=[
                1.5, 1.2, 1.0, 1.0, 1.2, 1.5, 1.0, 1.0, 1.0, 1.0, 1.5, 1.2,
                1.0, 1.0, 1.2, 1.5
            ],
            sigmas=[
                0.089, 0.083, 0.107, 0.107, 0.083, 0.089, 0.026, 0.026, 0.026,
                0.026, 0.062, 0.072, 0.179, 0.179, 0.072, 0.062
            ])),
    val=dict(
        type='TopDownMpiiDataset',
        ann_file='/data/tfj/workspace/datasets/MPII/annotations/mpii_val.json',
        img_prefix='/data/tfj/workspace/datasets/MPII/images/',
        data_cfg=dict(
            image_size=[256, 256],
            heatmap_size=[64, 64],
            num_output_channels=16,
            num_joints=16,
            dataset_channel=[
                0, 1, 2, 3, 4, 5, 6, 7, 8, 9, 10, 11, 12, 13, 14, 15
            ],
            inference_channel=[
                0, 1, 2, 3, 4, 5, 6, 7, 8, 9, 10, 11, 12, 13, 14, 15
            ],
            use_gt_bbox=True,
            bbox_file=None),
        pipeline=[
            dict(type='LoadImageFromFile'),
            dict(type='TopDownGetBboxCenterScale', padding=1.25),
            dict(type='TopDownAffine'),
            dict(type='ToTensor'),
            dict(
                type='NormalizeTensor',
                mean=[0.485, 0.456, 0.406],
                std=[0.229, 0.224, 0.225]),
            dict(
                type='Collect',
                keys=['img'],
                meta_keys=[
                    'image_file', 'center', 'scale', 'rotation', 'flip_pairs'
                ])
        ],
        dataset_info=dict(
            dataset_name='mpii',
            paper_info=dict(
                author=
                'Mykhaylo Andriluka and Leonid Pishchulin and Peter Gehler and Schiele, Bernt',
                title=
                '2D Human Pose Estimation: New Benchmark and State of the Art Analysis',
                container=
                'IEEE Conference on Computer Vision and Pattern Recognition (CVPR)',
                year='2014',
                homepage='http://human-pose.mpi-inf.mpg.de/'),
            keypoint_info=dict({
                0:
                dict(
                    name='right_ankle',
                    id=0,
                    color=[255, 128, 0],
                    type='lower',
                    swap='left_ankle'),
                1:
                dict(
                    name='right_knee',
                    id=1,
                    color=[255, 128, 0],
                    type='lower',
                    swap='left_knee'),
                2:
                dict(
                    name='right_hip',
                    id=2,
                    color=[255, 128, 0],
                    type='lower',
                    swap='left_hip'),
                3:
                dict(
                    name='left_hip',
                    id=3,
                    color=[0, 255, 0],
                    type='lower',
                    swap='right_hip'),
                4:
                dict(
                    name='left_knee',
                    id=4,
                    color=[0, 255, 0],
                    type='lower',
                    swap='right_knee'),
                5:
                dict(
                    name='left_ankle',
                    id=5,
                    color=[0, 255, 0],
                    type='lower',
                    swap='right_ankle'),
                6:
                dict(
                    name='pelvis',
                    id=6,
                    color=[51, 153, 255],
                    type='lower',
                    swap=''),
                7:
                dict(
                    name='thorax',
                    id=7,
                    color=[51, 153, 255],
                    type='upper',
                    swap=''),
                8:
                dict(
                    name='upper_neck',
                    id=8,
                    color=[51, 153, 255],
                    type='upper',
                    swap=''),
                9:
                dict(
                    name='head_top',
                    id=9,
                    color=[51, 153, 255],
                    type='upper',
                    swap=''),
                10:
                dict(
                    name='right_wrist',
                    id=10,
                    color=[255, 128, 0],
                    type='upper',
                    swap='left_wrist'),
                11:
                dict(
                    name='right_elbow',
                    id=11,
                    color=[255, 128, 0],
                    type='upper',
                    swap='left_elbow'),
                12:
                dict(
                    name='right_shoulder',
                    id=12,
                    color=[255, 128, 0],
                    type='upper',
                    swap='left_shoulder'),
                13:
                dict(
                    name='left_shoulder',
                    id=13,
                    color=[0, 255, 0],
                    type='upper',
                    swap='right_shoulder'),
                14:
                dict(
                    name='left_elbow',
                    id=14,
                    color=[0, 255, 0],
                    type='upper',
                    swap='right_elbow'),
                15:
                dict(
                    name='left_wrist',
                    id=15,
                    color=[0, 255, 0],
                    type='upper',
                    swap='right_wrist')
            }),
            skeleton_info=dict({
                0:
                dict(
                    link=('right_ankle', 'right_knee'),
                    id=0,
                    color=[255, 128, 0]),
                1:
                dict(
                    link=('right_knee', 'right_hip'),
                    id=1,
                    color=[255, 128, 0]),
                2:
                dict(link=('right_hip', 'pelvis'), id=2, color=[255, 128, 0]),
                3:
                dict(link=('pelvis', 'left_hip'), id=3, color=[0, 255, 0]),
                4:
                dict(link=('left_hip', 'left_knee'), id=4, color=[0, 255, 0]),
                5:
                dict(
                    link=('left_knee', 'left_ankle'), id=5, color=[0, 255, 0]),
                6:
                dict(link=('pelvis', 'thorax'), id=6, color=[51, 153, 255]),
                7:
                dict(
                    link=('thorax', 'upper_neck'), id=7, color=[51, 153, 255]),
                8:
                dict(
                    link=('upper_neck', 'head_top'),
                    id=8,
                    color=[51, 153, 255]),
                9:
                dict(
                    link=('upper_neck', 'right_shoulder'),
                    id=9,
                    color=[255, 128, 0]),
                10:
                dict(
                    link=('right_shoulder', 'right_elbow'),
                    id=10,
                    color=[255, 128, 0]),
                11:
                dict(
                    link=('right_elbow', 'right_wrist'),
                    id=11,
                    color=[255, 128, 0]),
                12:
                dict(
                    link=('upper_neck', 'left_shoulder'),
                    id=12,
                    color=[0, 255, 0]),
                13:
                dict(
                    link=('left_shoulder', 'left_elbow'),
                    id=13,
                    color=[0, 255, 0]),
                14:
                dict(
                    link=('left_elbow', 'left_wrist'),
                    id=14,
                    color=[0, 255, 0])
            }),
            joint_weights=[
                1.5, 1.2, 1.0, 1.0, 1.2, 1.5, 1.0, 1.0, 1.0, 1.0, 1.5, 1.2,
                1.0, 1.0, 1.2, 1.5
            ],
            sigmas=[
                0.089, 0.083, 0.107, 0.107, 0.083, 0.089, 0.026, 0.026, 0.026,
                0.026, 0.062, 0.072, 0.179, 0.179, 0.072, 0.062
            ])),
    test=dict(
        type='TopDownMpiiDataset',
        ann_file='/data/tfj/workspace/datasets/MPII/annotations/mpii_val.json',
        img_prefix='/data/tfj/workspace/datasets/MPII/images/',
        data_cfg=dict(
            image_size=[256, 256],
            heatmap_size=[64, 64],
            num_output_channels=16,
            num_joints=16,
            dataset_channel=[
                0, 1, 2, 3, 4, 5, 6, 7, 8, 9, 10, 11, 12, 13, 14, 15
            ],
            inference_channel=[
                0, 1, 2, 3, 4, 5, 6, 7, 8, 9, 10, 11, 12, 13, 14, 15
            ],
            use_gt_bbox=True,
            bbox_file=None),
        pipeline=[
            dict(type='LoadImageFromFile'),
            dict(type='TopDownGetBboxCenterScale', padding=1.25),
            dict(type='TopDownAffine'),
            dict(type='ToTensor'),
            dict(
                type='NormalizeTensor',
                mean=[0.485, 0.456, 0.406],
                std=[0.229, 0.224, 0.225]),
            dict(
                type='Collect',
                keys=['img'],
                meta_keys=[
                    'image_file', 'center', 'scale', 'rotation', 'flip_pairs'
                ])
        ],
        dataset_info=dict(
            dataset_name='mpii',
            paper_info=dict(
                author=
                'Mykhaylo Andriluka and Leonid Pishchulin and Peter Gehler and Schiele, Bernt',
                title=
                '2D Human Pose Estimation: New Benchmark and State of the Art Analysis',
                container=
                'IEEE Conference on Computer Vision and Pattern Recognition (CVPR)',
                year='2014',
                homepage='http://human-pose.mpi-inf.mpg.de/'),
            keypoint_info=dict({
                0:
                dict(
                    name='right_ankle',
                    id=0,
                    color=[255, 128, 0],
                    type='lower',
                    swap='left_ankle'),
                1:
                dict(
                    name='right_knee',
                    id=1,
                    color=[255, 128, 0],
                    type='lower',
                    swap='left_knee'),
                2:
                dict(
                    name='right_hip',
                    id=2,
                    color=[255, 128, 0],
                    type='lower',
                    swap='left_hip'),
                3:
                dict(
                    name='left_hip',
                    id=3,
                    color=[0, 255, 0],
                    type='lower',
                    swap='right_hip'),
                4:
                dict(
                    name='left_knee',
                    id=4,
                    color=[0, 255, 0],
                    type='lower',
                    swap='right_knee'),
                5:
                dict(
                    name='left_ankle',
                    id=5,
                    color=[0, 255, 0],
                    type='lower',
                    swap='right_ankle'),
                6:
                dict(
                    name='pelvis',
                    id=6,
                    color=[51, 153, 255],
                    type='lower',
                    swap=''),
                7:
                dict(
                    name='thorax',
                    id=7,
                    color=[51, 153, 255],
                    type='upper',
                    swap=''),
                8:
                dict(
                    name='upper_neck',
                    id=8,
                    color=[51, 153, 255],
                    type='upper',
                    swap=''),
                9:
                dict(
                    name='head_top',
                    id=9,
                    color=[51, 153, 255],
                    type='upper',
                    swap=''),
                10:
                dict(
                    name='right_wrist',
                    id=10,
                    color=[255, 128, 0],
                    type='upper',
                    swap='left_wrist'),
                11:
                dict(
                    name='right_elbow',
                    id=11,
                    color=[255, 128, 0],
                    type='upper',
                    swap='left_elbow'),
                12:
                dict(
                    name='right_shoulder',
                    id=12,
                    color=[255, 128, 0],
                    type='upper',
                    swap='left_shoulder'),
                13:
                dict(
                    name='left_shoulder',
                    id=13,
                    color=[0, 255, 0],
                    type='upper',
                    swap='right_shoulder'),
                14:
                dict(
                    name='left_elbow',
                    id=14,
                    color=[0, 255, 0],
                    type='upper',
                    swap='right_elbow'),
                15:
                dict(
                    name='left_wrist',
                    id=15,
                    color=[0, 255, 0],
                    type='upper',
                    swap='right_wrist')
            }),
            skeleton_info=dict({
                0:
                dict(
                    link=('right_ankle', 'right_knee'),
                    id=0,
                    color=[255, 128, 0]),
                1:
                dict(
                    link=('right_knee', 'right_hip'),
                    id=1,
                    color=[255, 128, 0]),
                2:
                dict(link=('right_hip', 'pelvis'), id=2, color=[255, 128, 0]),
                3:
                dict(link=('pelvis', 'left_hip'), id=3, color=[0, 255, 0]),
                4:
                dict(link=('left_hip', 'left_knee'), id=4, color=[0, 255, 0]),
                5:
                dict(
                    link=('left_knee', 'left_ankle'), id=5, color=[0, 255, 0]),
                6:
                dict(link=('pelvis', 'thorax'), id=6, color=[51, 153, 255]),
                7:
                dict(
                    link=('thorax', 'upper_neck'), id=7, color=[51, 153, 255]),
                8:
                dict(
                    link=('upper_neck', 'head_top'),
                    id=8,
                    color=[51, 153, 255]),
                9:
                dict(
                    link=('upper_neck', 'right_shoulder'),
                    id=9,
                    color=[255, 128, 0]),
                10:
                dict(
                    link=('right_shoulder', 'right_elbow'),
                    id=10,
                    color=[255, 128, 0]),
                11:
                dict(
                    link=('right_elbow', 'right_wrist'),
                    id=11,
                    color=[255, 128, 0]),
                12:
                dict(
                    link=('upper_neck', 'left_shoulder'),
                    id=12,
                    color=[0, 255, 0]),
                13:
                dict(
                    link=('left_shoulder', 'left_elbow'),
                    id=13,
                    color=[0, 255, 0]),
                14:
                dict(
                    link=('left_elbow', 'left_wrist'),
                    id=14,
                    color=[0, 255, 0])
            }),
            joint_weights=[
                1.5, 1.2, 1.0, 1.0, 1.2, 1.5, 1.0, 1.0, 1.0, 1.0, 1.5, 1.2,
                1.0, 1.0, 1.2, 1.5
            ],
            sigmas=[
                0.089, 0.083, 0.107, 0.107, 0.083, 0.089, 0.026, 0.026, 0.026,
                0.026, 0.062, 0.072, 0.179, 0.179, 0.072, 0.062
            ])))
work_dir = './work_dirs/27_reg_shufflenetv2_mpii_256x256_dsnt_rle_highres_simc'
gpu_ids = range(0, 4)

2022-07-27 02:04:15,348 - mmpose - INFO - Set random seed to 2526, deterministic: False
2022-07-27 02:04:28,330 - mmpose - INFO - Start running, host: tianfj@qwe, work_dir: /data/tfj/workspace/python_projects/pose/mmpose0270/work_dirs/27_reg_shufflenetv2_mpii_256x256_dsnt_rle_highres_simc
2022-07-27 02:04:28,331 - mmpose - INFO - Hooks will be executed in the following order:
before_run:
(VERY_HIGH   ) StepLrUpdaterHook                  
(NORMAL      ) CheckpointHook                     
(NORMAL      ) DistEvalHook                       
(VERY_LOW    ) TextLoggerHook                     
 -------------------- 
before_train_epoch:
(VERY_HIGH   ) StepLrUpdaterHook                  
(NORMAL      ) DistSamplerSeedHook                
(NORMAL      ) DistEvalHook                       
(LOW         ) IterTimerHook                      
(VERY_LOW    ) TextLoggerHook                     
 -------------------- 
before_train_iter:
(VERY_HIGH   ) StepLrUpdaterHook                  
(NORMAL      ) DistEvalHook                       
(LOW         ) IterTimerHook                      
 -------------------- 
after_train_iter:
(ABOVE_NORMAL) OptimizerHook                      
(NORMAL      ) CheckpointHook                     
(NORMAL      ) DistEvalHook                       
(LOW         ) IterTimerHook                      
(VERY_LOW    ) TextLoggerHook                     
 -------------------- 
after_train_epoch:
(NORMAL      ) CheckpointHook                     
(NORMAL      ) DistEvalHook                       
(VERY_LOW    ) TextLoggerHook                     
 -------------------- 
before_val_epoch:
(NORMAL      ) DistSamplerSeedHook                
(LOW         ) IterTimerHook                      
(VERY_LOW    ) TextLoggerHook                     
 -------------------- 
before_val_iter:
(LOW         ) IterTimerHook                      
 -------------------- 
after_val_iter:
(LOW         ) IterTimerHook                      
 -------------------- 
after_val_epoch:
(VERY_LOW    ) TextLoggerHook                     
 -------------------- 
after_run:
(VERY_LOW    ) TextLoggerHook                     
 -------------------- 
2022-07-27 02:04:28,331 - mmpose - INFO - workflow: [('train', 1)], max: 210 epochs
2022-07-27 02:04:28,331 - mmpose - INFO - Checkpoints will be saved to /data/tfj/workspace/python_projects/pose/mmpose0270/work_dirs/27_reg_shufflenetv2_mpii_256x256_dsnt_rle_highres_simc by HardDiskBackend.
2022-07-27 02:04:52,698 - mmpose - INFO - Epoch [1][50/87]	lr: 4.945e-05, eta: 2:27:58, time: 0.487, data_time: 0.245, memory: 1757, reg_loss: 74.9484, acc_pose: 0.0056, loss: 74.9484
2022-07-27 02:05:31,476 - mmpose - INFO - Epoch [2][50/87]	lr: 1.364e-04, eta: 1:47:33, time: 0.488, data_time: 0.362, memory: 1757, reg_loss: 4.7779, acc_pose: 0.0860, loss: 4.7779
2022-07-27 02:06:10,086 - mmpose - INFO - Epoch [3][50/87]	lr: 2.233e-04, eta: 1:37:34, time: 0.478, data_time: 0.184, memory: 1757, reg_loss: -38.5826, acc_pose: 0.2468, loss: -38.5826
2022-07-27 02:06:48,430 - mmpose - INFO - Epoch [4][50/87]	lr: 3.102e-04, eta: 1:32:59, time: 0.479, data_time: 0.185, memory: 1757, reg_loss: -53.7670, acc_pose: 0.3622, loss: -53.7670
2022-07-27 02:07:27,168 - mmpose - INFO - Epoch [5][50/87]	lr: 3.971e-04, eta: 1:30:10, time: 0.477, data_time: 0.138, memory: 1757, reg_loss: -62.9158, acc_pose: 0.4434, loss: -62.9158
2022-07-27 02:08:05,775 - mmpose - INFO - Epoch [6][50/87]	lr: 4.840e-04, eta: 1:28:15, time: 0.479, data_time: 0.152, memory: 1757, reg_loss: -66.5529, acc_pose: 0.4807, loss: -66.5529
2022-07-27 02:08:44,610 - mmpose - INFO - Epoch [7][50/87]	lr: 5.000e-04, eta: 1:26:52, time: 0.481, data_time: 0.239, memory: 1757, reg_loss: -71.3222, acc_pose: 0.5245, loss: -71.3222
2022-07-27 02:09:22,730 - mmpose - INFO - Epoch [8][50/87]	lr: 5.000e-04, eta: 1:25:34, time: 0.473, data_time: 0.295, memory: 1757, reg_loss: -74.9134, acc_pose: 0.5502, loss: -74.9134
2022-07-27 02:10:01,674 - mmpose - INFO - Epoch [9][50/87]	lr: 5.000e-04, eta: 1:24:39, time: 0.482, data_time: 0.245, memory: 1757, reg_loss: -75.7942, acc_pose: 0.5493, loss: -75.7942
2022-07-27 02:10:39,196 - mmpose - INFO - Epoch [10][50/87]	lr: 5.000e-04, eta: 1:23:36, time: 0.469, data_time: 0.267, memory: 1757, reg_loss: -77.4910, acc_pose: 0.5681, loss: -77.4910
2022-07-27 02:10:54,181 - mmpose - INFO - Saving checkpoint at 10 epochs
2022-07-27 02:10:59,253 - mmpose - INFO - Now best checkpoint is saved as best_PCKh_epoch_10.pth.
2022-07-27 02:10:59,253 - mmpose - INFO - Best PCKh is 65.5946 at 10 epoch.
2022-07-27 02:10:59,253 - mmpose - INFO - Epoch(val) [10][24]	Head: 87.0737, Shoulder: 86.1243, Elbow: 66.0479, Wrist: 45.1459, Hip: 74.4678, Knee: 51.4012, Ankle: 34.4352, PCKh: 65.5946, PCKh@0.1: 8.2149
2022-07-27 02:11:22,851 - mmpose - INFO - Epoch [11][50/87]	lr: 5.000e-04, eta: 1:22:44, time: 0.472, data_time: 0.217, memory: 1757, reg_loss: -77.5851, acc_pose: 0.5799, loss: -77.5851
2022-07-27 02:12:01,349 - mmpose - INFO - Epoch [12][50/87]	lr: 5.000e-04, eta: 1:22:04, time: 0.480, data_time: 0.256, memory: 1757, reg_loss: -80.6807, acc_pose: 0.5938, loss: -80.6807
2022-07-27 02:12:39,984 - mmpose - INFO - Epoch [13][50/87]	lr: 5.000e-04, eta: 1:21:16, time: 0.468, data_time: 0.271, memory: 1757, reg_loss: -81.4812, acc_pose: 0.6053, loss: -81.4812
2022-07-27 02:13:17,473 - mmpose - INFO - Epoch [14][50/87]	lr: 5.000e-04, eta: 1:20:31, time: 0.465, data_time: 0.177, memory: 1757, reg_loss: -82.8852, acc_pose: 0.6084, loss: -82.8852
2022-07-27 02:13:55,361 - mmpose - INFO - Epoch [15][50/87]	lr: 5.000e-04, eta: 1:19:54, time: 0.474, data_time: 0.236, memory: 1757, reg_loss: -81.6365, acc_pose: 0.6030, loss: -81.6365
2022-07-27 02:14:33,503 - mmpose - INFO - Epoch [16][50/87]	lr: 5.000e-04, eta: 1:19:12, time: 0.462, data_time: 0.261, memory: 1757, reg_loss: -84.2718, acc_pose: 0.6155, loss: -84.2718
2022-07-27 02:15:12,433 - mmpose - INFO - Epoch [17][50/87]	lr: 5.000e-04, eta: 1:18:40, time: 0.476, data_time: 0.174, memory: 1757, reg_loss: -86.0064, acc_pose: 0.6240, loss: -86.0064
2022-07-27 02:15:50,880 - mmpose - INFO - Epoch [18][50/87]	lr: 5.000e-04, eta: 1:18:09, time: 0.477, data_time: 0.314, memory: 1757, reg_loss: -85.4421, acc_pose: 0.6245, loss: -85.4421
2022-07-27 02:16:28,481 - mmpose - INFO - Epoch [19][50/87]	lr: 5.000e-04, eta: 1:17:35, time: 0.469, data_time: 0.244, memory: 1757, reg_loss: -86.2845, acc_pose: 0.6286, loss: -86.2845
2022-07-27 02:17:06,033 - mmpose - INFO - Epoch [20][50/87]	lr: 5.000e-04, eta: 1:17:01, time: 0.466, data_time: 0.315, memory: 1757, reg_loss: -87.2795, acc_pose: 0.6425, loss: -87.2795
2022-07-27 02:17:21,023 - mmpose - INFO - Saving checkpoint at 20 epochs
2022-07-27 02:17:25,861 - mmpose - INFO - The previous best checkpoint /data/tfj/workspace/python_projects/pose/mmpose0270/work_dirs/27_reg_shufflenetv2_mpii_256x256_dsnt_rle_highres_simc/best_PCKh_epoch_10.pth was removed
2022-07-27 02:17:26,079 - mmpose - INFO - Now best checkpoint is saved as best_PCKh_epoch_20.pth.
2022-07-27 02:17:26,079 - mmpose - INFO - Best PCKh is 69.3391 at 20 epoch.
2022-07-27 02:17:26,079 - mmpose - INFO - Epoch(val) [20][24]	Head: 90.3479, Shoulder: 88.9096, Elbow: 69.8823, Wrist: 48.6899, Hip: 79.1241, Knee: 53.6777, Ankle: 42.4887, PCKh: 69.3391, PCKh@0.1: 10.9524
2022-07-27 02:17:49,037 - mmpose - INFO - Epoch [21][50/87]	lr: 5.000e-04, eta: 1:16:25, time: 0.459, data_time: 0.152, memory: 1757, reg_loss: -86.9208, acc_pose: 0.6363, loss: -86.9208
2022-07-27 02:18:26,270 - mmpose - INFO - Epoch [22][50/87]	lr: 5.000e-04, eta: 1:15:52, time: 0.464, data_time: 0.285, memory: 1757, reg_loss: -87.2802, acc_pose: 0.6423, loss: -87.2802
2022-07-27 02:19:03,631 - mmpose - INFO - Epoch [23][50/87]	lr: 5.000e-04, eta: 1:15:20, time: 0.464, data_time: 0.261, memory: 1757, reg_loss: -88.6092, acc_pose: 0.6395, loss: -88.6092
2022-07-27 02:19:42,026 - mmpose - INFO - Epoch [24][50/87]	lr: 5.000e-04, eta: 1:14:51, time: 0.471, data_time: 0.348, memory: 1757, reg_loss: -89.8092, acc_pose: 0.6534, loss: -89.8092
2022-07-27 02:20:19,497 - mmpose - INFO - Epoch [25][50/87]	lr: 5.000e-04, eta: 1:14:22, time: 0.469, data_time: 0.182, memory: 1757, reg_loss: -89.0382, acc_pose: 0.6497, loss: -89.0382
2022-07-27 02:20:57,296 - mmpose - INFO - Epoch [26][50/87]	lr: 5.000e-04, eta: 1:13:51, time: 0.463, data_time: 0.293, memory: 1757, reg_loss: -90.1353, acc_pose: 0.6524, loss: -90.1353
2022-07-27 02:21:34,451 - mmpose - INFO - Epoch [27][50/87]	lr: 5.000e-04, eta: 1:13:21, time: 0.462, data_time: 0.294, memory: 1757, reg_loss: -90.3173, acc_pose: 0.6560, loss: -90.3173
2022-07-27 02:22:12,540 - mmpose - INFO - Epoch [28][50/87]	lr: 5.000e-04, eta: 1:12:54, time: 0.472, data_time: 0.368, memory: 1757, reg_loss: -90.3285, acc_pose: 0.6494, loss: -90.3285
2022-07-27 02:22:48,863 - mmpose - INFO - Epoch [29][50/87]	lr: 5.000e-04, eta: 1:12:23, time: 0.456, data_time: 0.112, memory: 1757, reg_loss: -91.6458, acc_pose: 0.6606, loss: -91.6458
2022-07-27 02:23:26,327 - mmpose - INFO - Epoch [30][50/87]	lr: 5.000e-04, eta: 1:11:56, time: 0.469, data_time: 0.264, memory: 1757, reg_loss: -91.1419, acc_pose: 0.6543, loss: -91.1419
2022-07-27 02:23:40,529 - mmpose - INFO - Saving checkpoint at 30 epochs
2022-07-27 02:23:50,571 - mmpose - INFO - The previous best checkpoint /data/tfj/workspace/python_projects/pose/mmpose0270/work_dirs/27_reg_shufflenetv2_mpii_256x256_dsnt_rle_highres_simc/best_PCKh_epoch_20.pth was removed
2022-07-27 02:23:50,865 - mmpose - INFO - Now best checkpoint is saved as best_PCKh_epoch_30.pth.
2022-07-27 02:23:50,866 - mmpose - INFO - Best PCKh is 72.6308 at 30 epoch.
2022-07-27 02:23:50,866 - mmpose - INFO - Epoch(val) [30][24]	Head: 90.6889, Shoulder: 89.6739, Elbow: 73.6663, Wrist: 56.1405, Hip: 80.6300, Knee: 59.9029, Ankle: 45.8430, PCKh: 72.6308, PCKh@0.1: 12.4876
2022-07-27 02:24:14,110 - mmpose - INFO - Epoch [31][50/87]	lr: 5.000e-04, eta: 1:11:28, time: 0.465, data_time: 0.238, memory: 1757, reg_loss: -91.5636, acc_pose: 0.6650, loss: -91.5636
2022-07-27 02:24:51,165 - mmpose - INFO - Epoch [32][50/87]	lr: 5.000e-04, eta: 1:10:59, time: 0.459, data_time: 0.329, memory: 1757, reg_loss: -92.1848, acc_pose: 0.6625, loss: -92.1848
2022-07-27 02:25:28,977 - mmpose - INFO - Epoch [33][50/87]	lr: 5.000e-04, eta: 1:10:30, time: 0.458, data_time: 0.202, memory: 1757, reg_loss: -92.1572, acc_pose: 0.6701, loss: -92.1572
2022-07-27 02:26:06,250 - mmpose - INFO - Epoch [34][50/87]	lr: 5.000e-04, eta: 1:10:03, time: 0.468, data_time: 0.207, memory: 1757, reg_loss: -92.8427, acc_pose: 0.6737, loss: -92.8427
2022-07-27 02:26:43,111 - mmpose - INFO - Epoch [35][50/87]	lr: 5.000e-04, eta: 1:09:35, time: 0.460, data_time: 0.247, memory: 1757, reg_loss: -93.4257, acc_pose: 0.6782, loss: -93.4257
2022-07-27 02:27:19,762 - mmpose - INFO - Epoch [36][50/87]	lr: 5.000e-04, eta: 1:09:06, time: 0.452, data_time: 0.205, memory: 1757, reg_loss: -93.9642, acc_pose: 0.6805, loss: -93.9642
2022-07-27 02:27:57,503 - mmpose - INFO - Epoch [37][50/87]	lr: 5.000e-04, eta: 1:08:39, time: 0.464, data_time: 0.228, memory: 1757, reg_loss: -94.1544, acc_pose: 0.6838, loss: -94.1544
2022-07-27 02:28:35,317 - mmpose - INFO - Epoch [38][50/87]	lr: 5.000e-04, eta: 1:08:14, time: 0.468, data_time: 0.360, memory: 1757, reg_loss: -93.7838, acc_pose: 0.6852, loss: -93.7838
2022-07-27 02:29:12,953 - mmpose - INFO - Epoch [39][50/87]	lr: 5.000e-04, eta: 1:07:48, time: 0.467, data_time: 0.167, memory: 1757, reg_loss: -94.4456, acc_pose: 0.6840, loss: -94.4456
2022-07-27 02:29:49,868 - mmpose - INFO - Epoch [40][50/87]	lr: 5.000e-04, eta: 1:07:23, time: 0.466, data_time: 0.365, memory: 1757, reg_loss: -94.2535, acc_pose: 0.6856, loss: -94.2535
2022-07-27 02:30:04,188 - mmpose - INFO - Saving checkpoint at 40 epochs
2022-07-27 02:30:09,100 - mmpose - INFO - The previous best checkpoint /data/tfj/workspace/python_projects/pose/mmpose0270/work_dirs/27_reg_shufflenetv2_mpii_256x256_dsnt_rle_highres_simc/best_PCKh_epoch_30.pth was removed
2022-07-27 02:30:09,329 - mmpose - INFO - Now best checkpoint is saved as best_PCKh_epoch_40.pth.
2022-07-27 02:30:09,329 - mmpose - INFO - Best PCKh is 73.8095 at 40 epoch.
2022-07-27 02:30:09,329 - mmpose - INFO - Epoch(val) [40][24]	Head: 91.6439, Shoulder: 90.4382, Elbow: 74.5017, Wrist: 57.2914, Hip: 80.4571, Knee: 62.1207, Ankle: 49.6686, PCKh: 73.8095, PCKh@0.1: 12.5891
2022-07-27 02:30:31,895 - mmpose - INFO - Epoch [41][50/87]	lr: 5.000e-04, eta: 1:06:54, time: 0.451, data_time: 0.275, memory: 1757, reg_loss: -93.8757, acc_pose: 0.6896, loss: -93.8757
2022-07-27 02:31:08,761 - mmpose - INFO - Epoch [42][50/87]	lr: 5.000e-04, eta: 1:06:27, time: 0.455, data_time: 0.344, memory: 1757, reg_loss: -94.2015, acc_pose: 0.6903, loss: -94.2015
2022-07-27 02:31:45,496 - mmpose - INFO - Epoch [43][50/87]	lr: 5.000e-04, eta: 1:05:59, time: 0.456, data_time: 0.299, memory: 1757, reg_loss: -95.8066, acc_pose: 0.6879, loss: -95.8066
2022-07-27 02:32:22,614 - mmpose - INFO - Epoch [44][50/87]	lr: 5.000e-04, eta: 1:05:33, time: 0.460, data_time: 0.355, memory: 1757, reg_loss: -95.0860, acc_pose: 0.6863, loss: -95.0860
2022-07-27 02:32:59,348 - mmpose - INFO - Epoch [45][50/87]	lr: 5.000e-04, eta: 1:05:08, time: 0.461, data_time: 0.179, memory: 1757, reg_loss: -94.8168, acc_pose: 0.6894, loss: -94.8168
2022-07-27 02:33:36,691 - mmpose - INFO - Epoch [46][50/87]	lr: 5.000e-04, eta: 1:04:42, time: 0.461, data_time: 0.133, memory: 1757, reg_loss: -95.3507, acc_pose: 0.6965, loss: -95.3507
2022-07-27 02:34:13,965 - mmpose - INFO - Epoch [47][50/87]	lr: 5.000e-04, eta: 1:04:18, time: 0.468, data_time: 0.251, memory: 1757, reg_loss: -96.0029, acc_pose: 0.6954, loss: -96.0029
2022-07-27 02:34:50,808 - mmpose - INFO - Epoch [48][50/87]	lr: 5.000e-04, eta: 1:03:52, time: 0.461, data_time: 0.350, memory: 1757, reg_loss: -96.0276, acc_pose: 0.6934, loss: -96.0276
2022-07-27 02:35:28,551 - mmpose - INFO - Epoch [49][50/87]	lr: 5.000e-04, eta: 1:03:27, time: 0.465, data_time: 0.117, memory: 1757, reg_loss: -96.6769, acc_pose: 0.6943, loss: -96.6769
2022-07-27 02:36:05,983 - mmpose - INFO - Epoch [50][50/87]	lr: 5.000e-04, eta: 1:03:02, time: 0.460, data_time: 0.200, memory: 1757, reg_loss: -96.1437, acc_pose: 0.6997, loss: -96.1437
2022-07-27 02:36:19,804 - mmpose - INFO - Saving checkpoint at 50 epochs
2022-07-27 02:36:25,822 - mmpose - INFO - Epoch(val) [50][24]	Head: 91.3711, Shoulder: 90.1155, Elbow: 75.2857, Wrist: 59.7748, Hip: 81.7034, Knee: 59.9641, Ankle: 45.8658, PCKh: 73.7315, PCKh@0.1: 13.0367
2022-07-27 02:36:49,627 - mmpose - INFO - Epoch [51][50/87]	lr: 5.000e-04, eta: 1:02:39, time: 0.476, data_time: 0.124, memory: 1757, reg_loss: -96.6915, acc_pose: 0.6891, loss: -96.6915
2022-07-27 02:37:26,758 - mmpose - INFO - Epoch [52][50/87]	lr: 5.000e-04, eta: 1:02:14, time: 0.464, data_time: 0.227, memory: 1757, reg_loss: -96.7234, acc_pose: 0.6993, loss: -96.7234
2022-07-27 02:38:03,127 - mmpose - INFO - Epoch [53][50/87]	lr: 5.000e-04, eta: 1:01:48, time: 0.454, data_time: 0.131, memory: 1757, reg_loss: -97.2462, acc_pose: 0.6983, loss: -97.2462
2022-07-27 02:38:41,468 - mmpose - INFO - Epoch [54][50/87]	lr: 5.000e-04, eta: 1:01:24, time: 0.464, data_time: 0.363, memory: 1757, reg_loss: -96.8997, acc_pose: 0.7054, loss: -96.8997
2022-07-27 02:39:18,958 - mmpose - INFO - Epoch [55][50/87]	lr: 5.000e-04, eta: 1:00:59, time: 0.462, data_time: 0.194, memory: 1757, reg_loss: -96.9507, acc_pose: 0.7059, loss: -96.9507
2022-07-27 02:39:55,899 - mmpose - INFO - Epoch [56][50/87]	lr: 5.000e-04, eta: 1:00:33, time: 0.454, data_time: 0.314, memory: 1757, reg_loss: -97.5473, acc_pose: 0.7077, loss: -97.5473
2022-07-27 02:40:33,291 - mmpose - INFO - Epoch [57][50/87]	lr: 5.000e-04, eta: 1:00:08, time: 0.458, data_time: 0.255, memory: 1757, reg_loss: -98.1227, acc_pose: 0.7056, loss: -98.1227
2022-07-27 02:41:10,248 - mmpose - INFO - Epoch [58][50/87]	lr: 5.000e-04, eta: 0:59:42, time: 0.456, data_time: 0.278, memory: 1757, reg_loss: -97.3605, acc_pose: 0.7048, loss: -97.3605
2022-07-27 02:41:47,381 - mmpose - INFO - Epoch [59][50/87]	lr: 5.000e-04, eta: 0:59:17, time: 0.458, data_time: 0.112, memory: 1757, reg_loss: -98.5244, acc_pose: 0.7088, loss: -98.5244
2022-07-27 02:42:24,394 - mmpose - INFO - Epoch [60][50/87]	lr: 5.000e-04, eta: 0:58:52, time: 0.455, data_time: 0.185, memory: 1757, reg_loss: -98.1616, acc_pose: 0.7013, loss: -98.1616
2022-07-27 02:42:39,025 - mmpose - INFO - Saving checkpoint at 60 epochs
2022-07-27 02:42:46,093 - mmpose - INFO - The previous best checkpoint /data/tfj/workspace/python_projects/pose/mmpose0270/work_dirs/27_reg_shufflenetv2_mpii_256x256_dsnt_rle_highres_simc/best_PCKh_epoch_40.pth was removed
2022-07-27 02:42:46,385 - mmpose - INFO - Now best checkpoint is saved as best_PCKh_epoch_60.pth.
2022-07-27 02:42:46,386 - mmpose - INFO - Best PCKh is 75.2589 at 60 epoch.
2022-07-27 02:42:46,387 - mmpose - INFO - Epoch(val) [60][24]	Head: 91.7462, Shoulder: 90.3023, Elbow: 75.8995, Wrist: 61.2307, Hip: 81.3571, Knee: 64.1760, Ankle: 51.9123, PCKh: 75.2589, PCKh@0.1: 14.6422
2022-07-27 02:43:08,989 - mmpose - INFO - Epoch [61][50/87]	lr: 5.000e-04, eta: 0:58:26, time: 0.452, data_time: 0.188, memory: 1757, reg_loss: -99.0186, acc_pose: 0.7077, loss: -99.0186
2022-07-27 02:43:46,345 - mmpose - INFO - Epoch [62][50/87]	lr: 5.000e-04, eta: 0:58:02, time: 0.465, data_time: 0.277, memory: 1757, reg_loss: -97.9647, acc_pose: 0.6987, loss: -97.9647
2022-07-27 02:44:22,947 - mmpose - INFO - Epoch [63][50/87]	lr: 5.000e-04, eta: 0:57:37, time: 0.457, data_time: 0.203, memory: 1757, reg_loss: -99.0117, acc_pose: 0.7156, loss: -99.0117
2022-07-27 02:44:59,971 - mmpose - INFO - Epoch [64][50/87]	lr: 5.000e-04, eta: 0:57:14, time: 0.469, data_time: 0.357, memory: 1757, reg_loss: -99.1288, acc_pose: 0.7023, loss: -99.1288
2022-07-27 02:45:36,894 - mmpose - INFO - Epoch [65][50/87]	lr: 5.000e-04, eta: 0:56:49, time: 0.456, data_time: 0.149, memory: 1757, reg_loss: -98.2517, acc_pose: 0.7072, loss: -98.2517
2022-07-27 02:46:14,356 - mmpose - INFO - Epoch [66][50/87]	lr: 5.000e-04, eta: 0:56:25, time: 0.462, data_time: 0.254, memory: 1757, reg_loss: -98.4583, acc_pose: 0.7130, loss: -98.4583
2022-07-27 02:46:51,771 - mmpose - INFO - Epoch [67][50/87]	lr: 5.000e-04, eta: 0:56:01, time: 0.470, data_time: 0.184, memory: 1757, reg_loss: -99.0704, acc_pose: 0.7128, loss: -99.0704
2022-07-27 02:47:28,411 - mmpose - INFO - Epoch [68][50/87]	lr: 5.000e-04, eta: 0:55:36, time: 0.449, data_time: 0.330, memory: 1757, reg_loss: -98.6109, acc_pose: 0.7090, loss: -98.6109
2022-07-27 02:48:06,483 - mmpose - INFO - Epoch [69][50/87]	lr: 5.000e-04, eta: 0:55:11, time: 0.460, data_time: 0.163, memory: 1757, reg_loss: -98.4395, acc_pose: 0.7091, loss: -98.4395
2022-07-27 02:48:43,415 - mmpose - INFO - Epoch [70][50/87]	lr: 5.000e-04, eta: 0:54:47, time: 0.454, data_time: 0.332, memory: 1757, reg_loss: -99.2207, acc_pose: 0.7053, loss: -99.2207
2022-07-27 02:48:57,693 - mmpose - INFO - Saving checkpoint at 70 epochs
2022-07-27 02:49:08,476 - mmpose - INFO - The previous best checkpoint /data/tfj/workspace/python_projects/pose/mmpose0270/work_dirs/27_reg_shufflenetv2_mpii_256x256_dsnt_rle_highres_simc/best_PCKh_epoch_60.pth was removed
2022-07-27 02:49:08,700 - mmpose - INFO - Now best checkpoint is saved as best_PCKh_epoch_70.pth.
2022-07-27 02:49:08,700 - mmpose - INFO - Best PCKh is 75.7897 at 70 epoch.
2022-07-27 02:49:08,701 - mmpose - INFO - Epoch(val) [70][24]	Head: 92.3261, Shoulder: 91.1005, Elbow: 75.9508, Wrist: 61.1296, Hip: 82.2225, Knee: 65.0412, Ankle: 53.1178, PCKh: 75.7897, PCKh@0.1: 14.8556
2022-07-27 02:49:31,809 - mmpose - INFO - Epoch [71][50/87]	lr: 5.000e-04, eta: 0:54:23, time: 0.462, data_time: 0.205, memory: 1757, reg_loss: -99.6857, acc_pose: 0.7094, loss: -99.6857
2022-07-27 02:50:08,645 - mmpose - INFO - Epoch [72][50/87]	lr: 5.000e-04, eta: 0:53:57, time: 0.450, data_time: 0.257, memory: 1757, reg_loss: -99.0692, acc_pose: 0.7145, loss: -99.0692
2022-07-27 02:50:45,674 - mmpose - INFO - Epoch [73][50/87]	lr: 5.000e-04, eta: 0:53:33, time: 0.458, data_time: 0.217, memory: 1757, reg_loss: -99.7271, acc_pose: 0.7130, loss: -99.7271
2022-07-27 02:51:23,536 - mmpose - INFO - Epoch [74][50/87]	lr: 5.000e-04, eta: 0:53:10, time: 0.474, data_time: 0.359, memory: 1757, reg_loss: -99.7288, acc_pose: 0.7164, loss: -99.7288
2022-07-27 02:51:59,780 - mmpose - INFO - Epoch [75][50/87]	lr: 5.000e-04, eta: 0:52:45, time: 0.452, data_time: 0.150, memory: 1757, reg_loss: -99.8397, acc_pose: 0.7132, loss: -99.8397
2022-07-27 02:52:36,917 - mmpose - INFO - Epoch [76][50/87]	lr: 5.000e-04, eta: 0:52:21, time: 0.458, data_time: 0.349, memory: 1757, reg_loss: -99.6825, acc_pose: 0.7201, loss: -99.6825
2022-07-27 02:53:14,553 - mmpose - INFO - Epoch [77][50/87]	lr: 5.000e-04, eta: 0:51:58, time: 0.464, data_time: 0.196, memory: 1757, reg_loss: -100.1446, acc_pose: 0.7153, loss: -100.1446
2022-07-27 02:53:52,018 - mmpose - INFO - Epoch [78][50/87]	lr: 5.000e-04, eta: 0:51:34, time: 0.462, data_time: 0.347, memory: 1757, reg_loss: -101.1614, acc_pose: 0.7206, loss: -101.1614
2022-07-27 02:54:29,468 - mmpose - INFO - Epoch [79][50/87]	lr: 5.000e-04, eta: 0:51:10, time: 0.465, data_time: 0.252, memory: 1757, reg_loss: -99.9472, acc_pose: 0.7241, loss: -99.9472
2022-07-27 02:55:06,241 - mmpose - INFO - Epoch [80][50/87]	lr: 5.000e-04, eta: 0:50:46, time: 0.454, data_time: 0.224, memory: 1757, reg_loss: -100.4000, acc_pose: 0.7229, loss: -100.4000
2022-07-27 02:55:20,871 - mmpose - INFO - Saving checkpoint at 80 epochs
2022-07-27 02:55:39,521 - mmpose - INFO - The previous best checkpoint /data/tfj/workspace/python_projects/pose/mmpose0270/work_dirs/27_reg_shufflenetv2_mpii_256x256_dsnt_rle_highres_simc/best_PCKh_epoch_70.pth was removed
2022-07-27 02:55:39,776 - mmpose - INFO - Now best checkpoint is saved as best_PCKh_epoch_80.pth.
2022-07-27 02:55:39,776 - mmpose - INFO - Best PCKh is 76.0005 at 80 epoch.
2022-07-27 02:55:39,777 - mmpose - INFO - Epoch(val) [80][24]	Head: 92.1896, Shoulder: 90.9647, Elbow: 76.8879, Wrist: 62.4124, Hip: 82.5342, Knee: 64.8198, Ankle: 51.9837, PCKh: 76.0005, PCKh@0.1: 14.9441
2022-07-27 02:56:02,501 - mmpose - INFO - Epoch [81][50/87]	lr: 5.000e-04, eta: 0:50:21, time: 0.454, data_time: 0.343, memory: 1757, reg_loss: -101.1257, acc_pose: 0.7202, loss: -101.1257
2022-07-27 02:56:39,451 - mmpose - INFO - Epoch [82][50/87]	lr: 5.000e-04, eta: 0:49:57, time: 0.453, data_time: 0.323, memory: 1757, reg_loss: -100.9696, acc_pose: 0.7220, loss: -100.9696
2022-07-27 02:57:17,124 - mmpose - INFO - Epoch [83][50/87]	lr: 5.000e-04, eta: 0:49:33, time: 0.467, data_time: 0.161, memory: 1757, reg_loss: -100.8646, acc_pose: 0.7214, loss: -100.8646
2022-07-27 02:57:54,133 - mmpose - INFO - Epoch [84][50/87]	lr: 5.000e-04, eta: 0:49:09, time: 0.455, data_time: 0.336, memory: 1757, reg_loss: -100.9176, acc_pose: 0.7219, loss: -100.9176
2022-07-27 02:58:32,177 - mmpose - INFO - Epoch [85][50/87]	lr: 5.000e-04, eta: 0:48:47, time: 0.476, data_time: 0.182, memory: 1757, reg_loss: -101.8688, acc_pose: 0.7280, loss: -101.8688
2022-07-27 02:59:08,696 - mmpose - INFO - Epoch [86][50/87]	lr: 5.000e-04, eta: 0:48:22, time: 0.451, data_time: 0.248, memory: 1757, reg_loss: -101.6703, acc_pose: 0.7269, loss: -101.6703
2022-07-27 02:59:45,675 - mmpose - INFO - Epoch [87][50/87]	lr: 5.000e-04, eta: 0:47:58, time: 0.454, data_time: 0.204, memory: 1757, reg_loss: -101.6275, acc_pose: 0.7285, loss: -101.6275
2022-07-27 03:00:23,083 - mmpose - INFO - Epoch [88][50/87]	lr: 5.000e-04, eta: 0:47:34, time: 0.465, data_time: 0.360, memory: 1757, reg_loss: -101.1271, acc_pose: 0.7306, loss: -101.1271
2022-07-27 03:01:00,515 - mmpose - INFO - Epoch [89][50/87]	lr: 5.000e-04, eta: 0:47:10, time: 0.455, data_time: 0.226, memory: 1757, reg_loss: -101.2621, acc_pose: 0.7260, loss: -101.2621
2022-07-27 03:01:37,705 - mmpose - INFO - Epoch [90][50/87]	lr: 5.000e-04, eta: 0:46:47, time: 0.458, data_time: 0.188, memory: 1757, reg_loss: -101.0561, acc_pose: 0.7387, loss: -101.0561
2022-07-27 03:01:52,066 - mmpose - INFO - Saving checkpoint at 90 epochs
2022-07-27 03:01:56,970 - mmpose - INFO - The previous best checkpoint /data/tfj/workspace/python_projects/pose/mmpose0270/work_dirs/27_reg_shufflenetv2_mpii_256x256_dsnt_rle_highres_simc/best_PCKh_epoch_80.pth was removed
2022-07-27 03:01:57,205 - mmpose - INFO - Now best checkpoint is saved as best_PCKh_epoch_90.pth.
2022-07-27 03:01:57,205 - mmpose - INFO - Best PCKh is 76.4663 at 90 epoch.
2022-07-27 03:01:57,206 - mmpose - INFO - Epoch(val) [90][24]	Head: 92.9400, Shoulder: 91.2534, Elbow: 76.2571, Wrist: 62.4795, Hip: 82.5516, Knee: 66.0898, Ankle: 54.4626, PCKh: 76.4663, PCKh@0.1: 15.4775
2022-07-27 03:02:19,470 - mmpose - INFO - Epoch [91][50/87]	lr: 5.000e-04, eta: 0:46:22, time: 0.445, data_time: 0.340, memory: 1757, reg_loss: -101.1053, acc_pose: 0.7177, loss: -101.1053
2022-07-27 03:02:57,050 - mmpose - INFO - Epoch [92][50/87]	lr: 5.000e-04, eta: 0:45:59, time: 0.470, data_time: 0.364, memory: 1757, reg_loss: -101.6373, acc_pose: 0.7302, loss: -101.6373
2022-07-27 03:03:34,377 - mmpose - INFO - Epoch [93][50/87]	lr: 5.000e-04, eta: 0:45:35, time: 0.459, data_time: 0.213, memory: 1757, reg_loss: -102.1921, acc_pose: 0.7241, loss: -102.1921
2022-07-27 03:04:11,761 - mmpose - INFO - Epoch [94][50/87]	lr: 5.000e-04, eta: 0:45:11, time: 0.461, data_time: 0.147, memory: 1757, reg_loss: -102.1238, acc_pose: 0.7265, loss: -102.1238
2022-07-27 03:04:48,523 - mmpose - INFO - Epoch [95][50/87]	lr: 5.000e-04, eta: 0:44:47, time: 0.453, data_time: 0.194, memory: 1757, reg_loss: -101.1101, acc_pose: 0.7203, loss: -101.1101
2022-07-27 03:05:26,116 - mmpose - INFO - Epoch [96][50/87]	lr: 5.000e-04, eta: 0:44:24, time: 0.465, data_time: 0.326, memory: 1757, reg_loss: -102.0204, acc_pose: 0.7312, loss: -102.0204
2022-07-27 03:06:04,161 - mmpose - INFO - Epoch [97][50/87]	lr: 5.000e-04, eta: 0:44:01, time: 0.463, data_time: 0.176, memory: 1757, reg_loss: -102.0762, acc_pose: 0.7270, loss: -102.0762
2022-07-27 03:06:42,686 - mmpose - INFO - Epoch [98][50/87]	lr: 5.000e-04, eta: 0:43:38, time: 0.480, data_time: 0.277, memory: 1757, reg_loss: -102.4310, acc_pose: 0.7322, loss: -102.4310
2022-07-27 03:07:19,092 - mmpose - INFO - Epoch [99][50/87]	lr: 5.000e-04, eta: 0:43:14, time: 0.443, data_time: 0.290, memory: 1757, reg_loss: -101.9743, acc_pose: 0.7266, loss: -101.9743
2022-07-27 03:07:56,931 - mmpose - INFO - Epoch [100][50/87]	lr: 5.000e-04, eta: 0:42:50, time: 0.468, data_time: 0.369, memory: 1757, reg_loss: -102.6752, acc_pose: 0.7261, loss: -102.6752
2022-07-27 03:08:10,728 - mmpose - INFO - Saving checkpoint at 100 epochs
2022-07-27 03:08:15,855 - mmpose - INFO - The previous best checkpoint /data/tfj/workspace/python_projects/pose/mmpose0270/work_dirs/27_reg_shufflenetv2_mpii_256x256_dsnt_rle_highres_simc/best_PCKh_epoch_90.pth was removed
2022-07-27 03:08:16,085 - mmpose - INFO - Now best checkpoint is saved as best_PCKh_epoch_100.pth.
2022-07-27 03:08:16,085 - mmpose - INFO - Best PCKh is 76.7161 at 100 epoch.
2022-07-27 03:08:16,086 - mmpose - INFO - Epoch(val) [100][24]	Head: 92.9059, Shoulder: 91.0156, Elbow: 76.3424, Wrist: 63.2002, Hip: 82.3784, Knee: 66.3108, Ankle: 55.9275, PCKh: 76.7161, PCKh@0.1: 15.6831
2022-07-27 03:08:38,725 - mmpose - INFO - Epoch [101][50/87]	lr: 5.000e-04, eta: 0:42:26, time: 0.453, data_time: 0.242, memory: 1757, reg_loss: -101.5447, acc_pose: 0.7291, loss: -101.5447
2022-07-27 03:09:15,865 - mmpose - INFO - Epoch [102][50/87]	lr: 5.000e-04, eta: 0:42:03, time: 0.461, data_time: 0.208, memory: 1757, reg_loss: -102.5158, acc_pose: 0.7315, loss: -102.5158
2022-07-27 03:09:52,577 - mmpose - INFO - Epoch [103][50/87]	lr: 5.000e-04, eta: 0:41:39, time: 0.452, data_time: 0.190, memory: 1757, reg_loss: -102.4447, acc_pose: 0.7332, loss: -102.4447
2022-07-27 03:10:29,646 - mmpose - INFO - Epoch [104][50/87]	lr: 5.000e-04, eta: 0:41:15, time: 0.460, data_time: 0.346, memory: 1757, reg_loss: -103.1526, acc_pose: 0.7411, loss: -103.1526
2022-07-27 03:11:07,000 - mmpose - INFO - Epoch [105][50/87]	lr: 5.000e-04, eta: 0:40:52, time: 0.463, data_time: 0.257, memory: 1757, reg_loss: -102.5150, acc_pose: 0.7382, loss: -102.5150
2022-07-27 03:11:43,982 - mmpose - INFO - Epoch [106][50/87]	lr: 5.000e-04, eta: 0:40:28, time: 0.455, data_time: 0.145, memory: 1757, reg_loss: -102.8314, acc_pose: 0.7328, loss: -102.8314
2022-07-27 03:12:20,589 - mmpose - INFO - Epoch [107][50/87]	lr: 5.000e-04, eta: 0:40:05, time: 0.457, data_time: 0.241, memory: 1757, reg_loss: -102.8240, acc_pose: 0.7284, loss: -102.8240
2022-07-27 03:12:57,651 - mmpose - INFO - Epoch [108][50/87]	lr: 5.000e-04, eta: 0:39:41, time: 0.459, data_time: 0.343, memory: 1757, reg_loss: -102.8041, acc_pose: 0.7346, loss: -102.8041
2022-07-27 03:13:34,507 - mmpose - INFO - Epoch [109][50/87]	lr: 5.000e-04, eta: 0:39:17, time: 0.453, data_time: 0.149, memory: 1757, reg_loss: -103.1005, acc_pose: 0.7339, loss: -103.1005
2022-07-27 03:14:11,380 - mmpose - INFO - Epoch [110][50/87]	lr: 5.000e-04, eta: 0:38:53, time: 0.451, data_time: 0.143, memory: 1757, reg_loss: -103.0140, acc_pose: 0.7331, loss: -103.0140
2022-07-27 03:14:25,346 - mmpose - INFO - Saving checkpoint at 110 epochs
2022-07-27 03:14:38,379 - mmpose - INFO - The previous best checkpoint /data/tfj/workspace/python_projects/pose/mmpose0270/work_dirs/27_reg_shufflenetv2_mpii_256x256_dsnt_rle_highres_simc/best_PCKh_epoch_100.pth was removed
2022-07-27 03:14:38,608 - mmpose - INFO - Now best checkpoint is saved as best_PCKh_epoch_110.pth.
2022-07-27 03:14:38,608 - mmpose - INFO - Best PCKh is 77.2235 at 110 epoch.
2022-07-27 03:14:38,609 - mmpose - INFO - Epoch(val) [110][24]	Head: 92.8035, Shoulder: 91.4912, Elbow: 77.6719, Wrist: 64.2465, Hip: 82.4130, Knee: 66.4513, Ankle: 56.5183, PCKh: 77.2235, PCKh@0.1: 15.8600
2022-07-27 03:15:01,055 - mmpose - INFO - Epoch [111][50/87]	lr: 5.000e-04, eta: 0:38:29, time: 0.449, data_time: 0.339, memory: 1757, reg_loss: -102.7271, acc_pose: 0.7389, loss: -102.7271
2022-07-27 03:15:38,899 - mmpose - INFO - Epoch [112][50/87]	lr: 5.000e-04, eta: 0:38:07, time: 0.474, data_time: 0.333, memory: 1757, reg_loss: -103.0436, acc_pose: 0.7389, loss: -103.0436
2022-07-27 03:16:16,015 - mmpose - INFO - Epoch [113][50/87]	lr: 5.000e-04, eta: 0:37:43, time: 0.452, data_time: 0.235, memory: 1757, reg_loss: -103.0801, acc_pose: 0.7397, loss: -103.0801
2022-07-27 03:16:53,224 - mmpose - INFO - Epoch [114][50/87]	lr: 5.000e-04, eta: 0:37:19, time: 0.452, data_time: 0.233, memory: 1757, reg_loss: -103.5154, acc_pose: 0.7370, loss: -103.5154
2022-07-27 03:17:29,995 - mmpose - INFO - Epoch [115][50/87]	lr: 5.000e-04, eta: 0:36:55, time: 0.447, data_time: 0.185, memory: 1757, reg_loss: -103.0601, acc_pose: 0.7350, loss: -103.0601
2022-07-27 03:18:07,450 - mmpose - INFO - Epoch [116][50/87]	lr: 5.000e-04, eta: 0:36:32, time: 0.466, data_time: 0.353, memory: 1757, reg_loss: -103.5345, acc_pose: 0.7334, loss: -103.5345
2022-07-27 03:18:45,552 - mmpose - INFO - Epoch [117][50/87]	lr: 5.000e-04, eta: 0:36:09, time: 0.469, data_time: 0.320, memory: 1757, reg_loss: -103.3648, acc_pose: 0.7296, loss: -103.3648
2022-07-27 03:19:22,710 - mmpose - INFO - Epoch [118][50/87]	lr: 5.000e-04, eta: 0:35:45, time: 0.458, data_time: 0.214, memory: 1757, reg_loss: -103.8589, acc_pose: 0.7440, loss: -103.8589
2022-07-27 03:20:00,273 - mmpose - INFO - Epoch [119][50/87]	lr: 5.000e-04, eta: 0:35:22, time: 0.451, data_time: 0.216, memory: 1757, reg_loss: -104.0556, acc_pose: 0.7372, loss: -104.0556
2022-07-27 03:20:37,024 - mmpose - INFO - Epoch [120][50/87]	lr: 5.000e-04, eta: 0:34:58, time: 0.455, data_time: 0.355, memory: 1757, reg_loss: -103.8861, acc_pose: 0.7439, loss: -103.8861
2022-07-27 03:20:51,935 - mmpose - INFO - Saving checkpoint at 120 epochs
2022-07-27 03:20:57,099 - mmpose - INFO - The previous best checkpoint /data/tfj/workspace/python_projects/pose/mmpose0270/work_dirs/27_reg_shufflenetv2_mpii_256x256_dsnt_rle_highres_simc/best_PCKh_epoch_110.pth was removed
2022-07-27 03:20:57,348 - mmpose - INFO - Now best checkpoint is saved as best_PCKh_epoch_120.pth.
2022-07-27 03:20:57,348 - mmpose - INFO - Best PCKh is 77.4577 at 120 epoch.
2022-07-27 03:20:57,348 - mmpose - INFO - Epoch(val) [120][24]	Head: 92.1214, Shoulder: 91.2874, Elbow: 77.9105, Wrist: 64.9494, Hip: 83.0361, Knee: 67.3583, Ankle: 56.1875, PCKh: 77.4577, PCKh@0.1: 16.1072
2022-07-27 03:21:19,684 - mmpose - INFO - Epoch [121][50/87]	lr: 5.000e-04, eta: 0:34:34, time: 0.447, data_time: 0.310, memory: 1757, reg_loss: -103.6496, acc_pose: 0.7419, loss: -103.6496
2022-07-27 03:21:56,058 - mmpose - INFO - Epoch [122][50/87]	lr: 5.000e-04, eta: 0:34:11, time: 0.450, data_time: 0.210, memory: 1757, reg_loss: -103.8346, acc_pose: 0.7435, loss: -103.8346
2022-07-27 03:22:34,070 - mmpose - INFO - Epoch [123][50/87]	lr: 5.000e-04, eta: 0:33:47, time: 0.466, data_time: 0.165, memory: 1757, reg_loss: -103.4024, acc_pose: 0.7329, loss: -103.4024
2022-07-27 03:23:11,872 - mmpose - INFO - Epoch [124][50/87]	lr: 5.000e-04, eta: 0:33:25, time: 0.474, data_time: 0.368, memory: 1757, reg_loss: -103.4699, acc_pose: 0.7413, loss: -103.4699
2022-07-27 03:23:48,989 - mmpose - INFO - Epoch [125][50/87]	lr: 5.000e-04, eta: 0:33:01, time: 0.459, data_time: 0.217, memory: 1757, reg_loss: -103.4712, acc_pose: 0.7439, loss: -103.4712
2022-07-27 03:24:26,490 - mmpose - INFO - Epoch [126][50/87]	lr: 5.000e-04, eta: 0:32:38, time: 0.454, data_time: 0.185, memory: 1757, reg_loss: -103.5048, acc_pose: 0.7457, loss: -103.5048
2022-07-27 03:25:02,746 - mmpose - INFO - Epoch [127][50/87]	lr: 5.000e-04, eta: 0:32:14, time: 0.445, data_time: 0.256, memory: 1757, reg_loss: -104.0498, acc_pose: 0.7385, loss: -104.0498
2022-07-27 03:25:40,518 - mmpose - INFO - Epoch [128][50/87]	lr: 5.000e-04, eta: 0:31:51, time: 0.475, data_time: 0.371, memory: 1757, reg_loss: -103.9589, acc_pose: 0.7425, loss: -103.9589
2022-07-27 03:26:17,387 - mmpose - INFO - Epoch [129][50/87]	lr: 5.000e-04, eta: 0:31:27, time: 0.449, data_time: 0.203, memory: 1757, reg_loss: -103.3213, acc_pose: 0.7374, loss: -103.3213
2022-07-27 03:26:54,863 - mmpose - INFO - Epoch [130][50/87]	lr: 5.000e-04, eta: 0:31:04, time: 0.459, data_time: 0.114, memory: 1757, reg_loss: -104.6747, acc_pose: 0.7476, loss: -104.6747
2022-07-27 03:27:08,961 - mmpose - INFO - Saving checkpoint at 130 epochs
2022-07-27 03:27:14,009 - mmpose - INFO - The previous best checkpoint /data/tfj/workspace/python_projects/pose/mmpose0270/work_dirs/27_reg_shufflenetv2_mpii_256x256_dsnt_rle_highres_simc/best_PCKh_epoch_120.pth was removed
2022-07-27 03:27:14,271 - mmpose - INFO - Now best checkpoint is saved as best_PCKh_epoch_130.pth.
2022-07-27 03:27:14,271 - mmpose - INFO - Best PCKh is 77.5904 at 130 epoch.
2022-07-27 03:27:14,272 - mmpose - INFO - Epoch(val) [130][24]	Head: 93.0082, Shoulder: 91.2024, Elbow: 77.7911, Wrist: 64.8638, Hip: 82.9496, Knee: 67.9632, Ankle: 56.4237, PCKh: 77.5904, PCKh@0.1: 16.0916
2022-07-27 03:27:36,955 - mmpose - INFO - Epoch [131][50/87]	lr: 5.000e-04, eta: 0:30:41, time: 0.453, data_time: 0.233, memory: 1757, reg_loss: -104.4274, acc_pose: 0.7436, loss: -104.4274
2022-07-27 03:28:15,079 - mmpose - INFO - Epoch [132][50/87]	lr: 5.000e-04, eta: 0:30:18, time: 0.482, data_time: 0.376, memory: 1757, reg_loss: -104.7675, acc_pose: 0.7412, loss: -104.7675
2022-07-27 03:28:52,040 - mmpose - INFO - Epoch [133][50/87]	lr: 5.000e-04, eta: 0:29:55, time: 0.460, data_time: 0.258, memory: 1757, reg_loss: -104.5902, acc_pose: 0.7447, loss: -104.5902
2022-07-27 03:29:29,521 - mmpose - INFO - Epoch [134][50/87]	lr: 5.000e-04, eta: 0:29:31, time: 0.458, data_time: 0.176, memory: 1757, reg_loss: -104.6100, acc_pose: 0.7461, loss: -104.6100
2022-07-27 03:30:06,253 - mmpose - INFO - Epoch [135][50/87]	lr: 5.000e-04, eta: 0:29:08, time: 0.455, data_time: 0.108, memory: 1757, reg_loss: -104.8710, acc_pose: 0.7487, loss: -104.8710
2022-07-27 03:30:42,988 - mmpose - INFO - Epoch [136][50/87]	lr: 5.000e-04, eta: 0:28:44, time: 0.454, data_time: 0.306, memory: 1757, reg_loss: -104.9907, acc_pose: 0.7509, loss: -104.9907
2022-07-27 03:31:20,182 - mmpose - INFO - Epoch [137][50/87]	lr: 5.000e-04, eta: 0:28:21, time: 0.462, data_time: 0.302, memory: 1757, reg_loss: -104.5243, acc_pose: 0.7341, loss: -104.5243
2022-07-27 03:31:57,085 - mmpose - INFO - Epoch [138][50/87]	lr: 5.000e-04, eta: 0:27:58, time: 0.460, data_time: 0.100, memory: 1757, reg_loss: -104.8421, acc_pose: 0.7436, loss: -104.8421
2022-07-27 03:32:33,605 - mmpose - INFO - Epoch [139][50/87]	lr: 5.000e-04, eta: 0:27:35, time: 0.455, data_time: 0.166, memory: 1757, reg_loss: -104.6720, acc_pose: 0.7482, loss: -104.6720
2022-07-27 03:33:10,465 - mmpose - INFO - Epoch [140][50/87]	lr: 5.000e-04, eta: 0:27:11, time: 0.459, data_time: 0.343, memory: 1757, reg_loss: -104.1650, acc_pose: 0.7440, loss: -104.1650
2022-07-27 03:33:25,144 - mmpose - INFO - Saving checkpoint at 140 epochs
2022-07-27 03:33:30,223 - mmpose - INFO - The previous best checkpoint /data/tfj/workspace/python_projects/pose/mmpose0270/work_dirs/27_reg_shufflenetv2_mpii_256x256_dsnt_rle_highres_simc/best_PCKh_epoch_130.pth was removed
2022-07-27 03:33:30,495 - mmpose - INFO - Now best checkpoint is saved as best_PCKh_epoch_140.pth.
2022-07-27 03:33:30,496 - mmpose - INFO - Best PCKh is 77.8871 at 140 epoch.
2022-07-27 03:33:30,496 - mmpose - INFO - Epoch(val) [140][24]	Head: 92.7353, Shoulder: 91.4912, Elbow: 78.1661, Wrist: 64.7948, Hip: 83.1054, Knee: 68.6482, Ankle: 57.2741, PCKh: 77.8871, PCKh@0.1: 16.2139
2022-07-27 03:33:53,900 - mmpose - INFO - Epoch [141][50/87]	lr: 5.000e-04, eta: 0:26:48, time: 0.468, data_time: 0.267, memory: 1757, reg_loss: -104.7457, acc_pose: 0.7420, loss: -104.7457
2022-07-27 03:34:30,574 - mmpose - INFO - Epoch [142][50/87]	lr: 5.000e-04, eta: 0:26:25, time: 0.447, data_time: 0.253, memory: 1757, reg_loss: -105.5839, acc_pose: 0.7485, loss: -105.5839
2022-07-27 03:35:08,001 - mmpose - INFO - Epoch [143][50/87]	lr: 5.000e-04, eta: 0:26:01, time: 0.455, data_time: 0.257, memory: 1757, reg_loss: -105.1900, acc_pose: 0.7529, loss: -105.1900
2022-07-27 03:35:45,231 - mmpose - INFO - Epoch [144][50/87]	lr: 5.000e-04, eta: 0:25:38, time: 0.462, data_time: 0.319, memory: 1757, reg_loss: -104.9422, acc_pose: 0.7497, loss: -104.9422
2022-07-27 03:36:22,937 - mmpose - INFO - Epoch [145][50/87]	lr: 5.000e-04, eta: 0:25:15, time: 0.468, data_time: 0.261, memory: 1757, reg_loss: -105.6575, acc_pose: 0.7410, loss: -105.6575
2022-07-27 03:36:59,867 - mmpose - INFO - Epoch [146][50/87]	lr: 5.000e-04, eta: 0:24:52, time: 0.449, data_time: 0.165, memory: 1757, reg_loss: -105.6664, acc_pose: 0.7505, loss: -105.6664
2022-07-27 03:37:37,291 - mmpose - INFO - Epoch [147][50/87]	lr: 5.000e-04, eta: 0:24:28, time: 0.452, data_time: 0.283, memory: 1757, reg_loss: -105.0556, acc_pose: 0.7458, loss: -105.0556
2022-07-27 03:38:13,918 - mmpose - INFO - Epoch [148][50/87]	lr: 5.000e-04, eta: 0:24:05, time: 0.454, data_time: 0.352, memory: 1757, reg_loss: -105.4092, acc_pose: 0.7533, loss: -105.4092
2022-07-27 03:38:51,559 - mmpose - INFO - Epoch [149][50/87]	lr: 5.000e-04, eta: 0:23:42, time: 0.458, data_time: 0.175, memory: 1757, reg_loss: -105.4385, acc_pose: 0.7539, loss: -105.4385
2022-07-27 03:39:28,760 - mmpose - INFO - Epoch [150][50/87]	lr: 5.000e-04, eta: 0:23:18, time: 0.460, data_time: 0.198, memory: 1757, reg_loss: -105.5344, acc_pose: 0.7467, loss: -105.5344
2022-07-27 03:39:43,335 - mmpose - INFO - Saving checkpoint at 150 epochs
2022-07-27 03:39:53,988 - mmpose - INFO - Epoch(val) [150][24]	Head: 92.4284, Shoulder: 91.2364, Elbow: 77.8931, Wrist: 64.7932, Hip: 83.1227, Knee: 68.4059, Ankle: 57.3458, PCKh: 77.7544, PCKh@0.1: 16.4221
2022-07-27 03:40:16,443 - mmpose - INFO - Epoch [151][50/87]	lr: 5.000e-04, eta: 0:22:55, time: 0.449, data_time: 0.245, memory: 1757, reg_loss: -105.1410, acc_pose: 0.7500, loss: -105.1410
2022-07-27 03:40:53,299 - mmpose - INFO - Epoch [152][50/87]	lr: 5.000e-04, eta: 0:22:32, time: 0.461, data_time: 0.334, memory: 1757, reg_loss: -105.2145, acc_pose: 0.7505, loss: -105.2145
2022-07-27 03:41:31,286 - mmpose - INFO - Epoch [153][50/87]	lr: 5.000e-04, eta: 0:22:09, time: 0.468, data_time: 0.258, memory: 1757, reg_loss: -105.3925, acc_pose: 0.7492, loss: -105.3925
2022-07-27 03:42:08,063 - mmpose - INFO - Epoch [154][50/87]	lr: 5.000e-04, eta: 0:21:45, time: 0.458, data_time: 0.171, memory: 1757, reg_loss: -105.1978, acc_pose: 0.7506, loss: -105.1978
2022-07-27 03:42:44,953 - mmpose - INFO - Epoch [155][50/87]	lr: 5.000e-04, eta: 0:21:22, time: 0.455, data_time: 0.191, memory: 1757, reg_loss: -105.4518, acc_pose: 0.7459, loss: -105.4518
2022-07-27 03:43:22,116 - mmpose - INFO - Epoch [156][50/87]	lr: 5.000e-04, eta: 0:20:59, time: 0.462, data_time: 0.358, memory: 1757, reg_loss: -105.5229, acc_pose: 0.7514, loss: -105.5229
2022-07-27 03:43:58,773 - mmpose - INFO - Epoch [157][50/87]	lr: 5.000e-04, eta: 0:20:36, time: 0.456, data_time: 0.219, memory: 1757, reg_loss: -105.8899, acc_pose: 0.7560, loss: -105.8899
2022-07-27 03:44:36,078 - mmpose - INFO - Epoch [158][50/87]	lr: 5.000e-04, eta: 0:20:12, time: 0.451, data_time: 0.296, memory: 1757, reg_loss: -105.8461, acc_pose: 0.7535, loss: -105.8461
2022-07-27 03:45:12,999 - mmpose - INFO - Epoch [159][50/87]	lr: 5.000e-04, eta: 0:19:49, time: 0.450, data_time: 0.221, memory: 1757, reg_loss: -105.9637, acc_pose: 0.7530, loss: -105.9637
2022-07-27 03:45:49,499 - mmpose - INFO - Epoch [160][50/87]	lr: 5.000e-04, eta: 0:19:26, time: 0.446, data_time: 0.314, memory: 1757, reg_loss: -106.0442, acc_pose: 0.7516, loss: -106.0442
2022-07-27 03:46:03,688 - mmpose - INFO - Saving checkpoint at 160 epochs
2022-07-27 03:46:08,752 - mmpose - INFO - Epoch(val) [160][24]	Head: 92.5307, Shoulder: 91.1005, Elbow: 77.9615, Wrist: 65.5666, Hip: 82.9496, Knee: 68.2044, Ankle: 56.4474, PCKh: 77.7023, PCKh@0.1: 16.8072
2022-07-27 03:46:31,766 - mmpose - INFO - Epoch [161][50/87]	lr: 5.000e-04, eta: 0:19:03, time: 0.460, data_time: 0.263, memory: 1757, reg_loss: -105.8886, acc_pose: 0.7529, loss: -105.8886
2022-07-27 03:47:08,974 - mmpose - INFO - Epoch [162][50/87]	lr: 5.000e-04, eta: 0:18:39, time: 0.457, data_time: 0.191, memory: 1757, reg_loss: -105.8723, acc_pose: 0.7564, loss: -105.8723
2022-07-27 03:47:45,236 - mmpose - INFO - Epoch [163][50/87]	lr: 5.000e-04, eta: 0:18:16, time: 0.448, data_time: 0.244, memory: 1757, reg_loss: -106.0349, acc_pose: 0.7528, loss: -106.0349
2022-07-27 03:48:22,660 - mmpose - INFO - Epoch [164][50/87]	lr: 5.000e-04, eta: 0:17:53, time: 0.462, data_time: 0.358, memory: 1757, reg_loss: -106.6364, acc_pose: 0.7592, loss: -106.6364
2022-07-27 03:48:59,777 - mmpose - INFO - Epoch [165][50/87]	lr: 5.000e-04, eta: 0:17:30, time: 0.456, data_time: 0.213, memory: 1757, reg_loss: -106.3981, acc_pose: 0.7506, loss: -106.3981
2022-07-27 03:49:36,624 - mmpose - INFO - Epoch [166][50/87]	lr: 5.000e-04, eta: 0:17:06, time: 0.452, data_time: 0.237, memory: 1757, reg_loss: -106.2033, acc_pose: 0.7574, loss: -106.2033
2022-07-27 03:50:14,489 - mmpose - INFO - Epoch [167][50/87]	lr: 5.000e-04, eta: 0:16:43, time: 0.453, data_time: 0.195, memory: 1757, reg_loss: -106.8202, acc_pose: 0.7580, loss: -106.8202
2022-07-27 03:50:51,648 - mmpose - INFO - Epoch [168][50/87]	lr: 5.000e-04, eta: 0:16:20, time: 0.462, data_time: 0.343, memory: 1757, reg_loss: -106.1561, acc_pose: 0.7572, loss: -106.1561
2022-07-27 03:51:29,197 - mmpose - INFO - Epoch [169][50/87]	lr: 5.000e-04, eta: 0:15:57, time: 0.468, data_time: 0.220, memory: 1757, reg_loss: -106.3432, acc_pose: 0.7547, loss: -106.3432
2022-07-27 03:52:06,381 - mmpose - INFO - Epoch [170][50/87]	lr: 5.000e-04, eta: 0:15:34, time: 0.462, data_time: 0.235, memory: 1757, reg_loss: -106.6313, acc_pose: 0.7589, loss: -106.6313
2022-07-27 03:52:20,401 - mmpose - INFO - Saving checkpoint at 170 epochs
2022-07-27 03:52:25,526 - mmpose - INFO - The previous best checkpoint /data/tfj/workspace/python_projects/pose/mmpose0270/work_dirs/27_reg_shufflenetv2_mpii_256x256_dsnt_rle_highres_simc/best_PCKh_epoch_140.pth was removed
2022-07-27 03:52:25,802 - mmpose - INFO - Now best checkpoint is saved as best_PCKh_epoch_170.pth.
2022-07-27 03:52:25,803 - mmpose - INFO - Best PCKh is 78.2982 at 170 epoch.
2022-07-27 03:52:25,803 - mmpose - INFO - Epoch(val) [170][24]	Head: 92.7694, Shoulder: 91.7120, Elbow: 78.5750, Wrist: 66.1317, Hip: 83.1574, Knee: 68.7485, Ankle: 58.1004, PCKh: 78.2982, PCKh@0.1: 16.6042
2022-07-27 03:52:48,233 - mmpose - INFO - Epoch [171][50/87]	lr: 5.000e-05, eta: 0:15:11, time: 0.449, data_time: 0.322, memory: 1757, reg_loss: -108.2769, acc_pose: 0.7612, loss: -108.2769
2022-07-27 03:53:24,826 - mmpose - INFO - Epoch [172][50/87]	lr: 5.000e-05, eta: 0:14:47, time: 0.456, data_time: 0.321, memory: 1757, reg_loss: -108.4181, acc_pose: 0.7570, loss: -108.4181
2022-07-27 03:54:02,830 - mmpose - INFO - Epoch [173][50/87]	lr: 5.000e-05, eta: 0:14:24, time: 0.465, data_time: 0.174, memory: 1757, reg_loss: -109.6200, acc_pose: 0.7617, loss: -109.6200
2022-07-27 03:54:39,274 - mmpose - INFO - Epoch [174][50/87]	lr: 5.000e-05, eta: 0:14:01, time: 0.453, data_time: 0.191, memory: 1757, reg_loss: -109.6629, acc_pose: 0.7746, loss: -109.6629
2022-07-27 03:55:16,740 - mmpose - INFO - Epoch [175][50/87]	lr: 5.000e-05, eta: 0:13:38, time: 0.453, data_time: 0.255, memory: 1757, reg_loss: -109.9825, acc_pose: 0.7732, loss: -109.9825
2022-07-27 03:55:53,426 - mmpose - INFO - Epoch [176][50/87]	lr: 5.000e-05, eta: 0:13:15, time: 0.454, data_time: 0.312, memory: 1757, reg_loss: -109.6296, acc_pose: 0.7735, loss: -109.6296
2022-07-27 03:56:30,339 - mmpose - INFO - Epoch [177][50/87]	lr: 5.000e-05, eta: 0:12:52, time: 0.453, data_time: 0.226, memory: 1757, reg_loss: -110.3252, acc_pose: 0.7775, loss: -110.3252
2022-07-27 03:57:06,673 - mmpose - INFO - Epoch [178][50/87]	lr: 5.000e-05, eta: 0:12:28, time: 0.445, data_time: 0.255, memory: 1757, reg_loss: -110.2068, acc_pose: 0.7728, loss: -110.2068
2022-07-27 03:57:45,225 - mmpose - INFO - Epoch [179][50/87]	lr: 5.000e-05, eta: 0:12:05, time: 0.458, data_time: 0.310, memory: 1757, reg_loss: -109.7808, acc_pose: 0.7666, loss: -109.7808
2022-07-27 03:58:23,107 - mmpose - INFO - Epoch [180][50/87]	lr: 5.000e-05, eta: 0:11:42, time: 0.475, data_time: 0.361, memory: 1757, reg_loss: -110.2851, acc_pose: 0.7658, loss: -110.2851
2022-07-27 03:58:37,475 - mmpose - INFO - Saving checkpoint at 180 epochs
2022-07-27 03:58:45,888 - mmpose - INFO - The previous best checkpoint /data/tfj/workspace/python_projects/pose/mmpose0270/work_dirs/27_reg_shufflenetv2_mpii_256x256_dsnt_rle_highres_simc/best_PCKh_epoch_170.pth was removed
2022-07-27 03:58:46,156 - mmpose - INFO - Now best checkpoint is saved as best_PCKh_epoch_180.pth.
2022-07-27 03:58:46,156 - mmpose - INFO - Best PCKh is 78.8290 at 180 epoch.
2022-07-27 03:58:46,156 - mmpose - INFO - Epoch(val) [180][24]	Head: 92.8377, Shoulder: 91.7969, Elbow: 79.1205, Wrist: 66.7981, Hip: 83.8325, Knee: 69.5946, Ankle: 59.1160, PCKh: 78.8290, PCKh@0.1: 17.9677
2022-07-27 03:59:09,546 - mmpose - INFO - Epoch [181][50/87]	lr: 5.000e-05, eta: 0:11:19, time: 0.468, data_time: 0.267, memory: 1757, reg_loss: -110.9229, acc_pose: 0.7805, loss: -110.9229
2022-07-27 03:59:46,492 - mmpose - INFO - Epoch [182][50/87]	lr: 5.000e-05, eta: 0:10:56, time: 0.454, data_time: 0.186, memory: 1757, reg_loss: -110.4803, acc_pose: 0.7726, loss: -110.4803
2022-07-27 04:00:22,789 - mmpose - INFO - Epoch [183][50/87]	lr: 5.000e-05, eta: 0:10:33, time: 0.450, data_time: 0.182, memory: 1757, reg_loss: -110.3153, acc_pose: 0.7735, loss: -110.3153
2022-07-27 04:01:00,274 - mmpose - INFO - Epoch [184][50/87]	lr: 5.000e-05, eta: 0:10:10, time: 0.467, data_time: 0.368, memory: 1757, reg_loss: -110.3668, acc_pose: 0.7711, loss: -110.3668
2022-07-27 04:01:37,097 - mmpose - INFO - Epoch [185][50/87]	lr: 5.000e-05, eta: 0:09:47, time: 0.452, data_time: 0.284, memory: 1757, reg_loss: -110.3252, acc_pose: 0.7754, loss: -110.3252
2022-07-27 04:02:13,669 - mmpose - INFO - Epoch [186][50/87]	lr: 5.000e-05, eta: 0:09:23, time: 0.445, data_time: 0.237, memory: 1757, reg_loss: -111.1284, acc_pose: 0.7740, loss: -111.1284
2022-07-27 04:02:50,254 - mmpose - INFO - Epoch [187][50/87]	lr: 5.000e-05, eta: 0:09:00, time: 0.441, data_time: 0.177, memory: 1757, reg_loss: -111.0897, acc_pose: 0.7741, loss: -111.0897
2022-07-27 04:03:27,644 - mmpose - INFO - Epoch [188][50/87]	lr: 5.000e-05, eta: 0:08:37, time: 0.462, data_time: 0.275, memory: 1757, reg_loss: -110.6821, acc_pose: 0.7715, loss: -110.6821
2022-07-27 04:04:04,541 - mmpose - INFO - Epoch [189][50/87]	lr: 5.000e-05, eta: 0:08:14, time: 0.458, data_time: 0.340, memory: 1757, reg_loss: -110.4120, acc_pose: 0.7715, loss: -110.4120
2022-07-27 04:04:41,102 - mmpose - INFO - Epoch [190][50/87]	lr: 5.000e-05, eta: 0:07:51, time: 0.455, data_time: 0.218, memory: 1757, reg_loss: -110.6002, acc_pose: 0.7733, loss: -110.6002
2022-07-27 04:04:54,883 - mmpose - INFO - Saving checkpoint at 190 epochs
2022-07-27 04:04:59,722 - mmpose - INFO - The previous best checkpoint /data/tfj/workspace/python_projects/pose/mmpose0270/work_dirs/27_reg_shufflenetv2_mpii_256x256_dsnt_rle_highres_simc/best_PCKh_epoch_180.pth was removed
2022-07-27 04:04:59,982 - mmpose - INFO - Now best checkpoint is saved as best_PCKh_epoch_190.pth.
2022-07-27 04:04:59,982 - mmpose - INFO - Best PCKh is 78.9748 at 190 epoch.
2022-07-27 04:04:59,983 - mmpose - INFO - Epoch(val) [190][24]	Head: 93.1787, Shoulder: 91.8818, Elbow: 79.4615, Wrist: 66.9025, Hip: 83.8325, Knee: 69.6749, Ankle: 59.3998, PCKh: 78.9748, PCKh@0.1: 17.9964
2022-07-27 04:05:22,235 - mmpose - INFO - Epoch [191][50/87]	lr: 5.000e-05, eta: 0:07:28, time: 0.445, data_time: 0.331, memory: 1757, reg_loss: -110.6303, acc_pose: 0.7708, loss: -110.6303
2022-07-27 04:06:00,252 - mmpose - INFO - Epoch [192][50/87]	lr: 5.000e-05, eta: 0:07:05, time: 0.466, data_time: 0.352, memory: 1757, reg_loss: -110.3755, acc_pose: 0.7760, loss: -110.3755
2022-07-27 04:06:38,591 - mmpose - INFO - Epoch [193][50/87]	lr: 5.000e-05, eta: 0:06:42, time: 0.475, data_time: 0.333, memory: 1757, reg_loss: -110.3594, acc_pose: 0.7795, loss: -110.3594
2022-07-27 04:07:15,730 - mmpose - INFO - Epoch [194][50/87]	lr: 5.000e-05, eta: 0:06:19, time: 0.456, data_time: 0.183, memory: 1757, reg_loss: -110.5350, acc_pose: 0.7801, loss: -110.5350
2022-07-27 04:07:52,901 - mmpose - INFO - Epoch [195][50/87]	lr: 5.000e-05, eta: 0:05:55, time: 0.452, data_time: 0.248, memory: 1757, reg_loss: -111.3646, acc_pose: 0.7745, loss: -111.3646
2022-07-27 04:08:30,247 - mmpose - INFO - Epoch [196][50/87]	lr: 5.000e-05, eta: 0:05:32, time: 0.470, data_time: 0.347, memory: 1757, reg_loss: -110.9288, acc_pose: 0.7816, loss: -110.9288
2022-07-27 04:09:08,074 - mmpose - INFO - Epoch [197][50/87]	lr: 5.000e-05, eta: 0:05:09, time: 0.461, data_time: 0.227, memory: 1757, reg_loss: -110.6964, acc_pose: 0.7683, loss: -110.6964
2022-07-27 04:09:44,961 - mmpose - INFO - Epoch [198][50/87]	lr: 5.000e-05, eta: 0:04:46, time: 0.448, data_time: 0.237, memory: 1757, reg_loss: -110.8562, acc_pose: 0.7771, loss: -110.8562
2022-07-27 04:10:22,849 - mmpose - INFO - Epoch [199][50/87]	lr: 5.000e-05, eta: 0:04:23, time: 0.457, data_time: 0.169, memory: 1757, reg_loss: -110.6572, acc_pose: 0.7734, loss: -110.6572
2022-07-27 04:11:00,594 - mmpose - INFO - Epoch [200][50/87]	lr: 5.000e-05, eta: 0:04:00, time: 0.475, data_time: 0.353, memory: 1757, reg_loss: -110.9305, acc_pose: 0.7785, loss: -110.9305
2022-07-27 04:11:15,014 - mmpose - INFO - Saving checkpoint at 200 epochs
2022-07-27 04:11:27,179 - mmpose - INFO - The previous best checkpoint /data/tfj/workspace/python_projects/pose/mmpose0270/work_dirs/27_reg_shufflenetv2_mpii_256x256_dsnt_rle_highres_simc/best_PCKh_epoch_190.pth was removed
2022-07-27 04:11:27,447 - mmpose - INFO - Now best checkpoint is saved as best_PCKh_epoch_200.pth.
2022-07-27 04:11:27,447 - mmpose - INFO - Best PCKh is 78.9982 at 200 epoch.
2022-07-27 04:11:27,447 - mmpose - INFO - Epoch(val) [200][24]	Head: 92.9741, Shoulder: 91.8988, Elbow: 79.3252, Wrist: 67.1423, Hip: 84.0229, Knee: 70.0579, Ankle: 58.8325, PCKh: 78.9982, PCKh@0.1: 17.8610
2022-07-27 04:11:50,301 - mmpose - INFO - Epoch [201][50/87]	lr: 5.000e-06, eta: 0:03:37, time: 0.457, data_time: 0.208, memory: 1757, reg_loss: -111.3925, acc_pose: 0.7748, loss: -111.3925
2022-07-27 04:12:27,044 - mmpose - INFO - Epoch [202][50/87]	lr: 5.000e-06, eta: 0:03:14, time: 0.451, data_time: 0.160, memory: 1757, reg_loss: -111.3565, acc_pose: 0.7768, loss: -111.3565
2022-07-27 04:13:04,894 - mmpose - INFO - Epoch [203][50/87]	lr: 5.000e-06, eta: 0:02:51, time: 0.457, data_time: 0.223, memory: 1757, reg_loss: -111.8411, acc_pose: 0.7827, loss: -111.8411
2022-07-27 04:13:41,876 - mmpose - INFO - Epoch [204][50/87]	lr: 5.000e-06, eta: 0:02:28, time: 0.457, data_time: 0.347, memory: 1757, reg_loss: -110.7483, acc_pose: 0.7804, loss: -110.7483
2022-07-27 04:14:20,158 - mmpose - INFO - Epoch [205][50/87]	lr: 5.000e-06, eta: 0:02:05, time: 0.475, data_time: 0.275, memory: 1757, reg_loss: -111.1484, acc_pose: 0.7796, loss: -111.1484
2022-07-27 04:14:57,622 - mmpose - INFO - Epoch [206][50/87]	lr: 5.000e-06, eta: 0:01:42, time: 0.451, data_time: 0.293, memory: 1757, reg_loss: -111.3693, acc_pose: 0.7775, loss: -111.3693
2022-07-27 04:15:35,286 - mmpose - INFO - Epoch [207][50/87]	lr: 5.000e-06, eta: 0:01:19, time: 0.457, data_time: 0.144, memory: 1757, reg_loss: -112.3137, acc_pose: 0.7795, loss: -112.3137
2022-07-27 04:16:12,333 - mmpose - INFO - Epoch [208][50/87]	lr: 5.000e-06, eta: 0:00:55, time: 0.465, data_time: 0.341, memory: 1757, reg_loss: -111.3104, acc_pose: 0.7802, loss: -111.3104
2022-07-27 04:16:50,437 - mmpose - INFO - Epoch [209][50/87]	lr: 5.000e-06, eta: 0:00:32, time: 0.468, data_time: 0.316, memory: 1757, reg_loss: -111.0624, acc_pose: 0.7707, loss: -111.0624
2022-07-27 04:17:27,444 - mmpose - INFO - Epoch [210][50/87]	lr: 5.000e-06, eta: 0:00:09, time: 0.448, data_time: 0.242, memory: 1757, reg_loss: -111.3575, acc_pose: 0.7734, loss: -111.3575
2022-07-27 04:17:42,248 - mmpose - INFO - Saving checkpoint at 210 epochs
2022-07-27 04:17:47,334 - mmpose - INFO - The previous best checkpoint /data/tfj/workspace/python_projects/pose/mmpose0270/work_dirs/27_reg_shufflenetv2_mpii_256x256_dsnt_rle_highres_simc/best_PCKh_epoch_200.pth was removed
2022-07-27 04:17:47,581 - mmpose - INFO - Now best checkpoint is saved as best_PCKh_epoch_210.pth.
2022-07-27 04:17:47,581 - mmpose - INFO - Best PCKh is 79.0502 at 210 epoch.
2022-07-27 04:17:47,582 - mmpose - INFO - Epoch(val) [210][24]	Head: 93.0764, Shoulder: 92.0177, Elbow: 79.5979, Wrist: 67.0736, Hip: 83.6767, Knee: 70.0782, Ankle: 59.2110, PCKh: 79.0502, PCKh@0.1: 18.0926
