2022-07-28 12:18:14,421 - mmpose - INFO - Environment info:
------------------------------------------------------------
sys.platform: linux
Python: 3.9.7 (default, Sep 16 2021, 13:09:58) [GCC 7.5.0]
CUDA available: True
GPU 0,1,2,3: NVIDIA GeForce RTX 3090
CUDA_HOME: /usr/local/cuda-11.1:/usr/local/cuda-11.1:
GCC: gcc (Ubuntu 7.5.0-3ubuntu1~18.04) 7.5.0
PyTorch: 1.9.1+cu111
PyTorch compiling details: PyTorch built with:
  - GCC 7.3
  - C++ Version: 201402
  - Intel(R) Math Kernel Library Version 2020.0.0 Product Build 20191122 for Intel(R) 64 architecture applications
  - Intel(R) MKL-DNN v2.1.2 (Git Hash 98be7e8afa711dc9b66c8ff3504129cb82013cdb)
  - OpenMP 201511 (a.k.a. OpenMP 4.5)
  - NNPACK is enabled
  - CPU capability usage: AVX2
  - CUDA Runtime 11.1
  - NVCC architecture flags: -gencode;arch=compute_37,code=sm_37;-gencode;arch=compute_50,code=sm_50;-gencode;arch=compute_60,code=sm_60;-gencode;arch=compute_70,code=sm_70;-gencode;arch=compute_75,code=sm_75;-gencode;arch=compute_80,code=sm_80;-gencode;arch=compute_86,code=sm_86
  - CuDNN 8.0.5
  - Magma 2.5.2
  - Build settings: BLAS_INFO=mkl, BUILD_TYPE=Release, CUDA_VERSION=11.1, CUDNN_VERSION=8.0.5, CXX_COMPILER=/opt/rh/devtoolset-7/root/usr/bin/c++, CXX_FLAGS= -Wno-deprecated -fvisibility-inlines-hidden -DUSE_PTHREADPOOL -fopenmp -DNDEBUG -DUSE_KINETO -DUSE_FBGEMM -DUSE_QNNPACK -DUSE_PYTORCH_QNNPACK -DUSE_XNNPACK -DSYMBOLICATE_MOBILE_DEBUG_HANDLE -O2 -fPIC -Wno-narrowing -Wall -Wextra -Werror=return-type -Wno-missing-field-initializers -Wno-type-limits -Wno-array-bounds -Wno-unknown-pragmas -Wno-sign-compare -Wno-unused-parameter -Wno-unused-variable -Wno-unused-function -Wno-unused-result -Wno-unused-local-typedefs -Wno-strict-overflow -Wno-strict-aliasing -Wno-error=deprecated-declarations -Wno-stringop-overflow -Wno-psabi -Wno-error=pedantic -Wno-error=redundant-decls -Wno-error=old-style-cast -fdiagnostics-color=always -faligned-new -Wno-unused-but-set-variable -Wno-maybe-uninitialized -fno-math-errno -fno-trapping-math -Werror=format -Wno-stringop-overflow, LAPACK_INFO=mkl, PERF_WITH_AVX=1, PERF_WITH_AVX2=1, PERF_WITH_AVX512=1, TORCH_VERSION=1.9.1, USE_CUDA=ON, USE_CUDNN=ON, USE_EXCEPTION_PTR=1, USE_GFLAGS=OFF, USE_GLOG=OFF, USE_MKL=ON, USE_MKLDNN=ON, USE_MPI=OFF, USE_NCCL=ON, USE_NNPACK=ON, USE_OPENMP=ON, 

TorchVision: 0.10.1+cu111
OpenCV: 4.5.5
MMCV: 1.5.1
MMCV Compiler: GCC 7.5
MMCV CUDA Compiler: 11.1
MMPose: 0.27.0+e4d4b08
------------------------------------------------------------

2022-07-28 12:18:14,422 - mmpose - INFO - Distributed training: True
2022-07-28 12:18:17,962 - mmpose - INFO - Config:
checkpoint_config = dict(interval=10)
log_config = dict(interval=50, hooks=[dict(type='TextLoggerHook')])
log_level = 'INFO'
load_from = None
resume_from = None
dist_params = dict(backend='nccl')
workflow = [('train', 1)]
opencv_num_threads = 0
mp_start_method = 'fork'
dataset_info = dict(
    dataset_name='mpii',
    paper_info=dict(
        author=
        'Mykhaylo Andriluka and Leonid Pishchulin and Peter Gehler and Schiele, Bernt',
        title=
        '2D Human Pose Estimation: New Benchmark and State of the Art Analysis',
        container=
        'IEEE Conference on Computer Vision and Pattern Recognition (CVPR)',
        year='2014',
        homepage='http://human-pose.mpi-inf.mpg.de/'),
    keypoint_info=dict({
        0:
        dict(
            name='right_ankle',
            id=0,
            color=[255, 128, 0],
            type='lower',
            swap='left_ankle'),
        1:
        dict(
            name='right_knee',
            id=1,
            color=[255, 128, 0],
            type='lower',
            swap='left_knee'),
        2:
        dict(
            name='right_hip',
            id=2,
            color=[255, 128, 0],
            type='lower',
            swap='left_hip'),
        3:
        dict(
            name='left_hip',
            id=3,
            color=[0, 255, 0],
            type='lower',
            swap='right_hip'),
        4:
        dict(
            name='left_knee',
            id=4,
            color=[0, 255, 0],
            type='lower',
            swap='right_knee'),
        5:
        dict(
            name='left_ankle',
            id=5,
            color=[0, 255, 0],
            type='lower',
            swap='right_ankle'),
        6:
        dict(name='pelvis', id=6, color=[51, 153, 255], type='lower', swap=''),
        7:
        dict(name='thorax', id=7, color=[51, 153, 255], type='upper', swap=''),
        8:
        dict(
            name='upper_neck',
            id=8,
            color=[51, 153, 255],
            type='upper',
            swap=''),
        9:
        dict(
            name='head_top', id=9, color=[51, 153, 255], type='upper',
            swap=''),
        10:
        dict(
            name='right_wrist',
            id=10,
            color=[255, 128, 0],
            type='upper',
            swap='left_wrist'),
        11:
        dict(
            name='right_elbow',
            id=11,
            color=[255, 128, 0],
            type='upper',
            swap='left_elbow'),
        12:
        dict(
            name='right_shoulder',
            id=12,
            color=[255, 128, 0],
            type='upper',
            swap='left_shoulder'),
        13:
        dict(
            name='left_shoulder',
            id=13,
            color=[0, 255, 0],
            type='upper',
            swap='right_shoulder'),
        14:
        dict(
            name='left_elbow',
            id=14,
            color=[0, 255, 0],
            type='upper',
            swap='right_elbow'),
        15:
        dict(
            name='left_wrist',
            id=15,
            color=[0, 255, 0],
            type='upper',
            swap='right_wrist')
    }),
    skeleton_info=dict({
        0:
        dict(link=('right_ankle', 'right_knee'), id=0, color=[255, 128, 0]),
        1:
        dict(link=('right_knee', 'right_hip'), id=1, color=[255, 128, 0]),
        2:
        dict(link=('right_hip', 'pelvis'), id=2, color=[255, 128, 0]),
        3:
        dict(link=('pelvis', 'left_hip'), id=3, color=[0, 255, 0]),
        4:
        dict(link=('left_hip', 'left_knee'), id=4, color=[0, 255, 0]),
        5:
        dict(link=('left_knee', 'left_ankle'), id=5, color=[0, 255, 0]),
        6:
        dict(link=('pelvis', 'thorax'), id=6, color=[51, 153, 255]),
        7:
        dict(link=('thorax', 'upper_neck'), id=7, color=[51, 153, 255]),
        8:
        dict(link=('upper_neck', 'head_top'), id=8, color=[51, 153, 255]),
        9:
        dict(link=('upper_neck', 'right_shoulder'), id=9, color=[255, 128, 0]),
        10:
        dict(
            link=('right_shoulder', 'right_elbow'), id=10, color=[255, 128,
                                                                  0]),
        11:
        dict(link=('right_elbow', 'right_wrist'), id=11, color=[255, 128, 0]),
        12:
        dict(link=('upper_neck', 'left_shoulder'), id=12, color=[0, 255, 0]),
        13:
        dict(link=('left_shoulder', 'left_elbow'), id=13, color=[0, 255, 0]),
        14:
        dict(link=('left_elbow', 'left_wrist'), id=14, color=[0, 255, 0])
    }),
    joint_weights=[
        1.5, 1.2, 1.0, 1.0, 1.2, 1.5, 1.0, 1.0, 1.0, 1.0, 1.5, 1.2, 1.0, 1.0,
        1.2, 1.5
    ],
    sigmas=[
        0.089, 0.083, 0.107, 0.107, 0.083, 0.089, 0.026, 0.026, 0.026, 0.026,
        0.062, 0.072, 0.179, 0.179, 0.072, 0.062
    ])
evaluation = dict(interval=10, metric='PCKh', save_best='PCKh')
optimizer = dict(type='AdamW', lr=0.0005)
optimizer_config = dict(grad_clip=None)
lr_config = dict(
    policy='step',
    warmup='linear',
    warmup_iters=500,
    warmup_ratio=0.001,
    step=[170, 200])
total_epochs = 210
channel_cfg = dict(
    num_output_channels=16,
    dataset_joints=16,
    dataset_channel=[0, 1, 2, 3, 4, 5, 6, 7, 8, 9, 10, 11, 12, 13, 14, 15],
    inference_channel=[0, 1, 2, 3, 4, 5, 6, 7, 8, 9, 10, 11, 12, 13, 14, 15])
input_size = (256, 256)
ratio = 2
model = dict(
    type='TopDown',
    pretrained=
    'work_dirs/2_hm_shufflenetv2_mpii_256x256/best_PCKh_epoch_200.pth',
    backbone=dict(type='ShuffleNetV2', widen_factor=1.0),
    keypoint_head=dict(
        type='IntegralPoseRegressionHead2',
        in_channels=1024,
        num_joints=16,
        input_size=(256, 256),
        ratio=2,
        loss_keypoint=dict(
            type='DSNTRLE_SimC_Loss2',
            simc_param=dict(),
            rle_param=dict(
                use_target_weight=True, size_average=True, residual=True),
            rle_weight=1,
            simc_weight=1),
        out_sigma=True,
        out_highres=False,
        with_simcc=True),
    train_cfg=dict(with_simcc=True),
    test_cfg=dict(flip_test=True))
data_cfg = dict(
    image_size=[256, 256],
    heatmap_size=[64, 64],
    num_output_channels=16,
    num_joints=16,
    dataset_channel=[0, 1, 2, 3, 4, 5, 6, 7, 8, 9, 10, 11, 12, 13, 14, 15],
    inference_channel=[0, 1, 2, 3, 4, 5, 6, 7, 8, 9, 10, 11, 12, 13, 14, 15],
    use_gt_bbox=True,
    bbox_file=None)
train_pipeline = [
    dict(type='LoadImageFromFile'),
    dict(type='TopDownGetBboxCenterScale', padding=1.25),
    dict(type='TopDownRandomFlip', flip_prob=0.5),
    dict(
        type='TopDownGetRandomScaleRotation', rot_factor=40, scale_factor=0.5),
    dict(type='TopDownAffine'),
    dict(type='ToTensor'),
    dict(
        type='NormalizeTensor',
        mean=[0.485, 0.456, 0.406],
        std=[0.229, 0.224, 0.225]),
    dict(type='TopDownGenerateTargetRegression'),
    dict(type='TopDownGenerateSimC'),
    dict(
        type='Collect',
        keys=['img', 'target', 'target_weight', 'target_x', 'target_y'],
        meta_keys=[
            'image_file', 'joints_3d', 'joints_3d_visible', 'center', 'scale',
            'rotation', 'flip_pairs'
        ])
]
val_pipeline = [
    dict(type='LoadImageFromFile'),
    dict(type='TopDownGetBboxCenterScale', padding=1.25),
    dict(type='TopDownAffine'),
    dict(type='ToTensor'),
    dict(
        type='NormalizeTensor',
        mean=[0.485, 0.456, 0.406],
        std=[0.229, 0.224, 0.225]),
    dict(
        type='Collect',
        keys=['img'],
        meta_keys=['image_file', 'center', 'scale', 'rotation', 'flip_pairs'])
]
test_pipeline = [
    dict(type='LoadImageFromFile'),
    dict(type='TopDownGetBboxCenterScale', padding=1.25),
    dict(type='TopDownAffine'),
    dict(type='ToTensor'),
    dict(
        type='NormalizeTensor',
        mean=[0.485, 0.456, 0.406],
        std=[0.229, 0.224, 0.225]),
    dict(
        type='Collect',
        keys=['img'],
        meta_keys=['image_file', 'center', 'scale', 'rotation', 'flip_pairs'])
]
data_root = '/data/tfj/workspace/datasets/MPII'
data = dict(
    samples_per_gpu=64,
    workers_per_gpu=4,
    persistent_workers=True,
    val_dataloader=dict(samples_per_gpu=32),
    test_dataloader=dict(samples_per_gpu=32),
    train=dict(
        type='TopDownMpiiDataset',
        ann_file=
        '/data/tfj/workspace/datasets/MPII/annotations/mpii_train.json',
        img_prefix='/data/tfj/workspace/datasets/MPII/images/',
        data_cfg=dict(
            image_size=[256, 256],
            heatmap_size=[64, 64],
            num_output_channels=16,
            num_joints=16,
            dataset_channel=[
                0, 1, 2, 3, 4, 5, 6, 7, 8, 9, 10, 11, 12, 13, 14, 15
            ],
            inference_channel=[
                0, 1, 2, 3, 4, 5, 6, 7, 8, 9, 10, 11, 12, 13, 14, 15
            ],
            use_gt_bbox=True,
            bbox_file=None),
        pipeline=[
            dict(type='LoadImageFromFile'),
            dict(type='TopDownGetBboxCenterScale', padding=1.25),
            dict(type='TopDownRandomFlip', flip_prob=0.5),
            dict(
                type='TopDownGetRandomScaleRotation',
                rot_factor=40,
                scale_factor=0.5),
            dict(type='TopDownAffine'),
            dict(type='ToTensor'),
            dict(
                type='NormalizeTensor',
                mean=[0.485, 0.456, 0.406],
                std=[0.229, 0.224, 0.225]),
            dict(type='TopDownGenerateTargetRegression'),
            dict(type='TopDownGenerateSimC'),
            dict(
                type='Collect',
                keys=[
                    'img', 'target', 'target_weight', 'target_x', 'target_y'
                ],
                meta_keys=[
                    'image_file', 'joints_3d', 'joints_3d_visible', 'center',
                    'scale', 'rotation', 'flip_pairs'
                ])
        ],
        dataset_info=dict(
            dataset_name='mpii',
            paper_info=dict(
                author=
                'Mykhaylo Andriluka and Leonid Pishchulin and Peter Gehler and Schiele, Bernt',
                title=
                '2D Human Pose Estimation: New Benchmark and State of the Art Analysis',
                container=
                'IEEE Conference on Computer Vision and Pattern Recognition (CVPR)',
                year='2014',
                homepage='http://human-pose.mpi-inf.mpg.de/'),
            keypoint_info=dict({
                0:
                dict(
                    name='right_ankle',
                    id=0,
                    color=[255, 128, 0],
                    type='lower',
                    swap='left_ankle'),
                1:
                dict(
                    name='right_knee',
                    id=1,
                    color=[255, 128, 0],
                    type='lower',
                    swap='left_knee'),
                2:
                dict(
                    name='right_hip',
                    id=2,
                    color=[255, 128, 0],
                    type='lower',
                    swap='left_hip'),
                3:
                dict(
                    name='left_hip',
                    id=3,
                    color=[0, 255, 0],
                    type='lower',
                    swap='right_hip'),
                4:
                dict(
                    name='left_knee',
                    id=4,
                    color=[0, 255, 0],
                    type='lower',
                    swap='right_knee'),
                5:
                dict(
                    name='left_ankle',
                    id=5,
                    color=[0, 255, 0],
                    type='lower',
                    swap='right_ankle'),
                6:
                dict(
                    name='pelvis',
                    id=6,
                    color=[51, 153, 255],
                    type='lower',
                    swap=''),
                7:
                dict(
                    name='thorax',
                    id=7,
                    color=[51, 153, 255],
                    type='upper',
                    swap=''),
                8:
                dict(
                    name='upper_neck',
                    id=8,
                    color=[51, 153, 255],
                    type='upper',
                    swap=''),
                9:
                dict(
                    name='head_top',
                    id=9,
                    color=[51, 153, 255],
                    type='upper',
                    swap=''),
                10:
                dict(
                    name='right_wrist',
                    id=10,
                    color=[255, 128, 0],
                    type='upper',
                    swap='left_wrist'),
                11:
                dict(
                    name='right_elbow',
                    id=11,
                    color=[255, 128, 0],
                    type='upper',
                    swap='left_elbow'),
                12:
                dict(
                    name='right_shoulder',
                    id=12,
                    color=[255, 128, 0],
                    type='upper',
                    swap='left_shoulder'),
                13:
                dict(
                    name='left_shoulder',
                    id=13,
                    color=[0, 255, 0],
                    type='upper',
                    swap='right_shoulder'),
                14:
                dict(
                    name='left_elbow',
                    id=14,
                    color=[0, 255, 0],
                    type='upper',
                    swap='right_elbow'),
                15:
                dict(
                    name='left_wrist',
                    id=15,
                    color=[0, 255, 0],
                    type='upper',
                    swap='right_wrist')
            }),
            skeleton_info=dict({
                0:
                dict(
                    link=('right_ankle', 'right_knee'),
                    id=0,
                    color=[255, 128, 0]),
                1:
                dict(
                    link=('right_knee', 'right_hip'),
                    id=1,
                    color=[255, 128, 0]),
                2:
                dict(link=('right_hip', 'pelvis'), id=2, color=[255, 128, 0]),
                3:
                dict(link=('pelvis', 'left_hip'), id=3, color=[0, 255, 0]),
                4:
                dict(link=('left_hip', 'left_knee'), id=4, color=[0, 255, 0]),
                5:
                dict(
                    link=('left_knee', 'left_ankle'), id=5, color=[0, 255, 0]),
                6:
                dict(link=('pelvis', 'thorax'), id=6, color=[51, 153, 255]),
                7:
                dict(
                    link=('thorax', 'upper_neck'), id=7, color=[51, 153, 255]),
                8:
                dict(
                    link=('upper_neck', 'head_top'),
                    id=8,
                    color=[51, 153, 255]),
                9:
                dict(
                    link=('upper_neck', 'right_shoulder'),
                    id=9,
                    color=[255, 128, 0]),
                10:
                dict(
                    link=('right_shoulder', 'right_elbow'),
                    id=10,
                    color=[255, 128, 0]),
                11:
                dict(
                    link=('right_elbow', 'right_wrist'),
                    id=11,
                    color=[255, 128, 0]),
                12:
                dict(
                    link=('upper_neck', 'left_shoulder'),
                    id=12,
                    color=[0, 255, 0]),
                13:
                dict(
                    link=('left_shoulder', 'left_elbow'),
                    id=13,
                    color=[0, 255, 0]),
                14:
                dict(
                    link=('left_elbow', 'left_wrist'),
                    id=14,
                    color=[0, 255, 0])
            }),
            joint_weights=[
                1.5, 1.2, 1.0, 1.0, 1.2, 1.5, 1.0, 1.0, 1.0, 1.0, 1.5, 1.2,
                1.0, 1.0, 1.2, 1.5
            ],
            sigmas=[
                0.089, 0.083, 0.107, 0.107, 0.083, 0.089, 0.026, 0.026, 0.026,
                0.026, 0.062, 0.072, 0.179, 0.179, 0.072, 0.062
            ])),
    val=dict(
        type='TopDownMpiiDataset',
        ann_file='/data/tfj/workspace/datasets/MPII/annotations/mpii_val.json',
        img_prefix='/data/tfj/workspace/datasets/MPII/images/',
        data_cfg=dict(
            image_size=[256, 256],
            heatmap_size=[64, 64],
            num_output_channels=16,
            num_joints=16,
            dataset_channel=[
                0, 1, 2, 3, 4, 5, 6, 7, 8, 9, 10, 11, 12, 13, 14, 15
            ],
            inference_channel=[
                0, 1, 2, 3, 4, 5, 6, 7, 8, 9, 10, 11, 12, 13, 14, 15
            ],
            use_gt_bbox=True,
            bbox_file=None),
        pipeline=[
            dict(type='LoadImageFromFile'),
            dict(type='TopDownGetBboxCenterScale', padding=1.25),
            dict(type='TopDownAffine'),
            dict(type='ToTensor'),
            dict(
                type='NormalizeTensor',
                mean=[0.485, 0.456, 0.406],
                std=[0.229, 0.224, 0.225]),
            dict(
                type='Collect',
                keys=['img'],
                meta_keys=[
                    'image_file', 'center', 'scale', 'rotation', 'flip_pairs'
                ])
        ],
        dataset_info=dict(
            dataset_name='mpii',
            paper_info=dict(
                author=
                'Mykhaylo Andriluka and Leonid Pishchulin and Peter Gehler and Schiele, Bernt',
                title=
                '2D Human Pose Estimation: New Benchmark and State of the Art Analysis',
                container=
                'IEEE Conference on Computer Vision and Pattern Recognition (CVPR)',
                year='2014',
                homepage='http://human-pose.mpi-inf.mpg.de/'),
            keypoint_info=dict({
                0:
                dict(
                    name='right_ankle',
                    id=0,
                    color=[255, 128, 0],
                    type='lower',
                    swap='left_ankle'),
                1:
                dict(
                    name='right_knee',
                    id=1,
                    color=[255, 128, 0],
                    type='lower',
                    swap='left_knee'),
                2:
                dict(
                    name='right_hip',
                    id=2,
                    color=[255, 128, 0],
                    type='lower',
                    swap='left_hip'),
                3:
                dict(
                    name='left_hip',
                    id=3,
                    color=[0, 255, 0],
                    type='lower',
                    swap='right_hip'),
                4:
                dict(
                    name='left_knee',
                    id=4,
                    color=[0, 255, 0],
                    type='lower',
                    swap='right_knee'),
                5:
                dict(
                    name='left_ankle',
                    id=5,
                    color=[0, 255, 0],
                    type='lower',
                    swap='right_ankle'),
                6:
                dict(
                    name='pelvis',
                    id=6,
                    color=[51, 153, 255],
                    type='lower',
                    swap=''),
                7:
                dict(
                    name='thorax',
                    id=7,
                    color=[51, 153, 255],
                    type='upper',
                    swap=''),
                8:
                dict(
                    name='upper_neck',
                    id=8,
                    color=[51, 153, 255],
                    type='upper',
                    swap=''),
                9:
                dict(
                    name='head_top',
                    id=9,
                    color=[51, 153, 255],
                    type='upper',
                    swap=''),
                10:
                dict(
                    name='right_wrist',
                    id=10,
                    color=[255, 128, 0],
                    type='upper',
                    swap='left_wrist'),
                11:
                dict(
                    name='right_elbow',
                    id=11,
                    color=[255, 128, 0],
                    type='upper',
                    swap='left_elbow'),
                12:
                dict(
                    name='right_shoulder',
                    id=12,
                    color=[255, 128, 0],
                    type='upper',
                    swap='left_shoulder'),
                13:
                dict(
                    name='left_shoulder',
                    id=13,
                    color=[0, 255, 0],
                    type='upper',
                    swap='right_shoulder'),
                14:
                dict(
                    name='left_elbow',
                    id=14,
                    color=[0, 255, 0],
                    type='upper',
                    swap='right_elbow'),
                15:
                dict(
                    name='left_wrist',
                    id=15,
                    color=[0, 255, 0],
                    type='upper',
                    swap='right_wrist')
            }),
            skeleton_info=dict({
                0:
                dict(
                    link=('right_ankle', 'right_knee'),
                    id=0,
                    color=[255, 128, 0]),
                1:
                dict(
                    link=('right_knee', 'right_hip'),
                    id=1,
                    color=[255, 128, 0]),
                2:
                dict(link=('right_hip', 'pelvis'), id=2, color=[255, 128, 0]),
                3:
                dict(link=('pelvis', 'left_hip'), id=3, color=[0, 255, 0]),
                4:
                dict(link=('left_hip', 'left_knee'), id=4, color=[0, 255, 0]),
                5:
                dict(
                    link=('left_knee', 'left_ankle'), id=5, color=[0, 255, 0]),
                6:
                dict(link=('pelvis', 'thorax'), id=6, color=[51, 153, 255]),
                7:
                dict(
                    link=('thorax', 'upper_neck'), id=7, color=[51, 153, 255]),
                8:
                dict(
                    link=('upper_neck', 'head_top'),
                    id=8,
                    color=[51, 153, 255]),
                9:
                dict(
                    link=('upper_neck', 'right_shoulder'),
                    id=9,
                    color=[255, 128, 0]),
                10:
                dict(
                    link=('right_shoulder', 'right_elbow'),
                    id=10,
                    color=[255, 128, 0]),
                11:
                dict(
                    link=('right_elbow', 'right_wrist'),
                    id=11,
                    color=[255, 128, 0]),
                12:
                dict(
                    link=('upper_neck', 'left_shoulder'),
                    id=12,
                    color=[0, 255, 0]),
                13:
                dict(
                    link=('left_shoulder', 'left_elbow'),
                    id=13,
                    color=[0, 255, 0]),
                14:
                dict(
                    link=('left_elbow', 'left_wrist'),
                    id=14,
                    color=[0, 255, 0])
            }),
            joint_weights=[
                1.5, 1.2, 1.0, 1.0, 1.2, 1.5, 1.0, 1.0, 1.0, 1.0, 1.5, 1.2,
                1.0, 1.0, 1.2, 1.5
            ],
            sigmas=[
                0.089, 0.083, 0.107, 0.107, 0.083, 0.089, 0.026, 0.026, 0.026,
                0.026, 0.062, 0.072, 0.179, 0.179, 0.072, 0.062
            ])),
    test=dict(
        type='TopDownMpiiDataset',
        ann_file='/data/tfj/workspace/datasets/MPII/annotations/mpii_val.json',
        img_prefix='/data/tfj/workspace/datasets/MPII/images/',
        data_cfg=dict(
            image_size=[256, 256],
            heatmap_size=[64, 64],
            num_output_channels=16,
            num_joints=16,
            dataset_channel=[
                0, 1, 2, 3, 4, 5, 6, 7, 8, 9, 10, 11, 12, 13, 14, 15
            ],
            inference_channel=[
                0, 1, 2, 3, 4, 5, 6, 7, 8, 9, 10, 11, 12, 13, 14, 15
            ],
            use_gt_bbox=True,
            bbox_file=None),
        pipeline=[
            dict(type='LoadImageFromFile'),
            dict(type='TopDownGetBboxCenterScale', padding=1.25),
            dict(type='TopDownAffine'),
            dict(type='ToTensor'),
            dict(
                type='NormalizeTensor',
                mean=[0.485, 0.456, 0.406],
                std=[0.229, 0.224, 0.225]),
            dict(
                type='Collect',
                keys=['img'],
                meta_keys=[
                    'image_file', 'center', 'scale', 'rotation', 'flip_pairs'
                ])
        ],
        dataset_info=dict(
            dataset_name='mpii',
            paper_info=dict(
                author=
                'Mykhaylo Andriluka and Leonid Pishchulin and Peter Gehler and Schiele, Bernt',
                title=
                '2D Human Pose Estimation: New Benchmark and State of the Art Analysis',
                container=
                'IEEE Conference on Computer Vision and Pattern Recognition (CVPR)',
                year='2014',
                homepage='http://human-pose.mpi-inf.mpg.de/'),
            keypoint_info=dict({
                0:
                dict(
                    name='right_ankle',
                    id=0,
                    color=[255, 128, 0],
                    type='lower',
                    swap='left_ankle'),
                1:
                dict(
                    name='right_knee',
                    id=1,
                    color=[255, 128, 0],
                    type='lower',
                    swap='left_knee'),
                2:
                dict(
                    name='right_hip',
                    id=2,
                    color=[255, 128, 0],
                    type='lower',
                    swap='left_hip'),
                3:
                dict(
                    name='left_hip',
                    id=3,
                    color=[0, 255, 0],
                    type='lower',
                    swap='right_hip'),
                4:
                dict(
                    name='left_knee',
                    id=4,
                    color=[0, 255, 0],
                    type='lower',
                    swap='right_knee'),
                5:
                dict(
                    name='left_ankle',
                    id=5,
                    color=[0, 255, 0],
                    type='lower',
                    swap='right_ankle'),
                6:
                dict(
                    name='pelvis',
                    id=6,
                    color=[51, 153, 255],
                    type='lower',
                    swap=''),
                7:
                dict(
                    name='thorax',
                    id=7,
                    color=[51, 153, 255],
                    type='upper',
                    swap=''),
                8:
                dict(
                    name='upper_neck',
                    id=8,
                    color=[51, 153, 255],
                    type='upper',
                    swap=''),
                9:
                dict(
                    name='head_top',
                    id=9,
                    color=[51, 153, 255],
                    type='upper',
                    swap=''),
                10:
                dict(
                    name='right_wrist',
                    id=10,
                    color=[255, 128, 0],
                    type='upper',
                    swap='left_wrist'),
                11:
                dict(
                    name='right_elbow',
                    id=11,
                    color=[255, 128, 0],
                    type='upper',
                    swap='left_elbow'),
                12:
                dict(
                    name='right_shoulder',
                    id=12,
                    color=[255, 128, 0],
                    type='upper',
                    swap='left_shoulder'),
                13:
                dict(
                    name='left_shoulder',
                    id=13,
                    color=[0, 255, 0],
                    type='upper',
                    swap='right_shoulder'),
                14:
                dict(
                    name='left_elbow',
                    id=14,
                    color=[0, 255, 0],
                    type='upper',
                    swap='right_elbow'),
                15:
                dict(
                    name='left_wrist',
                    id=15,
                    color=[0, 255, 0],
                    type='upper',
                    swap='right_wrist')
            }),
            skeleton_info=dict({
                0:
                dict(
                    link=('right_ankle', 'right_knee'),
                    id=0,
                    color=[255, 128, 0]),
                1:
                dict(
                    link=('right_knee', 'right_hip'),
                    id=1,
                    color=[255, 128, 0]),
                2:
                dict(link=('right_hip', 'pelvis'), id=2, color=[255, 128, 0]),
                3:
                dict(link=('pelvis', 'left_hip'), id=3, color=[0, 255, 0]),
                4:
                dict(link=('left_hip', 'left_knee'), id=4, color=[0, 255, 0]),
                5:
                dict(
                    link=('left_knee', 'left_ankle'), id=5, color=[0, 255, 0]),
                6:
                dict(link=('pelvis', 'thorax'), id=6, color=[51, 153, 255]),
                7:
                dict(
                    link=('thorax', 'upper_neck'), id=7, color=[51, 153, 255]),
                8:
                dict(
                    link=('upper_neck', 'head_top'),
                    id=8,
                    color=[51, 153, 255]),
                9:
                dict(
                    link=('upper_neck', 'right_shoulder'),
                    id=9,
                    color=[255, 128, 0]),
                10:
                dict(
                    link=('right_shoulder', 'right_elbow'),
                    id=10,
                    color=[255, 128, 0]),
                11:
                dict(
                    link=('right_elbow', 'right_wrist'),
                    id=11,
                    color=[255, 128, 0]),
                12:
                dict(
                    link=('upper_neck', 'left_shoulder'),
                    id=12,
                    color=[0, 255, 0]),
                13:
                dict(
                    link=('left_shoulder', 'left_elbow'),
                    id=13,
                    color=[0, 255, 0]),
                14:
                dict(
                    link=('left_elbow', 'left_wrist'),
                    id=14,
                    color=[0, 255, 0])
            }),
            joint_weights=[
                1.5, 1.2, 1.0, 1.0, 1.2, 1.5, 1.0, 1.0, 1.0, 1.0, 1.5, 1.2,
                1.0, 1.0, 1.2, 1.5
            ],
            sigmas=[
                0.089, 0.083, 0.107, 0.107, 0.083, 0.089, 0.026, 0.026, 0.026,
                0.026, 0.062, 0.072, 0.179, 0.179, 0.072, 0.062
            ])))
work_dir = './work_dirs/29_reg_shufflenetv2_mpii_256x256_dsnt_rle_highres_simc'
gpu_ids = range(0, 4)

2022-07-28 12:18:17,963 - mmpose - INFO - Set random seed to 2526, deterministic: False
2022-07-28 12:18:27,087 - mmpose - INFO - Start running, host: tianfj@qwe, work_dir: /data/tfj/workspace/python_projects/pose/mmpose0270/work_dirs/29_reg_shufflenetv2_mpii_256x256_dsnt_rle_highres_simc
2022-07-28 12:18:27,087 - mmpose - INFO - Hooks will be executed in the following order:
before_run:
(VERY_HIGH   ) StepLrUpdaterHook                  
(NORMAL      ) CheckpointHook                     
(NORMAL      ) DistEvalHook                       
(VERY_LOW    ) TextLoggerHook                     
 -------------------- 
before_train_epoch:
(VERY_HIGH   ) StepLrUpdaterHook                  
(NORMAL      ) DistSamplerSeedHook                
(NORMAL      ) DistEvalHook                       
(LOW         ) IterTimerHook                      
(VERY_LOW    ) TextLoggerHook                     
 -------------------- 
before_train_iter:
(VERY_HIGH   ) StepLrUpdaterHook                  
(NORMAL      ) DistEvalHook                       
(LOW         ) IterTimerHook                      
 -------------------- 
after_train_iter:
(ABOVE_NORMAL) OptimizerHook                      
(NORMAL      ) CheckpointHook                     
(NORMAL      ) DistEvalHook                       
(LOW         ) IterTimerHook                      
(VERY_LOW    ) TextLoggerHook                     
 -------------------- 
after_train_epoch:
(NORMAL      ) CheckpointHook                     
(NORMAL      ) DistEvalHook                       
(VERY_LOW    ) TextLoggerHook                     
 -------------------- 
before_val_epoch:
(NORMAL      ) DistSamplerSeedHook                
(LOW         ) IterTimerHook                      
(VERY_LOW    ) TextLoggerHook                     
 -------------------- 
before_val_iter:
(LOW         ) IterTimerHook                      
 -------------------- 
after_val_iter:
(LOW         ) IterTimerHook                      
 -------------------- 
after_val_epoch:
(VERY_LOW    ) TextLoggerHook                     
 -------------------- 
after_run:
(VERY_LOW    ) TextLoggerHook                     
 -------------------- 
2022-07-28 12:18:27,087 - mmpose - INFO - workflow: [('train', 1)], max: 210 epochs
2022-07-28 12:18:27,087 - mmpose - INFO - Checkpoints will be saved to /data/tfj/workspace/python_projects/pose/mmpose0270/work_dirs/29_reg_shufflenetv2_mpii_256x256_dsnt_rle_highres_simc by HardDiskBackend.
2022-07-28 12:18:51,801 - mmpose - INFO - Epoch [1][50/87]	lr: 4.945e-05, eta: 2:30:03, time: 0.494, data_time: 0.265, memory: 1599, reg_loss: 31.5580, 2: 31.4494, 3: 0.1087, acc_pose: 0.0760, loss: 31.5580
2022-07-28 12:19:30,997 - mmpose - INFO - Epoch [2][50/87]	lr: 1.364e-04, eta: 1:46:56, time: 0.475, data_time: 0.264, memory: 1599, reg_loss: -30.1873, 2: -30.2503, 3: 0.0630, acc_pose: 0.2860, loss: -30.1873
2022-07-28 12:20:09,790 - mmpose - INFO - Epoch [3][50/87]	lr: 2.233e-04, eta: 1:37:29, time: 0.482, data_time: 0.177, memory: 1599, reg_loss: -65.9540, 2: -65.9947, 3: 0.0406, acc_pose: 0.4959, loss: -65.9540
2022-07-28 12:20:48,022 - mmpose - INFO - Epoch [4][50/87]	lr: 3.102e-04, eta: 1:32:59, time: 0.480, data_time: 0.160, memory: 1599, reg_loss: -78.1545, 2: -78.1891, 3: 0.0346, acc_pose: 0.5649, loss: -78.1545
2022-07-28 12:21:26,063 - mmpose - INFO - Epoch [5][50/87]	lr: 3.971e-04, eta: 1:29:27, time: 0.458, data_time: 0.163, memory: 1599, reg_loss: -82.9194, 2: -82.9514, 3: 0.0320, acc_pose: 0.6083, loss: -82.9194
2022-07-28 12:22:05,030 - mmpose - INFO - Epoch [6][50/87]	lr: 4.840e-04, eta: 1:27:31, time: 0.473, data_time: 0.177, memory: 1599, reg_loss: -85.1975, 2: -85.2282, 3: 0.0307, acc_pose: 0.6275, loss: -85.1975
2022-07-28 12:22:43,339 - mmpose - INFO - Epoch [7][50/87]	lr: 5.000e-04, eta: 1:26:00, time: 0.472, data_time: 0.269, memory: 1599, reg_loss: -87.8927, 2: -87.9223, 3: 0.0297, acc_pose: 0.6516, loss: -87.8927
2022-07-28 12:23:20,760 - mmpose - INFO - Epoch [8][50/87]	lr: 5.000e-04, eta: 1:24:36, time: 0.463, data_time: 0.358, memory: 1599, reg_loss: -90.3709, 2: -90.3995, 3: 0.0286, acc_pose: 0.6658, loss: -90.3709
2022-07-28 12:23:59,223 - mmpose - INFO - Epoch [9][50/87]	lr: 5.000e-04, eta: 1:23:36, time: 0.472, data_time: 0.315, memory: 1599, reg_loss: -91.2943, 2: -91.3224, 3: 0.0281, acc_pose: 0.6655, loss: -91.2943
2022-07-28 12:24:36,591 - mmpose - INFO - Epoch [10][50/87]	lr: 5.000e-04, eta: 1:22:33, time: 0.462, data_time: 0.368, memory: 1599, reg_loss: -92.2437, 2: -92.2711, 3: 0.0275, acc_pose: 0.6771, loss: -92.2437
2022-07-28 12:24:51,214 - mmpose - INFO - Saving checkpoint at 10 epochs
2022-07-28 12:24:56,080 - mmpose - INFO - Now best checkpoint is saved as best_PCKh_epoch_10.pth.
2022-07-28 12:24:56,081 - mmpose - INFO - Best PCKh is 72.0973 at 10 epoch.
2022-07-28 12:24:56,081 - mmpose - INFO - Epoch(val) [10][24]	Head: 88.1992, Shoulder: 88.5870, Elbow: 72.7465, Wrist: 57.2916, Hip: 80.0936, Knee: 59.3394, Ankle: 45.7720, PCKh: 72.0973, PCKh@0.1: 12.3731
2022-07-28 12:25:19,979 - mmpose - INFO - Epoch [11][50/87]	lr: 5.000e-04, eta: 1:21:53, time: 0.478, data_time: 0.207, memory: 1599, reg_loss: -92.9792, 2: -93.0066, 3: 0.0273, acc_pose: 0.6878, loss: -92.9792
2022-07-28 12:25:57,548 - mmpose - INFO - Epoch [12][50/87]	lr: 5.000e-04, eta: 1:21:06, time: 0.467, data_time: 0.236, memory: 1599, reg_loss: -94.5977, 2: -94.6243, 3: 0.0267, acc_pose: 0.6895, loss: -94.5977
2022-07-28 12:26:35,047 - mmpose - INFO - Epoch [13][50/87]	lr: 5.000e-04, eta: 1:20:21, time: 0.465, data_time: 0.316, memory: 1599, reg_loss: -96.4612, 2: -96.4875, 3: 0.0263, acc_pose: 0.7021, loss: -96.4612
2022-07-28 12:27:13,701 - mmpose - INFO - Epoch [14][50/87]	lr: 5.000e-04, eta: 1:19:40, time: 0.464, data_time: 0.197, memory: 1599, reg_loss: -96.8450, 2: -96.8709, 3: 0.0258, acc_pose: 0.7032, loss: -96.8450
2022-07-28 12:27:52,031 - mmpose - INFO - Epoch [15][50/87]	lr: 5.000e-04, eta: 1:19:04, time: 0.470, data_time: 0.235, memory: 1599, reg_loss: -96.5500, 2: -96.5762, 3: 0.0262, acc_pose: 0.7052, loss: -96.5500
2022-07-28 12:28:30,403 - mmpose - INFO - Epoch [16][50/87]	lr: 5.000e-04, eta: 1:18:29, time: 0.468, data_time: 0.271, memory: 1599, reg_loss: -98.0949, 2: -98.1205, 3: 0.0256, acc_pose: 0.7027, loss: -98.0949
2022-07-28 12:29:08,309 - mmpose - INFO - Epoch [17][50/87]	lr: 5.000e-04, eta: 1:17:53, time: 0.464, data_time: 0.250, memory: 1599, reg_loss: -98.9655, 2: -98.9909, 3: 0.0253, acc_pose: 0.7132, loss: -98.9655
2022-07-28 12:29:47,444 - mmpose - INFO - Epoch [18][50/87]	lr: 5.000e-04, eta: 1:17:20, time: 0.467, data_time: 0.287, memory: 1599, reg_loss: -98.7895, 2: -98.8149, 3: 0.0254, acc_pose: 0.7140, loss: -98.7895
2022-07-28 12:30:25,750 - mmpose - INFO - Epoch [19][50/87]	lr: 5.000e-04, eta: 1:16:54, time: 0.480, data_time: 0.196, memory: 1599, reg_loss: -99.0765, 2: -99.1016, 3: 0.0251, acc_pose: 0.7163, loss: -99.0765
2022-07-28 12:31:03,687 - mmpose - INFO - Epoch [20][50/87]	lr: 5.000e-04, eta: 1:16:22, time: 0.466, data_time: 0.297, memory: 1599, reg_loss: -99.9726, 2: -99.9976, 3: 0.0249, acc_pose: 0.7269, loss: -99.9726
2022-07-28 12:31:18,130 - mmpose - INFO - Saving checkpoint at 20 epochs
2022-07-28 12:31:22,790 - mmpose - INFO - The previous best checkpoint /data/tfj/workspace/python_projects/pose/mmpose0270/work_dirs/29_reg_shufflenetv2_mpii_256x256_dsnt_rle_highres_simc/best_PCKh_epoch_10.pth was removed
2022-07-28 12:31:22,854 - mmpose - INFO - Now best checkpoint is saved as best_PCKh_epoch_20.pth.
2022-07-28 12:31:22,854 - mmpose - INFO - Best PCKh is 75.8704 at 20 epoch.
2022-07-28 12:31:22,854 - mmpose - INFO - Epoch(val) [20][24]	Head: 91.7121, Shoulder: 90.1834, Elbow: 76.3425, Wrist: 63.0831, Hip: 81.7379, Knee: 64.7990, Ankle: 52.9754, PCKh: 75.8704, PCKh@0.1: 15.2485
2022-07-28 12:31:45,284 - mmpose - INFO - Epoch [21][50/87]	lr: 5.000e-04, eta: 1:15:43, time: 0.448, data_time: 0.300, memory: 1599, reg_loss: -99.4995, 2: -99.5246, 3: 0.0251, acc_pose: 0.7211, loss: -99.4995
2022-07-28 12:32:22,349 - mmpose - INFO - Epoch [22][50/87]	lr: 5.000e-04, eta: 1:15:11, time: 0.462, data_time: 0.344, memory: 1599, reg_loss: -100.3251, 2: -100.3498, 3: 0.0247, acc_pose: 0.7275, loss: -100.3251
2022-07-28 12:32:59,755 - mmpose - INFO - Epoch [23][50/87]	lr: 5.000e-04, eta: 1:14:38, time: 0.456, data_time: 0.266, memory: 1599, reg_loss: -100.9069, 2: -100.9315, 3: 0.0246, acc_pose: 0.7217, loss: -100.9069
2022-07-28 12:33:36,908 - mmpose - INFO - Epoch [24][50/87]	lr: 5.000e-04, eta: 1:14:06, time: 0.457, data_time: 0.309, memory: 1599, reg_loss: -101.2571, 2: -101.2816, 3: 0.0245, acc_pose: 0.7360, loss: -101.2571
2022-07-28 12:34:14,121 - mmpose - INFO - Epoch [25][50/87]	lr: 5.000e-04, eta: 1:13:33, time: 0.452, data_time: 0.312, memory: 1599, reg_loss: -101.4728, 2: -101.4973, 3: 0.0245, acc_pose: 0.7282, loss: -101.4728
2022-07-28 12:34:51,258 - mmpose - INFO - Epoch [26][50/87]	lr: 5.000e-04, eta: 1:13:04, time: 0.463, data_time: 0.311, memory: 1599, reg_loss: -101.6351, 2: -101.6593, 3: 0.0242, acc_pose: 0.7324, loss: -101.6351
2022-07-28 12:35:28,069 - mmpose - INFO - Epoch [27][50/87]	lr: 5.000e-04, eta: 1:12:34, time: 0.456, data_time: 0.280, memory: 1599, reg_loss: -101.7486, 2: -101.7729, 3: 0.0243, acc_pose: 0.7329, loss: -101.7486
2022-07-28 12:36:05,500 - mmpose - INFO - Epoch [28][50/87]	lr: 5.000e-04, eta: 1:12:04, time: 0.457, data_time: 0.298, memory: 1599, reg_loss: -102.3673, 2: -102.3915, 3: 0.0242, acc_pose: 0.7299, loss: -102.3673
2022-07-28 12:36:43,093 - mmpose - INFO - Epoch [29][50/87]	lr: 5.000e-04, eta: 1:11:35, time: 0.458, data_time: 0.238, memory: 1599, reg_loss: -102.8787, 2: -102.9025, 3: 0.0238, acc_pose: 0.7367, loss: -102.8787
2022-07-28 12:37:19,792 - mmpose - INFO - Epoch [30][50/87]	lr: 5.000e-04, eta: 1:11:07, time: 0.457, data_time: 0.263, memory: 1599, reg_loss: -102.6176, 2: -102.6415, 3: 0.0239, acc_pose: 0.7330, loss: -102.6176
2022-07-28 12:37:33,738 - mmpose - INFO - Saving checkpoint at 30 epochs
2022-07-28 12:37:38,402 - mmpose - INFO - The previous best checkpoint /data/tfj/workspace/python_projects/pose/mmpose0270/work_dirs/29_reg_shufflenetv2_mpii_256x256_dsnt_rle_highres_simc/best_PCKh_epoch_20.pth was removed
2022-07-28 12:37:38,463 - mmpose - INFO - Now best checkpoint is saved as best_PCKh_epoch_30.pth.
2022-07-28 12:37:38,463 - mmpose - INFO - Best PCKh is 77.2808 at 30 epoch.
2022-07-28 12:37:38,464 - mmpose - INFO - Epoch(val) [30][24]	Head: 91.7121, Shoulder: 90.5571, Elbow: 77.9787, Wrist: 65.8931, Hip: 82.5688, Knee: 67.1360, Ankle: 55.3130, PCKh: 77.2808, PCKh@0.1: 16.1306
2022-07-28 12:38:02,121 - mmpose - INFO - Epoch [31][50/87]	lr: 5.000e-04, eta: 1:10:43, time: 0.473, data_time: 0.149, memory: 1599, reg_loss: -102.8680, 2: -102.8917, 3: 0.0237, acc_pose: 0.7391, loss: -102.8680
2022-07-28 12:38:39,378 - mmpose - INFO - Epoch [32][50/87]	lr: 5.000e-04, eta: 1:10:15, time: 0.457, data_time: 0.217, memory: 1599, reg_loss: -103.4342, 2: -103.4577, 3: 0.0235, acc_pose: 0.7404, loss: -103.4342
2022-07-28 12:39:15,644 - mmpose - INFO - Epoch [33][50/87]	lr: 5.000e-04, eta: 1:09:45, time: 0.451, data_time: 0.224, memory: 1599, reg_loss: -103.7777, 2: -103.8013, 3: 0.0236, acc_pose: 0.7438, loss: -103.7777
2022-07-28 12:39:53,161 - mmpose - INFO - Epoch [34][50/87]	lr: 5.000e-04, eta: 1:09:21, time: 0.468, data_time: 0.144, memory: 1599, reg_loss: -104.2766, 2: -104.3001, 3: 0.0235, acc_pose: 0.7496, loss: -104.2766
2022-07-28 12:40:30,157 - mmpose - INFO - Epoch [35][50/87]	lr: 5.000e-04, eta: 1:08:56, time: 0.465, data_time: 0.303, memory: 1599, reg_loss: -103.7833, 2: -103.8069, 3: 0.0236, acc_pose: 0.7510, loss: -103.7833
2022-07-28 12:41:07,795 - mmpose - INFO - Epoch [36][50/87]	lr: 5.000e-04, eta: 1:08:28, time: 0.455, data_time: 0.125, memory: 1599, reg_loss: -104.4234, 2: -104.4467, 3: 0.0233, acc_pose: 0.7549, loss: -104.4234
2022-07-28 12:41:44,863 - mmpose - INFO - Epoch [37][50/87]	lr: 5.000e-04, eta: 1:07:59, time: 0.451, data_time: 0.244, memory: 1599, reg_loss: -104.7740, 2: -104.7970, 3: 0.0230, acc_pose: 0.7495, loss: -104.7740
2022-07-28 12:42:21,747 - mmpose - INFO - Epoch [38][50/87]	lr: 5.000e-04, eta: 1:07:33, time: 0.456, data_time: 0.364, memory: 1599, reg_loss: -104.5777, 2: -104.6011, 3: 0.0234, acc_pose: 0.7551, loss: -104.5777
2022-07-28 12:42:59,245 - mmpose - INFO - Epoch [39][50/87]	lr: 5.000e-04, eta: 1:07:10, time: 0.472, data_time: 0.209, memory: 1599, reg_loss: -105.2249, 2: -105.2482, 3: 0.0232, acc_pose: 0.7495, loss: -105.2249
2022-07-28 12:43:36,300 - mmpose - INFO - Epoch [40][50/87]	lr: 5.000e-04, eta: 1:06:43, time: 0.455, data_time: 0.356, memory: 1599, reg_loss: -105.4045, 2: -105.4276, 3: 0.0231, acc_pose: 0.7593, loss: -105.4045
2022-07-28 12:43:51,017 - mmpose - INFO - Saving checkpoint at 40 epochs
2022-07-28 12:43:55,756 - mmpose - INFO - The previous best checkpoint /data/tfj/workspace/python_projects/pose/mmpose0270/work_dirs/29_reg_shufflenetv2_mpii_256x256_dsnt_rle_highres_simc/best_PCKh_epoch_30.pth was removed
2022-07-28 12:43:55,827 - mmpose - INFO - Now best checkpoint is saved as best_PCKh_epoch_40.pth.
2022-07-28 12:43:55,827 - mmpose - INFO - Best PCKh is 77.7752 at 40 epoch.
2022-07-28 12:43:55,827 - mmpose - INFO - Epoch(val) [40][24]	Head: 91.8827, Shoulder: 90.6590, Elbow: 77.8083, Wrist: 66.6806, Hip: 82.0322, Knee: 68.3258, Ankle: 57.8171, PCKh: 77.7752, PCKh@0.1: 16.4065
2022-07-28 12:44:18,187 - mmpose - INFO - Epoch [41][50/87]	lr: 5.000e-04, eta: 1:06:15, time: 0.447, data_time: 0.331, memory: 1599, reg_loss: -104.9049, 2: -104.9280, 3: 0.0231, acc_pose: 0.7566, loss: -104.9049
2022-07-28 12:44:55,515 - mmpose - INFO - Epoch [42][50/87]	lr: 5.000e-04, eta: 1:05:51, time: 0.468, data_time: 0.249, memory: 1599, reg_loss: -104.7211, 2: -104.7441, 3: 0.0231, acc_pose: 0.7570, loss: -104.7211
2022-07-28 12:45:32,558 - mmpose - INFO - Epoch [43][50/87]	lr: 5.000e-04, eta: 1:05:24, time: 0.453, data_time: 0.347, memory: 1599, reg_loss: -105.8573, 2: -105.8803, 3: 0.0230, acc_pose: 0.7533, loss: -105.8573
2022-07-28 12:46:09,409 - mmpose - INFO - Epoch [44][50/87]	lr: 5.000e-04, eta: 1:04:58, time: 0.452, data_time: 0.308, memory: 1599, reg_loss: -105.3314, 2: -105.3543, 3: 0.0229, acc_pose: 0.7570, loss: -105.3314
2022-07-28 12:46:46,201 - mmpose - INFO - Epoch [45][50/87]	lr: 5.000e-04, eta: 1:04:32, time: 0.456, data_time: 0.274, memory: 1599, reg_loss: -104.9479, 2: -104.9710, 3: 0.0232, acc_pose: 0.7560, loss: -104.9479
2022-07-28 12:47:23,217 - mmpose - INFO - Epoch [46][50/87]	lr: 5.000e-04, eta: 1:04:07, time: 0.460, data_time: 0.169, memory: 1599, reg_loss: -105.7724, 2: -105.7952, 3: 0.0228, acc_pose: 0.7574, loss: -105.7724
2022-07-28 12:48:00,882 - mmpose - INFO - Epoch [47][50/87]	lr: 5.000e-04, eta: 1:03:44, time: 0.469, data_time: 0.323, memory: 1599, reg_loss: -106.3168, 2: -106.3395, 3: 0.0227, acc_pose: 0.7609, loss: -106.3168
2022-07-28 12:48:38,026 - mmpose - INFO - Epoch [48][50/87]	lr: 5.000e-04, eta: 1:03:18, time: 0.452, data_time: 0.302, memory: 1599, reg_loss: -106.2758, 2: -106.2985, 3: 0.0227, acc_pose: 0.7576, loss: -106.2758
2022-07-28 12:49:16,083 - mmpose - INFO - Epoch [49][50/87]	lr: 5.000e-04, eta: 1:02:54, time: 0.469, data_time: 0.156, memory: 1599, reg_loss: -106.9051, 2: -106.9275, 3: 0.0224, acc_pose: 0.7597, loss: -106.9051
2022-07-28 12:49:53,366 - mmpose - INFO - Epoch [50][50/87]	lr: 5.000e-04, eta: 1:02:30, time: 0.460, data_time: 0.203, memory: 1599, reg_loss: -106.3160, 2: -106.3386, 3: 0.0226, acc_pose: 0.7662, loss: -106.3160
2022-07-28 12:50:07,223 - mmpose - INFO - Saving checkpoint at 50 epochs
2022-07-28 12:50:11,896 - mmpose - INFO - The previous best checkpoint /data/tfj/workspace/python_projects/pose/mmpose0270/work_dirs/29_reg_shufflenetv2_mpii_256x256_dsnt_rle_highres_simc/best_PCKh_epoch_40.pth was removed
2022-07-28 12:50:11,956 - mmpose - INFO - Now best checkpoint is saved as best_PCKh_epoch_50.pth.
2022-07-28 12:50:11,956 - mmpose - INFO - Best PCKh is 78.0952 at 50 epoch.
2022-07-28 12:50:11,956 - mmpose - INFO - Epoch(val) [50][24]	Head: 91.6098, Shoulder: 91.3723, Elbow: 78.7627, Wrist: 67.2304, Hip: 82.0148, Knee: 67.8619, Ankle: 58.4308, PCKh: 78.0952, PCKh@0.1: 17.1897
2022-07-28 12:50:35,944 - mmpose - INFO - Epoch [51][50/87]	lr: 5.000e-04, eta: 1:02:08, time: 0.480, data_time: 0.142, memory: 1599, reg_loss: -106.8395, 2: -106.8622, 3: 0.0227, acc_pose: 0.7519, loss: -106.8395
2022-07-28 12:51:12,276 - mmpose - INFO - Epoch [52][50/87]	lr: 5.000e-04, eta: 1:01:42, time: 0.449, data_time: 0.206, memory: 1599, reg_loss: -106.4133, 2: -106.4358, 3: 0.0226, acc_pose: 0.7621, loss: -106.4133
2022-07-28 12:51:49,793 - mmpose - INFO - Epoch [53][50/87]	lr: 5.000e-04, eta: 1:01:17, time: 0.457, data_time: 0.163, memory: 1599, reg_loss: -106.8826, 2: -106.9051, 3: 0.0225, acc_pose: 0.7606, loss: -106.8826
2022-07-28 12:52:26,458 - mmpose - INFO - Epoch [54][50/87]	lr: 5.000e-04, eta: 1:00:52, time: 0.451, data_time: 0.322, memory: 1599, reg_loss: -106.4790, 2: -106.5016, 3: 0.0226, acc_pose: 0.7673, loss: -106.4790
2022-07-28 12:53:04,237 - mmpose - INFO - Epoch [55][50/87]	lr: 5.000e-04, eta: 1:00:28, time: 0.467, data_time: 0.302, memory: 1599, reg_loss: -106.8220, 2: -106.8444, 3: 0.0224, acc_pose: 0.7683, loss: -106.8220
2022-07-28 12:53:41,395 - mmpose - INFO - Epoch [56][50/87]	lr: 5.000e-04, eta: 1:00:04, time: 0.459, data_time: 0.300, memory: 1599, reg_loss: -107.1634, 2: -107.1856, 3: 0.0222, acc_pose: 0.7699, loss: -107.1634
2022-07-28 12:54:18,561 - mmpose - INFO - Epoch [57][50/87]	lr: 5.000e-04, eta: 0:59:39, time: 0.454, data_time: 0.287, memory: 1599, reg_loss: -107.5195, 2: -107.5418, 3: 0.0223, acc_pose: 0.7655, loss: -107.5195
2022-07-28 12:54:55,834 - mmpose - INFO - Epoch [58][50/87]	lr: 5.000e-04, eta: 0:59:15, time: 0.462, data_time: 0.118, memory: 1599, reg_loss: -107.0588, 2: -107.0811, 3: 0.0223, acc_pose: 0.7619, loss: -107.0588
2022-07-28 12:55:32,991 - mmpose - INFO - Epoch [59][50/87]	lr: 5.000e-04, eta: 0:58:51, time: 0.460, data_time: 0.140, memory: 1599, reg_loss: -107.3637, 2: -107.3859, 3: 0.0222, acc_pose: 0.7683, loss: -107.3637
2022-07-28 12:56:09,178 - mmpose - INFO - Epoch [60][50/87]	lr: 5.000e-04, eta: 0:58:25, time: 0.451, data_time: 0.144, memory: 1599, reg_loss: -107.3646, 2: -107.3870, 3: 0.0224, acc_pose: 0.7619, loss: -107.3646
2022-07-28 12:56:22,712 - mmpose - INFO - Saving checkpoint at 60 epochs
2022-07-28 12:56:27,353 - mmpose - INFO - The previous best checkpoint /data/tfj/workspace/python_projects/pose/mmpose0270/work_dirs/29_reg_shufflenetv2_mpii_256x256_dsnt_rle_highres_simc/best_PCKh_epoch_50.pth was removed
2022-07-28 12:56:27,413 - mmpose - INFO - Now best checkpoint is saved as best_PCKh_epoch_60.pth.
2022-07-28 12:56:27,414 - mmpose - INFO - Best PCKh is 78.5948 at 60 epoch.
2022-07-28 12:56:27,414 - mmpose - INFO - Epoch(val) [60][24]	Head: 92.0873, Shoulder: 90.8458, Elbow: 78.6944, Wrist: 68.3265, Hip: 83.0362, Knee: 69.3937, Ankle: 59.2106, PCKh: 78.5948, PCKh@0.1: 17.4759
2022-07-28 12:56:49,907 - mmpose - INFO - Epoch [61][50/87]	lr: 5.000e-04, eta: 0:58:00, time: 0.450, data_time: 0.293, memory: 1599, reg_loss: -108.4603, 2: -108.4821, 3: 0.0218, acc_pose: 0.7711, loss: -108.4603
2022-07-28 12:57:26,153 - mmpose - INFO - Epoch [62][50/87]	lr: 5.000e-04, eta: 0:57:35, time: 0.449, data_time: 0.340, memory: 1599, reg_loss: -108.0371, 2: -108.0591, 3: 0.0220, acc_pose: 0.7640, loss: -108.0371
2022-07-28 12:58:02,543 - mmpose - INFO - Epoch [63][50/87]	lr: 5.000e-04, eta: 0:57:10, time: 0.449, data_time: 0.302, memory: 1599, reg_loss: -108.0723, 2: -108.0943, 3: 0.0220, acc_pose: 0.7719, loss: -108.0723
2022-07-28 12:58:38,850 - mmpose - INFO - Epoch [64][50/87]	lr: 5.000e-04, eta: 0:56:44, time: 0.448, data_time: 0.335, memory: 1599, reg_loss: -108.1649, 2: -108.1869, 3: 0.0220, acc_pose: 0.7584, loss: -108.1649
2022-07-28 12:59:15,173 - mmpose - INFO - Epoch [65][50/87]	lr: 5.000e-04, eta: 0:56:19, time: 0.449, data_time: 0.251, memory: 1599, reg_loss: -107.5655, 2: -107.5876, 3: 0.0220, acc_pose: 0.7675, loss: -107.5655
2022-07-28 12:59:51,339 - mmpose - INFO - Epoch [66][50/87]	lr: 5.000e-04, eta: 0:55:54, time: 0.450, data_time: 0.225, memory: 1599, reg_loss: -107.8606, 2: -107.8827, 3: 0.0221, acc_pose: 0.7711, loss: -107.8606
2022-07-28 13:00:28,449 - mmpose - INFO - Epoch [67][50/87]	lr: 5.000e-04, eta: 0:55:30, time: 0.457, data_time: 0.276, memory: 1599, reg_loss: -108.2333, 2: -108.2554, 3: 0.0221, acc_pose: 0.7710, loss: -108.2333
2022-07-28 13:01:04,540 - mmpose - INFO - Epoch [68][50/87]	lr: 5.000e-04, eta: 0:55:05, time: 0.443, data_time: 0.324, memory: 1599, reg_loss: -108.3673, 2: -108.3894, 3: 0.0221, acc_pose: 0.7706, loss: -108.3673
2022-07-28 13:01:41,211 - mmpose - INFO - Epoch [69][50/87]	lr: 5.000e-04, eta: 0:54:41, time: 0.452, data_time: 0.339, memory: 1599, reg_loss: -108.1383, 2: -108.1602, 3: 0.0220, acc_pose: 0.7716, loss: -108.1383
2022-07-28 13:02:17,219 - mmpose - INFO - Epoch [70][50/87]	lr: 5.000e-04, eta: 0:54:16, time: 0.447, data_time: 0.277, memory: 1599, reg_loss: -108.6332, 2: -108.6550, 3: 0.0219, acc_pose: 0.7651, loss: -108.6332
2022-07-28 13:02:31,569 - mmpose - INFO - Saving checkpoint at 70 epochs
2022-07-28 13:02:36,317 - mmpose - INFO - The previous best checkpoint /data/tfj/workspace/python_projects/pose/mmpose0270/work_dirs/29_reg_shufflenetv2_mpii_256x256_dsnt_rle_highres_simc/best_PCKh_epoch_60.pth was removed
2022-07-28 13:02:36,379 - mmpose - INFO - Now best checkpoint is saved as best_PCKh_epoch_70.pth.
2022-07-28 13:02:36,379 - mmpose - INFO - Best PCKh is 78.9565 at 70 epoch.
2022-07-28 13:02:36,379 - mmpose - INFO - Epoch(val) [70][24]	Head: 91.9509, Shoulder: 91.0156, Elbow: 79.6490, Wrist: 68.6514, Hip: 83.1747, Knee: 69.9785, Ankle: 59.3517, PCKh: 78.9565, PCKh@0.1: 17.9053
2022-07-28 13:02:59,111 - mmpose - INFO - Epoch [71][50/87]	lr: 5.000e-04, eta: 0:53:51, time: 0.454, data_time: 0.335, memory: 1599, reg_loss: -108.7267, 2: -108.7485, 3: 0.0218, acc_pose: 0.7686, loss: -108.7267
2022-07-28 13:03:35,580 - mmpose - INFO - Epoch [72][50/87]	lr: 5.000e-04, eta: 0:53:27, time: 0.449, data_time: 0.227, memory: 1599, reg_loss: -107.9702, 2: -107.9922, 3: 0.0221, acc_pose: 0.7722, loss: -107.9702
2022-07-28 13:04:11,880 - mmpose - INFO - Epoch [73][50/87]	lr: 5.000e-04, eta: 0:53:02, time: 0.448, data_time: 0.300, memory: 1599, reg_loss: -108.5026, 2: -108.5242, 3: 0.0216, acc_pose: 0.7702, loss: -108.5026
2022-07-28 13:04:47,905 - mmpose - INFO - Epoch [74][50/87]	lr: 5.000e-04, eta: 0:52:38, time: 0.448, data_time: 0.344, memory: 1599, reg_loss: -109.1397, 2: -109.1613, 3: 0.0216, acc_pose: 0.7713, loss: -109.1397
2022-07-28 13:05:25,512 - mmpose - INFO - Epoch [75][50/87]	lr: 5.000e-04, eta: 0:52:14, time: 0.456, data_time: 0.240, memory: 1599, reg_loss: -108.5699, 2: -108.5917, 3: 0.0217, acc_pose: 0.7716, loss: -108.5699
2022-07-28 13:06:02,037 - mmpose - INFO - Epoch [76][50/87]	lr: 5.000e-04, eta: 0:51:50, time: 0.451, data_time: 0.363, memory: 1599, reg_loss: -109.0701, 2: -109.0918, 3: 0.0217, acc_pose: 0.7789, loss: -109.0701
2022-07-28 13:06:38,346 - mmpose - INFO - Epoch [77][50/87]	lr: 5.000e-04, eta: 0:51:25, time: 0.448, data_time: 0.267, memory: 1599, reg_loss: -109.2297, 2: -109.2512, 3: 0.0215, acc_pose: 0.7734, loss: -109.2297
2022-07-28 13:07:15,159 - mmpose - INFO - Epoch [78][50/87]	lr: 5.000e-04, eta: 0:51:01, time: 0.453, data_time: 0.246, memory: 1599, reg_loss: -109.8842, 2: -109.9056, 3: 0.0214, acc_pose: 0.7765, loss: -109.8842
2022-07-28 13:07:52,264 - mmpose - INFO - Epoch [79][50/87]	lr: 5.000e-04, eta: 0:50:38, time: 0.456, data_time: 0.282, memory: 1599, reg_loss: -109.2311, 2: -109.2526, 3: 0.0216, acc_pose: 0.7756, loss: -109.2311
2022-07-28 13:08:28,676 - mmpose - INFO - Epoch [80][50/87]	lr: 5.000e-04, eta: 0:50:14, time: 0.457, data_time: 0.176, memory: 1599, reg_loss: -109.2360, 2: -109.2576, 3: 0.0216, acc_pose: 0.7794, loss: -109.2360
2022-07-28 13:08:42,718 - mmpose - INFO - Saving checkpoint at 80 epochs
2022-07-28 13:08:47,488 - mmpose - INFO - The previous best checkpoint /data/tfj/workspace/python_projects/pose/mmpose0270/work_dirs/29_reg_shufflenetv2_mpii_256x256_dsnt_rle_highres_simc/best_PCKh_epoch_70.pth was removed
2022-07-28 13:08:47,550 - mmpose - INFO - Now best checkpoint is saved as best_PCKh_epoch_80.pth.
2022-07-28 13:08:47,550 - mmpose - INFO - Best PCKh is 79.1309 at 80 epoch.
2022-07-28 13:08:47,551 - mmpose - INFO - Epoch(val) [80][24]	Head: 92.4966, Shoulder: 91.3043, Elbow: 79.3421, Wrist: 69.0441, Hip: 82.8458, Knee: 70.5819, Ankle: 59.8005, PCKh: 79.1309, PCKh@0.1: 18.1967
2022-07-28 13:09:10,215 - mmpose - INFO - Epoch [81][50/87]	lr: 5.000e-04, eta: 0:49:50, time: 0.453, data_time: 0.366, memory: 1599, reg_loss: -109.7898, 2: -109.8111, 3: 0.0214, acc_pose: 0.7747, loss: -109.7898
2022-07-28 13:09:46,533 - mmpose - INFO - Epoch [82][50/87]	lr: 5.000e-04, eta: 0:49:26, time: 0.448, data_time: 0.190, memory: 1599, reg_loss: -109.6578, 2: -109.6793, 3: 0.0215, acc_pose: 0.7795, loss: -109.6578
2022-07-28 13:10:23,740 - mmpose - INFO - Epoch [83][50/87]	lr: 5.000e-04, eta: 0:49:03, time: 0.456, data_time: 0.218, memory: 1599, reg_loss: -109.5028, 2: -109.5241, 3: 0.0213, acc_pose: 0.7777, loss: -109.5028
2022-07-28 13:10:59,906 - mmpose - INFO - Epoch [84][50/87]	lr: 5.000e-04, eta: 0:48:39, time: 0.450, data_time: 0.177, memory: 1599, reg_loss: -109.6114, 2: -109.6328, 3: 0.0214, acc_pose: 0.7767, loss: -109.6114
2022-07-28 13:11:36,750 - mmpose - INFO - Epoch [85][50/87]	lr: 5.000e-04, eta: 0:48:15, time: 0.452, data_time: 0.243, memory: 1599, reg_loss: -110.3438, 2: -110.3650, 3: 0.0212, acc_pose: 0.7825, loss: -110.3438
2022-07-28 13:12:13,627 - mmpose - INFO - Epoch [86][50/87]	lr: 5.000e-04, eta: 0:47:52, time: 0.462, data_time: 0.209, memory: 1599, reg_loss: -110.1313, 2: -110.1526, 3: 0.0213, acc_pose: 0.7764, loss: -110.1313
2022-07-28 13:12:50,465 - mmpose - INFO - Epoch [87][50/87]	lr: 5.000e-04, eta: 0:47:28, time: 0.455, data_time: 0.221, memory: 1599, reg_loss: -110.0848, 2: -110.1060, 3: 0.0213, acc_pose: 0.7836, loss: -110.0848
2022-07-28 13:13:26,659 - mmpose - INFO - Epoch [88][50/87]	lr: 5.000e-04, eta: 0:47:04, time: 0.448, data_time: 0.341, memory: 1599, reg_loss: -110.0378, 2: -110.0590, 3: 0.0211, acc_pose: 0.7866, loss: -110.0378
2022-07-28 13:14:03,207 - mmpose - INFO - Epoch [89][50/87]	lr: 5.000e-04, eta: 0:46:40, time: 0.451, data_time: 0.262, memory: 1599, reg_loss: -109.9552, 2: -109.9765, 3: 0.0213, acc_pose: 0.7761, loss: -109.9552
2022-07-28 13:14:39,715 - mmpose - INFO - Epoch [90][50/87]	lr: 5.000e-04, eta: 0:46:16, time: 0.449, data_time: 0.256, memory: 1599, reg_loss: -109.6272, 2: -109.6485, 3: 0.0214, acc_pose: 0.7890, loss: -109.6272
2022-07-28 13:14:54,028 - mmpose - INFO - Saving checkpoint at 90 epochs
2022-07-28 13:14:58,846 - mmpose - INFO - Epoch(val) [90][24]	Head: 92.3943, Shoulder: 90.2853, Elbow: 78.6436, Wrist: 68.0159, Hip: 82.6900, Knee: 69.8572, Ankle: 60.5326, PCKh: 78.6833, PCKh@0.1: 17.8272
2022-07-28 13:15:21,264 - mmpose - INFO - Epoch [91][50/87]	lr: 5.000e-04, eta: 0:45:52, time: 0.448, data_time: 0.349, memory: 1599, reg_loss: -109.8095, 2: -109.8310, 3: 0.0215, acc_pose: 0.7774, loss: -109.8095
2022-07-28 13:15:58,166 - mmpose - INFO - Epoch [92][50/87]	lr: 5.000e-04, eta: 0:45:29, time: 0.455, data_time: 0.337, memory: 1599, reg_loss: -110.0148, 2: -110.0361, 3: 0.0212, acc_pose: 0.7827, loss: -110.0148
2022-07-28 13:16:35,080 - mmpose - INFO - Epoch [93][50/87]	lr: 5.000e-04, eta: 0:45:05, time: 0.454, data_time: 0.227, memory: 1599, reg_loss: -110.7098, 2: -110.7311, 3: 0.0212, acc_pose: 0.7794, loss: -110.7098
2022-07-28 13:17:11,826 - mmpose - INFO - Epoch [94][50/87]	lr: 5.000e-04, eta: 0:44:42, time: 0.451, data_time: 0.255, memory: 1599, reg_loss: -110.6513, 2: -110.6724, 3: 0.0212, acc_pose: 0.7829, loss: -110.6513
2022-07-28 13:17:48,618 - mmpose - INFO - Epoch [95][50/87]	lr: 5.000e-04, eta: 0:44:18, time: 0.452, data_time: 0.308, memory: 1599, reg_loss: -109.5928, 2: -109.6142, 3: 0.0214, acc_pose: 0.7756, loss: -109.5928
2022-07-28 13:18:25,649 - mmpose - INFO - Epoch [96][50/87]	lr: 5.000e-04, eta: 0:43:55, time: 0.462, data_time: 0.218, memory: 1599, reg_loss: -110.4452, 2: -110.4663, 3: 0.0211, acc_pose: 0.7818, loss: -110.4452
2022-07-28 13:19:02,330 - mmpose - INFO - Epoch [97][50/87]	lr: 5.000e-04, eta: 0:43:32, time: 0.457, data_time: 0.333, memory: 1599, reg_loss: -110.7591, 2: -110.7802, 3: 0.0211, acc_pose: 0.7856, loss: -110.7591
2022-07-28 13:19:38,721 - mmpose - INFO - Epoch [98][50/87]	lr: 5.000e-04, eta: 0:43:08, time: 0.451, data_time: 0.250, memory: 1599, reg_loss: -111.2096, 2: -111.2306, 3: 0.0210, acc_pose: 0.7872, loss: -111.2096
2022-07-28 13:20:15,306 - mmpose - INFO - Epoch [99][50/87]	lr: 5.000e-04, eta: 0:42:45, time: 0.448, data_time: 0.348, memory: 1599, reg_loss: -111.0062, 2: -111.0271, 3: 0.0209, acc_pose: 0.7826, loss: -111.0062
2022-07-28 13:20:52,009 - mmpose - INFO - Epoch [100][50/87]	lr: 5.000e-04, eta: 0:42:22, time: 0.458, data_time: 0.259, memory: 1599, reg_loss: -111.0860, 2: -111.1069, 3: 0.0209, acc_pose: 0.7776, loss: -111.0860
2022-07-28 13:21:05,458 - mmpose - INFO - Saving checkpoint at 100 epochs
2022-07-28 13:21:10,215 - mmpose - INFO - The previous best checkpoint /data/tfj/workspace/python_projects/pose/mmpose0270/work_dirs/29_reg_shufflenetv2_mpii_256x256_dsnt_rle_highres_simc/best_PCKh_epoch_80.pth was removed
2022-07-28 13:21:10,286 - mmpose - INFO - Now best checkpoint is saved as best_PCKh_epoch_100.pth.
2022-07-28 13:21:10,286 - mmpose - INFO - Best PCKh is 79.3859 at 100 epoch.
2022-07-28 13:21:10,286 - mmpose - INFO - Epoch(val) [100][24]	Head: 92.7694, Shoulder: 91.1345, Elbow: 79.6490, Wrist: 69.2839, Hip: 83.1920, Knee: 70.3412, Ankle: 61.1699, PCKh: 79.3859, PCKh@0.1: 18.4413
2022-07-28 13:21:32,595 - mmpose - INFO - Epoch [101][50/87]	lr: 5.000e-04, eta: 0:41:58, time: 0.446, data_time: 0.288, memory: 1599, reg_loss: -110.3046, 2: -110.3259, 3: 0.0213, acc_pose: 0.7845, loss: -110.3046
2022-07-28 13:22:08,704 - mmpose - INFO - Epoch [102][50/87]	lr: 5.000e-04, eta: 0:41:34, time: 0.447, data_time: 0.331, memory: 1599, reg_loss: -111.0367, 2: -111.0576, 3: 0.0209, acc_pose: 0.7850, loss: -111.0367
2022-07-28 13:22:45,233 - mmpose - INFO - Epoch [103][50/87]	lr: 5.000e-04, eta: 0:41:11, time: 0.451, data_time: 0.294, memory: 1599, reg_loss: -111.0697, 2: -111.0907, 3: 0.0210, acc_pose: 0.7860, loss: -111.0697
2022-07-28 13:23:21,618 - mmpose - INFO - Epoch [104][50/87]	lr: 5.000e-04, eta: 0:40:47, time: 0.448, data_time: 0.350, memory: 1599, reg_loss: -111.6836, 2: -111.7043, 3: 0.0207, acc_pose: 0.7933, loss: -111.6836
2022-07-28 13:23:58,376 - mmpose - INFO - Epoch [105][50/87]	lr: 5.000e-04, eta: 0:40:23, time: 0.447, data_time: 0.259, memory: 1599, reg_loss: -111.2006, 2: -111.2215, 3: 0.0209, acc_pose: 0.7882, loss: -111.2006
2022-07-28 13:24:35,090 - mmpose - INFO - Epoch [106][50/87]	lr: 5.000e-04, eta: 0:40:00, time: 0.455, data_time: 0.212, memory: 1599, reg_loss: -111.2902, 2: -111.3111, 3: 0.0209, acc_pose: 0.7847, loss: -111.2902
2022-07-28 13:25:11,888 - mmpose - INFO - Epoch [107][50/87]	lr: 5.000e-04, eta: 0:39:37, time: 0.455, data_time: 0.360, memory: 1599, reg_loss: -111.1677, 2: -111.1885, 3: 0.0209, acc_pose: 0.7812, loss: -111.1677
2022-07-28 13:25:49,377 - mmpose - INFO - Epoch [108][50/87]	lr: 5.000e-04, eta: 0:39:14, time: 0.461, data_time: 0.249, memory: 1599, reg_loss: -111.2625, 2: -111.2834, 3: 0.0209, acc_pose: 0.7845, loss: -111.2625
2022-07-28 13:26:25,947 - mmpose - INFO - Epoch [109][50/87]	lr: 5.000e-04, eta: 0:38:51, time: 0.458, data_time: 0.233, memory: 1599, reg_loss: -111.7239, 2: -111.7447, 3: 0.0208, acc_pose: 0.7860, loss: -111.7239
2022-07-28 13:27:02,225 - mmpose - INFO - Epoch [110][50/87]	lr: 5.000e-04, eta: 0:38:27, time: 0.446, data_time: 0.307, memory: 1599, reg_loss: -111.4290, 2: -111.4499, 3: 0.0209, acc_pose: 0.7851, loss: -111.4290
2022-07-28 13:27:16,777 - mmpose - INFO - Saving checkpoint at 110 epochs
2022-07-28 13:27:21,465 - mmpose - INFO - The previous best checkpoint /data/tfj/workspace/python_projects/pose/mmpose0270/work_dirs/29_reg_shufflenetv2_mpii_256x256_dsnt_rle_highres_simc/best_PCKh_epoch_100.pth was removed
2022-07-28 13:27:21,541 - mmpose - INFO - Now best checkpoint is saved as best_PCKh_epoch_110.pth.
2022-07-28 13:27:21,541 - mmpose - INFO - Best PCKh is 79.4067 at 110 epoch.
2022-07-28 13:27:21,542 - mmpose - INFO - Epoch(val) [110][24]	Head: 92.7694, Shoulder: 90.8967, Elbow: 79.5468, Wrist: 69.5248, Hip: 82.8631, Knee: 71.2677, Ankle: 61.0285, PCKh: 79.4067, PCKh@0.1: 18.6105
2022-07-28 13:27:44,269 - mmpose - INFO - Epoch [111][50/87]	lr: 5.000e-04, eta: 0:38:04, time: 0.454, data_time: 0.368, memory: 1599, reg_loss: -111.4136, 2: -111.4345, 3: 0.0209, acc_pose: 0.7923, loss: -111.4136
2022-07-28 13:28:21,305 - mmpose - INFO - Epoch [112][50/87]	lr: 5.000e-04, eta: 0:37:41, time: 0.458, data_time: 0.217, memory: 1599, reg_loss: -111.6975, 2: -111.7182, 3: 0.0207, acc_pose: 0.7941, loss: -111.6975
2022-07-28 13:28:57,670 - mmpose - INFO - Epoch [113][50/87]	lr: 5.000e-04, eta: 0:37:17, time: 0.444, data_time: 0.317, memory: 1599, reg_loss: -111.5294, 2: -111.5502, 3: 0.0208, acc_pose: 0.7901, loss: -111.5294
2022-07-28 13:29:34,669 - mmpose - INFO - Epoch [114][50/87]	lr: 5.000e-04, eta: 0:36:54, time: 0.450, data_time: 0.312, memory: 1599, reg_loss: -111.7609, 2: -111.7816, 3: 0.0207, acc_pose: 0.7860, loss: -111.7609
2022-07-28 13:30:11,410 - mmpose - INFO - Epoch [115][50/87]	lr: 5.000e-04, eta: 0:36:31, time: 0.450, data_time: 0.306, memory: 1599, reg_loss: -111.3848, 2: -111.4056, 3: 0.0208, acc_pose: 0.7858, loss: -111.3848
2022-07-28 13:30:47,722 - mmpose - INFO - Epoch [116][50/87]	lr: 5.000e-04, eta: 0:36:07, time: 0.447, data_time: 0.319, memory: 1599, reg_loss: -111.8453, 2: -111.8660, 3: 0.0207, acc_pose: 0.7827, loss: -111.8453
2022-07-28 13:31:24,526 - mmpose - INFO - Epoch [117][50/87]	lr: 5.000e-04, eta: 0:35:44, time: 0.452, data_time: 0.337, memory: 1599, reg_loss: -111.7801, 2: -111.8010, 3: 0.0209, acc_pose: 0.7818, loss: -111.7801
2022-07-28 13:32:00,905 - mmpose - INFO - Epoch [118][50/87]	lr: 5.000e-04, eta: 0:35:21, time: 0.449, data_time: 0.250, memory: 1599, reg_loss: -112.1955, 2: -112.2161, 3: 0.0206, acc_pose: 0.7956, loss: -112.1955
2022-07-28 13:32:37,338 - mmpose - INFO - Epoch [119][50/87]	lr: 5.000e-04, eta: 0:34:57, time: 0.446, data_time: 0.264, memory: 1599, reg_loss: -112.3103, 2: -112.3310, 3: 0.0207, acc_pose: 0.7911, loss: -112.3103
2022-07-28 13:33:14,173 - mmpose - INFO - Epoch [120][50/87]	lr: 5.000e-04, eta: 0:34:34, time: 0.449, data_time: 0.331, memory: 1599, reg_loss: -112.2560, 2: -112.2764, 3: 0.0205, acc_pose: 0.7932, loss: -112.2560
2022-07-28 13:33:28,379 - mmpose - INFO - Saving checkpoint at 120 epochs
2022-07-28 13:33:33,131 - mmpose - INFO - The previous best checkpoint /data/tfj/workspace/python_projects/pose/mmpose0270/work_dirs/29_reg_shufflenetv2_mpii_256x256_dsnt_rle_highres_simc/best_PCKh_epoch_110.pth was removed
2022-07-28 13:33:33,196 - mmpose - INFO - Now best checkpoint is saved as best_PCKh_epoch_120.pth.
2022-07-28 13:33:33,196 - mmpose - INFO - Best PCKh is 79.8829 at 120 epoch.
2022-07-28 13:33:33,196 - mmpose - INFO - Epoch(val) [120][24]	Head: 93.0082, Shoulder: 91.7289, Elbow: 80.0070, Wrist: 69.9702, Hip: 83.4170, Knee: 71.1673, Ankle: 61.7850, PCKh: 79.8829, PCKh@0.1: 18.7458
2022-07-28 13:33:55,600 - mmpose - INFO - Epoch [121][50/87]	lr: 5.000e-04, eta: 0:34:10, time: 0.448, data_time: 0.350, memory: 1599, reg_loss: -111.9794, 2: -112.0001, 3: 0.0206, acc_pose: 0.7925, loss: -111.9794
2022-07-28 13:34:32,101 - mmpose - INFO - Epoch [122][50/87]	lr: 5.000e-04, eta: 0:33:47, time: 0.451, data_time: 0.308, memory: 1599, reg_loss: -112.3169, 2: -112.3374, 3: 0.0206, acc_pose: 0.7962, loss: -112.3169
2022-07-28 13:35:08,771 - mmpose - INFO - Epoch [123][50/87]	lr: 5.000e-04, eta: 0:33:24, time: 0.444, data_time: 0.352, memory: 1599, reg_loss: -111.7611, 2: -111.7819, 3: 0.0208, acc_pose: 0.7819, loss: -111.7611
2022-07-28 13:35:45,647 - mmpose - INFO - Epoch [124][50/87]	lr: 5.000e-04, eta: 0:33:01, time: 0.459, data_time: 0.350, memory: 1599, reg_loss: -111.7207, 2: -111.7414, 3: 0.0207, acc_pose: 0.7912, loss: -111.7207
2022-07-28 13:36:21,887 - mmpose - INFO - Epoch [125][50/87]	lr: 5.000e-04, eta: 0:32:38, time: 0.446, data_time: 0.295, memory: 1599, reg_loss: -111.8153, 2: -111.8360, 3: 0.0207, acc_pose: 0.7948, loss: -111.8153
2022-07-28 13:36:59,140 - mmpose - INFO - Epoch [126][50/87]	lr: 5.000e-04, eta: 0:32:15, time: 0.461, data_time: 0.342, memory: 1599, reg_loss: -111.8487, 2: -111.8695, 3: 0.0208, acc_pose: 0.7970, loss: -111.8487
2022-07-28 13:37:36,203 - mmpose - INFO - Epoch [127][50/87]	lr: 5.000e-04, eta: 0:31:52, time: 0.451, data_time: 0.336, memory: 1599, reg_loss: -112.4166, 2: -112.4372, 3: 0.0206, acc_pose: 0.7921, loss: -112.4166
2022-07-28 13:38:13,000 - mmpose - INFO - Epoch [128][50/87]	lr: 5.000e-04, eta: 0:31:29, time: 0.461, data_time: 0.362, memory: 1599, reg_loss: -112.3990, 2: -112.4194, 3: 0.0205, acc_pose: 0.7967, loss: -112.3990
2022-07-28 13:38:49,262 - mmpose - INFO - Epoch [129][50/87]	lr: 5.000e-04, eta: 0:31:05, time: 0.448, data_time: 0.303, memory: 1599, reg_loss: -111.5719, 2: -111.5926, 3: 0.0207, acc_pose: 0.7879, loss: -111.5719
2022-07-28 13:39:26,693 - mmpose - INFO - Epoch [130][50/87]	lr: 5.000e-04, eta: 0:30:43, time: 0.463, data_time: 0.118, memory: 1599, reg_loss: -112.5737, 2: -112.5943, 3: 0.0206, acc_pose: 0.7927, loss: -112.5737
2022-07-28 13:39:41,371 - mmpose - INFO - Saving checkpoint at 130 epochs
2022-07-28 13:39:46,105 - mmpose - INFO - Epoch(val) [130][24]	Head: 92.7012, Shoulder: 91.7459, Elbow: 80.3649, Wrist: 70.1417, Hip: 83.2439, Knee: 70.9856, Ankle: 61.6901, PCKh: 79.8751, PCKh@0.1: 18.6833
2022-07-28 13:40:08,536 - mmpose - INFO - Epoch [131][50/87]	lr: 5.000e-04, eta: 0:30:20, time: 0.449, data_time: 0.243, memory: 1599, reg_loss: -112.9597, 2: -112.9800, 3: 0.0204, acc_pose: 0.7947, loss: -112.9597
2022-07-28 13:40:46,034 - mmpose - INFO - Epoch [132][50/87]	lr: 5.000e-04, eta: 0:29:57, time: 0.465, data_time: 0.378, memory: 1599, reg_loss: -113.0017, 2: -113.0220, 3: 0.0203, acc_pose: 0.7915, loss: -113.0017
2022-07-28 13:41:21,903 - mmpose - INFO - Epoch [133][50/87]	lr: 5.000e-04, eta: 0:29:34, time: 0.452, data_time: 0.364, memory: 1599, reg_loss: -112.9995, 2: -113.0198, 3: 0.0204, acc_pose: 0.7982, loss: -112.9995
2022-07-28 13:41:58,381 - mmpose - INFO - Epoch [134][50/87]	lr: 5.000e-04, eta: 0:29:11, time: 0.455, data_time: 0.203, memory: 1599, reg_loss: -112.5589, 2: -112.5794, 3: 0.0205, acc_pose: 0.7946, loss: -112.5589
2022-07-28 13:42:35,609 - mmpose - INFO - Epoch [135][50/87]	lr: 5.000e-04, eta: 0:28:48, time: 0.458, data_time: 0.156, memory: 1599, reg_loss: -113.0025, 2: -113.0228, 3: 0.0203, acc_pose: 0.7965, loss: -113.0025
2022-07-28 13:43:11,960 - mmpose - INFO - Epoch [136][50/87]	lr: 5.000e-04, eta: 0:28:25, time: 0.451, data_time: 0.221, memory: 1599, reg_loss: -113.0679, 2: -113.0882, 3: 0.0203, acc_pose: 0.7986, loss: -113.0679
2022-07-28 13:43:47,986 - mmpose - INFO - Epoch [137][50/87]	lr: 5.000e-04, eta: 0:28:01, time: 0.444, data_time: 0.291, memory: 1599, reg_loss: -112.9374, 2: -112.9578, 3: 0.0204, acc_pose: 0.7872, loss: -112.9374
2022-07-28 13:44:24,636 - mmpose - INFO - Epoch [138][50/87]	lr: 5.000e-04, eta: 0:27:38, time: 0.452, data_time: 0.108, memory: 1599, reg_loss: -112.7898, 2: -112.8103, 3: 0.0204, acc_pose: 0.7915, loss: -112.7898
2022-07-28 13:45:02,445 - mmpose - INFO - Epoch [139][50/87]	lr: 5.000e-04, eta: 0:27:15, time: 0.451, data_time: 0.243, memory: 1599, reg_loss: -112.7430, 2: -112.7635, 3: 0.0204, acc_pose: 0.7988, loss: -112.7430
2022-07-28 13:45:39,126 - mmpose - INFO - Epoch [140][50/87]	lr: 5.000e-04, eta: 0:26:52, time: 0.452, data_time: 0.248, memory: 1599, reg_loss: -112.8164, 2: -112.8367, 3: 0.0203, acc_pose: 0.7944, loss: -112.8164
2022-07-28 13:45:53,236 - mmpose - INFO - Saving checkpoint at 140 epochs
2022-07-28 13:45:58,047 - mmpose - INFO - The previous best checkpoint /data/tfj/workspace/python_projects/pose/mmpose0270/work_dirs/29_reg_shufflenetv2_mpii_256x256_dsnt_rle_highres_simc/best_PCKh_epoch_120.pth was removed
2022-07-28 13:45:58,122 - mmpose - INFO - Now best checkpoint is saved as best_PCKh_epoch_140.pth.
2022-07-28 13:45:58,122 - mmpose - INFO - Best PCKh is 80.1327 at 140 epoch.
2022-07-28 13:45:58,122 - mmpose - INFO - Epoch(val) [140][24]	Head: 93.0423, Shoulder: 91.9667, Elbow: 80.3479, Wrist: 70.7437, Hip: 83.8324, Knee: 71.0459, Ankle: 61.8788, PCKh: 80.1327, PCKh@0.1: 18.6703
2022-07-28 13:46:20,785 - mmpose - INFO - Epoch [141][50/87]	lr: 5.000e-04, eta: 0:26:29, time: 0.453, data_time: 0.273, memory: 1599, reg_loss: -112.8636, 2: -112.8840, 3: 0.0204, acc_pose: 0.7926, loss: -112.8636
2022-07-28 13:46:57,338 - mmpose - INFO - Epoch [142][50/87]	lr: 5.000e-04, eta: 0:26:06, time: 0.451, data_time: 0.338, memory: 1599, reg_loss: -113.4846, 2: -113.5048, 3: 0.0202, acc_pose: 0.7976, loss: -113.4846
2022-07-28 13:47:34,135 - mmpose - INFO - Epoch [143][50/87]	lr: 5.000e-04, eta: 0:25:43, time: 0.453, data_time: 0.280, memory: 1599, reg_loss: -113.2718, 2: -113.2920, 3: 0.0202, acc_pose: 0.7989, loss: -113.2718
2022-07-28 13:48:11,216 - mmpose - INFO - Epoch [144][50/87]	lr: 5.000e-04, eta: 0:25:20, time: 0.456, data_time: 0.215, memory: 1599, reg_loss: -112.8976, 2: -112.9180, 3: 0.0204, acc_pose: 0.7973, loss: -112.8976
2022-07-28 13:48:48,439 - mmpose - INFO - Epoch [145][50/87]	lr: 5.000e-04, eta: 0:24:57, time: 0.454, data_time: 0.297, memory: 1599, reg_loss: -113.4998, 2: -113.5198, 3: 0.0200, acc_pose: 0.7958, loss: -113.4998
2022-07-28 13:49:25,096 - mmpose - INFO - Epoch [146][50/87]	lr: 5.000e-04, eta: 0:24:34, time: 0.455, data_time: 0.204, memory: 1599, reg_loss: -113.5666, 2: -113.5868, 3: 0.0202, acc_pose: 0.7977, loss: -113.5666
2022-07-28 13:50:01,563 - mmpose - INFO - Epoch [147][50/87]	lr: 5.000e-04, eta: 0:24:11, time: 0.451, data_time: 0.344, memory: 1599, reg_loss: -113.3309, 2: -113.3512, 3: 0.0203, acc_pose: 0.7977, loss: -113.3309
2022-07-28 13:50:38,046 - mmpose - INFO - Epoch [148][50/87]	lr: 5.000e-04, eta: 0:23:48, time: 0.456, data_time: 0.252, memory: 1599, reg_loss: -113.2509, 2: -113.2712, 3: 0.0202, acc_pose: 0.8027, loss: -113.2509
2022-07-28 13:51:15,325 - mmpose - INFO - Epoch [149][50/87]	lr: 5.000e-04, eta: 0:23:26, time: 0.467, data_time: 0.112, memory: 1599, reg_loss: -113.9968, 2: -114.0168, 3: 0.0200, acc_pose: 0.8001, loss: -113.9968
2022-07-28 13:51:51,786 - mmpose - INFO - Epoch [150][50/87]	lr: 5.000e-04, eta: 0:23:02, time: 0.447, data_time: 0.303, memory: 1599, reg_loss: -113.7677, 2: -113.7878, 3: 0.0201, acc_pose: 0.7979, loss: -113.7677
2022-07-28 13:52:05,801 - mmpose - INFO - Saving checkpoint at 150 epochs
2022-07-28 13:52:14,806 - mmpose - INFO - Epoch(val) [150][24]	Head: 92.9741, Shoulder: 91.5421, Elbow: 80.5352, Wrist: 70.2430, Hip: 83.5554, Knee: 71.8122, Ankle: 61.4072, PCKh: 80.0156, PCKh@0.1: 19.0971
2022-07-28 13:52:37,223 - mmpose - INFO - Epoch [151][50/87]	lr: 5.000e-04, eta: 0:22:39, time: 0.448, data_time: 0.272, memory: 1599, reg_loss: -113.2646, 2: -113.2847, 3: 0.0201, acc_pose: 0.7992, loss: -113.2646
2022-07-28 13:53:13,675 - mmpose - INFO - Epoch [152][50/87]	lr: 5.000e-04, eta: 0:22:16, time: 0.453, data_time: 0.301, memory: 1599, reg_loss: -113.4096, 2: -113.4297, 3: 0.0201, acc_pose: 0.7983, loss: -113.4096
2022-07-28 13:53:50,604 - mmpose - INFO - Epoch [153][50/87]	lr: 5.000e-04, eta: 0:21:53, time: 0.455, data_time: 0.274, memory: 1599, reg_loss: -113.2443, 2: -113.2645, 3: 0.0202, acc_pose: 0.7962, loss: -113.2443
2022-07-28 13:54:27,131 - mmpose - INFO - Epoch [154][50/87]	lr: 5.000e-04, eta: 0:21:30, time: 0.447, data_time: 0.233, memory: 1599, reg_loss: -113.2151, 2: -113.2353, 3: 0.0202, acc_pose: 0.7973, loss: -113.2151
2022-07-28 13:55:02,828 - mmpose - INFO - Epoch [155][50/87]	lr: 5.000e-04, eta: 0:21:07, time: 0.440, data_time: 0.266, memory: 1599, reg_loss: -113.3508, 2: -113.3710, 3: 0.0201, acc_pose: 0.7925, loss: -113.3508
2022-07-28 13:55:39,122 - mmpose - INFO - Epoch [156][50/87]	lr: 5.000e-04, eta: 0:20:44, time: 0.448, data_time: 0.331, memory: 1599, reg_loss: -113.5560, 2: -113.5762, 3: 0.0202, acc_pose: 0.8009, loss: -113.5560
2022-07-28 13:56:15,168 - mmpose - INFO - Epoch [157][50/87]	lr: 5.000e-04, eta: 0:20:21, time: 0.441, data_time: 0.269, memory: 1599, reg_loss: -113.9715, 2: -113.9915, 3: 0.0200, acc_pose: 0.8036, loss: -113.9715
2022-07-28 13:56:51,800 - mmpose - INFO - Epoch [158][50/87]	lr: 5.000e-04, eta: 0:19:58, time: 0.456, data_time: 0.332, memory: 1599, reg_loss: -113.5543, 2: -113.5743, 3: 0.0200, acc_pose: 0.7995, loss: -113.5543
2022-07-28 13:57:28,590 - mmpose - INFO - Epoch [159][50/87]	lr: 5.000e-04, eta: 0:19:35, time: 0.450, data_time: 0.247, memory: 1599, reg_loss: -113.6888, 2: -113.7089, 3: 0.0201, acc_pose: 0.7985, loss: -113.6888
2022-07-28 13:58:05,674 - mmpose - INFO - Epoch [160][50/87]	lr: 5.000e-04, eta: 0:19:12, time: 0.457, data_time: 0.196, memory: 1599, reg_loss: -113.9896, 2: -114.0096, 3: 0.0200, acc_pose: 0.7984, loss: -113.9896
2022-07-28 13:58:19,599 - mmpose - INFO - Saving checkpoint at 160 epochs
2022-07-28 13:58:24,222 - mmpose - INFO - Epoch(val) [160][24]	Head: 93.0764, Shoulder: 91.4062, Elbow: 80.1094, Wrist: 70.5363, Hip: 83.9709, Knee: 70.6027, Ankle: 61.7616, PCKh: 79.9375, PCKh@0.1: 18.8473
2022-07-28 13:58:46,809 - mmpose - INFO - Epoch [161][50/87]	lr: 5.000e-04, eta: 0:18:49, time: 0.452, data_time: 0.341, memory: 1599, reg_loss: -113.8532, 2: -113.8733, 3: 0.0202, acc_pose: 0.8026, loss: -113.8532
2022-07-28 13:59:23,285 - mmpose - INFO - Epoch [162][50/87]	lr: 5.000e-04, eta: 0:18:26, time: 0.449, data_time: 0.327, memory: 1599, reg_loss: -113.9602, 2: -113.9802, 3: 0.0200, acc_pose: 0.8039, loss: -113.9602
2022-07-28 13:59:59,621 - mmpose - INFO - Epoch [163][50/87]	lr: 5.000e-04, eta: 0:18:03, time: 0.444, data_time: 0.342, memory: 1599, reg_loss: -113.8815, 2: -113.9015, 3: 0.0200, acc_pose: 0.8011, loss: -113.8815
2022-07-28 14:00:36,437 - mmpose - INFO - Epoch [164][50/87]	lr: 5.000e-04, eta: 0:17:40, time: 0.449, data_time: 0.293, memory: 1599, reg_loss: -114.6294, 2: -114.6492, 3: 0.0198, acc_pose: 0.8037, loss: -114.6294
2022-07-28 14:01:13,372 - mmpose - INFO - Epoch [165][50/87]	lr: 5.000e-04, eta: 0:17:18, time: 0.461, data_time: 0.234, memory: 1599, reg_loss: -114.2621, 2: -114.2818, 3: 0.0198, acc_pose: 0.7977, loss: -114.2621
2022-07-28 14:01:49,897 - mmpose - INFO - Epoch [166][50/87]	lr: 5.000e-04, eta: 0:16:55, time: 0.454, data_time: 0.305, memory: 1599, reg_loss: -114.2297, 2: -114.2495, 3: 0.0199, acc_pose: 0.8044, loss: -114.2297
2022-07-28 14:02:26,214 - mmpose - INFO - Epoch [167][50/87]	lr: 5.000e-04, eta: 0:16:32, time: 0.451, data_time: 0.248, memory: 1599, reg_loss: -114.6460, 2: -114.6658, 3: 0.0198, acc_pose: 0.8006, loss: -114.6460
2022-07-28 14:03:02,595 - mmpose - INFO - Epoch [168][50/87]	lr: 5.000e-04, eta: 0:16:09, time: 0.446, data_time: 0.333, memory: 1599, reg_loss: -113.9441, 2: -113.9642, 3: 0.0201, acc_pose: 0.8033, loss: -113.9441
2022-07-28 14:03:39,618 - mmpose - INFO - Epoch [169][50/87]	lr: 5.000e-04, eta: 0:15:46, time: 0.462, data_time: 0.188, memory: 1599, reg_loss: -114.7163, 2: -114.7361, 3: 0.0197, acc_pose: 0.8022, loss: -114.7163
2022-07-28 14:04:15,826 - mmpose - INFO - Epoch [170][50/87]	lr: 5.000e-04, eta: 0:15:23, time: 0.452, data_time: 0.333, memory: 1599, reg_loss: -114.8074, 2: -114.8271, 3: 0.0197, acc_pose: 0.8060, loss: -114.8074
2022-07-28 14:04:30,024 - mmpose - INFO - Saving checkpoint at 170 epochs
2022-07-28 14:04:34,647 - mmpose - INFO - The previous best checkpoint /data/tfj/workspace/python_projects/pose/mmpose0270/work_dirs/29_reg_shufflenetv2_mpii_256x256_dsnt_rle_highres_simc/best_PCKh_epoch_140.pth was removed
2022-07-28 14:04:34,711 - mmpose - INFO - Now best checkpoint is saved as best_PCKh_epoch_170.pth.
2022-07-28 14:04:34,711 - mmpose - INFO - Best PCKh is 80.3123 at 170 epoch.
2022-07-28 14:04:34,711 - mmpose - INFO - Epoch(val) [170][24]	Head: 92.7694, Shoulder: 91.8139, Elbow: 80.2796, Wrist: 70.8260, Hip: 83.7286, Knee: 72.0335, Ankle: 62.7301, PCKh: 80.3123, PCKh@0.1: 18.8160
2022-07-28 14:04:57,362 - mmpose - INFO - Epoch [171][50/87]	lr: 5.000e-05, eta: 0:15:00, time: 0.453, data_time: 0.344, memory: 1599, reg_loss: -115.4028, 2: -115.4224, 3: 0.0196, acc_pose: 0.8058, loss: -115.4028
2022-07-28 14:05:33,764 - mmpose - INFO - Epoch [172][50/87]	lr: 5.000e-05, eta: 0:14:37, time: 0.451, data_time: 0.287, memory: 1599, reg_loss: -115.5845, 2: -115.6040, 3: 0.0195, acc_pose: 0.8038, loss: -115.5845
2022-07-28 14:06:10,384 - mmpose - INFO - Epoch [173][50/87]	lr: 5.000e-05, eta: 0:14:14, time: 0.454, data_time: 0.353, memory: 1599, reg_loss: -116.6633, 2: -116.6825, 3: 0.0192, acc_pose: 0.8049, loss: -116.6633
2022-07-28 14:06:47,310 - mmpose - INFO - Epoch [174][50/87]	lr: 5.000e-05, eta: 0:13:52, time: 0.463, data_time: 0.305, memory: 1599, reg_loss: -116.7111, 2: -116.7302, 3: 0.0191, acc_pose: 0.8150, loss: -116.7111
2022-07-28 14:07:24,416 - mmpose - INFO - Epoch [175][50/87]	lr: 5.000e-05, eta: 0:13:29, time: 0.460, data_time: 0.295, memory: 1599, reg_loss: -117.2387, 2: -117.2575, 3: 0.0188, acc_pose: 0.8160, loss: -117.2387
2022-07-28 14:08:01,691 - mmpose - INFO - Epoch [176][50/87]	lr: 5.000e-05, eta: 0:13:06, time: 0.461, data_time: 0.221, memory: 1599, reg_loss: -116.9984, 2: -117.0173, 3: 0.0189, acc_pose: 0.8164, loss: -116.9984
2022-07-28 14:08:39,061 - mmpose - INFO - Epoch [177][50/87]	lr: 5.000e-05, eta: 0:12:43, time: 0.457, data_time: 0.283, memory: 1599, reg_loss: -117.6894, 2: -117.7083, 3: 0.0189, acc_pose: 0.8169, loss: -117.6894
2022-07-28 14:09:15,555 - mmpose - INFO - Epoch [178][50/87]	lr: 5.000e-05, eta: 0:12:20, time: 0.450, data_time: 0.314, memory: 1599, reg_loss: -117.7053, 2: -117.7242, 3: 0.0190, acc_pose: 0.8159, loss: -117.7053
2022-07-28 14:09:52,366 - mmpose - INFO - Epoch [179][50/87]	lr: 5.000e-05, eta: 0:11:57, time: 0.452, data_time: 0.331, memory: 1599, reg_loss: -117.1237, 2: -117.1428, 3: 0.0190, acc_pose: 0.8105, loss: -117.1237
2022-07-28 14:10:28,837 - mmpose - INFO - Epoch [180][50/87]	lr: 5.000e-05, eta: 0:11:34, time: 0.455, data_time: 0.350, memory: 1599, reg_loss: -117.6209, 2: -117.6398, 3: 0.0189, acc_pose: 0.8103, loss: -117.6209
2022-07-28 14:10:42,810 - mmpose - INFO - Saving checkpoint at 180 epochs
2022-07-28 14:10:47,570 - mmpose - INFO - The previous best checkpoint /data/tfj/workspace/python_projects/pose/mmpose0270/work_dirs/29_reg_shufflenetv2_mpii_256x256_dsnt_rle_highres_simc/best_PCKh_epoch_170.pth was removed
2022-07-28 14:10:47,629 - mmpose - INFO - Now best checkpoint is saved as best_PCKh_epoch_180.pth.
2022-07-28 14:10:47,630 - mmpose - INFO - Best PCKh is 80.7884 at 180 epoch.
2022-07-28 14:10:47,630 - mmpose - INFO - Epoch(val) [180][24]	Head: 93.1787, Shoulder: 91.8478, Elbow: 81.0977, Wrist: 71.1858, Hip: 83.9017, Knee: 72.6785, Ankle: 64.1702, PCKh: 80.7884, PCKh@0.1: 19.6799
2022-07-28 14:11:10,429 - mmpose - INFO - Epoch [181][50/87]	lr: 5.000e-05, eta: 0:11:12, time: 0.456, data_time: 0.326, memory: 1599, reg_loss: -118.1620, 2: -118.1806, 3: 0.0186, acc_pose: 0.8211, loss: -118.1620
2022-07-28 14:11:47,221 - mmpose - INFO - Epoch [182][50/87]	lr: 5.000e-05, eta: 0:10:49, time: 0.454, data_time: 0.365, memory: 1599, reg_loss: -117.9135, 2: -117.9321, 3: 0.0186, acc_pose: 0.8187, loss: -117.9135
2022-07-28 14:12:23,714 - mmpose - INFO - Epoch [183][50/87]	lr: 5.000e-05, eta: 0:10:26, time: 0.453, data_time: 0.332, memory: 1599, reg_loss: -117.7106, 2: -117.7293, 3: 0.0187, acc_pose: 0.8143, loss: -117.7106
2022-07-28 14:13:00,119 - mmpose - INFO - Epoch [184][50/87]	lr: 5.000e-05, eta: 0:10:03, time: 0.451, data_time: 0.293, memory: 1599, reg_loss: -117.8100, 2: -117.8287, 3: 0.0187, acc_pose: 0.8166, loss: -117.8100
2022-07-28 14:13:37,426 - mmpose - INFO - Epoch [185][50/87]	lr: 5.000e-05, eta: 0:09:40, time: 0.456, data_time: 0.317, memory: 1599, reg_loss: -117.7613, 2: -117.7801, 3: 0.0188, acc_pose: 0.8190, loss: -117.7613
2022-07-28 14:14:14,148 - mmpose - INFO - Epoch [186][50/87]	lr: 5.000e-05, eta: 0:09:17, time: 0.456, data_time: 0.264, memory: 1599, reg_loss: -118.4946, 2: -118.5131, 3: 0.0186, acc_pose: 0.8174, loss: -118.4946
2022-07-28 14:14:50,690 - mmpose - INFO - Epoch [187][50/87]	lr: 5.000e-05, eta: 0:08:54, time: 0.441, data_time: 0.264, memory: 1599, reg_loss: -118.5507, 2: -118.5693, 3: 0.0186, acc_pose: 0.8172, loss: -118.5507
2022-07-28 14:15:28,668 - mmpose - INFO - Epoch [188][50/87]	lr: 5.000e-05, eta: 0:08:32, time: 0.471, data_time: 0.147, memory: 1599, reg_loss: -118.3213, 2: -118.3398, 3: 0.0186, acc_pose: 0.8174, loss: -118.3213
2022-07-28 14:16:05,271 - mmpose - INFO - Epoch [189][50/87]	lr: 5.000e-05, eta: 0:08:09, time: 0.462, data_time: 0.361, memory: 1599, reg_loss: -117.5673, 2: -117.5862, 3: 0.0189, acc_pose: 0.8151, loss: -117.5673
2022-07-28 14:16:42,212 - mmpose - INFO - Epoch [190][50/87]	lr: 5.000e-05, eta: 0:07:46, time: 0.465, data_time: 0.274, memory: 1599, reg_loss: -118.1217, 2: -118.1403, 3: 0.0186, acc_pose: 0.8135, loss: -118.1217
2022-07-28 14:16:56,291 - mmpose - INFO - Saving checkpoint at 190 epochs
2022-07-28 14:17:00,948 - mmpose - INFO - The previous best checkpoint /data/tfj/workspace/python_projects/pose/mmpose0270/work_dirs/29_reg_shufflenetv2_mpii_256x256_dsnt_rle_highres_simc/best_PCKh_epoch_180.pth was removed
2022-07-28 14:17:01,009 - mmpose - INFO - Now best checkpoint is saved as best_PCKh_epoch_190.pth.
2022-07-28 14:17:01,010 - mmpose - INFO - Best PCKh is 80.8275 at 190 epoch.
2022-07-28 14:17:01,010 - mmpose - INFO - Epoch(val) [190][24]	Head: 93.2128, Shoulder: 91.8988, Elbow: 81.1318, Wrist: 71.4267, Hip: 83.9710, Knee: 72.9801, Ankle: 63.6504, PCKh: 80.8275, PCKh@0.1: 19.7944
2022-07-28 14:17:23,625 - mmpose - INFO - Epoch [191][50/87]	lr: 5.000e-05, eta: 0:07:23, time: 0.452, data_time: 0.334, memory: 1599, reg_loss: -118.0697, 2: -118.0884, 3: 0.0188, acc_pose: 0.8154, loss: -118.0697
2022-07-28 14:18:00,795 - mmpose - INFO - Epoch [192][50/87]	lr: 5.000e-05, eta: 0:07:00, time: 0.463, data_time: 0.187, memory: 1599, reg_loss: -117.8404, 2: -117.8590, 3: 0.0187, acc_pose: 0.8200, loss: -117.8404
2022-07-28 14:18:37,808 - mmpose - INFO - Epoch [193][50/87]	lr: 5.000e-05, eta: 0:06:37, time: 0.451, data_time: 0.367, memory: 1599, reg_loss: -117.9931, 2: -118.0118, 3: 0.0187, acc_pose: 0.8240, loss: -117.9931
2022-07-28 14:19:15,334 - mmpose - INFO - Epoch [194][50/87]	lr: 5.000e-05, eta: 0:06:15, time: 0.462, data_time: 0.209, memory: 1599, reg_loss: -118.0118, 2: -118.0305, 3: 0.0187, acc_pose: 0.8215, loss: -118.0118
2022-07-28 14:19:52,553 - mmpose - INFO - Epoch [195][50/87]	lr: 5.000e-05, eta: 0:05:52, time: 0.460, data_time: 0.267, memory: 1599, reg_loss: -118.8340, 2: -118.8524, 3: 0.0185, acc_pose: 0.8165, loss: -118.8340
2022-07-28 14:20:29,172 - mmpose - INFO - Epoch [196][50/87]	lr: 5.000e-05, eta: 0:05:29, time: 0.450, data_time: 0.329, memory: 1599, reg_loss: -118.2878, 2: -118.3064, 3: 0.0185, acc_pose: 0.8226, loss: -118.2878
2022-07-28 14:21:05,938 - mmpose - INFO - Epoch [197][50/87]	lr: 5.000e-05, eta: 0:05:06, time: 0.452, data_time: 0.338, memory: 1599, reg_loss: -118.2043, 2: -118.2228, 3: 0.0185, acc_pose: 0.8122, loss: -118.2043
2022-07-28 14:21:42,418 - mmpose - INFO - Epoch [198][50/87]	lr: 5.000e-05, eta: 0:04:43, time: 0.451, data_time: 0.247, memory: 1599, reg_loss: -118.3490, 2: -118.3676, 3: 0.0185, acc_pose: 0.8232, loss: -118.3490
2022-07-28 14:22:19,160 - mmpose - INFO - Epoch [199][50/87]	lr: 5.000e-05, eta: 0:04:20, time: 0.459, data_time: 0.255, memory: 1599, reg_loss: -118.1054, 2: -118.1242, 3: 0.0187, acc_pose: 0.8154, loss: -118.1054
2022-07-28 14:22:55,748 - mmpose - INFO - Epoch [200][50/87]	lr: 5.000e-05, eta: 0:03:58, time: 0.456, data_time: 0.370, memory: 1599, reg_loss: -118.5668, 2: -118.5851, 3: 0.0183, acc_pose: 0.8213, loss: -118.5668
2022-07-28 14:23:09,693 - mmpose - INFO - Saving checkpoint at 200 epochs
2022-07-28 14:23:14,323 - mmpose - INFO - The previous best checkpoint /data/tfj/workspace/python_projects/pose/mmpose0270/work_dirs/29_reg_shufflenetv2_mpii_256x256_dsnt_rle_highres_simc/best_PCKh_epoch_190.pth was removed
2022-07-28 14:23:14,394 - mmpose - INFO - Now best checkpoint is saved as best_PCKh_epoch_200.pth.
2022-07-28 14:23:14,394 - mmpose - INFO - Best PCKh is 80.9238 at 200 epoch.
2022-07-28 14:23:14,394 - mmpose - INFO - Epoch(val) [200][24]	Head: 93.4175, Shoulder: 92.1196, Elbow: 81.1490, Wrist: 71.3409, Hip: 84.0749, Knee: 72.9199, Ankle: 64.0046, PCKh: 80.9238, PCKh@0.1: 19.8985
2022-07-28 14:23:36,766 - mmpose - INFO - Epoch [201][50/87]	lr: 5.000e-06, eta: 0:03:35, time: 0.447, data_time: 0.243, memory: 1599, reg_loss: -118.7959, 2: -118.8145, 3: 0.0186, acc_pose: 0.8187, loss: -118.7959
2022-07-28 14:24:13,805 - mmpose - INFO - Epoch [202][50/87]	lr: 5.000e-06, eta: 0:03:12, time: 0.454, data_time: 0.195, memory: 1599, reg_loss: -118.6842, 2: -118.7027, 3: 0.0185, acc_pose: 0.8213, loss: -118.6842
2022-07-28 14:24:49,950 - mmpose - INFO - Epoch [203][50/87]	lr: 5.000e-06, eta: 0:02:49, time: 0.446, data_time: 0.330, memory: 1599, reg_loss: -119.1936, 2: -119.2120, 3: 0.0184, acc_pose: 0.8233, loss: -119.1936
2022-07-28 14:25:26,661 - mmpose - INFO - Epoch [204][50/87]	lr: 5.000e-06, eta: 0:02:26, time: 0.449, data_time: 0.263, memory: 1599, reg_loss: -118.2977, 2: -118.3162, 3: 0.0186, acc_pose: 0.8240, loss: -118.2977
2022-07-28 14:26:03,680 - mmpose - INFO - Epoch [205][50/87]	lr: 5.000e-06, eta: 0:02:03, time: 0.457, data_time: 0.274, memory: 1599, reg_loss: -118.4572, 2: -118.4758, 3: 0.0186, acc_pose: 0.8233, loss: -118.4572
2022-07-28 14:26:40,072 - mmpose - INFO - Epoch [206][50/87]	lr: 5.000e-06, eta: 0:01:41, time: 0.456, data_time: 0.362, memory: 1599, reg_loss: -118.5669, 2: -118.5855, 3: 0.0186, acc_pose: 0.8191, loss: -118.5669
2022-07-28 14:27:16,190 - mmpose - INFO - Epoch [207][50/87]	lr: 5.000e-06, eta: 0:01:18, time: 0.447, data_time: 0.258, memory: 1599, reg_loss: -119.4252, 2: -119.4435, 3: 0.0184, acc_pose: 0.8228, loss: -119.4252
2022-07-28 14:27:52,927 - mmpose - INFO - Epoch [208][50/87]	lr: 5.000e-06, eta: 0:00:55, time: 0.451, data_time: 0.287, memory: 1599, reg_loss: -118.7505, 2: -118.7690, 3: 0.0185, acc_pose: 0.8231, loss: -118.7505
2022-07-28 14:28:29,921 - mmpose - INFO - Epoch [209][50/87]	lr: 5.000e-06, eta: 0:00:32, time: 0.462, data_time: 0.274, memory: 1599, reg_loss: -118.5135, 2: -118.5320, 3: 0.0186, acc_pose: 0.8203, loss: -118.5135
2022-07-28 14:29:06,688 - mmpose - INFO - Epoch [210][50/87]	lr: 5.000e-06, eta: 0:00:09, time: 0.450, data_time: 0.305, memory: 1599, reg_loss: -118.8806, 2: -118.8989, 3: 0.0183, acc_pose: 0.8193, loss: -118.8806
2022-07-28 14:29:20,878 - mmpose - INFO - Saving checkpoint at 210 epochs
2022-07-28 14:29:25,638 - mmpose - INFO - Epoch(val) [210][24]	Head: 93.1787, Shoulder: 91.8988, Elbow: 81.0978, Wrist: 71.5297, Hip: 83.9883, Knee: 73.1214, Ankle: 63.9102, PCKh: 80.8925, PCKh@0.1: 19.9219
