2022-07-21 04:00:29,247 - mmpose - INFO - Environment info:
------------------------------------------------------------
sys.platform: linux
Python: 3.9.7 (default, Sep 16 2021, 13:09:58) [GCC 7.5.0]
CUDA available: True
GPU 0,1,2,3: NVIDIA GeForce RTX 3090
CUDA_HOME: /usr/local/cuda-11.1
NVCC: Cuda compilation tools, release 11.1, V11.1.74
GCC: gcc (Ubuntu 7.5.0-3ubuntu1~18.04) 7.5.0
PyTorch: 1.9.1+cu111
PyTorch compiling details: PyTorch built with:
  - GCC 7.3
  - C++ Version: 201402
  - Intel(R) Math Kernel Library Version 2020.0.0 Product Build 20191122 for Intel(R) 64 architecture applications
  - Intel(R) MKL-DNN v2.1.2 (Git Hash 98be7e8afa711dc9b66c8ff3504129cb82013cdb)
  - OpenMP 201511 (a.k.a. OpenMP 4.5)
  - NNPACK is enabled
  - CPU capability usage: AVX2
  - CUDA Runtime 11.1
  - NVCC architecture flags: -gencode;arch=compute_37,code=sm_37;-gencode;arch=compute_50,code=sm_50;-gencode;arch=compute_60,code=sm_60;-gencode;arch=compute_70,code=sm_70;-gencode;arch=compute_75,code=sm_75;-gencode;arch=compute_80,code=sm_80;-gencode;arch=compute_86,code=sm_86
  - CuDNN 8.0.5
  - Magma 2.5.2
  - Build settings: BLAS_INFO=mkl, BUILD_TYPE=Release, CUDA_VERSION=11.1, CUDNN_VERSION=8.0.5, CXX_COMPILER=/opt/rh/devtoolset-7/root/usr/bin/c++, CXX_FLAGS= -Wno-deprecated -fvisibility-inlines-hidden -DUSE_PTHREADPOOL -fopenmp -DNDEBUG -DUSE_KINETO -DUSE_FBGEMM -DUSE_QNNPACK -DUSE_PYTORCH_QNNPACK -DUSE_XNNPACK -DSYMBOLICATE_MOBILE_DEBUG_HANDLE -O2 -fPIC -Wno-narrowing -Wall -Wextra -Werror=return-type -Wno-missing-field-initializers -Wno-type-limits -Wno-array-bounds -Wno-unknown-pragmas -Wno-sign-compare -Wno-unused-parameter -Wno-unused-variable -Wno-unused-function -Wno-unused-result -Wno-unused-local-typedefs -Wno-strict-overflow -Wno-strict-aliasing -Wno-error=deprecated-declarations -Wno-stringop-overflow -Wno-psabi -Wno-error=pedantic -Wno-error=redundant-decls -Wno-error=old-style-cast -fdiagnostics-color=always -faligned-new -Wno-unused-but-set-variable -Wno-maybe-uninitialized -fno-math-errno -fno-trapping-math -Werror=format -Wno-stringop-overflow, LAPACK_INFO=mkl, PERF_WITH_AVX=1, PERF_WITH_AVX2=1, PERF_WITH_AVX512=1, TORCH_VERSION=1.9.1, USE_CUDA=ON, USE_CUDNN=ON, USE_EXCEPTION_PTR=1, USE_GFLAGS=OFF, USE_GLOG=OFF, USE_MKL=ON, USE_MKLDNN=ON, USE_MPI=OFF, USE_NCCL=ON, USE_NNPACK=ON, USE_OPENMP=ON, 

TorchVision: 0.10.1+cu111
OpenCV: 4.5.5
MMCV: 1.5.1
MMCV Compiler: GCC 7.5
MMCV CUDA Compiler: 11.1
MMPose: 0.27.0+7097cd2
------------------------------------------------------------

2022-07-21 04:00:29,248 - mmpose - INFO - Distributed training: True
2022-07-21 04:00:32,932 - mmpose - INFO - Config:
checkpoint_config = dict(interval=10)
log_config = dict(interval=50, hooks=[dict(type='TextLoggerHook')])
log_level = 'INFO'
load_from = None
resume_from = None
dist_params = dict(backend='nccl')
workflow = [('train', 1)]
opencv_num_threads = 0
mp_start_method = 'fork'
dataset_info = dict(
    dataset_name='mpii',
    paper_info=dict(
        author=
        'Mykhaylo Andriluka and Leonid Pishchulin and Peter Gehler and Schiele, Bernt',
        title=
        '2D Human Pose Estimation: New Benchmark and State of the Art Analysis',
        container=
        'IEEE Conference on Computer Vision and Pattern Recognition (CVPR)',
        year='2014',
        homepage='http://human-pose.mpi-inf.mpg.de/'),
    keypoint_info=dict({
        0:
        dict(
            name='right_ankle',
            id=0,
            color=[255, 128, 0],
            type='lower',
            swap='left_ankle'),
        1:
        dict(
            name='right_knee',
            id=1,
            color=[255, 128, 0],
            type='lower',
            swap='left_knee'),
        2:
        dict(
            name='right_hip',
            id=2,
            color=[255, 128, 0],
            type='lower',
            swap='left_hip'),
        3:
        dict(
            name='left_hip',
            id=3,
            color=[0, 255, 0],
            type='lower',
            swap='right_hip'),
        4:
        dict(
            name='left_knee',
            id=4,
            color=[0, 255, 0],
            type='lower',
            swap='right_knee'),
        5:
        dict(
            name='left_ankle',
            id=5,
            color=[0, 255, 0],
            type='lower',
            swap='right_ankle'),
        6:
        dict(name='pelvis', id=6, color=[51, 153, 255], type='lower', swap=''),
        7:
        dict(name='thorax', id=7, color=[51, 153, 255], type='upper', swap=''),
        8:
        dict(
            name='upper_neck',
            id=8,
            color=[51, 153, 255],
            type='upper',
            swap=''),
        9:
        dict(
            name='head_top', id=9, color=[51, 153, 255], type='upper',
            swap=''),
        10:
        dict(
            name='right_wrist',
            id=10,
            color=[255, 128, 0],
            type='upper',
            swap='left_wrist'),
        11:
        dict(
            name='right_elbow',
            id=11,
            color=[255, 128, 0],
            type='upper',
            swap='left_elbow'),
        12:
        dict(
            name='right_shoulder',
            id=12,
            color=[255, 128, 0],
            type='upper',
            swap='left_shoulder'),
        13:
        dict(
            name='left_shoulder',
            id=13,
            color=[0, 255, 0],
            type='upper',
            swap='right_shoulder'),
        14:
        dict(
            name='left_elbow',
            id=14,
            color=[0, 255, 0],
            type='upper',
            swap='right_elbow'),
        15:
        dict(
            name='left_wrist',
            id=15,
            color=[0, 255, 0],
            type='upper',
            swap='right_wrist')
    }),
    skeleton_info=dict({
        0:
        dict(link=('right_ankle', 'right_knee'), id=0, color=[255, 128, 0]),
        1:
        dict(link=('right_knee', 'right_hip'), id=1, color=[255, 128, 0]),
        2:
        dict(link=('right_hip', 'pelvis'), id=2, color=[255, 128, 0]),
        3:
        dict(link=('pelvis', 'left_hip'), id=3, color=[0, 255, 0]),
        4:
        dict(link=('left_hip', 'left_knee'), id=4, color=[0, 255, 0]),
        5:
        dict(link=('left_knee', 'left_ankle'), id=5, color=[0, 255, 0]),
        6:
        dict(link=('pelvis', 'thorax'), id=6, color=[51, 153, 255]),
        7:
        dict(link=('thorax', 'upper_neck'), id=7, color=[51, 153, 255]),
        8:
        dict(link=('upper_neck', 'head_top'), id=8, color=[51, 153, 255]),
        9:
        dict(link=('upper_neck', 'right_shoulder'), id=9, color=[255, 128, 0]),
        10:
        dict(
            link=('right_shoulder', 'right_elbow'), id=10, color=[255, 128,
                                                                  0]),
        11:
        dict(link=('right_elbow', 'right_wrist'), id=11, color=[255, 128, 0]),
        12:
        dict(link=('upper_neck', 'left_shoulder'), id=12, color=[0, 255, 0]),
        13:
        dict(link=('left_shoulder', 'left_elbow'), id=13, color=[0, 255, 0]),
        14:
        dict(link=('left_elbow', 'left_wrist'), id=14, color=[0, 255, 0])
    }),
    joint_weights=[
        1.5, 1.2, 1.0, 1.0, 1.2, 1.5, 1.0, 1.0, 1.0, 1.0, 1.5, 1.2, 1.0, 1.0,
        1.2, 1.5
    ],
    sigmas=[
        0.089, 0.083, 0.107, 0.107, 0.083, 0.089, 0.026, 0.026, 0.026, 0.026,
        0.062, 0.072, 0.179, 0.179, 0.072, 0.062
    ])
evaluation = dict(interval=10, metric='PCKh', save_best='PCKh')
optimizer = dict(type='AdamW', lr=0.0005)
optimizer_config = dict(grad_clip=None)
lr_config = dict(
    policy='step',
    warmup='linear',
    warmup_iters=500,
    warmup_ratio=0.001,
    step=[170, 200])
total_epochs = 210
channel_cfg = dict(
    num_output_channels=16,
    dataset_joints=16,
    dataset_channel=[0, 1, 2, 3, 4, 5, 6, 7, 8, 9, 10, 11, 12, 13, 14, 15],
    inference_channel=[0, 1, 2, 3, 4, 5, 6, 7, 8, 9, 10, 11, 12, 13, 14, 15])
model = dict(
    type='TopDown',
    pretrained=
    'work_dirs/2_hm_shufflenetv2_mpii_256x256/best_PCKh_epoch_200.pth',
    backbone=dict(type='ShuffleNetV2', widen_factor=1.0),
    neck=dict(type='GlobalAveragePooling'),
    keypoint_head=dict(
        type='DeepposeRegressionHead',
        in_channels=1024,
        num_joints=16,
        loss_keypoint=dict(
            type='RLELoss',
            use_target_weight=True,
            size_average=True,
            residual=True),
        out_sigma=True),
    train_cfg=dict(),
    test_cfg=dict(flip_test=True))
data_cfg = dict(
    image_size=[256, 256],
    heatmap_size=[64, 64],
    num_output_channels=16,
    num_joints=16,
    dataset_channel=[0, 1, 2, 3, 4, 5, 6, 7, 8, 9, 10, 11, 12, 13, 14, 15],
    inference_channel=[0, 1, 2, 3, 4, 5, 6, 7, 8, 9, 10, 11, 12, 13, 14, 15],
    use_gt_bbox=True,
    bbox_file=None)
train_pipeline = [
    dict(type='LoadImageFromFile'),
    dict(type='TopDownGetBboxCenterScale', padding=1.25),
    dict(type='TopDownRandomFlip', flip_prob=0.5),
    dict(
        type='TopDownGetRandomScaleRotation', rot_factor=40, scale_factor=0.5),
    dict(type='TopDownAffine'),
    dict(type='ToTensor'),
    dict(
        type='NormalizeTensor',
        mean=[0.485, 0.456, 0.406],
        std=[0.229, 0.224, 0.225]),
    dict(type='TopDownGenerateTargetRegression'),
    dict(
        type='Collect',
        keys=['img', 'target', 'target_weight'],
        meta_keys=[
            'image_file', 'joints_3d', 'joints_3d_visible', 'center', 'scale',
            'rotation', 'flip_pairs'
        ])
]
val_pipeline = [
    dict(type='LoadImageFromFile'),
    dict(type='TopDownGetBboxCenterScale', padding=1.25),
    dict(type='TopDownAffine'),
    dict(type='ToTensor'),
    dict(
        type='NormalizeTensor',
        mean=[0.485, 0.456, 0.406],
        std=[0.229, 0.224, 0.225]),
    dict(
        type='Collect',
        keys=['img'],
        meta_keys=['image_file', 'center', 'scale', 'rotation', 'flip_pairs'])
]
test_pipeline = [
    dict(type='LoadImageFromFile'),
    dict(type='TopDownGetBboxCenterScale', padding=1.25),
    dict(type='TopDownAffine'),
    dict(type='ToTensor'),
    dict(
        type='NormalizeTensor',
        mean=[0.485, 0.456, 0.406],
        std=[0.229, 0.224, 0.225]),
    dict(
        type='Collect',
        keys=['img'],
        meta_keys=['image_file', 'center', 'scale', 'rotation', 'flip_pairs'])
]
data_root = '/data/tfj/workspace/datasets/MPII'
data = dict(
    samples_per_gpu=64,
    workers_per_gpu=4,
    persistent_workers=True,
    val_dataloader=dict(samples_per_gpu=32),
    test_dataloader=dict(samples_per_gpu=32),
    train=dict(
        type='TopDownMpiiDataset',
        ann_file=
        '/data/tfj/workspace/datasets/MPII/annotations/mpii_train.json',
        img_prefix='/data/tfj/workspace/datasets/MPII/images/',
        data_cfg=dict(
            image_size=[256, 256],
            heatmap_size=[64, 64],
            num_output_channels=16,
            num_joints=16,
            dataset_channel=[
                0, 1, 2, 3, 4, 5, 6, 7, 8, 9, 10, 11, 12, 13, 14, 15
            ],
            inference_channel=[
                0, 1, 2, 3, 4, 5, 6, 7, 8, 9, 10, 11, 12, 13, 14, 15
            ],
            use_gt_bbox=True,
            bbox_file=None),
        pipeline=[
            dict(type='LoadImageFromFile'),
            dict(type='TopDownGetBboxCenterScale', padding=1.25),
            dict(type='TopDownRandomFlip', flip_prob=0.5),
            dict(
                type='TopDownGetRandomScaleRotation',
                rot_factor=40,
                scale_factor=0.5),
            dict(type='TopDownAffine'),
            dict(type='ToTensor'),
            dict(
                type='NormalizeTensor',
                mean=[0.485, 0.456, 0.406],
                std=[0.229, 0.224, 0.225]),
            dict(type='TopDownGenerateTargetRegression'),
            dict(
                type='Collect',
                keys=['img', 'target', 'target_weight'],
                meta_keys=[
                    'image_file', 'joints_3d', 'joints_3d_visible', 'center',
                    'scale', 'rotation', 'flip_pairs'
                ])
        ],
        dataset_info=dict(
            dataset_name='mpii',
            paper_info=dict(
                author=
                'Mykhaylo Andriluka and Leonid Pishchulin and Peter Gehler and Schiele, Bernt',
                title=
                '2D Human Pose Estimation: New Benchmark and State of the Art Analysis',
                container=
                'IEEE Conference on Computer Vision and Pattern Recognition (CVPR)',
                year='2014',
                homepage='http://human-pose.mpi-inf.mpg.de/'),
            keypoint_info=dict({
                0:
                dict(
                    name='right_ankle',
                    id=0,
                    color=[255, 128, 0],
                    type='lower',
                    swap='left_ankle'),
                1:
                dict(
                    name='right_knee',
                    id=1,
                    color=[255, 128, 0],
                    type='lower',
                    swap='left_knee'),
                2:
                dict(
                    name='right_hip',
                    id=2,
                    color=[255, 128, 0],
                    type='lower',
                    swap='left_hip'),
                3:
                dict(
                    name='left_hip',
                    id=3,
                    color=[0, 255, 0],
                    type='lower',
                    swap='right_hip'),
                4:
                dict(
                    name='left_knee',
                    id=4,
                    color=[0, 255, 0],
                    type='lower',
                    swap='right_knee'),
                5:
                dict(
                    name='left_ankle',
                    id=5,
                    color=[0, 255, 0],
                    type='lower',
                    swap='right_ankle'),
                6:
                dict(
                    name='pelvis',
                    id=6,
                    color=[51, 153, 255],
                    type='lower',
                    swap=''),
                7:
                dict(
                    name='thorax',
                    id=7,
                    color=[51, 153, 255],
                    type='upper',
                    swap=''),
                8:
                dict(
                    name='upper_neck',
                    id=8,
                    color=[51, 153, 255],
                    type='upper',
                    swap=''),
                9:
                dict(
                    name='head_top',
                    id=9,
                    color=[51, 153, 255],
                    type='upper',
                    swap=''),
                10:
                dict(
                    name='right_wrist',
                    id=10,
                    color=[255, 128, 0],
                    type='upper',
                    swap='left_wrist'),
                11:
                dict(
                    name='right_elbow',
                    id=11,
                    color=[255, 128, 0],
                    type='upper',
                    swap='left_elbow'),
                12:
                dict(
                    name='right_shoulder',
                    id=12,
                    color=[255, 128, 0],
                    type='upper',
                    swap='left_shoulder'),
                13:
                dict(
                    name='left_shoulder',
                    id=13,
                    color=[0, 255, 0],
                    type='upper',
                    swap='right_shoulder'),
                14:
                dict(
                    name='left_elbow',
                    id=14,
                    color=[0, 255, 0],
                    type='upper',
                    swap='right_elbow'),
                15:
                dict(
                    name='left_wrist',
                    id=15,
                    color=[0, 255, 0],
                    type='upper',
                    swap='right_wrist')
            }),
            skeleton_info=dict({
                0:
                dict(
                    link=('right_ankle', 'right_knee'),
                    id=0,
                    color=[255, 128, 0]),
                1:
                dict(
                    link=('right_knee', 'right_hip'),
                    id=1,
                    color=[255, 128, 0]),
                2:
                dict(link=('right_hip', 'pelvis'), id=2, color=[255, 128, 0]),
                3:
                dict(link=('pelvis', 'left_hip'), id=3, color=[0, 255, 0]),
                4:
                dict(link=('left_hip', 'left_knee'), id=4, color=[0, 255, 0]),
                5:
                dict(
                    link=('left_knee', 'left_ankle'), id=5, color=[0, 255, 0]),
                6:
                dict(link=('pelvis', 'thorax'), id=6, color=[51, 153, 255]),
                7:
                dict(
                    link=('thorax', 'upper_neck'), id=7, color=[51, 153, 255]),
                8:
                dict(
                    link=('upper_neck', 'head_top'),
                    id=8,
                    color=[51, 153, 255]),
                9:
                dict(
                    link=('upper_neck', 'right_shoulder'),
                    id=9,
                    color=[255, 128, 0]),
                10:
                dict(
                    link=('right_shoulder', 'right_elbow'),
                    id=10,
                    color=[255, 128, 0]),
                11:
                dict(
                    link=('right_elbow', 'right_wrist'),
                    id=11,
                    color=[255, 128, 0]),
                12:
                dict(
                    link=('upper_neck', 'left_shoulder'),
                    id=12,
                    color=[0, 255, 0]),
                13:
                dict(
                    link=('left_shoulder', 'left_elbow'),
                    id=13,
                    color=[0, 255, 0]),
                14:
                dict(
                    link=('left_elbow', 'left_wrist'),
                    id=14,
                    color=[0, 255, 0])
            }),
            joint_weights=[
                1.5, 1.2, 1.0, 1.0, 1.2, 1.5, 1.0, 1.0, 1.0, 1.0, 1.5, 1.2,
                1.0, 1.0, 1.2, 1.5
            ],
            sigmas=[
                0.089, 0.083, 0.107, 0.107, 0.083, 0.089, 0.026, 0.026, 0.026,
                0.026, 0.062, 0.072, 0.179, 0.179, 0.072, 0.062
            ])),
    val=dict(
        type='TopDownMpiiDataset',
        ann_file='/data/tfj/workspace/datasets/MPII/annotations/mpii_val.json',
        img_prefix='/data/tfj/workspace/datasets/MPII/images/',
        data_cfg=dict(
            image_size=[256, 256],
            heatmap_size=[64, 64],
            num_output_channels=16,
            num_joints=16,
            dataset_channel=[
                0, 1, 2, 3, 4, 5, 6, 7, 8, 9, 10, 11, 12, 13, 14, 15
            ],
            inference_channel=[
                0, 1, 2, 3, 4, 5, 6, 7, 8, 9, 10, 11, 12, 13, 14, 15
            ],
            use_gt_bbox=True,
            bbox_file=None),
        pipeline=[
            dict(type='LoadImageFromFile'),
            dict(type='TopDownGetBboxCenterScale', padding=1.25),
            dict(type='TopDownAffine'),
            dict(type='ToTensor'),
            dict(
                type='NormalizeTensor',
                mean=[0.485, 0.456, 0.406],
                std=[0.229, 0.224, 0.225]),
            dict(
                type='Collect',
                keys=['img'],
                meta_keys=[
                    'image_file', 'center', 'scale', 'rotation', 'flip_pairs'
                ])
        ],
        dataset_info=dict(
            dataset_name='mpii',
            paper_info=dict(
                author=
                'Mykhaylo Andriluka and Leonid Pishchulin and Peter Gehler and Schiele, Bernt',
                title=
                '2D Human Pose Estimation: New Benchmark and State of the Art Analysis',
                container=
                'IEEE Conference on Computer Vision and Pattern Recognition (CVPR)',
                year='2014',
                homepage='http://human-pose.mpi-inf.mpg.de/'),
            keypoint_info=dict({
                0:
                dict(
                    name='right_ankle',
                    id=0,
                    color=[255, 128, 0],
                    type='lower',
                    swap='left_ankle'),
                1:
                dict(
                    name='right_knee',
                    id=1,
                    color=[255, 128, 0],
                    type='lower',
                    swap='left_knee'),
                2:
                dict(
                    name='right_hip',
                    id=2,
                    color=[255, 128, 0],
                    type='lower',
                    swap='left_hip'),
                3:
                dict(
                    name='left_hip',
                    id=3,
                    color=[0, 255, 0],
                    type='lower',
                    swap='right_hip'),
                4:
                dict(
                    name='left_knee',
                    id=4,
                    color=[0, 255, 0],
                    type='lower',
                    swap='right_knee'),
                5:
                dict(
                    name='left_ankle',
                    id=5,
                    color=[0, 255, 0],
                    type='lower',
                    swap='right_ankle'),
                6:
                dict(
                    name='pelvis',
                    id=6,
                    color=[51, 153, 255],
                    type='lower',
                    swap=''),
                7:
                dict(
                    name='thorax',
                    id=7,
                    color=[51, 153, 255],
                    type='upper',
                    swap=''),
                8:
                dict(
                    name='upper_neck',
                    id=8,
                    color=[51, 153, 255],
                    type='upper',
                    swap=''),
                9:
                dict(
                    name='head_top',
                    id=9,
                    color=[51, 153, 255],
                    type='upper',
                    swap=''),
                10:
                dict(
                    name='right_wrist',
                    id=10,
                    color=[255, 128, 0],
                    type='upper',
                    swap='left_wrist'),
                11:
                dict(
                    name='right_elbow',
                    id=11,
                    color=[255, 128, 0],
                    type='upper',
                    swap='left_elbow'),
                12:
                dict(
                    name='right_shoulder',
                    id=12,
                    color=[255, 128, 0],
                    type='upper',
                    swap='left_shoulder'),
                13:
                dict(
                    name='left_shoulder',
                    id=13,
                    color=[0, 255, 0],
                    type='upper',
                    swap='right_shoulder'),
                14:
                dict(
                    name='left_elbow',
                    id=14,
                    color=[0, 255, 0],
                    type='upper',
                    swap='right_elbow'),
                15:
                dict(
                    name='left_wrist',
                    id=15,
                    color=[0, 255, 0],
                    type='upper',
                    swap='right_wrist')
            }),
            skeleton_info=dict({
                0:
                dict(
                    link=('right_ankle', 'right_knee'),
                    id=0,
                    color=[255, 128, 0]),
                1:
                dict(
                    link=('right_knee', 'right_hip'),
                    id=1,
                    color=[255, 128, 0]),
                2:
                dict(link=('right_hip', 'pelvis'), id=2, color=[255, 128, 0]),
                3:
                dict(link=('pelvis', 'left_hip'), id=3, color=[0, 255, 0]),
                4:
                dict(link=('left_hip', 'left_knee'), id=4, color=[0, 255, 0]),
                5:
                dict(
                    link=('left_knee', 'left_ankle'), id=5, color=[0, 255, 0]),
                6:
                dict(link=('pelvis', 'thorax'), id=6, color=[51, 153, 255]),
                7:
                dict(
                    link=('thorax', 'upper_neck'), id=7, color=[51, 153, 255]),
                8:
                dict(
                    link=('upper_neck', 'head_top'),
                    id=8,
                    color=[51, 153, 255]),
                9:
                dict(
                    link=('upper_neck', 'right_shoulder'),
                    id=9,
                    color=[255, 128, 0]),
                10:
                dict(
                    link=('right_shoulder', 'right_elbow'),
                    id=10,
                    color=[255, 128, 0]),
                11:
                dict(
                    link=('right_elbow', 'right_wrist'),
                    id=11,
                    color=[255, 128, 0]),
                12:
                dict(
                    link=('upper_neck', 'left_shoulder'),
                    id=12,
                    color=[0, 255, 0]),
                13:
                dict(
                    link=('left_shoulder', 'left_elbow'),
                    id=13,
                    color=[0, 255, 0]),
                14:
                dict(
                    link=('left_elbow', 'left_wrist'),
                    id=14,
                    color=[0, 255, 0])
            }),
            joint_weights=[
                1.5, 1.2, 1.0, 1.0, 1.2, 1.5, 1.0, 1.0, 1.0, 1.0, 1.5, 1.2,
                1.0, 1.0, 1.2, 1.5
            ],
            sigmas=[
                0.089, 0.083, 0.107, 0.107, 0.083, 0.089, 0.026, 0.026, 0.026,
                0.026, 0.062, 0.072, 0.179, 0.179, 0.072, 0.062
            ])),
    test=dict(
        type='TopDownMpiiDataset',
        ann_file='/data/tfj/workspace/datasets/MPII/annotations/mpii_val.json',
        img_prefix='/data/tfj/workspace/datasets/MPII/images/',
        data_cfg=dict(
            image_size=[256, 256],
            heatmap_size=[64, 64],
            num_output_channels=16,
            num_joints=16,
            dataset_channel=[
                0, 1, 2, 3, 4, 5, 6, 7, 8, 9, 10, 11, 12, 13, 14, 15
            ],
            inference_channel=[
                0, 1, 2, 3, 4, 5, 6, 7, 8, 9, 10, 11, 12, 13, 14, 15
            ],
            use_gt_bbox=True,
            bbox_file=None),
        pipeline=[
            dict(type='LoadImageFromFile'),
            dict(type='TopDownGetBboxCenterScale', padding=1.25),
            dict(type='TopDownAffine'),
            dict(type='ToTensor'),
            dict(
                type='NormalizeTensor',
                mean=[0.485, 0.456, 0.406],
                std=[0.229, 0.224, 0.225]),
            dict(
                type='Collect',
                keys=['img'],
                meta_keys=[
                    'image_file', 'center', 'scale', 'rotation', 'flip_pairs'
                ])
        ],
        dataset_info=dict(
            dataset_name='mpii',
            paper_info=dict(
                author=
                'Mykhaylo Andriluka and Leonid Pishchulin and Peter Gehler and Schiele, Bernt',
                title=
                '2D Human Pose Estimation: New Benchmark and State of the Art Analysis',
                container=
                'IEEE Conference on Computer Vision and Pattern Recognition (CVPR)',
                year='2014',
                homepage='http://human-pose.mpi-inf.mpg.de/'),
            keypoint_info=dict({
                0:
                dict(
                    name='right_ankle',
                    id=0,
                    color=[255, 128, 0],
                    type='lower',
                    swap='left_ankle'),
                1:
                dict(
                    name='right_knee',
                    id=1,
                    color=[255, 128, 0],
                    type='lower',
                    swap='left_knee'),
                2:
                dict(
                    name='right_hip',
                    id=2,
                    color=[255, 128, 0],
                    type='lower',
                    swap='left_hip'),
                3:
                dict(
                    name='left_hip',
                    id=3,
                    color=[0, 255, 0],
                    type='lower',
                    swap='right_hip'),
                4:
                dict(
                    name='left_knee',
                    id=4,
                    color=[0, 255, 0],
                    type='lower',
                    swap='right_knee'),
                5:
                dict(
                    name='left_ankle',
                    id=5,
                    color=[0, 255, 0],
                    type='lower',
                    swap='right_ankle'),
                6:
                dict(
                    name='pelvis',
                    id=6,
                    color=[51, 153, 255],
                    type='lower',
                    swap=''),
                7:
                dict(
                    name='thorax',
                    id=7,
                    color=[51, 153, 255],
                    type='upper',
                    swap=''),
                8:
                dict(
                    name='upper_neck',
                    id=8,
                    color=[51, 153, 255],
                    type='upper',
                    swap=''),
                9:
                dict(
                    name='head_top',
                    id=9,
                    color=[51, 153, 255],
                    type='upper',
                    swap=''),
                10:
                dict(
                    name='right_wrist',
                    id=10,
                    color=[255, 128, 0],
                    type='upper',
                    swap='left_wrist'),
                11:
                dict(
                    name='right_elbow',
                    id=11,
                    color=[255, 128, 0],
                    type='upper',
                    swap='left_elbow'),
                12:
                dict(
                    name='right_shoulder',
                    id=12,
                    color=[255, 128, 0],
                    type='upper',
                    swap='left_shoulder'),
                13:
                dict(
                    name='left_shoulder',
                    id=13,
                    color=[0, 255, 0],
                    type='upper',
                    swap='right_shoulder'),
                14:
                dict(
                    name='left_elbow',
                    id=14,
                    color=[0, 255, 0],
                    type='upper',
                    swap='right_elbow'),
                15:
                dict(
                    name='left_wrist',
                    id=15,
                    color=[0, 255, 0],
                    type='upper',
                    swap='right_wrist')
            }),
            skeleton_info=dict({
                0:
                dict(
                    link=('right_ankle', 'right_knee'),
                    id=0,
                    color=[255, 128, 0]),
                1:
                dict(
                    link=('right_knee', 'right_hip'),
                    id=1,
                    color=[255, 128, 0]),
                2:
                dict(link=('right_hip', 'pelvis'), id=2, color=[255, 128, 0]),
                3:
                dict(link=('pelvis', 'left_hip'), id=3, color=[0, 255, 0]),
                4:
                dict(link=('left_hip', 'left_knee'), id=4, color=[0, 255, 0]),
                5:
                dict(
                    link=('left_knee', 'left_ankle'), id=5, color=[0, 255, 0]),
                6:
                dict(link=('pelvis', 'thorax'), id=6, color=[51, 153, 255]),
                7:
                dict(
                    link=('thorax', 'upper_neck'), id=7, color=[51, 153, 255]),
                8:
                dict(
                    link=('upper_neck', 'head_top'),
                    id=8,
                    color=[51, 153, 255]),
                9:
                dict(
                    link=('upper_neck', 'right_shoulder'),
                    id=9,
                    color=[255, 128, 0]),
                10:
                dict(
                    link=('right_shoulder', 'right_elbow'),
                    id=10,
                    color=[255, 128, 0]),
                11:
                dict(
                    link=('right_elbow', 'right_wrist'),
                    id=11,
                    color=[255, 128, 0]),
                12:
                dict(
                    link=('upper_neck', 'left_shoulder'),
                    id=12,
                    color=[0, 255, 0]),
                13:
                dict(
                    link=('left_shoulder', 'left_elbow'),
                    id=13,
                    color=[0, 255, 0]),
                14:
                dict(
                    link=('left_elbow', 'left_wrist'),
                    id=14,
                    color=[0, 255, 0])
            }),
            joint_weights=[
                1.5, 1.2, 1.0, 1.0, 1.2, 1.5, 1.0, 1.0, 1.0, 1.0, 1.5, 1.2,
                1.0, 1.0, 1.2, 1.5
            ],
            sigmas=[
                0.089, 0.083, 0.107, 0.107, 0.083, 0.089, 0.026, 0.026, 0.026,
                0.026, 0.062, 0.072, 0.179, 0.179, 0.072, 0.062
            ])))
work_dir = './work_dirs/16_reg_shufflenetv2_mpii_256x256_rle'
gpu_ids = range(0, 4)

2022-07-21 04:00:32,934 - mmpose - INFO - Set random seed to 2526, deterministic: False
2022-07-21 04:00:43,982 - mmpose - INFO - Start running, host: tianfj@qwe, work_dir: /data/tfj/workspace/python_projects/pose/mmpose0270/work_dirs/16_reg_shufflenetv2_mpii_256x256_rle
2022-07-21 04:00:43,983 - mmpose - INFO - Hooks will be executed in the following order:
before_run:
(VERY_HIGH   ) StepLrUpdaterHook                  
(NORMAL      ) CheckpointHook                     
(NORMAL      ) DistEvalHook                       
(VERY_LOW    ) TextLoggerHook                     
 -------------------- 
before_train_epoch:
(VERY_HIGH   ) StepLrUpdaterHook                  
(NORMAL      ) DistSamplerSeedHook                
(NORMAL      ) DistEvalHook                       
(LOW         ) IterTimerHook                      
(VERY_LOW    ) TextLoggerHook                     
 -------------------- 
before_train_iter:
(VERY_HIGH   ) StepLrUpdaterHook                  
(NORMAL      ) DistEvalHook                       
(LOW         ) IterTimerHook                      
 -------------------- 
after_train_iter:
(ABOVE_NORMAL) OptimizerHook                      
(NORMAL      ) CheckpointHook                     
(NORMAL      ) DistEvalHook                       
(LOW         ) IterTimerHook                      
(VERY_LOW    ) TextLoggerHook                     
 -------------------- 
after_train_epoch:
(NORMAL      ) CheckpointHook                     
(NORMAL      ) DistEvalHook                       
(VERY_LOW    ) TextLoggerHook                     
 -------------------- 
before_val_epoch:
(NORMAL      ) DistSamplerSeedHook                
(LOW         ) IterTimerHook                      
(VERY_LOW    ) TextLoggerHook                     
 -------------------- 
before_val_iter:
(LOW         ) IterTimerHook                      
 -------------------- 
after_val_iter:
(LOW         ) IterTimerHook                      
 -------------------- 
after_val_epoch:
(VERY_LOW    ) TextLoggerHook                     
 -------------------- 
after_run:
(VERY_LOW    ) TextLoggerHook                     
 -------------------- 
2022-07-21 04:00:43,983 - mmpose - INFO - workflow: [('train', 1)], max: 210 epochs
2022-07-21 04:00:43,983 - mmpose - INFO - Checkpoints will be saved to /data/tfj/workspace/python_projects/pose/mmpose0270/work_dirs/16_reg_shufflenetv2_mpii_256x256_rle by HardDiskBackend.
2022-07-21 04:01:06,746 - mmpose - INFO - Epoch [1][50/87]	lr: 4.945e-05, eta: 2:18:12, time: 0.455, data_time: 0.352, memory: 1582, reg_loss: 69.5846, acc_pose: 0.0080, loss: 69.5846
2022-07-21 04:01:49,519 - mmpose - INFO - Epoch [2][50/87]	lr: 1.364e-04, eta: 1:55:25, time: 0.591, data_time: 0.146, memory: 1582, reg_loss: -12.4350, acc_pose: 0.1498, loss: -12.4350
2022-07-21 04:02:23,651 - mmpose - INFO - Epoch [3][50/87]	lr: 2.233e-04, eta: 1:39:13, time: 0.432, data_time: 0.172, memory: 1582, reg_loss: -47.3580, acc_pose: 0.3302, loss: -47.3580
2022-07-21 04:03:11,684 - mmpose - INFO - Epoch [4][50/87]	lr: 3.102e-04, eta: 1:44:08, time: 0.686, data_time: 0.511, memory: 1582, reg_loss: -59.5587, acc_pose: 0.4156, loss: -59.5587
2022-07-21 04:03:46,396 - mmpose - INFO - Epoch [5][50/87]	lr: 3.971e-04, eta: 1:37:08, time: 0.432, data_time: 0.133, memory: 1582, reg_loss: -67.2576, acc_pose: 0.4791, loss: -67.2576
2022-07-21 04:04:21,635 - mmpose - INFO - Epoch [6][50/87]	lr: 4.840e-04, eta: 1:32:36, time: 0.435, data_time: 0.215, memory: 1582, reg_loss: -69.7490, acc_pose: 0.5066, loss: -69.7490
2022-07-21 04:04:56,813 - mmpose - INFO - Epoch [7][50/87]	lr: 5.000e-04, eta: 1:29:25, time: 0.438, data_time: 0.258, memory: 1582, reg_loss: -73.5516, acc_pose: 0.5412, loss: -73.5516
2022-07-21 04:05:31,132 - mmpose - INFO - Epoch [8][50/87]	lr: 5.000e-04, eta: 1:26:47, time: 0.429, data_time: 0.255, memory: 1582, reg_loss: -77.0892, acc_pose: 0.5677, loss: -77.0892
2022-07-21 04:06:06,353 - mmpose - INFO - Epoch [9][50/87]	lr: 5.000e-04, eta: 1:24:53, time: 0.439, data_time: 0.214, memory: 1582, reg_loss: -77.7034, acc_pose: 0.5626, loss: -77.7034
2022-07-21 04:06:40,426 - mmpose - INFO - Epoch [10][50/87]	lr: 5.000e-04, eta: 1:23:04, time: 0.426, data_time: 0.337, memory: 1582, reg_loss: -78.8661, acc_pose: 0.5831, loss: -78.8661
2022-07-21 04:06:53,711 - mmpose - INFO - Saving checkpoint at 10 epochs
2022-07-21 04:07:12,510 - mmpose - INFO - Now best checkpoint is saved as best_PCKh_epoch_10.pth.
2022-07-21 04:07:12,511 - mmpose - INFO - Best PCKh is 66.7681 at 10 epoch.
2022-07-21 04:07:12,511 - mmpose - INFO - Epoch(val) [10][24]	Head: 87.9604, Shoulder: 86.3961, Elbow: 68.7916, Wrist: 49.3215, Hip: 74.5889, Knee: 51.3797, Ankle: 34.3411, PCKh: 66.7681, PCKh@0.1: 8.3502
2022-07-21 04:07:34,388 - mmpose - INFO - Epoch [11][50/87]	lr: 5.000e-04, eta: 1:21:43, time: 0.437, data_time: 0.203, memory: 1582, reg_loss: -79.1822, acc_pose: 0.5913, loss: -79.1822
2022-07-21 04:08:09,538 - mmpose - INFO - Epoch [12][50/87]	lr: 5.000e-04, eta: 1:20:35, time: 0.442, data_time: 0.187, memory: 1582, reg_loss: -82.3802, acc_pose: 0.6012, loss: -82.3802
2022-07-21 04:08:45,633 - mmpose - INFO - Epoch [13][50/87]	lr: 5.000e-04, eta: 1:19:31, time: 0.437, data_time: 0.147, memory: 1582, reg_loss: -83.8034, acc_pose: 0.6166, loss: -83.8034
2022-07-21 04:09:21,456 - mmpose - INFO - Epoch [14][50/87]	lr: 5.000e-04, eta: 1:18:26, time: 0.426, data_time: 0.172, memory: 1582, reg_loss: -84.4546, acc_pose: 0.6190, loss: -84.4546
2022-07-21 04:09:56,757 - mmpose - INFO - Epoch [15][50/87]	lr: 5.000e-04, eta: 1:17:33, time: 0.436, data_time: 0.153, memory: 1582, reg_loss: -83.4667, acc_pose: 0.6152, loss: -83.4667
2022-07-21 04:10:31,909 - mmpose - INFO - Epoch [16][50/87]	lr: 5.000e-04, eta: 1:16:39, time: 0.429, data_time: 0.197, memory: 1582, reg_loss: -85.8740, acc_pose: 0.6286, loss: -85.8740
2022-07-21 04:11:07,005 - mmpose - INFO - Epoch [17][50/87]	lr: 5.000e-04, eta: 1:15:51, time: 0.431, data_time: 0.133, memory: 1582, reg_loss: -87.2351, acc_pose: 0.6343, loss: -87.2351
2022-07-21 04:11:42,174 - mmpose - INFO - Epoch [18][50/87]	lr: 5.000e-04, eta: 1:15:06, time: 0.431, data_time: 0.200, memory: 1582, reg_loss: -86.4723, acc_pose: 0.6341, loss: -86.4723
2022-07-21 04:12:17,259 - mmpose - INFO - Epoch [19][50/87]	lr: 5.000e-04, eta: 1:14:27, time: 0.438, data_time: 0.217, memory: 1582, reg_loss: -87.4735, acc_pose: 0.6349, loss: -87.4735
2022-07-21 04:12:51,932 - mmpose - INFO - Epoch [20][50/87]	lr: 5.000e-04, eta: 1:13:48, time: 0.434, data_time: 0.208, memory: 1582, reg_loss: -88.9530, acc_pose: 0.6528, loss: -88.9530
2022-07-21 04:13:05,017 - mmpose - INFO - Saving checkpoint at 20 epochs
2022-07-21 04:13:23,949 - mmpose - INFO - The previous best checkpoint /data/tfj/workspace/python_projects/pose/mmpose0270/work_dirs/16_reg_shufflenetv2_mpii_256x256_rle/best_PCKh_epoch_10.pth was removed
2022-07-21 04:13:24,007 - mmpose - INFO - Now best checkpoint is saved as best_PCKh_epoch_20.pth.
2022-07-21 04:13:24,008 - mmpose - INFO - Best PCKh is 70.4189 at 20 epoch.
2022-07-21 04:13:24,008 - mmpose - INFO - Epoch(val) [20][24]	Head: 90.1774, Shoulder: 88.7398, Elbow: 70.7855, Wrist: 52.2329, Hip: 79.6434, Knee: 56.4376, Ankle: 42.5598, PCKh: 70.4189, PCKh@0.1: 11.2464
2022-07-21 04:13:45,522 - mmpose - INFO - Epoch [21][50/87]	lr: 5.000e-04, eta: 1:13:08, time: 0.430, data_time: 0.195, memory: 1582, reg_loss: -88.2480, acc_pose: 0.6477, loss: -88.2480
2022-07-21 04:14:20,153 - mmpose - INFO - Epoch [22][50/87]	lr: 5.000e-04, eta: 1:12:30, time: 0.428, data_time: 0.239, memory: 1582, reg_loss: -88.3512, acc_pose: 0.6520, loss: -88.3512
2022-07-21 04:14:56,634 - mmpose - INFO - Epoch [23][50/87]	lr: 5.000e-04, eta: 1:12:09, time: 0.467, data_time: 0.158, memory: 1582, reg_loss: -89.1603, acc_pose: 0.6497, loss: -89.1603
2022-07-21 04:15:53,309 - mmpose - INFO - Epoch [24][50/87]	lr: 5.000e-04, eta: 1:14:24, time: 0.861, data_time: 0.770, memory: 1582, reg_loss: -90.3787, acc_pose: 0.6587, loss: -90.3787
2022-07-21 04:16:29,710 - mmpose - INFO - Epoch [25][50/87]	lr: 5.000e-04, eta: 1:13:56, time: 0.470, data_time: 0.138, memory: 1582, reg_loss: -90.3116, acc_pose: 0.6568, loss: -90.3116
2022-07-21 04:17:04,915 - mmpose - INFO - Epoch [26][50/87]	lr: 5.000e-04, eta: 1:13:15, time: 0.430, data_time: 0.263, memory: 1582, reg_loss: -90.9872, acc_pose: 0.6584, loss: -90.9872
2022-07-21 04:17:39,671 - mmpose - INFO - Epoch [27][50/87]	lr: 5.000e-04, eta: 1:12:35, time: 0.432, data_time: 0.226, memory: 1582, reg_loss: -91.2045, acc_pose: 0.6600, loss: -91.2045
2022-07-21 04:18:15,168 - mmpose - INFO - Epoch [28][50/87]	lr: 5.000e-04, eta: 1:12:00, time: 0.441, data_time: 0.211, memory: 1582, reg_loss: -91.2743, acc_pose: 0.6567, loss: -91.2743
2022-07-21 04:18:57,302 - mmpose - INFO - Epoch [29][50/87]	lr: 5.000e-04, eta: 1:12:09, time: 0.576, data_time: 0.105, memory: 1582, reg_loss: -92.5961, acc_pose: 0.6665, loss: -92.5961
2022-07-21 04:19:32,908 - mmpose - INFO - Epoch [30][50/87]	lr: 5.000e-04, eta: 1:11:36, time: 0.448, data_time: 0.168, memory: 1582, reg_loss: -92.1389, acc_pose: 0.6638, loss: -92.1389
2022-07-21 04:19:46,167 - mmpose - INFO - Saving checkpoint at 30 epochs
2022-07-21 04:19:51,018 - mmpose - INFO - The previous best checkpoint /data/tfj/workspace/python_projects/pose/mmpose0270/work_dirs/16_reg_shufflenetv2_mpii_256x256_rle/best_PCKh_epoch_20.pth was removed
2022-07-21 04:19:51,089 - mmpose - INFO - Now best checkpoint is saved as best_PCKh_epoch_30.pth.
2022-07-21 04:19:51,090 - mmpose - INFO - Best PCKh is 72.9768 at 30 epoch.
2022-07-21 04:19:51,090 - mmpose - INFO - Epoch(val) [30][24]	Head: 90.9618, Shoulder: 89.8947, Elbow: 73.8879, Wrist: 56.1588, Hip: 81.4090, Knee: 59.6813, Ankle: 47.4492, PCKh: 72.9768, PCKh@0.1: 12.3914
2022-07-21 04:20:12,816 - mmpose - INFO - Epoch [31][50/87]	lr: 5.000e-04, eta: 1:11:00, time: 0.434, data_time: 0.222, memory: 1582, reg_loss: -92.3672, acc_pose: 0.6710, loss: -92.3672
2022-07-21 04:20:47,907 - mmpose - INFO - Epoch [32][50/87]	lr: 5.000e-04, eta: 1:10:25, time: 0.435, data_time: 0.149, memory: 1582, reg_loss: -92.9893, acc_pose: 0.6705, loss: -92.9893
2022-07-21 04:21:22,701 - mmpose - INFO - Epoch [33][50/87]	lr: 5.000e-04, eta: 1:09:49, time: 0.428, data_time: 0.145, memory: 1582, reg_loss: -92.7796, acc_pose: 0.6773, loss: -92.7796
2022-07-21 04:22:01,937 - mmpose - INFO - Epoch [34][50/87]	lr: 5.000e-04, eta: 1:09:29, time: 0.487, data_time: 0.140, memory: 1582, reg_loss: -93.7283, acc_pose: 0.6826, loss: -93.7283
2022-07-21 04:22:37,362 - mmpose - INFO - Epoch [35][50/87]	lr: 5.000e-04, eta: 1:08:55, time: 0.430, data_time: 0.240, memory: 1582, reg_loss: -93.9692, acc_pose: 0.6824, loss: -93.9692
2022-07-21 04:23:13,552 - mmpose - INFO - Epoch [36][50/87]	lr: 5.000e-04, eta: 1:08:27, time: 0.455, data_time: 0.107, memory: 1582, reg_loss: -94.5284, acc_pose: 0.6867, loss: -94.5284
2022-07-21 04:23:48,685 - mmpose - INFO - Epoch [37][50/87]	lr: 5.000e-04, eta: 1:07:58, time: 0.447, data_time: 0.128, memory: 1582, reg_loss: -95.1836, acc_pose: 0.6883, loss: -95.1836
2022-07-21 04:24:23,947 - mmpose - INFO - Epoch [38][50/87]	lr: 5.000e-04, eta: 1:07:26, time: 0.433, data_time: 0.293, memory: 1582, reg_loss: -94.8613, acc_pose: 0.6886, loss: -94.8613
2022-07-21 04:24:58,798 - mmpose - INFO - Epoch [39][50/87]	lr: 5.000e-04, eta: 1:06:55, time: 0.435, data_time: 0.182, memory: 1582, reg_loss: -95.1991, acc_pose: 0.6876, loss: -95.1991
2022-07-21 04:25:58,052 - mmpose - INFO - Epoch [40][50/87]	lr: 5.000e-04, eta: 1:06:23, time: 0.431, data_time: 0.330, memory: 1582, reg_loss: -95.5701, acc_pose: 0.6946, loss: -95.5701
2022-07-21 04:26:11,681 - mmpose - INFO - Saving checkpoint at 40 epochs
2022-07-21 04:26:16,546 - mmpose - INFO - The previous best checkpoint /data/tfj/workspace/python_projects/pose/mmpose0270/work_dirs/16_reg_shufflenetv2_mpii_256x256_rle/best_PCKh_epoch_30.pth was removed
2022-07-21 04:26:16,622 - mmpose - INFO - Now best checkpoint is saved as best_PCKh_epoch_40.pth.
2022-07-21 04:26:16,622 - mmpose - INFO - Best PCKh is 74.3560 at 40 epoch.
2022-07-21 04:26:16,623 - mmpose - INFO - Epoch(val) [40][24]	Head: 91.9168, Shoulder: 90.4891, Elbow: 75.2177, Wrist: 58.3711, Hip: 81.4782, Knee: 62.4216, Ankle: 50.1642, PCKh: 74.3560, PCKh@0.1: 13.1512
2022-07-21 04:26:38,781 - mmpose - INFO - Epoch [41][50/87]	lr: 5.000e-04, eta: 1:05:55, time: 0.443, data_time: 0.259, memory: 1582, reg_loss: -94.9331, acc_pose: 0.6933, loss: -94.9331
2022-07-21 04:27:14,696 - mmpose - INFO - Epoch [42][50/87]	lr: 5.000e-04, eta: 1:05:26, time: 0.441, data_time: 0.207, memory: 1582, reg_loss: -95.2223, acc_pose: 0.6972, loss: -95.2223
2022-07-21 04:27:49,349 - mmpose - INFO - Epoch [43][50/87]	lr: 5.000e-04, eta: 1:04:57, time: 0.437, data_time: 0.335, memory: 1582, reg_loss: -96.6442, acc_pose: 0.6931, loss: -96.6442
2022-07-21 04:28:24,167 - mmpose - INFO - Epoch [44][50/87]	lr: 5.000e-04, eta: 1:04:27, time: 0.429, data_time: 0.295, memory: 1582, reg_loss: -96.3429, acc_pose: 0.6944, loss: -96.3429
2022-07-21 04:29:15,108 - mmpose - INFO - Epoch [45][50/87]	lr: 5.000e-04, eta: 1:04:57, time: 0.753, data_time: 0.092, memory: 1582, reg_loss: -95.5808, acc_pose: 0.6926, loss: -95.5808
2022-07-21 04:29:49,936 - mmpose - INFO - Epoch [46][50/87]	lr: 5.000e-04, eta: 1:04:26, time: 0.432, data_time: 0.150, memory: 1582, reg_loss: -96.3388, acc_pose: 0.6993, loss: -96.3388
2022-07-21 04:30:24,970 - mmpose - INFO - Epoch [47][50/87]	lr: 5.000e-04, eta: 1:03:57, time: 0.439, data_time: 0.256, memory: 1582, reg_loss: -96.6666, acc_pose: 0.7010, loss: -96.6666
2022-07-21 04:30:59,337 - mmpose - INFO - Epoch [48][50/87]	lr: 5.000e-04, eta: 1:03:27, time: 0.431, data_time: 0.304, memory: 1582, reg_loss: -96.6369, acc_pose: 0.6955, loss: -96.6369
2022-07-21 04:31:34,637 - mmpose - INFO - Epoch [49][50/87]	lr: 5.000e-04, eta: 1:02:59, time: 0.438, data_time: 0.169, memory: 1582, reg_loss: -97.5162, acc_pose: 0.6980, loss: -97.5162
2022-07-21 04:32:09,578 - mmpose - INFO - Epoch [50][50/87]	lr: 5.000e-04, eta: 1:02:30, time: 0.434, data_time: 0.168, memory: 1582, reg_loss: -96.9828, acc_pose: 0.7055, loss: -96.9828
2022-07-21 04:32:22,966 - mmpose - INFO - Saving checkpoint at 50 epochs
2022-07-21 04:32:45,891 - mmpose - INFO - Epoch(val) [50][24]	Head: 91.4734, Shoulder: 90.1834, Elbow: 75.2514, Wrist: 60.1699, Hip: 81.2014, Knee: 58.0902, Ankle: 44.0242, PCKh: 73.2813, PCKh@0.1: 13.0393
2022-07-21 04:33:07,770 - mmpose - INFO - Epoch [51][50/87]	lr: 5.000e-04, eta: 1:02:02, time: 0.437, data_time: 0.127, memory: 1582, reg_loss: -97.2948, acc_pose: 0.6957, loss: -97.2948
2022-07-21 04:33:42,596 - mmpose - INFO - Epoch [52][50/87]	lr: 5.000e-04, eta: 1:01:34, time: 0.441, data_time: 0.153, memory: 1582, reg_loss: -97.3984, acc_pose: 0.7042, loss: -97.3984
2022-07-21 04:34:17,675 - mmpose - INFO - Epoch [53][50/87]	lr: 5.000e-04, eta: 1:01:06, time: 0.433, data_time: 0.154, memory: 1582, reg_loss: -97.8584, acc_pose: 0.7015, loss: -97.8584
2022-07-21 04:35:29,745 - mmpose - INFO - Epoch [54][50/87]	lr: 5.000e-04, eta: 1:02:25, time: 1.166, data_time: 1.074, memory: 1582, reg_loss: -97.5720, acc_pose: 0.7096, loss: -97.5720
2022-07-21 04:36:04,030 - mmpose - INFO - Epoch [55][50/87]	lr: 5.000e-04, eta: 1:01:53, time: 0.423, data_time: 0.274, memory: 1582, reg_loss: -97.8927, acc_pose: 0.7080, loss: -97.8927
2022-07-21 04:36:39,052 - mmpose - INFO - Epoch [56][50/87]	lr: 5.000e-04, eta: 1:01:23, time: 0.434, data_time: 0.251, memory: 1582, reg_loss: -98.4579, acc_pose: 0.7139, loss: -98.4579
2022-07-21 04:37:14,374 - mmpose - INFO - Epoch [57][50/87]	lr: 5.000e-04, eta: 1:00:54, time: 0.438, data_time: 0.307, memory: 1582, reg_loss: -98.8438, acc_pose: 0.7131, loss: -98.8438
2022-07-21 04:37:48,952 - mmpose - INFO - Epoch [58][50/87]	lr: 5.000e-04, eta: 1:00:25, time: 0.434, data_time: 0.176, memory: 1582, reg_loss: -97.9704, acc_pose: 0.7078, loss: -97.9704
2022-07-21 04:38:24,029 - mmpose - INFO - Epoch [59][50/87]	lr: 5.000e-04, eta: 0:59:55, time: 0.433, data_time: 0.193, memory: 1582, reg_loss: -99.3675, acc_pose: 0.7142, loss: -99.3675
2022-07-21 04:38:59,530 - mmpose - INFO - Epoch [60][50/87]	lr: 5.000e-04, eta: 0:59:27, time: 0.438, data_time: 0.088, memory: 1582, reg_loss: -98.6898, acc_pose: 0.7066, loss: -98.6898
2022-07-21 04:39:12,727 - mmpose - INFO - Saving checkpoint at 60 epochs
2022-07-21 04:39:25,382 - mmpose - INFO - The previous best checkpoint /data/tfj/workspace/python_projects/pose/mmpose0270/work_dirs/16_reg_shufflenetv2_mpii_256x256_rle/best_PCKh_epoch_40.pth was removed
2022-07-21 04:39:25,441 - mmpose - INFO - Now best checkpoint is saved as best_PCKh_epoch_60.pth.
2022-07-21 04:39:25,441 - mmpose - INFO - Best PCKh is 75.6700 at 60 epoch.
2022-07-21 04:39:25,441 - mmpose - INFO - Epoch(val) [60][24]	Head: 91.6098, Shoulder: 90.2004, Elbow: 76.1381, Wrist: 61.6928, Hip: 82.2053, Knee: 64.6386, Ankle: 53.1877, PCKh: 75.6700, PCKh@0.1: 14.5824
2022-07-21 04:39:47,317 - mmpose - INFO - Epoch [61][50/87]	lr: 5.000e-04, eta: 0:58:59, time: 0.437, data_time: 0.191, memory: 1582, reg_loss: -99.3642, acc_pose: 0.7135, loss: -99.3642
2022-07-21 04:40:22,046 - mmpose - INFO - Epoch [62][50/87]	lr: 5.000e-04, eta: 0:58:30, time: 0.429, data_time: 0.264, memory: 1582, reg_loss: -99.0496, acc_pose: 0.7091, loss: -99.0496
2022-07-21 04:40:56,940 - mmpose - INFO - Epoch [63][50/87]	lr: 5.000e-04, eta: 0:58:01, time: 0.429, data_time: 0.264, memory: 1582, reg_loss: -99.7023, acc_pose: 0.7191, loss: -99.7023
2022-07-21 04:41:31,739 - mmpose - INFO - Epoch [64][50/87]	lr: 5.000e-04, eta: 0:57:32, time: 0.431, data_time: 0.331, memory: 1582, reg_loss: -99.2426, acc_pose: 0.7044, loss: -99.2426
2022-07-21 04:42:06,703 - mmpose - INFO - Epoch [65][50/87]	lr: 5.000e-04, eta: 0:57:05, time: 0.437, data_time: 0.184, memory: 1582, reg_loss: -99.0854, acc_pose: 0.7138, loss: -99.0854
2022-07-21 04:42:41,406 - mmpose - INFO - Epoch [66][50/87]	lr: 5.000e-04, eta: 0:56:37, time: 0.434, data_time: 0.158, memory: 1582, reg_loss: -99.5319, acc_pose: 0.7169, loss: -99.5319
2022-07-21 04:43:16,904 - mmpose - INFO - Epoch [67][50/87]	lr: 5.000e-04, eta: 0:56:11, time: 0.443, data_time: 0.194, memory: 1582, reg_loss: -99.2244, acc_pose: 0.7171, loss: -99.2244
2022-07-21 04:43:51,870 - mmpose - INFO - Epoch [68][50/87]	lr: 5.000e-04, eta: 0:55:43, time: 0.433, data_time: 0.162, memory: 1582, reg_loss: -99.3724, acc_pose: 0.7163, loss: -99.3724
2022-07-21 04:44:26,492 - mmpose - INFO - Epoch [69][50/87]	lr: 5.000e-04, eta: 0:55:15, time: 0.428, data_time: 0.298, memory: 1582, reg_loss: -99.4894, acc_pose: 0.7129, loss: -99.4894
2022-07-21 04:45:01,129 - mmpose - INFO - Epoch [70][50/87]	lr: 5.000e-04, eta: 0:54:48, time: 0.427, data_time: 0.241, memory: 1582, reg_loss: -99.7779, acc_pose: 0.7090, loss: -99.7779
2022-07-21 04:45:14,482 - mmpose - INFO - Saving checkpoint at 70 epochs
2022-07-21 04:45:33,155 - mmpose - INFO - Epoch(val) [70][24]	Head: 92.2578, Shoulder: 90.2174, Elbow: 76.0528, Wrist: 60.6837, Hip: 81.0282, Knee: 65.1415, Ankle: 53.7309, PCKh: 75.4827, PCKh@0.1: 14.3742
2022-07-21 04:45:54,426 - mmpose - INFO - Epoch [71][50/87]	lr: 5.000e-04, eta: 0:54:20, time: 0.425, data_time: 0.284, memory: 1582, reg_loss: -99.9975, acc_pose: 0.7124, loss: -99.9975
2022-07-21 04:46:29,549 - mmpose - INFO - Epoch [72][50/87]	lr: 5.000e-04, eta: 0:53:54, time: 0.438, data_time: 0.108, memory: 1582, reg_loss: -99.7679, acc_pose: 0.7179, loss: -99.7679
2022-07-21 04:47:05,404 - mmpose - INFO - Epoch [73][50/87]	lr: 5.000e-04, eta: 0:53:27, time: 0.435, data_time: 0.210, memory: 1582, reg_loss: -100.3489, acc_pose: 0.7191, loss: -100.3489
2022-07-21 04:48:07,166 - mmpose - INFO - Epoch [74][50/87]	lr: 5.000e-04, eta: 0:53:51, time: 0.977, data_time: 0.889, memory: 1582, reg_loss: -100.3720, acc_pose: 0.7180, loss: -100.3720
2022-07-21 04:48:41,997 - mmpose - INFO - Epoch [75][50/87]	lr: 5.000e-04, eta: 0:53:25, time: 0.443, data_time: 0.145, memory: 1582, reg_loss: -99.8286, acc_pose: 0.7139, loss: -99.8286
2022-07-21 04:49:16,597 - mmpose - INFO - Epoch [76][50/87]	lr: 5.000e-04, eta: 0:52:58, time: 0.434, data_time: 0.250, memory: 1582, reg_loss: -100.4895, acc_pose: 0.7252, loss: -100.4895
2022-07-21 04:49:51,052 - mmpose - INFO - Epoch [77][50/87]	lr: 5.000e-04, eta: 0:52:30, time: 0.430, data_time: 0.220, memory: 1582, reg_loss: -100.8571, acc_pose: 0.7190, loss: -100.8571
2022-07-21 04:50:25,880 - mmpose - INFO - Epoch [78][50/87]	lr: 5.000e-04, eta: 0:52:03, time: 0.430, data_time: 0.217, memory: 1582, reg_loss: -101.7907, acc_pose: 0.7205, loss: -101.7907
2022-07-21 04:51:00,771 - mmpose - INFO - Epoch [79][50/87]	lr: 5.000e-04, eta: 0:51:36, time: 0.431, data_time: 0.253, memory: 1582, reg_loss: -100.7061, acc_pose: 0.7253, loss: -100.7061
2022-07-21 04:51:35,643 - mmpose - INFO - Epoch [80][50/87]	lr: 5.000e-04, eta: 0:51:09, time: 0.430, data_time: 0.102, memory: 1582, reg_loss: -100.8530, acc_pose: 0.7272, loss: -100.8530
2022-07-21 04:51:49,109 - mmpose - INFO - Saving checkpoint at 80 epochs
2022-07-21 04:52:00,504 - mmpose - INFO - The previous best checkpoint /data/tfj/workspace/python_projects/pose/mmpose0270/work_dirs/16_reg_shufflenetv2_mpii_256x256_rle/best_PCKh_epoch_60.pth was removed
2022-07-21 04:52:00,565 - mmpose - INFO - Now best checkpoint is saved as best_PCKh_epoch_80.pth.
2022-07-21 04:52:00,565 - mmpose - INFO - Best PCKh is 76.0239 at 80 epoch.
2022-07-21 04:52:00,566 - mmpose - INFO - Epoch(val) [80][24]	Head: 92.5648, Shoulder: 90.7439, Elbow: 76.9560, Wrist: 62.1555, Hip: 82.3784, Knee: 64.5776, Ankle: 53.1175, PCKh: 76.0239, PCKh@0.1: 15.0638
2022-07-21 04:52:22,243 - mmpose - INFO - Epoch [81][50/87]	lr: 5.000e-04, eta: 0:50:43, time: 0.433, data_time: 0.352, memory: 1582, reg_loss: -101.6240, acc_pose: 0.7214, loss: -101.6240
2022-07-21 04:52:56,859 - mmpose - INFO - Epoch [82][50/87]	lr: 5.000e-04, eta: 0:50:16, time: 0.433, data_time: 0.214, memory: 1582, reg_loss: -101.3335, acc_pose: 0.7257, loss: -101.3335
2022-07-21 04:53:43,581 - mmpose - INFO - Epoch [83][50/87]	lr: 5.000e-04, eta: 0:49:50, time: 0.432, data_time: 0.149, memory: 1582, reg_loss: -101.4418, acc_pose: 0.7262, loss: -101.4418
2022-07-21 04:54:28,720 - mmpose - INFO - Epoch [84][50/87]	lr: 5.000e-04, eta: 0:49:23, time: 0.431, data_time: 0.172, memory: 1582, reg_loss: -101.3549, acc_pose: 0.7246, loss: -101.3549
2022-07-21 04:55:03,353 - mmpose - INFO - Epoch [85][50/87]	lr: 5.000e-04, eta: 0:48:57, time: 0.431, data_time: 0.175, memory: 1582, reg_loss: -102.0555, acc_pose: 0.7269, loss: -102.0555
2022-07-21 04:55:38,331 - mmpose - INFO - Epoch [86][50/87]	lr: 5.000e-04, eta: 0:48:31, time: 0.436, data_time: 0.277, memory: 1582, reg_loss: -102.2480, acc_pose: 0.7294, loss: -102.2480
2022-07-21 04:56:13,580 - mmpose - INFO - Epoch [87][50/87]	lr: 5.000e-04, eta: 0:48:05, time: 0.433, data_time: 0.178, memory: 1582, reg_loss: -102.1487, acc_pose: 0.7319, loss: -102.1487
2022-07-21 04:56:48,600 - mmpose - INFO - Epoch [88][50/87]	lr: 5.000e-04, eta: 0:47:40, time: 0.431, data_time: 0.250, memory: 1582, reg_loss: -101.1095, acc_pose: 0.7293, loss: -101.1095
2022-07-21 04:58:02,874 - mmpose - INFO - Epoch [89][50/87]	lr: 5.000e-04, eta: 0:47:14, time: 0.441, data_time: 0.198, memory: 1582, reg_loss: -101.6413, acc_pose: 0.7242, loss: -101.6413
2022-07-21 04:58:38,157 - mmpose - INFO - Epoch [90][50/87]	lr: 5.000e-04, eta: 0:46:49, time: 0.442, data_time: 0.157, memory: 1582, reg_loss: -101.3912, acc_pose: 0.7391, loss: -101.3912
2022-07-21 04:58:51,418 - mmpose - INFO - Saving checkpoint at 90 epochs
2022-07-21 04:59:21,689 - mmpose - INFO - The previous best checkpoint /data/tfj/workspace/python_projects/pose/mmpose0270/work_dirs/16_reg_shufflenetv2_mpii_256x256_rle/best_PCKh_epoch_80.pth was removed
2022-07-21 04:59:21,749 - mmpose - INFO - Now best checkpoint is saved as best_PCKh_epoch_90.pth.
2022-07-21 04:59:21,750 - mmpose - INFO - Best PCKh is 76.5912 at 90 epoch.
2022-07-21 04:59:21,750 - mmpose - INFO - Epoch(val) [90][24]	Head: 92.4625, Shoulder: 90.7609, Elbow: 76.5125, Wrist: 62.2753, Hip: 82.6035, Knee: 66.6126, Ankle: 55.8570, PCKh: 76.5912, PCKh@0.1: 15.3058
2022-07-21 04:59:43,157 - mmpose - INFO - Epoch [91][50/87]	lr: 5.000e-04, eta: 0:46:23, time: 0.428, data_time: 0.313, memory: 1582, reg_loss: -101.6464, acc_pose: 0.7233, loss: -101.6464
2022-07-21 05:00:18,097 - mmpose - INFO - Epoch [92][50/87]	lr: 5.000e-04, eta: 0:45:58, time: 0.434, data_time: 0.259, memory: 1582, reg_loss: -101.7340, acc_pose: 0.7312, loss: -101.7340
2022-07-21 05:00:53,229 - mmpose - INFO - Epoch [93][50/87]	lr: 5.000e-04, eta: 0:45:33, time: 0.435, data_time: 0.191, memory: 1582, reg_loss: -102.6909, acc_pose: 0.7271, loss: -102.6909
2022-07-21 05:01:28,246 - mmpose - INFO - Epoch [94][50/87]	lr: 5.000e-04, eta: 0:45:07, time: 0.432, data_time: 0.185, memory: 1582, reg_loss: -102.7144, acc_pose: 0.7302, loss: -102.7144
2022-07-21 05:02:21,467 - mmpose - INFO - Epoch [95][50/87]	lr: 5.000e-04, eta: 0:45:04, time: 0.798, data_time: 0.271, memory: 1582, reg_loss: -101.6208, acc_pose: 0.7222, loss: -101.6208
2022-07-21 05:02:56,171 - mmpose - INFO - Epoch [96][50/87]	lr: 5.000e-04, eta: 0:44:39, time: 0.439, data_time: 0.167, memory: 1582, reg_loss: -102.7298, acc_pose: 0.7349, loss: -102.7298
2022-07-21 05:03:30,721 - mmpose - INFO - Epoch [97][50/87]	lr: 5.000e-04, eta: 0:44:14, time: 0.435, data_time: 0.204, memory: 1582, reg_loss: -102.6950, acc_pose: 0.7316, loss: -102.6950
2022-07-21 05:04:05,319 - mmpose - INFO - Epoch [98][50/87]	lr: 5.000e-04, eta: 0:43:48, time: 0.430, data_time: 0.183, memory: 1582, reg_loss: -102.8002, acc_pose: 0.7326, loss: -102.8002
2022-07-21 05:04:40,811 - mmpose - INFO - Epoch [99][50/87]	lr: 5.000e-04, eta: 0:43:23, time: 0.433, data_time: 0.236, memory: 1582, reg_loss: -102.8003, acc_pose: 0.7333, loss: -102.8003
2022-07-21 05:05:15,562 - mmpose - INFO - Epoch [100][50/87]	lr: 5.000e-04, eta: 0:42:58, time: 0.434, data_time: 0.226, memory: 1582, reg_loss: -102.8241, acc_pose: 0.7277, loss: -102.8241
2022-07-21 05:05:28,449 - mmpose - INFO - Saving checkpoint at 100 epochs
2022-07-21 05:05:54,308 - mmpose - INFO - The previous best checkpoint /data/tfj/workspace/python_projects/pose/mmpose0270/work_dirs/16_reg_shufflenetv2_mpii_256x256_rle/best_PCKh_epoch_90.pth was removed
2022-07-21 05:05:54,370 - mmpose - INFO - Now best checkpoint is saved as best_PCKh_epoch_100.pth.
2022-07-21 05:05:54,370 - mmpose - INFO - Best PCKh is 77.0049 at 100 epoch.
2022-07-21 05:05:54,370 - mmpose - INFO - Epoch(val) [100][24]	Head: 92.6330, Shoulder: 90.9137, Elbow: 77.3479, Wrist: 63.6983, Hip: 82.3437, Knee: 67.3176, Ankle: 55.6681, PCKh: 77.0049, PCKh@0.1: 15.7637
2022-07-21 05:06:15,877 - mmpose - INFO - Epoch [101][50/87]	lr: 5.000e-04, eta: 0:42:32, time: 0.430, data_time: 0.205, memory: 1582, reg_loss: -101.5702, acc_pose: 0.7300, loss: -101.5702
2022-07-21 05:07:29,960 - mmpose - INFO - Epoch [102][50/87]	lr: 5.000e-04, eta: 0:42:49, time: 1.221, data_time: 1.115, memory: 1582, reg_loss: -103.0917, acc_pose: 0.7332, loss: -103.0917
2022-07-21 05:08:04,539 - mmpose - INFO - Epoch [103][50/87]	lr: 5.000e-04, eta: 0:42:23, time: 0.431, data_time: 0.248, memory: 1582, reg_loss: -103.1940, acc_pose: 0.7393, loss: -103.1940
2022-07-21 05:08:48,005 - mmpose - INFO - Epoch [104][50/87]	lr: 5.000e-04, eta: 0:42:06, time: 0.604, data_time: 0.500, memory: 1582, reg_loss: -103.5633, acc_pose: 0.7441, loss: -103.5633
2022-07-21 05:09:22,230 - mmpose - INFO - Epoch [105][50/87]	lr: 5.000e-04, eta: 0:41:40, time: 0.428, data_time: 0.259, memory: 1582, reg_loss: -103.0670, acc_pose: 0.7398, loss: -103.0670
2022-07-21 05:09:56,666 - mmpose - INFO - Epoch [106][50/87]	lr: 5.000e-04, eta: 0:41:14, time: 0.430, data_time: 0.218, memory: 1582, reg_loss: -103.4874, acc_pose: 0.7356, loss: -103.4874
2022-07-21 05:10:31,489 - mmpose - INFO - Epoch [107][50/87]	lr: 5.000e-04, eta: 0:40:49, time: 0.434, data_time: 0.305, memory: 1582, reg_loss: -103.1395, acc_pose: 0.7319, loss: -103.1395
2022-07-21 05:11:06,882 - mmpose - INFO - Epoch [108][50/87]	lr: 5.000e-04, eta: 0:40:23, time: 0.441, data_time: 0.177, memory: 1582, reg_loss: -103.1564, acc_pose: 0.7389, loss: -103.1564
2022-07-21 05:12:01,197 - mmpose - INFO - Epoch [109][50/87]	lr: 5.000e-04, eta: 0:39:58, time: 0.441, data_time: 0.142, memory: 1582, reg_loss: -103.5550, acc_pose: 0.7374, loss: -103.5550
2022-07-21 05:12:35,681 - mmpose - INFO - Epoch [110][50/87]	lr: 5.000e-04, eta: 0:39:33, time: 0.427, data_time: 0.216, memory: 1582, reg_loss: -103.8066, acc_pose: 0.7372, loss: -103.8066
2022-07-21 05:12:49,362 - mmpose - INFO - Saving checkpoint at 110 epochs
2022-07-21 05:13:20,219 - mmpose - INFO - The previous best checkpoint /data/tfj/workspace/python_projects/pose/mmpose0270/work_dirs/16_reg_shufflenetv2_mpii_256x256_rle/best_PCKh_epoch_100.pth was removed
2022-07-21 05:13:20,286 - mmpose - INFO - Now best checkpoint is saved as best_PCKh_epoch_110.pth.
2022-07-21 05:13:20,286 - mmpose - INFO - Best PCKh is 77.2521 at 110 epoch.
2022-07-21 05:13:20,287 - mmpose - INFO - Epoch(val) [110][24]	Head: 92.5648, Shoulder: 91.1005, Elbow: 77.7230, Wrist: 64.6400, Hip: 82.3264, Knee: 66.8753, Ankle: 56.4948, PCKh: 77.2521, PCKh@0.1: 16.1879
2022-07-21 05:13:41,865 - mmpose - INFO - Epoch [111][50/87]	lr: 5.000e-04, eta: 0:39:07, time: 0.431, data_time: 0.342, memory: 1582, reg_loss: -103.7656, acc_pose: 0.7396, loss: -103.7656
2022-07-21 05:14:47,787 - mmpose - INFO - Epoch [112][50/87]	lr: 5.000e-04, eta: 0:39:00, time: 0.843, data_time: 0.699, memory: 1582, reg_loss: -103.6315, acc_pose: 0.7428, loss: -103.6315
2022-07-21 05:15:22,926 - mmpose - INFO - Epoch [113][50/87]	lr: 5.000e-04, eta: 0:38:34, time: 0.427, data_time: 0.244, memory: 1582, reg_loss: -103.7848, acc_pose: 0.7436, loss: -103.7848
2022-07-21 05:15:57,714 - mmpose - INFO - Epoch [114][50/87]	lr: 5.000e-04, eta: 0:38:08, time: 0.432, data_time: 0.266, memory: 1582, reg_loss: -103.9817, acc_pose: 0.7369, loss: -103.9817
2022-07-21 05:16:32,180 - mmpose - INFO - Epoch [115][50/87]	lr: 5.000e-04, eta: 0:37:42, time: 0.425, data_time: 0.194, memory: 1582, reg_loss: -103.6265, acc_pose: 0.7386, loss: -103.6265
2022-07-21 05:17:07,795 - mmpose - INFO - Epoch [116][50/87]	lr: 5.000e-04, eta: 0:37:17, time: 0.438, data_time: 0.248, memory: 1582, reg_loss: -104.0941, acc_pose: 0.7333, loss: -104.0941
2022-07-21 05:17:42,254 - mmpose - INFO - Epoch [117][50/87]	lr: 5.000e-04, eta: 0:36:52, time: 0.429, data_time: 0.234, memory: 1582, reg_loss: -104.0292, acc_pose: 0.7347, loss: -104.0292
2022-07-21 05:18:17,071 - mmpose - INFO - Epoch [118][50/87]	lr: 5.000e-04, eta: 0:36:26, time: 0.432, data_time: 0.252, memory: 1582, reg_loss: -104.4431, acc_pose: 0.7495, loss: -104.4431
2022-07-21 05:18:51,959 - mmpose - INFO - Epoch [119][50/87]	lr: 5.000e-04, eta: 0:36:01, time: 0.432, data_time: 0.198, memory: 1582, reg_loss: -104.5847, acc_pose: 0.7401, loss: -104.5847
2022-07-21 05:19:26,747 - mmpose - INFO - Epoch [120][50/87]	lr: 5.000e-04, eta: 0:35:36, time: 0.434, data_time: 0.243, memory: 1582, reg_loss: -103.9900, acc_pose: 0.7416, loss: -103.9900
2022-07-21 05:19:39,963 - mmpose - INFO - Saving checkpoint at 120 epochs
2022-07-21 05:20:18,021 - mmpose - INFO - The previous best checkpoint /data/tfj/workspace/python_projects/pose/mmpose0270/work_dirs/16_reg_shufflenetv2_mpii_256x256_rle/best_PCKh_epoch_110.pth was removed
2022-07-21 05:20:18,108 - mmpose - INFO - Now best checkpoint is saved as best_PCKh_epoch_120.pth.
2022-07-21 05:20:18,108 - mmpose - INFO - Best PCKh is 77.6295 at 120 epoch.
2022-07-21 05:20:18,109 - mmpose - INFO - Epoch(val) [120][24]	Head: 92.8035, Shoulder: 90.9986, Elbow: 77.6377, Wrist: 64.4695, Hip: 83.5900, Knee: 67.8221, Ankle: 57.2971, PCKh: 77.6295, PCKh@0.1: 16.1645
2022-07-21 05:20:39,488 - mmpose - INFO - Epoch [121][50/87]	lr: 5.000e-04, eta: 0:35:11, time: 0.428, data_time: 0.272, memory: 1582, reg_loss: -104.2188, acc_pose: 0.7407, loss: -104.2188
2022-07-21 05:21:27,286 - mmpose - INFO - Epoch [122][50/87]	lr: 5.000e-04, eta: 0:34:46, time: 0.429, data_time: 0.266, memory: 1582, reg_loss: -104.5029, acc_pose: 0.7457, loss: -104.5029
2022-07-21 05:22:02,639 - mmpose - INFO - Epoch [123][50/87]	lr: 5.000e-04, eta: 0:34:21, time: 0.437, data_time: 0.214, memory: 1582, reg_loss: -103.7063, acc_pose: 0.7305, loss: -103.7063
2022-07-21 05:22:37,826 - mmpose - INFO - Epoch [124][50/87]	lr: 5.000e-04, eta: 0:33:56, time: 0.442, data_time: 0.326, memory: 1582, reg_loss: -103.9272, acc_pose: 0.7464, loss: -103.9272
2022-07-21 05:23:12,962 - mmpose - INFO - Epoch [125][50/87]	lr: 5.000e-04, eta: 0:33:31, time: 0.434, data_time: 0.215, memory: 1582, reg_loss: -103.9727, acc_pose: 0.7461, loss: -103.9727
2022-07-21 05:23:48,658 - mmpose - INFO - Epoch [126][50/87]	lr: 5.000e-04, eta: 0:33:07, time: 0.440, data_time: 0.193, memory: 1582, reg_loss: -104.0074, acc_pose: 0.7481, loss: -104.0074
2022-07-21 05:24:23,123 - mmpose - INFO - Epoch [127][50/87]	lr: 5.000e-04, eta: 0:32:42, time: 0.426, data_time: 0.287, memory: 1582, reg_loss: -104.7501, acc_pose: 0.7413, loss: -104.7501
2022-07-21 05:24:58,489 - mmpose - INFO - Epoch [128][50/87]	lr: 5.000e-04, eta: 0:32:17, time: 0.443, data_time: 0.315, memory: 1582, reg_loss: -104.6383, acc_pose: 0.7504, loss: -104.6383
2022-07-21 05:25:33,367 - mmpose - INFO - Epoch [129][50/87]	lr: 5.000e-04, eta: 0:31:53, time: 0.431, data_time: 0.177, memory: 1582, reg_loss: -103.8848, acc_pose: 0.7409, loss: -103.8848
2022-07-21 05:26:08,774 - mmpose - INFO - Epoch [130][50/87]	lr: 5.000e-04, eta: 0:31:28, time: 0.439, data_time: 0.110, memory: 1582, reg_loss: -105.1173, acc_pose: 0.7494, loss: -105.1173
2022-07-21 05:26:22,131 - mmpose - INFO - Saving checkpoint at 130 epochs
2022-07-21 05:26:30,711 - mmpose - INFO - The previous best checkpoint /data/tfj/workspace/python_projects/pose/mmpose0270/work_dirs/16_reg_shufflenetv2_mpii_256x256_rle/best_PCKh_epoch_120.pth was removed
2022-07-21 05:26:30,802 - mmpose - INFO - Now best checkpoint is saved as best_PCKh_epoch_130.pth.
2022-07-21 05:26:30,802 - mmpose - INFO - Best PCKh is 77.7648 at 130 epoch.
2022-07-21 05:26:30,803 - mmpose - INFO - Epoch(val) [130][24]	Head: 92.9400, Shoulder: 91.5591, Elbow: 78.0979, Wrist: 64.9840, Hip: 83.2266, Knee: 67.9630, Ankle: 56.7545, PCKh: 77.7648, PCKh@0.1: 16.1983
2022-07-21 05:26:52,249 - mmpose - INFO - Epoch [131][50/87]	lr: 5.000e-04, eta: 0:31:03, time: 0.429, data_time: 0.193, memory: 1582, reg_loss: -105.1797, acc_pose: 0.7483, loss: -105.1797
2022-07-21 05:27:27,255 - mmpose - INFO - Epoch [132][50/87]	lr: 5.000e-04, eta: 0:30:39, time: 0.433, data_time: 0.351, memory: 1582, reg_loss: -105.2416, acc_pose: 0.7453, loss: -105.2416
2022-07-21 05:28:01,436 - mmpose - INFO - Epoch [133][50/87]	lr: 5.000e-04, eta: 0:30:14, time: 0.427, data_time: 0.297, memory: 1582, reg_loss: -104.9246, acc_pose: 0.7464, loss: -104.9246
2022-07-21 05:28:36,310 - mmpose - INFO - Epoch [134][50/87]	lr: 5.000e-04, eta: 0:29:50, time: 0.434, data_time: 0.171, memory: 1582, reg_loss: -105.0819, acc_pose: 0.7509, loss: -105.0819
2022-07-21 05:29:54,251 - mmpose - INFO - Epoch [135][50/87]	lr: 5.000e-04, eta: 0:29:25, time: 0.431, data_time: 0.107, memory: 1582, reg_loss: -105.3245, acc_pose: 0.7479, loss: -105.3245
2022-07-21 05:30:29,015 - mmpose - INFO - Epoch [136][50/87]	lr: 5.000e-04, eta: 0:29:01, time: 0.433, data_time: 0.168, memory: 1582, reg_loss: -105.6397, acc_pose: 0.7530, loss: -105.6397
2022-07-21 05:31:03,905 - mmpose - INFO - Epoch [137][50/87]	lr: 5.000e-04, eta: 0:28:37, time: 0.433, data_time: 0.207, memory: 1582, reg_loss: -104.7078, acc_pose: 0.7380, loss: -104.7078
2022-07-21 05:31:38,462 - mmpose - INFO - Epoch [138][50/87]	lr: 5.000e-04, eta: 0:28:12, time: 0.432, data_time: 0.094, memory: 1582, reg_loss: -105.2285, acc_pose: 0.7459, loss: -105.2285
2022-07-21 05:32:13,811 - mmpose - INFO - Epoch [139][50/87]	lr: 5.000e-04, eta: 0:27:48, time: 0.430, data_time: 0.212, memory: 1582, reg_loss: -105.1893, acc_pose: 0.7532, loss: -105.1893
2022-07-21 05:32:48,660 - mmpose - INFO - Epoch [140][50/87]	lr: 5.000e-04, eta: 0:27:24, time: 0.436, data_time: 0.179, memory: 1582, reg_loss: -104.4438, acc_pose: 0.7467, loss: -104.4438
2022-07-21 05:33:01,392 - mmpose - INFO - Saving checkpoint at 140 epochs
2022-07-21 05:33:20,959 - mmpose - INFO - The previous best checkpoint /data/tfj/workspace/python_projects/pose/mmpose0270/work_dirs/16_reg_shufflenetv2_mpii_256x256_rle/best_PCKh_epoch_130.pth was removed
2022-07-21 05:33:21,029 - mmpose - INFO - Now best checkpoint is saved as best_PCKh_epoch_140.pth.
2022-07-21 05:33:21,029 - mmpose - INFO - Best PCKh is 77.8272 at 140 epoch.
2022-07-21 05:33:21,030 - mmpose - INFO - Epoch(val) [140][24]	Head: 92.9059, Shoulder: 91.6780, Elbow: 77.8254, Wrist: 65.3782, Hip: 83.5035, Knee: 68.0840, Ankle: 56.2346, PCKh: 77.8272, PCKh@0.1: 16.1749
2022-07-21 05:34:02,964 - mmpose - INFO - Epoch [141][50/87]	lr: 5.000e-04, eta: 0:27:10, time: 0.839, data_time: 0.642, memory: 1582, reg_loss: -105.5601, acc_pose: 0.7445, loss: -105.5601
2022-07-21 05:34:37,854 - mmpose - INFO - Epoch [142][50/87]	lr: 5.000e-04, eta: 0:26:45, time: 0.430, data_time: 0.274, memory: 1582, reg_loss: -105.8634, acc_pose: 0.7496, loss: -105.8634
2022-07-21 05:35:12,726 - mmpose - INFO - Epoch [143][50/87]	lr: 5.000e-04, eta: 0:26:21, time: 0.430, data_time: 0.239, memory: 1582, reg_loss: -105.5942, acc_pose: 0.7535, loss: -105.5942
2022-07-21 05:35:47,903 - mmpose - INFO - Epoch [144][50/87]	lr: 5.000e-04, eta: 0:25:57, time: 0.436, data_time: 0.178, memory: 1582, reg_loss: -105.6118, acc_pose: 0.7553, loss: -105.6118
2022-07-21 05:36:34,981 - mmpose - INFO - Epoch [145][50/87]	lr: 5.000e-04, eta: 0:25:38, time: 0.675, data_time: 0.206, memory: 1582, reg_loss: -106.1753, acc_pose: 0.7497, loss: -106.1753
2022-07-21 05:37:26,305 - mmpose - INFO - Epoch [146][50/87]	lr: 5.000e-04, eta: 0:25:13, time: 0.435, data_time: 0.172, memory: 1582, reg_loss: -105.8059, acc_pose: 0.7547, loss: -105.8059
2022-07-21 05:38:01,164 - mmpose - INFO - Epoch [147][50/87]	lr: 5.000e-04, eta: 0:24:49, time: 0.433, data_time: 0.272, memory: 1582, reg_loss: -105.5105, acc_pose: 0.7506, loss: -105.5105
2022-07-21 05:38:36,135 - mmpose - INFO - Epoch [148][50/87]	lr: 5.000e-04, eta: 0:24:25, time: 0.432, data_time: 0.223, memory: 1582, reg_loss: -105.6486, acc_pose: 0.7541, loss: -105.6486
2022-07-21 05:39:11,059 - mmpose - INFO - Epoch [149][50/87]	lr: 5.000e-04, eta: 0:24:01, time: 0.431, data_time: 0.156, memory: 1582, reg_loss: -105.6978, acc_pose: 0.7567, loss: -105.6978
2022-07-21 05:39:46,020 - mmpose - INFO - Epoch [150][50/87]	lr: 5.000e-04, eta: 0:23:36, time: 0.437, data_time: 0.201, memory: 1582, reg_loss: -106.3232, acc_pose: 0.7513, loss: -106.3232
2022-07-21 05:39:59,211 - mmpose - INFO - Saving checkpoint at 150 epochs
2022-07-21 05:40:11,485 - mmpose - INFO - The previous best checkpoint /data/tfj/workspace/python_projects/pose/mmpose0270/work_dirs/16_reg_shufflenetv2_mpii_256x256_rle/best_PCKh_epoch_140.pth was removed
2022-07-21 05:40:11,545 - mmpose - INFO - Now best checkpoint is saved as best_PCKh_epoch_150.pth.
2022-07-21 05:40:11,545 - mmpose - INFO - Best PCKh is 77.9079 at 150 epoch.
2022-07-21 05:40:11,545 - mmpose - INFO - Epoch(val) [150][24]	Head: 92.9059, Shoulder: 91.3553, Elbow: 78.4046, Wrist: 64.8800, Hip: 83.6420, Knee: 68.3865, Ankle: 56.8016, PCKh: 77.9079, PCKh@0.1: 16.1514
2022-07-21 05:40:55,742 - mmpose - INFO - Epoch [151][50/87]	lr: 5.000e-04, eta: 0:23:21, time: 0.884, data_time: 0.772, memory: 1582, reg_loss: -105.8655, acc_pose: 0.7532, loss: -105.8655
2022-07-21 05:41:30,476 - mmpose - INFO - Epoch [152][50/87]	lr: 5.000e-04, eta: 0:22:57, time: 0.438, data_time: 0.168, memory: 1582, reg_loss: -105.7358, acc_pose: 0.7528, loss: -105.7358
2022-07-21 05:42:04,893 - mmpose - INFO - Epoch [153][50/87]	lr: 5.000e-04, eta: 0:22:33, time: 0.430, data_time: 0.211, memory: 1582, reg_loss: -105.6546, acc_pose: 0.7501, loss: -105.6546
2022-07-21 05:42:39,802 - mmpose - INFO - Epoch [154][50/87]	lr: 5.000e-04, eta: 0:22:08, time: 0.429, data_time: 0.191, memory: 1582, reg_loss: -105.6213, acc_pose: 0.7517, loss: -105.6213
2022-07-21 05:43:14,380 - mmpose - INFO - Epoch [155][50/87]	lr: 5.000e-04, eta: 0:21:44, time: 0.430, data_time: 0.142, memory: 1582, reg_loss: -105.9050, acc_pose: 0.7507, loss: -105.9050
2022-07-21 05:43:54,020 - mmpose - INFO - Epoch [156][50/87]	lr: 5.000e-04, eta: 0:21:20, time: 0.436, data_time: 0.303, memory: 1582, reg_loss: -106.0524, acc_pose: 0.7515, loss: -106.0524
2022-07-21 05:44:28,728 - mmpose - INFO - Epoch [157][50/87]	lr: 5.000e-04, eta: 0:20:56, time: 0.434, data_time: 0.213, memory: 1582, reg_loss: -106.4602, acc_pose: 0.7583, loss: -106.4602
2022-07-21 05:45:03,617 - mmpose - INFO - Epoch [158][50/87]	lr: 5.000e-04, eta: 0:20:32, time: 0.431, data_time: 0.288, memory: 1582, reg_loss: -106.1359, acc_pose: 0.7512, loss: -106.1359
2022-07-21 05:45:38,430 - mmpose - INFO - Epoch [159][50/87]	lr: 5.000e-04, eta: 0:20:07, time: 0.434, data_time: 0.215, memory: 1582, reg_loss: -106.4346, acc_pose: 0.7525, loss: -106.4346
2022-07-21 05:46:13,356 - mmpose - INFO - Epoch [160][50/87]	lr: 5.000e-04, eta: 0:19:43, time: 0.433, data_time: 0.159, memory: 1582, reg_loss: -106.5831, acc_pose: 0.7549, loss: -106.5831
2022-07-21 05:46:26,406 - mmpose - INFO - Saving checkpoint at 160 epochs
2022-07-21 05:46:49,557 - mmpose - INFO - The previous best checkpoint /data/tfj/workspace/python_projects/pose/mmpose0270/work_dirs/16_reg_shufflenetv2_mpii_256x256_rle/best_PCKh_epoch_150.pth was removed
2022-07-21 05:46:49,626 - mmpose - INFO - Now best checkpoint is saved as best_PCKh_epoch_160.pth.
2022-07-21 05:46:49,626 - mmpose - INFO - Best PCKh is 78.1421 at 160 epoch.
2022-07-21 05:46:49,627 - mmpose - INFO - Epoch(val) [160][24]	Head: 93.0423, Shoulder: 90.9817, Elbow: 78.9844, Wrist: 66.1149, Hip: 83.6247, Knee: 68.4462, Ankle: 56.9200, PCKh: 78.1421, PCKh@0.1: 16.9321
2022-07-21 05:47:11,091 - mmpose - INFO - Epoch [161][50/87]	lr: 5.000e-04, eta: 0:19:19, time: 0.429, data_time: 0.307, memory: 1582, reg_loss: -106.4041, acc_pose: 0.7555, loss: -106.4041
2022-07-21 05:47:46,024 - mmpose - INFO - Epoch [162][50/87]	lr: 5.000e-04, eta: 0:18:55, time: 0.432, data_time: 0.207, memory: 1582, reg_loss: -106.3778, acc_pose: 0.7578, loss: -106.3778
2022-07-21 05:48:20,353 - mmpose - INFO - Epoch [163][50/87]	lr: 5.000e-04, eta: 0:18:31, time: 0.423, data_time: 0.260, memory: 1582, reg_loss: -106.3672, acc_pose: 0.7565, loss: -106.3672
2022-07-21 05:48:55,150 - mmpose - INFO - Epoch [164][50/87]	lr: 5.000e-04, eta: 0:18:07, time: 0.426, data_time: 0.246, memory: 1582, reg_loss: -107.3003, acc_pose: 0.7638, loss: -107.3003
2022-07-21 05:49:31,265 - mmpose - INFO - Epoch [165][50/87]	lr: 5.000e-04, eta: 0:17:43, time: 0.457, data_time: 0.104, memory: 1582, reg_loss: -106.6485, acc_pose: 0.7555, loss: -106.6485
2022-07-21 05:50:05,950 - mmpose - INFO - Epoch [166][50/87]	lr: 5.000e-04, eta: 0:17:20, time: 0.432, data_time: 0.245, memory: 1582, reg_loss: -106.5805, acc_pose: 0.7582, loss: -106.5805
2022-07-21 05:50:41,404 - mmpose - INFO - Epoch [167][50/87]	lr: 5.000e-04, eta: 0:16:56, time: 0.434, data_time: 0.210, memory: 1582, reg_loss: -107.0711, acc_pose: 0.7613, loss: -107.0711
2022-07-21 05:51:16,257 - mmpose - INFO - Epoch [168][50/87]	lr: 5.000e-04, eta: 0:16:32, time: 0.429, data_time: 0.238, memory: 1582, reg_loss: -106.6628, acc_pose: 0.7589, loss: -106.6628
2022-07-21 05:51:58,271 - mmpose - INFO - Epoch [169][50/87]	lr: 5.000e-04, eta: 0:16:08, time: 0.436, data_time: 0.099, memory: 1582, reg_loss: -106.7526, acc_pose: 0.7548, loss: -106.7526
2022-07-21 05:52:32,692 - mmpose - INFO - Epoch [170][50/87]	lr: 5.000e-04, eta: 0:15:44, time: 0.429, data_time: 0.295, memory: 1582, reg_loss: -107.3625, acc_pose: 0.7596, loss: -107.3625
2022-07-21 05:52:45,633 - mmpose - INFO - Saving checkpoint at 170 epochs
2022-07-21 05:53:25,755 - mmpose - INFO - Epoch(val) [170][24]	Head: 93.2128, Shoulder: 91.2704, Elbow: 78.2682, Wrist: 65.5485, Hip: 83.0015, Knee: 68.6882, Ankle: 57.6516, PCKh: 78.0432, PCKh@0.1: 16.2399
2022-07-21 05:53:47,913 - mmpose - INFO - Epoch [171][50/87]	lr: 5.000e-05, eta: 0:15:21, time: 0.443, data_time: 0.220, memory: 1582, reg_loss: -108.4115, acc_pose: 0.7615, loss: -108.4115
2022-07-21 05:54:22,501 - mmpose - INFO - Epoch [172][50/87]	lr: 5.000e-05, eta: 0:14:57, time: 0.431, data_time: 0.174, memory: 1582, reg_loss: -108.8540, acc_pose: 0.7628, loss: -108.8540
2022-07-21 05:54:58,034 - mmpose - INFO - Epoch [173][50/87]	lr: 5.000e-05, eta: 0:14:33, time: 0.444, data_time: 0.193, memory: 1582, reg_loss: -109.8825, acc_pose: 0.7641, loss: -109.8825
2022-07-21 05:55:33,021 - mmpose - INFO - Epoch [174][50/87]	lr: 5.000e-05, eta: 0:14:10, time: 0.439, data_time: 0.180, memory: 1582, reg_loss: -110.1099, acc_pose: 0.7745, loss: -110.1099
2022-07-21 05:56:08,349 - mmpose - INFO - Epoch [175][50/87]	lr: 5.000e-05, eta: 0:13:46, time: 0.442, data_time: 0.195, memory: 1582, reg_loss: -110.5777, acc_pose: 0.7731, loss: -110.5777
2022-07-21 05:56:43,209 - mmpose - INFO - Epoch [176][50/87]	lr: 5.000e-05, eta: 0:13:22, time: 0.435, data_time: 0.178, memory: 1582, reg_loss: -110.2968, acc_pose: 0.7779, loss: -110.2968
2022-07-21 05:57:18,287 - mmpose - INFO - Epoch [177][50/87]	lr: 5.000e-05, eta: 0:12:59, time: 0.437, data_time: 0.233, memory: 1582, reg_loss: -110.8352, acc_pose: 0.7810, loss: -110.8352
2022-07-21 05:57:53,677 - mmpose - INFO - Epoch [178][50/87]	lr: 5.000e-05, eta: 0:12:35, time: 0.425, data_time: 0.224, memory: 1582, reg_loss: -110.8631, acc_pose: 0.7775, loss: -110.8631
2022-07-21 05:58:39,155 - mmpose - INFO - Epoch [179][50/87]	lr: 5.000e-05, eta: 0:12:12, time: 0.443, data_time: 0.339, memory: 1582, reg_loss: -110.2663, acc_pose: 0.7695, loss: -110.2663
2022-07-21 05:59:28,016 - mmpose - INFO - Epoch [180][50/87]	lr: 5.000e-05, eta: 0:11:48, time: 0.439, data_time: 0.326, memory: 1582, reg_loss: -110.8916, acc_pose: 0.7719, loss: -110.8916
2022-07-21 05:59:41,278 - mmpose - INFO - Saving checkpoint at 180 epochs
2022-07-21 05:59:46,071 - mmpose - INFO - The previous best checkpoint /data/tfj/workspace/python_projects/pose/mmpose0270/work_dirs/16_reg_shufflenetv2_mpii_256x256_rle/best_PCKh_epoch_160.pth was removed
2022-07-21 05:59:46,130 - mmpose - INFO - Now best checkpoint is saved as best_PCKh_epoch_180.pth.
2022-07-21 05:59:46,131 - mmpose - INFO - Best PCKh is 78.8551 at 180 epoch.
2022-07-21 05:59:46,131 - mmpose - INFO - Epoch(val) [180][24]	Head: 93.4516, Shoulder: 91.7969, Elbow: 79.4444, Wrist: 66.7984, Hip: 83.8671, Knee: 69.2929, Ankle: 58.9273, PCKh: 78.8551, PCKh@0.1: 17.6321
2022-07-21 06:00:07,920 - mmpose - INFO - Epoch [181][50/87]	lr: 5.000e-05, eta: 0:11:24, time: 0.436, data_time: 0.327, memory: 1582, reg_loss: -111.3842, acc_pose: 0.7798, loss: -111.3842
2022-07-21 06:00:43,317 - mmpose - INFO - Epoch [182][50/87]	lr: 5.000e-05, eta: 0:11:01, time: 0.439, data_time: 0.234, memory: 1582, reg_loss: -111.0918, acc_pose: 0.7760, loss: -111.0918
2022-07-21 06:01:18,037 - mmpose - INFO - Epoch [183][50/87]	lr: 5.000e-05, eta: 0:10:37, time: 0.431, data_time: 0.222, memory: 1582, reg_loss: -110.9101, acc_pose: 0.7762, loss: -110.9101
2022-07-21 06:01:53,463 - mmpose - INFO - Epoch [184][50/87]	lr: 5.000e-05, eta: 0:10:14, time: 0.439, data_time: 0.199, memory: 1582, reg_loss: -110.8297, acc_pose: 0.7734, loss: -110.8297
2022-07-21 06:02:28,497 - mmpose - INFO - Epoch [185][50/87]	lr: 5.000e-05, eta: 0:09:51, time: 0.437, data_time: 0.237, memory: 1582, reg_loss: -110.9253, acc_pose: 0.7770, loss: -110.9253
2022-07-21 06:03:03,512 - mmpose - INFO - Epoch [186][50/87]	lr: 5.000e-05, eta: 0:09:27, time: 0.429, data_time: 0.239, memory: 1582, reg_loss: -111.8244, acc_pose: 0.7785, loss: -111.8244
2022-07-21 06:03:37,992 - mmpose - INFO - Epoch [187][50/87]	lr: 5.000e-05, eta: 0:09:04, time: 0.422, data_time: 0.214, memory: 1582, reg_loss: -111.6956, acc_pose: 0.7768, loss: -111.6956
2022-07-21 06:04:25,983 - mmpose - INFO - Epoch [188][50/87]	lr: 5.000e-05, eta: 0:08:42, time: 0.693, data_time: 0.495, memory: 1582, reg_loss: -111.2317, acc_pose: 0.7747, loss: -111.2317
2022-07-21 06:05:00,816 - mmpose - INFO - Epoch [189][50/87]	lr: 5.000e-05, eta: 0:08:18, time: 0.438, data_time: 0.338, memory: 1582, reg_loss: -110.8208, acc_pose: 0.7725, loss: -110.8208
2022-07-21 06:05:36,123 - mmpose - INFO - Epoch [190][50/87]	lr: 5.000e-05, eta: 0:07:55, time: 0.446, data_time: 0.201, memory: 1582, reg_loss: -111.2966, acc_pose: 0.7775, loss: -111.2966
2022-07-21 06:05:49,399 - mmpose - INFO - Saving checkpoint at 190 epochs
2022-07-21 06:05:54,211 - mmpose - INFO - The previous best checkpoint /data/tfj/workspace/python_projects/pose/mmpose0270/work_dirs/16_reg_shufflenetv2_mpii_256x256_rle/best_PCKh_epoch_180.pth was removed
2022-07-21 06:05:54,282 - mmpose - INFO - Now best checkpoint is saved as best_PCKh_epoch_190.pth.
2022-07-21 06:05:54,283 - mmpose - INFO - Best PCKh is 78.9617 at 190 epoch.
2022-07-21 06:05:54,283 - mmpose - INFO - Epoch(val) [190][24]	Head: 93.3151, Shoulder: 91.7629, Elbow: 79.4955, Wrist: 66.7819, Hip: 84.0575, Knee: 69.3333, Ankle: 59.6363, PCKh: 78.9617, PCKh@0.1: 17.7257
2022-07-21 06:06:51,890 - mmpose - INFO - Epoch [191][50/87]	lr: 5.000e-05, eta: 0:07:35, time: 1.152, data_time: 1.028, memory: 1582, reg_loss: -111.2976, acc_pose: 0.7751, loss: -111.2976
2022-07-21 06:07:27,132 - mmpose - INFO - Epoch [192][50/87]	lr: 5.000e-05, eta: 0:07:12, time: 0.438, data_time: 0.219, memory: 1582, reg_loss: -111.0152, acc_pose: 0.7773, loss: -111.0152
2022-07-21 06:08:02,507 - mmpose - INFO - Epoch [193][50/87]	lr: 5.000e-05, eta: 0:06:48, time: 0.434, data_time: 0.341, memory: 1582, reg_loss: -110.9807, acc_pose: 0.7833, loss: -110.9807
2022-07-21 06:08:39,735 - mmpose - INFO - Epoch [194][50/87]	lr: 5.000e-05, eta: 0:06:24, time: 0.443, data_time: 0.161, memory: 1582, reg_loss: -111.0847, acc_pose: 0.7837, loss: -111.0847
2022-07-21 06:09:15,537 - mmpose - INFO - Epoch [195][50/87]	lr: 5.000e-05, eta: 0:06:01, time: 0.436, data_time: 0.316, memory: 1582, reg_loss: -112.0428, acc_pose: 0.7787, loss: -112.0428
2022-07-21 06:09:51,154 - mmpose - INFO - Epoch [196][50/87]	lr: 5.000e-05, eta: 0:05:37, time: 0.441, data_time: 0.151, memory: 1582, reg_loss: -111.5760, acc_pose: 0.7855, loss: -111.5760
2022-07-21 06:10:25,974 - mmpose - INFO - Epoch [197][50/87]	lr: 5.000e-05, eta: 0:05:14, time: 0.434, data_time: 0.334, memory: 1582, reg_loss: -111.3179, acc_pose: 0.7726, loss: -111.3179
2022-07-21 06:11:01,313 - mmpose - INFO - Epoch [198][50/87]	lr: 5.000e-05, eta: 0:04:50, time: 0.429, data_time: 0.193, memory: 1582, reg_loss: -111.4673, acc_pose: 0.7776, loss: -111.4673
2022-07-21 06:11:37,005 - mmpose - INFO - Epoch [199][50/87]	lr: 5.000e-05, eta: 0:04:27, time: 0.441, data_time: 0.238, memory: 1582, reg_loss: -111.3200, acc_pose: 0.7755, loss: -111.3200
2022-07-21 06:12:11,757 - mmpose - INFO - Epoch [200][50/87]	lr: 5.000e-05, eta: 0:04:03, time: 0.433, data_time: 0.344, memory: 1582, reg_loss: -111.4622, acc_pose: 0.7774, loss: -111.4622
2022-07-21 06:12:25,729 - mmpose - INFO - Saving checkpoint at 200 epochs
2022-07-21 06:12:41,327 - mmpose - INFO - The previous best checkpoint /data/tfj/workspace/python_projects/pose/mmpose0270/work_dirs/16_reg_shufflenetv2_mpii_256x256_rle/best_PCKh_epoch_190.pth was removed
2022-07-21 06:12:41,388 - mmpose - INFO - Now best checkpoint is saved as best_PCKh_epoch_200.pth.
2022-07-21 06:12:41,388 - mmpose - INFO - Best PCKh is 78.9956 at 200 epoch.
2022-07-21 06:12:41,389 - mmpose - INFO - Epoch(val) [200][24]	Head: 93.5198, Shoulder: 91.7120, Elbow: 79.4445, Wrist: 66.9011, Hip: 84.0575, Knee: 69.6558, Ankle: 59.3284, PCKh: 78.9956, PCKh@0.1: 17.7309
2022-07-21 06:13:03,805 - mmpose - INFO - Epoch [201][50/87]	lr: 5.000e-06, eta: 0:03:40, time: 0.448, data_time: 0.144, memory: 1582, reg_loss: -112.1261, acc_pose: 0.7819, loss: -112.1261
2022-07-21 06:13:39,068 - mmpose - INFO - Epoch [202][50/87]	lr: 5.000e-06, eta: 0:03:16, time: 0.441, data_time: 0.097, memory: 1582, reg_loss: -112.1059, acc_pose: 0.7834, loss: -112.1059
2022-07-21 06:14:16,247 - mmpose - INFO - Epoch [203][50/87]	lr: 5.000e-06, eta: 0:02:53, time: 0.439, data_time: 0.271, memory: 1582, reg_loss: -112.4108, acc_pose: 0.7833, loss: -112.4108
2022-07-21 06:14:51,305 - mmpose - INFO - Epoch [204][50/87]	lr: 5.000e-06, eta: 0:02:30, time: 0.431, data_time: 0.227, memory: 1582, reg_loss: -111.3376, acc_pose: 0.7824, loss: -111.3376
2022-07-21 06:15:26,318 - mmpose - INFO - Epoch [205][50/87]	lr: 5.000e-06, eta: 0:02:06, time: 0.435, data_time: 0.243, memory: 1582, reg_loss: -111.7530, acc_pose: 0.7789, loss: -111.7530
2022-07-21 06:16:01,104 - mmpose - INFO - Epoch [206][50/87]	lr: 5.000e-06, eta: 0:01:43, time: 0.427, data_time: 0.305, memory: 1582, reg_loss: -112.0226, acc_pose: 0.7811, loss: -112.0226
2022-07-21 06:16:35,626 - mmpose - INFO - Epoch [207][50/87]	lr: 5.000e-06, eta: 0:01:19, time: 0.430, data_time: 0.196, memory: 1582, reg_loss: -112.8922, acc_pose: 0.7837, loss: -112.8922
2022-07-21 06:17:10,993 - mmpose - INFO - Epoch [208][50/87]	lr: 5.000e-06, eta: 0:00:56, time: 0.437, data_time: 0.218, memory: 1582, reg_loss: -111.9110, acc_pose: 0.7839, loss: -111.9110
2022-07-21 06:17:47,683 - mmpose - INFO - Epoch [209][50/87]	lr: 5.000e-06, eta: 0:00:33, time: 0.460, data_time: 0.149, memory: 1582, reg_loss: -111.8362, acc_pose: 0.7769, loss: -111.8362
2022-07-21 06:18:23,411 - mmpose - INFO - Epoch [210][50/87]	lr: 5.000e-06, eta: 0:00:09, time: 0.428, data_time: 0.247, memory: 1582, reg_loss: -112.1312, acc_pose: 0.7782, loss: -112.1312
2022-07-21 06:18:36,754 - mmpose - INFO - Saving checkpoint at 210 epochs
2022-07-21 06:19:21,478 - mmpose - INFO - The previous best checkpoint /data/tfj/workspace/python_projects/pose/mmpose0270/work_dirs/16_reg_shufflenetv2_mpii_256x256_rle/best_PCKh_epoch_200.pth was removed
2022-07-21 06:19:21,556 - mmpose - INFO - Now best checkpoint is saved as best_PCKh_epoch_210.pth.
2022-07-21 06:19:21,556 - mmpose - INFO - Best PCKh is 79.0138 at 210 epoch.
2022-07-21 06:19:21,556 - mmpose - INFO - Epoch(val) [210][24]	Head: 93.5880, Shoulder: 91.9497, Elbow: 79.6150, Wrist: 66.9190, Hip: 83.9709, Knee: 69.2931, Ankle: 59.3993, PCKh: 79.0138, PCKh@0.1: 17.7856
