2022-07-25 02:00:35,254 - mmpose - INFO - Environment info:
------------------------------------------------------------
sys.platform: linux
Python: 3.9.7 (default, Sep 16 2021, 13:09:58) [GCC 7.5.0]
CUDA available: True
GPU 0,1,2,3: NVIDIA GeForce RTX 3090
CUDA_HOME: /usr/local/cuda-11.1
NVCC: Cuda compilation tools, release 11.1, V11.1.74
GCC: gcc (Ubuntu 7.5.0-3ubuntu1~18.04) 7.5.0
PyTorch: 1.9.1+cu111
PyTorch compiling details: PyTorch built with:
  - GCC 7.3
  - C++ Version: 201402
  - Intel(R) Math Kernel Library Version 2020.0.0 Product Build 20191122 for Intel(R) 64 architecture applications
  - Intel(R) MKL-DNN v2.1.2 (Git Hash 98be7e8afa711dc9b66c8ff3504129cb82013cdb)
  - OpenMP 201511 (a.k.a. OpenMP 4.5)
  - NNPACK is enabled
  - CPU capability usage: AVX2
  - CUDA Runtime 11.1
  - NVCC architecture flags: -gencode;arch=compute_37,code=sm_37;-gencode;arch=compute_50,code=sm_50;-gencode;arch=compute_60,code=sm_60;-gencode;arch=compute_70,code=sm_70;-gencode;arch=compute_75,code=sm_75;-gencode;arch=compute_80,code=sm_80;-gencode;arch=compute_86,code=sm_86
  - CuDNN 8.0.5
  - Magma 2.5.2
  - Build settings: BLAS_INFO=mkl, BUILD_TYPE=Release, CUDA_VERSION=11.1, CUDNN_VERSION=8.0.5, CXX_COMPILER=/opt/rh/devtoolset-7/root/usr/bin/c++, CXX_FLAGS= -Wno-deprecated -fvisibility-inlines-hidden -DUSE_PTHREADPOOL -fopenmp -DNDEBUG -DUSE_KINETO -DUSE_FBGEMM -DUSE_QNNPACK -DUSE_PYTORCH_QNNPACK -DUSE_XNNPACK -DSYMBOLICATE_MOBILE_DEBUG_HANDLE -O2 -fPIC -Wno-narrowing -Wall -Wextra -Werror=return-type -Wno-missing-field-initializers -Wno-type-limits -Wno-array-bounds -Wno-unknown-pragmas -Wno-sign-compare -Wno-unused-parameter -Wno-unused-variable -Wno-unused-function -Wno-unused-result -Wno-unused-local-typedefs -Wno-strict-overflow -Wno-strict-aliasing -Wno-error=deprecated-declarations -Wno-stringop-overflow -Wno-psabi -Wno-error=pedantic -Wno-error=redundant-decls -Wno-error=old-style-cast -fdiagnostics-color=always -faligned-new -Wno-unused-but-set-variable -Wno-maybe-uninitialized -fno-math-errno -fno-trapping-math -Werror=format -Wno-stringop-overflow, LAPACK_INFO=mkl, PERF_WITH_AVX=1, PERF_WITH_AVX2=1, PERF_WITH_AVX512=1, TORCH_VERSION=1.9.1, USE_CUDA=ON, USE_CUDNN=ON, USE_EXCEPTION_PTR=1, USE_GFLAGS=OFF, USE_GLOG=OFF, USE_MKL=ON, USE_MKLDNN=ON, USE_MPI=OFF, USE_NCCL=ON, USE_NNPACK=ON, USE_OPENMP=ON, 

TorchVision: 0.10.1+cu111
OpenCV: 4.5.5
MMCV: 1.5.1
MMCV Compiler: GCC 7.5
MMCV CUDA Compiler: 11.1
MMPose: 0.27.0+55239ae
------------------------------------------------------------

2022-07-25 02:00:35,255 - mmpose - INFO - Distributed training: True
2022-07-25 02:00:39,009 - mmpose - INFO - Config:
checkpoint_config = dict(interval=10)
log_config = dict(interval=50, hooks=[dict(type='TextLoggerHook')])
log_level = 'INFO'
load_from = None
resume_from = None
dist_params = dict(backend='nccl')
workflow = [('train', 1)]
opencv_num_threads = 0
mp_start_method = 'fork'
dataset_info = dict(
    dataset_name='mpii',
    paper_info=dict(
        author=
        'Mykhaylo Andriluka and Leonid Pishchulin and Peter Gehler and Schiele, Bernt',
        title=
        '2D Human Pose Estimation: New Benchmark and State of the Art Analysis',
        container=
        'IEEE Conference on Computer Vision and Pattern Recognition (CVPR)',
        year='2014',
        homepage='http://human-pose.mpi-inf.mpg.de/'),
    keypoint_info=dict({
        0:
        dict(
            name='right_ankle',
            id=0,
            color=[255, 128, 0],
            type='lower',
            swap='left_ankle'),
        1:
        dict(
            name='right_knee',
            id=1,
            color=[255, 128, 0],
            type='lower',
            swap='left_knee'),
        2:
        dict(
            name='right_hip',
            id=2,
            color=[255, 128, 0],
            type='lower',
            swap='left_hip'),
        3:
        dict(
            name='left_hip',
            id=3,
            color=[0, 255, 0],
            type='lower',
            swap='right_hip'),
        4:
        dict(
            name='left_knee',
            id=4,
            color=[0, 255, 0],
            type='lower',
            swap='right_knee'),
        5:
        dict(
            name='left_ankle',
            id=5,
            color=[0, 255, 0],
            type='lower',
            swap='right_ankle'),
        6:
        dict(name='pelvis', id=6, color=[51, 153, 255], type='lower', swap=''),
        7:
        dict(name='thorax', id=7, color=[51, 153, 255], type='upper', swap=''),
        8:
        dict(
            name='upper_neck',
            id=8,
            color=[51, 153, 255],
            type='upper',
            swap=''),
        9:
        dict(
            name='head_top', id=9, color=[51, 153, 255], type='upper',
            swap=''),
        10:
        dict(
            name='right_wrist',
            id=10,
            color=[255, 128, 0],
            type='upper',
            swap='left_wrist'),
        11:
        dict(
            name='right_elbow',
            id=11,
            color=[255, 128, 0],
            type='upper',
            swap='left_elbow'),
        12:
        dict(
            name='right_shoulder',
            id=12,
            color=[255, 128, 0],
            type='upper',
            swap='left_shoulder'),
        13:
        dict(
            name='left_shoulder',
            id=13,
            color=[0, 255, 0],
            type='upper',
            swap='right_shoulder'),
        14:
        dict(
            name='left_elbow',
            id=14,
            color=[0, 255, 0],
            type='upper',
            swap='right_elbow'),
        15:
        dict(
            name='left_wrist',
            id=15,
            color=[0, 255, 0],
            type='upper',
            swap='right_wrist')
    }),
    skeleton_info=dict({
        0:
        dict(link=('right_ankle', 'right_knee'), id=0, color=[255, 128, 0]),
        1:
        dict(link=('right_knee', 'right_hip'), id=1, color=[255, 128, 0]),
        2:
        dict(link=('right_hip', 'pelvis'), id=2, color=[255, 128, 0]),
        3:
        dict(link=('pelvis', 'left_hip'), id=3, color=[0, 255, 0]),
        4:
        dict(link=('left_hip', 'left_knee'), id=4, color=[0, 255, 0]),
        5:
        dict(link=('left_knee', 'left_ankle'), id=5, color=[0, 255, 0]),
        6:
        dict(link=('pelvis', 'thorax'), id=6, color=[51, 153, 255]),
        7:
        dict(link=('thorax', 'upper_neck'), id=7, color=[51, 153, 255]),
        8:
        dict(link=('upper_neck', 'head_top'), id=8, color=[51, 153, 255]),
        9:
        dict(link=('upper_neck', 'right_shoulder'), id=9, color=[255, 128, 0]),
        10:
        dict(
            link=('right_shoulder', 'right_elbow'), id=10, color=[255, 128,
                                                                  0]),
        11:
        dict(link=('right_elbow', 'right_wrist'), id=11, color=[255, 128, 0]),
        12:
        dict(link=('upper_neck', 'left_shoulder'), id=12, color=[0, 255, 0]),
        13:
        dict(link=('left_shoulder', 'left_elbow'), id=13, color=[0, 255, 0]),
        14:
        dict(link=('left_elbow', 'left_wrist'), id=14, color=[0, 255, 0])
    }),
    joint_weights=[
        1.5, 1.2, 1.0, 1.0, 1.2, 1.5, 1.0, 1.0, 1.0, 1.0, 1.5, 1.2, 1.0, 1.0,
        1.2, 1.5
    ],
    sigmas=[
        0.089, 0.083, 0.107, 0.107, 0.083, 0.089, 0.026, 0.026, 0.026, 0.026,
        0.062, 0.072, 0.179, 0.179, 0.072, 0.062
    ])
evaluation = dict(interval=10, metric='PCKh', save_best='PCKh')
optimizer = dict(type='AdamW', lr=0.0005)
optimizer_config = dict(grad_clip=None)
lr_config = dict(
    policy='step',
    warmup='linear',
    warmup_iters=500,
    warmup_ratio=0.001,
    step=[170, 200])
total_epochs = 210
channel_cfg = dict(
    num_output_channels=16,
    dataset_joints=16,
    dataset_channel=[0, 1, 2, 3, 4, 5, 6, 7, 8, 9, 10, 11, 12, 13, 14, 15],
    inference_channel=[0, 1, 2, 3, 4, 5, 6, 7, 8, 9, 10, 11, 12, 13, 14, 15])
model = dict(
    type='TopDown',
    pretrained=
    'work_dirs/22_hm_shufflenetv2_mpii_256x256/best_PCKh_epoch_210.pth',
    backbone=dict(type='ShuffleNetV2', widen_factor=2.0),
    keypoint_head=dict(
        type='IntegralPoseRegressionHead',
        in_channels=2048,
        num_joints=16,
        loss_keypoint=dict(
            type='DSNTRLELoss',
            dsnt_param=dict(
                use_target_weight=True,
                sigma=0.25,
                mse_weight=1,
                js_weight=1,
                is_dsnt=True),
            rle_param=dict(
                use_target_weight=True, size_average=True, residual=True),
            dsnt_weight=1,
            rle_weight=1),
        out_sigma=True),
    train_cfg=dict(),
    test_cfg=dict(flip_test=True))
data_cfg = dict(
    image_size=[256, 256],
    heatmap_size=[64, 64],
    num_output_channels=16,
    num_joints=16,
    dataset_channel=[0, 1, 2, 3, 4, 5, 6, 7, 8, 9, 10, 11, 12, 13, 14, 15],
    inference_channel=[0, 1, 2, 3, 4, 5, 6, 7, 8, 9, 10, 11, 12, 13, 14, 15],
    use_gt_bbox=True,
    bbox_file=None)
train_pipeline = [
    dict(type='LoadImageFromFile'),
    dict(type='TopDownGetBboxCenterScale', padding=1.25),
    dict(type='TopDownRandomFlip', flip_prob=0.5),
    dict(
        type='TopDownGetRandomScaleRotation', rot_factor=40, scale_factor=0.5),
    dict(type='TopDownAffine'),
    dict(type='ToTensor'),
    dict(
        type='NormalizeTensor',
        mean=[0.485, 0.456, 0.406],
        std=[0.229, 0.224, 0.225]),
    dict(type='TopDownGenerateTargetRegression'),
    dict(
        type='Collect',
        keys=['img', 'target', 'target_weight'],
        meta_keys=[
            'image_file', 'joints_3d', 'joints_3d_visible', 'center', 'scale',
            'rotation', 'flip_pairs'
        ])
]
val_pipeline = [
    dict(type='LoadImageFromFile'),
    dict(type='TopDownGetBboxCenterScale', padding=1.25),
    dict(type='TopDownAffine'),
    dict(type='ToTensor'),
    dict(
        type='NormalizeTensor',
        mean=[0.485, 0.456, 0.406],
        std=[0.229, 0.224, 0.225]),
    dict(
        type='Collect',
        keys=['img'],
        meta_keys=['image_file', 'center', 'scale', 'rotation', 'flip_pairs'])
]
test_pipeline = [
    dict(type='LoadImageFromFile'),
    dict(type='TopDownGetBboxCenterScale', padding=1.25),
    dict(type='TopDownAffine'),
    dict(type='ToTensor'),
    dict(
        type='NormalizeTensor',
        mean=[0.485, 0.456, 0.406],
        std=[0.229, 0.224, 0.225]),
    dict(
        type='Collect',
        keys=['img'],
        meta_keys=['image_file', 'center', 'scale', 'rotation', 'flip_pairs'])
]
data_root = '/data/tfj/workspace/datasets/MPII'
data = dict(
    samples_per_gpu=64,
    workers_per_gpu=4,
    persistent_workers=True,
    val_dataloader=dict(samples_per_gpu=32),
    test_dataloader=dict(samples_per_gpu=32),
    train=dict(
        type='TopDownMpiiDataset',
        ann_file=
        '/data/tfj/workspace/datasets/MPII/annotations/mpii_train.json',
        img_prefix='/data/tfj/workspace/datasets/MPII/images/',
        data_cfg=dict(
            image_size=[256, 256],
            heatmap_size=[64, 64],
            num_output_channels=16,
            num_joints=16,
            dataset_channel=[
                0, 1, 2, 3, 4, 5, 6, 7, 8, 9, 10, 11, 12, 13, 14, 15
            ],
            inference_channel=[
                0, 1, 2, 3, 4, 5, 6, 7, 8, 9, 10, 11, 12, 13, 14, 15
            ],
            use_gt_bbox=True,
            bbox_file=None),
        pipeline=[
            dict(type='LoadImageFromFile'),
            dict(type='TopDownGetBboxCenterScale', padding=1.25),
            dict(type='TopDownRandomFlip', flip_prob=0.5),
            dict(
                type='TopDownGetRandomScaleRotation',
                rot_factor=40,
                scale_factor=0.5),
            dict(type='TopDownAffine'),
            dict(type='ToTensor'),
            dict(
                type='NormalizeTensor',
                mean=[0.485, 0.456, 0.406],
                std=[0.229, 0.224, 0.225]),
            dict(type='TopDownGenerateTargetRegression'),
            dict(
                type='Collect',
                keys=['img', 'target', 'target_weight'],
                meta_keys=[
                    'image_file', 'joints_3d', 'joints_3d_visible', 'center',
                    'scale', 'rotation', 'flip_pairs'
                ])
        ],
        dataset_info=dict(
            dataset_name='mpii',
            paper_info=dict(
                author=
                'Mykhaylo Andriluka and Leonid Pishchulin and Peter Gehler and Schiele, Bernt',
                title=
                '2D Human Pose Estimation: New Benchmark and State of the Art Analysis',
                container=
                'IEEE Conference on Computer Vision and Pattern Recognition (CVPR)',
                year='2014',
                homepage='http://human-pose.mpi-inf.mpg.de/'),
            keypoint_info=dict({
                0:
                dict(
                    name='right_ankle',
                    id=0,
                    color=[255, 128, 0],
                    type='lower',
                    swap='left_ankle'),
                1:
                dict(
                    name='right_knee',
                    id=1,
                    color=[255, 128, 0],
                    type='lower',
                    swap='left_knee'),
                2:
                dict(
                    name='right_hip',
                    id=2,
                    color=[255, 128, 0],
                    type='lower',
                    swap='left_hip'),
                3:
                dict(
                    name='left_hip',
                    id=3,
                    color=[0, 255, 0],
                    type='lower',
                    swap='right_hip'),
                4:
                dict(
                    name='left_knee',
                    id=4,
                    color=[0, 255, 0],
                    type='lower',
                    swap='right_knee'),
                5:
                dict(
                    name='left_ankle',
                    id=5,
                    color=[0, 255, 0],
                    type='lower',
                    swap='right_ankle'),
                6:
                dict(
                    name='pelvis',
                    id=6,
                    color=[51, 153, 255],
                    type='lower',
                    swap=''),
                7:
                dict(
                    name='thorax',
                    id=7,
                    color=[51, 153, 255],
                    type='upper',
                    swap=''),
                8:
                dict(
                    name='upper_neck',
                    id=8,
                    color=[51, 153, 255],
                    type='upper',
                    swap=''),
                9:
                dict(
                    name='head_top',
                    id=9,
                    color=[51, 153, 255],
                    type='upper',
                    swap=''),
                10:
                dict(
                    name='right_wrist',
                    id=10,
                    color=[255, 128, 0],
                    type='upper',
                    swap='left_wrist'),
                11:
                dict(
                    name='right_elbow',
                    id=11,
                    color=[255, 128, 0],
                    type='upper',
                    swap='left_elbow'),
                12:
                dict(
                    name='right_shoulder',
                    id=12,
                    color=[255, 128, 0],
                    type='upper',
                    swap='left_shoulder'),
                13:
                dict(
                    name='left_shoulder',
                    id=13,
                    color=[0, 255, 0],
                    type='upper',
                    swap='right_shoulder'),
                14:
                dict(
                    name='left_elbow',
                    id=14,
                    color=[0, 255, 0],
                    type='upper',
                    swap='right_elbow'),
                15:
                dict(
                    name='left_wrist',
                    id=15,
                    color=[0, 255, 0],
                    type='upper',
                    swap='right_wrist')
            }),
            skeleton_info=dict({
                0:
                dict(
                    link=('right_ankle', 'right_knee'),
                    id=0,
                    color=[255, 128, 0]),
                1:
                dict(
                    link=('right_knee', 'right_hip'),
                    id=1,
                    color=[255, 128, 0]),
                2:
                dict(link=('right_hip', 'pelvis'), id=2, color=[255, 128, 0]),
                3:
                dict(link=('pelvis', 'left_hip'), id=3, color=[0, 255, 0]),
                4:
                dict(link=('left_hip', 'left_knee'), id=4, color=[0, 255, 0]),
                5:
                dict(
                    link=('left_knee', 'left_ankle'), id=5, color=[0, 255, 0]),
                6:
                dict(link=('pelvis', 'thorax'), id=6, color=[51, 153, 255]),
                7:
                dict(
                    link=('thorax', 'upper_neck'), id=7, color=[51, 153, 255]),
                8:
                dict(
                    link=('upper_neck', 'head_top'),
                    id=8,
                    color=[51, 153, 255]),
                9:
                dict(
                    link=('upper_neck', 'right_shoulder'),
                    id=9,
                    color=[255, 128, 0]),
                10:
                dict(
                    link=('right_shoulder', 'right_elbow'),
                    id=10,
                    color=[255, 128, 0]),
                11:
                dict(
                    link=('right_elbow', 'right_wrist'),
                    id=11,
                    color=[255, 128, 0]),
                12:
                dict(
                    link=('upper_neck', 'left_shoulder'),
                    id=12,
                    color=[0, 255, 0]),
                13:
                dict(
                    link=('left_shoulder', 'left_elbow'),
                    id=13,
                    color=[0, 255, 0]),
                14:
                dict(
                    link=('left_elbow', 'left_wrist'),
                    id=14,
                    color=[0, 255, 0])
            }),
            joint_weights=[
                1.5, 1.2, 1.0, 1.0, 1.2, 1.5, 1.0, 1.0, 1.0, 1.0, 1.5, 1.2,
                1.0, 1.0, 1.2, 1.5
            ],
            sigmas=[
                0.089, 0.083, 0.107, 0.107, 0.083, 0.089, 0.026, 0.026, 0.026,
                0.026, 0.062, 0.072, 0.179, 0.179, 0.072, 0.062
            ])),
    val=dict(
        type='TopDownMpiiDataset',
        ann_file='/data/tfj/workspace/datasets/MPII/annotations/mpii_val.json',
        img_prefix='/data/tfj/workspace/datasets/MPII/images/',
        data_cfg=dict(
            image_size=[256, 256],
            heatmap_size=[64, 64],
            num_output_channels=16,
            num_joints=16,
            dataset_channel=[
                0, 1, 2, 3, 4, 5, 6, 7, 8, 9, 10, 11, 12, 13, 14, 15
            ],
            inference_channel=[
                0, 1, 2, 3, 4, 5, 6, 7, 8, 9, 10, 11, 12, 13, 14, 15
            ],
            use_gt_bbox=True,
            bbox_file=None),
        pipeline=[
            dict(type='LoadImageFromFile'),
            dict(type='TopDownGetBboxCenterScale', padding=1.25),
            dict(type='TopDownAffine'),
            dict(type='ToTensor'),
            dict(
                type='NormalizeTensor',
                mean=[0.485, 0.456, 0.406],
                std=[0.229, 0.224, 0.225]),
            dict(
                type='Collect',
                keys=['img'],
                meta_keys=[
                    'image_file', 'center', 'scale', 'rotation', 'flip_pairs'
                ])
        ],
        dataset_info=dict(
            dataset_name='mpii',
            paper_info=dict(
                author=
                'Mykhaylo Andriluka and Leonid Pishchulin and Peter Gehler and Schiele, Bernt',
                title=
                '2D Human Pose Estimation: New Benchmark and State of the Art Analysis',
                container=
                'IEEE Conference on Computer Vision and Pattern Recognition (CVPR)',
                year='2014',
                homepage='http://human-pose.mpi-inf.mpg.de/'),
            keypoint_info=dict({
                0:
                dict(
                    name='right_ankle',
                    id=0,
                    color=[255, 128, 0],
                    type='lower',
                    swap='left_ankle'),
                1:
                dict(
                    name='right_knee',
                    id=1,
                    color=[255, 128, 0],
                    type='lower',
                    swap='left_knee'),
                2:
                dict(
                    name='right_hip',
                    id=2,
                    color=[255, 128, 0],
                    type='lower',
                    swap='left_hip'),
                3:
                dict(
                    name='left_hip',
                    id=3,
                    color=[0, 255, 0],
                    type='lower',
                    swap='right_hip'),
                4:
                dict(
                    name='left_knee',
                    id=4,
                    color=[0, 255, 0],
                    type='lower',
                    swap='right_knee'),
                5:
                dict(
                    name='left_ankle',
                    id=5,
                    color=[0, 255, 0],
                    type='lower',
                    swap='right_ankle'),
                6:
                dict(
                    name='pelvis',
                    id=6,
                    color=[51, 153, 255],
                    type='lower',
                    swap=''),
                7:
                dict(
                    name='thorax',
                    id=7,
                    color=[51, 153, 255],
                    type='upper',
                    swap=''),
                8:
                dict(
                    name='upper_neck',
                    id=8,
                    color=[51, 153, 255],
                    type='upper',
                    swap=''),
                9:
                dict(
                    name='head_top',
                    id=9,
                    color=[51, 153, 255],
                    type='upper',
                    swap=''),
                10:
                dict(
                    name='right_wrist',
                    id=10,
                    color=[255, 128, 0],
                    type='upper',
                    swap='left_wrist'),
                11:
                dict(
                    name='right_elbow',
                    id=11,
                    color=[255, 128, 0],
                    type='upper',
                    swap='left_elbow'),
                12:
                dict(
                    name='right_shoulder',
                    id=12,
                    color=[255, 128, 0],
                    type='upper',
                    swap='left_shoulder'),
                13:
                dict(
                    name='left_shoulder',
                    id=13,
                    color=[0, 255, 0],
                    type='upper',
                    swap='right_shoulder'),
                14:
                dict(
                    name='left_elbow',
                    id=14,
                    color=[0, 255, 0],
                    type='upper',
                    swap='right_elbow'),
                15:
                dict(
                    name='left_wrist',
                    id=15,
                    color=[0, 255, 0],
                    type='upper',
                    swap='right_wrist')
            }),
            skeleton_info=dict({
                0:
                dict(
                    link=('right_ankle', 'right_knee'),
                    id=0,
                    color=[255, 128, 0]),
                1:
                dict(
                    link=('right_knee', 'right_hip'),
                    id=1,
                    color=[255, 128, 0]),
                2:
                dict(link=('right_hip', 'pelvis'), id=2, color=[255, 128, 0]),
                3:
                dict(link=('pelvis', 'left_hip'), id=3, color=[0, 255, 0]),
                4:
                dict(link=('left_hip', 'left_knee'), id=4, color=[0, 255, 0]),
                5:
                dict(
                    link=('left_knee', 'left_ankle'), id=5, color=[0, 255, 0]),
                6:
                dict(link=('pelvis', 'thorax'), id=6, color=[51, 153, 255]),
                7:
                dict(
                    link=('thorax', 'upper_neck'), id=7, color=[51, 153, 255]),
                8:
                dict(
                    link=('upper_neck', 'head_top'),
                    id=8,
                    color=[51, 153, 255]),
                9:
                dict(
                    link=('upper_neck', 'right_shoulder'),
                    id=9,
                    color=[255, 128, 0]),
                10:
                dict(
                    link=('right_shoulder', 'right_elbow'),
                    id=10,
                    color=[255, 128, 0]),
                11:
                dict(
                    link=('right_elbow', 'right_wrist'),
                    id=11,
                    color=[255, 128, 0]),
                12:
                dict(
                    link=('upper_neck', 'left_shoulder'),
                    id=12,
                    color=[0, 255, 0]),
                13:
                dict(
                    link=('left_shoulder', 'left_elbow'),
                    id=13,
                    color=[0, 255, 0]),
                14:
                dict(
                    link=('left_elbow', 'left_wrist'),
                    id=14,
                    color=[0, 255, 0])
            }),
            joint_weights=[
                1.5, 1.2, 1.0, 1.0, 1.2, 1.5, 1.0, 1.0, 1.0, 1.0, 1.5, 1.2,
                1.0, 1.0, 1.2, 1.5
            ],
            sigmas=[
                0.089, 0.083, 0.107, 0.107, 0.083, 0.089, 0.026, 0.026, 0.026,
                0.026, 0.062, 0.072, 0.179, 0.179, 0.072, 0.062
            ])),
    test=dict(
        type='TopDownMpiiDataset',
        ann_file='/data/tfj/workspace/datasets/MPII/annotations/mpii_val.json',
        img_prefix='/data/tfj/workspace/datasets/MPII/images/',
        data_cfg=dict(
            image_size=[256, 256],
            heatmap_size=[64, 64],
            num_output_channels=16,
            num_joints=16,
            dataset_channel=[
                0, 1, 2, 3, 4, 5, 6, 7, 8, 9, 10, 11, 12, 13, 14, 15
            ],
            inference_channel=[
                0, 1, 2, 3, 4, 5, 6, 7, 8, 9, 10, 11, 12, 13, 14, 15
            ],
            use_gt_bbox=True,
            bbox_file=None),
        pipeline=[
            dict(type='LoadImageFromFile'),
            dict(type='TopDownGetBboxCenterScale', padding=1.25),
            dict(type='TopDownAffine'),
            dict(type='ToTensor'),
            dict(
                type='NormalizeTensor',
                mean=[0.485, 0.456, 0.406],
                std=[0.229, 0.224, 0.225]),
            dict(
                type='Collect',
                keys=['img'],
                meta_keys=[
                    'image_file', 'center', 'scale', 'rotation', 'flip_pairs'
                ])
        ],
        dataset_info=dict(
            dataset_name='mpii',
            paper_info=dict(
                author=
                'Mykhaylo Andriluka and Leonid Pishchulin and Peter Gehler and Schiele, Bernt',
                title=
                '2D Human Pose Estimation: New Benchmark and State of the Art Analysis',
                container=
                'IEEE Conference on Computer Vision and Pattern Recognition (CVPR)',
                year='2014',
                homepage='http://human-pose.mpi-inf.mpg.de/'),
            keypoint_info=dict({
                0:
                dict(
                    name='right_ankle',
                    id=0,
                    color=[255, 128, 0],
                    type='lower',
                    swap='left_ankle'),
                1:
                dict(
                    name='right_knee',
                    id=1,
                    color=[255, 128, 0],
                    type='lower',
                    swap='left_knee'),
                2:
                dict(
                    name='right_hip',
                    id=2,
                    color=[255, 128, 0],
                    type='lower',
                    swap='left_hip'),
                3:
                dict(
                    name='left_hip',
                    id=3,
                    color=[0, 255, 0],
                    type='lower',
                    swap='right_hip'),
                4:
                dict(
                    name='left_knee',
                    id=4,
                    color=[0, 255, 0],
                    type='lower',
                    swap='right_knee'),
                5:
                dict(
                    name='left_ankle',
                    id=5,
                    color=[0, 255, 0],
                    type='lower',
                    swap='right_ankle'),
                6:
                dict(
                    name='pelvis',
                    id=6,
                    color=[51, 153, 255],
                    type='lower',
                    swap=''),
                7:
                dict(
                    name='thorax',
                    id=7,
                    color=[51, 153, 255],
                    type='upper',
                    swap=''),
                8:
                dict(
                    name='upper_neck',
                    id=8,
                    color=[51, 153, 255],
                    type='upper',
                    swap=''),
                9:
                dict(
                    name='head_top',
                    id=9,
                    color=[51, 153, 255],
                    type='upper',
                    swap=''),
                10:
                dict(
                    name='right_wrist',
                    id=10,
                    color=[255, 128, 0],
                    type='upper',
                    swap='left_wrist'),
                11:
                dict(
                    name='right_elbow',
                    id=11,
                    color=[255, 128, 0],
                    type='upper',
                    swap='left_elbow'),
                12:
                dict(
                    name='right_shoulder',
                    id=12,
                    color=[255, 128, 0],
                    type='upper',
                    swap='left_shoulder'),
                13:
                dict(
                    name='left_shoulder',
                    id=13,
                    color=[0, 255, 0],
                    type='upper',
                    swap='right_shoulder'),
                14:
                dict(
                    name='left_elbow',
                    id=14,
                    color=[0, 255, 0],
                    type='upper',
                    swap='right_elbow'),
                15:
                dict(
                    name='left_wrist',
                    id=15,
                    color=[0, 255, 0],
                    type='upper',
                    swap='right_wrist')
            }),
            skeleton_info=dict({
                0:
                dict(
                    link=('right_ankle', 'right_knee'),
                    id=0,
                    color=[255, 128, 0]),
                1:
                dict(
                    link=('right_knee', 'right_hip'),
                    id=1,
                    color=[255, 128, 0]),
                2:
                dict(link=('right_hip', 'pelvis'), id=2, color=[255, 128, 0]),
                3:
                dict(link=('pelvis', 'left_hip'), id=3, color=[0, 255, 0]),
                4:
                dict(link=('left_hip', 'left_knee'), id=4, color=[0, 255, 0]),
                5:
                dict(
                    link=('left_knee', 'left_ankle'), id=5, color=[0, 255, 0]),
                6:
                dict(link=('pelvis', 'thorax'), id=6, color=[51, 153, 255]),
                7:
                dict(
                    link=('thorax', 'upper_neck'), id=7, color=[51, 153, 255]),
                8:
                dict(
                    link=('upper_neck', 'head_top'),
                    id=8,
                    color=[51, 153, 255]),
                9:
                dict(
                    link=('upper_neck', 'right_shoulder'),
                    id=9,
                    color=[255, 128, 0]),
                10:
                dict(
                    link=('right_shoulder', 'right_elbow'),
                    id=10,
                    color=[255, 128, 0]),
                11:
                dict(
                    link=('right_elbow', 'right_wrist'),
                    id=11,
                    color=[255, 128, 0]),
                12:
                dict(
                    link=('upper_neck', 'left_shoulder'),
                    id=12,
                    color=[0, 255, 0]),
                13:
                dict(
                    link=('left_shoulder', 'left_elbow'),
                    id=13,
                    color=[0, 255, 0]),
                14:
                dict(
                    link=('left_elbow', 'left_wrist'),
                    id=14,
                    color=[0, 255, 0])
            }),
            joint_weights=[
                1.5, 1.2, 1.0, 1.0, 1.2, 1.5, 1.0, 1.0, 1.0, 1.0, 1.5, 1.2,
                1.0, 1.0, 1.2, 1.5
            ],
            sigmas=[
                0.089, 0.083, 0.107, 0.107, 0.083, 0.089, 0.026, 0.026, 0.026,
                0.026, 0.062, 0.072, 0.179, 0.179, 0.072, 0.062
            ])))
work_dir = './work_dirs/23_reg_shufflenetv2_mpii_256x256_dsnt_rle'
gpu_ids = range(0, 4)

2022-07-25 02:00:39,011 - mmpose - INFO - Set random seed to 2526, deterministic: False
2022-07-25 02:00:48,763 - mmpose - INFO - Start running, host: tianfj@qwe, work_dir: /data/tfj/workspace/python_projects/pose/mmpose0270/work_dirs/23_reg_shufflenetv2_mpii_256x256_dsnt_rle
2022-07-25 02:00:48,763 - mmpose - INFO - Hooks will be executed in the following order:
before_run:
(VERY_HIGH   ) StepLrUpdaterHook                  
(NORMAL      ) CheckpointHook                     
(NORMAL      ) DistEvalHook                       
(VERY_LOW    ) TextLoggerHook                     
 -------------------- 
before_train_epoch:
(VERY_HIGH   ) StepLrUpdaterHook                  
(NORMAL      ) DistSamplerSeedHook                
(NORMAL      ) DistEvalHook                       
(LOW         ) IterTimerHook                      
(VERY_LOW    ) TextLoggerHook                     
 -------------------- 
before_train_iter:
(VERY_HIGH   ) StepLrUpdaterHook                  
(NORMAL      ) DistEvalHook                       
(LOW         ) IterTimerHook                      
 -------------------- 
after_train_iter:
(ABOVE_NORMAL) OptimizerHook                      
(NORMAL      ) CheckpointHook                     
(NORMAL      ) DistEvalHook                       
(LOW         ) IterTimerHook                      
(VERY_LOW    ) TextLoggerHook                     
 -------------------- 
after_train_epoch:
(NORMAL      ) CheckpointHook                     
(NORMAL      ) DistEvalHook                       
(VERY_LOW    ) TextLoggerHook                     
 -------------------- 
before_val_epoch:
(NORMAL      ) DistSamplerSeedHook                
(LOW         ) IterTimerHook                      
(VERY_LOW    ) TextLoggerHook                     
 -------------------- 
before_val_iter:
(LOW         ) IterTimerHook                      
 -------------------- 
after_val_iter:
(LOW         ) IterTimerHook                      
 -------------------- 
after_val_epoch:
(VERY_LOW    ) TextLoggerHook                     
 -------------------- 
after_run:
(VERY_LOW    ) TextLoggerHook                     
 -------------------- 
2022-07-25 02:00:48,764 - mmpose - INFO - workflow: [('train', 1)], max: 210 epochs
2022-07-25 02:00:48,764 - mmpose - INFO - Checkpoints will be saved to /data/tfj/workspace/python_projects/pose/mmpose0270/work_dirs/23_reg_shufflenetv2_mpii_256x256_dsnt_rle by HardDiskBackend.
2022-07-25 02:01:12,609 - mmpose - INFO - Epoch [1][50/87]	lr: 4.945e-05, eta: 2:24:46, time: 0.477, data_time: 0.225, memory: 3066, reg_loss: 39.9351, acc_pose: 0.0788, loss: 39.9351
2022-07-25 02:01:50,178 - mmpose - INFO - Epoch [2][50/87]	lr: 1.364e-04, eta: 1:43:53, time: 0.465, data_time: 0.309, memory: 3066, reg_loss: -26.0006, acc_pose: 0.2855, loss: -26.0006
2022-07-25 02:02:27,043 - mmpose - INFO - Epoch [3][50/87]	lr: 2.233e-04, eta: 1:34:06, time: 0.460, data_time: 0.154, memory: 3066, reg_loss: -59.3557, acc_pose: 0.4951, loss: -59.3557
2022-07-25 02:03:05,029 - mmpose - INFO - Epoch [4][50/87]	lr: 3.102e-04, eta: 1:29:59, time: 0.468, data_time: 0.253, memory: 3066, reg_loss: -73.0717, acc_pose: 0.5659, loss: -73.0717
2022-07-25 02:03:42,773 - mmpose - INFO - Epoch [5][50/87]	lr: 3.971e-04, eta: 1:27:40, time: 0.473, data_time: 0.226, memory: 3066, reg_loss: -78.9556, acc_pose: 0.6008, loss: -78.9556
2022-07-25 02:04:19,912 - mmpose - INFO - Epoch [6][50/87]	lr: 4.840e-04, eta: 1:25:41, time: 0.461, data_time: 0.253, memory: 3066, reg_loss: -80.0616, acc_pose: 0.6136, loss: -80.0616
2022-07-25 02:04:57,349 - mmpose - INFO - Epoch [7][50/87]	lr: 5.000e-04, eta: 1:24:30, time: 0.473, data_time: 0.262, memory: 3066, reg_loss: -82.1364, acc_pose: 0.6290, loss: -82.1364
2022-07-25 02:05:35,592 - mmpose - INFO - Epoch [8][50/87]	lr: 5.000e-04, eta: 1:23:39, time: 0.479, data_time: 0.341, memory: 3066, reg_loss: -84.4636, acc_pose: 0.6362, loss: -84.4636
2022-07-25 02:06:13,469 - mmpose - INFO - Epoch [9][50/87]	lr: 5.000e-04, eta: 1:22:54, time: 0.479, data_time: 0.270, memory: 3066, reg_loss: -85.7079, acc_pose: 0.6386, loss: -85.7079
2022-07-25 02:06:50,772 - mmpose - INFO - Epoch [10][50/87]	lr: 5.000e-04, eta: 1:22:05, time: 0.470, data_time: 0.357, memory: 3066, reg_loss: -86.6418, acc_pose: 0.6506, loss: -86.6418
2022-07-25 02:07:04,993 - mmpose - INFO - Saving checkpoint at 10 epochs
2022-07-25 02:07:12,696 - mmpose - INFO - Now best checkpoint is saved as best_PCKh_epoch_10.pth.
2022-07-25 02:07:12,696 - mmpose - INFO - Best PCKh is 70.2966 at 10 epoch.
2022-07-25 02:07:12,697 - mmpose - INFO - Epoch(val) [10][24]	Head: 89.8704, Shoulder: 87.7208, Elbow: 69.9163, Wrist: 55.8848, Hip: 78.1893, Knee: 57.7674, Ankle: 39.9861, PCKh: 70.2966, PCKh@0.1: 12.6021
2022-07-25 02:07:36,079 - mmpose - INFO - Epoch [11][50/87]	lr: 5.000e-04, eta: 1:21:18, time: 0.467, data_time: 0.290, memory: 3066, reg_loss: -88.2014, acc_pose: 0.6603, loss: -88.2014
2022-07-25 02:08:13,729 - mmpose - INFO - Epoch [12][50/87]	lr: 5.000e-04, eta: 1:20:35, time: 0.469, data_time: 0.328, memory: 3066, reg_loss: -89.4602, acc_pose: 0.6648, loss: -89.4602
2022-07-25 02:08:51,474 - mmpose - INFO - Epoch [13][50/87]	lr: 5.000e-04, eta: 1:20:00, time: 0.473, data_time: 0.356, memory: 3066, reg_loss: -91.1849, acc_pose: 0.6775, loss: -91.1849
2022-07-25 02:09:29,841 - mmpose - INFO - Epoch [14][50/87]	lr: 5.000e-04, eta: 1:19:30, time: 0.479, data_time: 0.157, memory: 3066, reg_loss: -92.1199, acc_pose: 0.6792, loss: -92.1199
2022-07-25 02:10:06,116 - mmpose - INFO - Epoch [15][50/87]	lr: 5.000e-04, eta: 1:18:40, time: 0.447, data_time: 0.242, memory: 3066, reg_loss: -92.4752, acc_pose: 0.6885, loss: -92.4752
2022-07-25 02:10:43,243 - mmpose - INFO - Epoch [16][50/87]	lr: 5.000e-04, eta: 1:17:51, time: 0.444, data_time: 0.306, memory: 3066, reg_loss: -94.5103, acc_pose: 0.6891, loss: -94.5103
2022-07-25 02:11:19,972 - mmpose - INFO - Epoch [17][50/87]	lr: 5.000e-04, eta: 1:17:05, time: 0.442, data_time: 0.272, memory: 3066, reg_loss: -95.4290, acc_pose: 0.6907, loss: -95.4290
2022-07-25 02:11:55,757 - mmpose - INFO - Epoch [18][50/87]	lr: 5.000e-04, eta: 1:16:20, time: 0.440, data_time: 0.308, memory: 3066, reg_loss: -95.0665, acc_pose: 0.6917, loss: -95.0665
2022-07-25 02:12:31,900 - mmpose - INFO - Epoch [19][50/87]	lr: 5.000e-04, eta: 1:15:42, time: 0.449, data_time: 0.301, memory: 3066, reg_loss: -95.9029, acc_pose: 0.6937, loss: -95.9029
2022-07-25 02:13:07,786 - mmpose - INFO - Epoch [20][50/87]	lr: 5.000e-04, eta: 1:15:04, time: 0.445, data_time: 0.266, memory: 3066, reg_loss: -96.9556, acc_pose: 0.7080, loss: -96.9556
2022-07-25 02:13:21,725 - mmpose - INFO - Saving checkpoint at 20 epochs
2022-07-25 02:13:27,721 - mmpose - INFO - The previous best checkpoint /data/tfj/workspace/python_projects/pose/mmpose0270/work_dirs/23_reg_shufflenetv2_mpii_256x256_dsnt_rle/best_PCKh_epoch_10.pth was removed
2022-07-25 02:13:27,963 - mmpose - INFO - Now best checkpoint is saved as best_PCKh_epoch_20.pth.
2022-07-25 02:13:27,963 - mmpose - INFO - Best PCKh is 74.1790 at 20 epoch.
2022-07-25 02:13:27,964 - mmpose - INFO - Epoch(val) [20][24]	Head: 91.3711, Shoulder: 89.0625, Elbow: 73.9049, Wrist: 61.6772, Hip: 80.4742, Knee: 64.3958, Ankle: 47.3785, PCKh: 74.1790, PCKh@0.1: 14.5433
2022-07-25 02:13:49,575 - mmpose - INFO - Epoch [21][50/87]	lr: 5.000e-04, eta: 1:14:21, time: 0.432, data_time: 0.264, memory: 3066, reg_loss: -96.6752, acc_pose: 0.7026, loss: -96.6752
2022-07-25 02:14:25,038 - mmpose - INFO - Epoch [22][50/87]	lr: 5.000e-04, eta: 1:13:44, time: 0.439, data_time: 0.235, memory: 3066, reg_loss: -97.3561, acc_pose: 0.7072, loss: -97.3561
2022-07-25 02:15:00,516 - mmpose - INFO - Epoch [23][50/87]	lr: 5.000e-04, eta: 1:13:10, time: 0.444, data_time: 0.249, memory: 3066, reg_loss: -98.0183, acc_pose: 0.7022, loss: -98.0183
2022-07-25 02:15:36,867 - mmpose - INFO - Epoch [24][50/87]	lr: 5.000e-04, eta: 1:12:37, time: 0.446, data_time: 0.332, memory: 3066, reg_loss: -98.3470, acc_pose: 0.7140, loss: -98.3470
2022-07-25 02:16:12,560 - mmpose - INFO - Epoch [25][50/87]	lr: 5.000e-04, eta: 1:12:05, time: 0.443, data_time: 0.185, memory: 3066, reg_loss: -98.4873, acc_pose: 0.7144, loss: -98.4873
2022-07-25 02:16:48,032 - mmpose - INFO - Epoch [26][50/87]	lr: 5.000e-04, eta: 1:11:31, time: 0.439, data_time: 0.138, memory: 3066, reg_loss: -98.6986, acc_pose: 0.7089, loss: -98.6986
2022-07-25 02:17:23,869 - mmpose - INFO - Epoch [27][50/87]	lr: 5.000e-04, eta: 1:11:00, time: 0.442, data_time: 0.233, memory: 3066, reg_loss: -98.9519, acc_pose: 0.7124, loss: -98.9519
2022-07-25 02:17:59,667 - mmpose - INFO - Epoch [28][50/87]	lr: 5.000e-04, eta: 1:10:30, time: 0.445, data_time: 0.317, memory: 3066, reg_loss: -99.4958, acc_pose: 0.7072, loss: -99.4958
2022-07-25 02:18:35,323 - mmpose - INFO - Epoch [29][50/87]	lr: 5.000e-04, eta: 1:10:02, time: 0.448, data_time: 0.122, memory: 3066, reg_loss: -99.8590, acc_pose: 0.7183, loss: -99.8590
2022-07-25 02:19:11,165 - mmpose - INFO - Epoch [30][50/87]	lr: 5.000e-04, eta: 1:09:35, time: 0.450, data_time: 0.154, memory: 3066, reg_loss: -99.5237, acc_pose: 0.7128, loss: -99.5237
2022-07-25 02:19:24,749 - mmpose - INFO - Saving checkpoint at 30 epochs
2022-07-25 02:19:32,898 - mmpose - INFO - The previous best checkpoint /data/tfj/workspace/python_projects/pose/mmpose0270/work_dirs/23_reg_shufflenetv2_mpii_256x256_dsnt_rle/best_PCKh_epoch_20.pth was removed
2022-07-25 02:19:33,078 - mmpose - INFO - Now best checkpoint is saved as best_PCKh_epoch_30.pth.
2022-07-25 02:19:33,079 - mmpose - INFO - Best PCKh is 75.7871 at 30 epoch.
2022-07-25 02:19:33,079 - mmpose - INFO - Epoch(val) [30][24]	Head: 91.2347, Shoulder: 89.4531, Elbow: 75.8650, Wrist: 64.2475, Hip: 81.3916, Knee: 66.6530, Ankle: 51.4646, PCKh: 75.7871, PCKh@0.1: 15.9303
2022-07-25 02:19:55,534 - mmpose - INFO - Epoch [31][50/87]	lr: 5.000e-04, eta: 1:09:07, time: 0.449, data_time: 0.213, memory: 3066, reg_loss: -99.6757, acc_pose: 0.7184, loss: -99.6757
2022-07-25 02:20:31,373 - mmpose - INFO - Epoch [32][50/87]	lr: 5.000e-04, eta: 1:08:37, time: 0.437, data_time: 0.273, memory: 3066, reg_loss: -100.3493, acc_pose: 0.7145, loss: -100.3493
2022-07-25 02:21:06,733 - mmpose - INFO - Epoch [33][50/87]	lr: 5.000e-04, eta: 1:08:08, time: 0.438, data_time: 0.139, memory: 3066, reg_loss: -100.6136, acc_pose: 0.7242, loss: -100.6136
2022-07-25 02:21:43,666 - mmpose - INFO - Epoch [34][50/87]	lr: 5.000e-04, eta: 1:07:44, time: 0.460, data_time: 0.125, memory: 3066, reg_loss: -100.8041, acc_pose: 0.7248, loss: -100.8041
2022-07-25 02:22:20,250 - mmpose - INFO - Epoch [35][50/87]	lr: 5.000e-04, eta: 1:07:19, time: 0.451, data_time: 0.307, memory: 3066, reg_loss: -100.7066, acc_pose: 0.7288, loss: -100.7066
2022-07-25 02:22:56,317 - mmpose - INFO - Epoch [36][50/87]	lr: 5.000e-04, eta: 1:06:51, time: 0.439, data_time: 0.205, memory: 3066, reg_loss: -101.2365, acc_pose: 0.7317, loss: -101.2365
2022-07-25 02:23:32,386 - mmpose - INFO - Epoch [37][50/87]	lr: 5.000e-04, eta: 1:06:24, time: 0.446, data_time: 0.173, memory: 3066, reg_loss: -101.6856, acc_pose: 0.7269, loss: -101.6856
2022-07-25 02:24:08,560 - mmpose - INFO - Epoch [38][50/87]	lr: 5.000e-04, eta: 1:05:58, time: 0.446, data_time: 0.224, memory: 3066, reg_loss: -101.8205, acc_pose: 0.7325, loss: -101.8205
2022-07-25 02:24:44,611 - mmpose - INFO - Epoch [39][50/87]	lr: 5.000e-04, eta: 1:05:31, time: 0.441, data_time: 0.253, memory: 3066, reg_loss: -102.2723, acc_pose: 0.7292, loss: -102.2723
2022-07-25 02:25:20,402 - mmpose - INFO - Epoch [40][50/87]	lr: 5.000e-04, eta: 1:05:07, time: 0.451, data_time: 0.334, memory: 3066, reg_loss: -102.2899, acc_pose: 0.7360, loss: -102.2899
2022-07-25 02:25:33,995 - mmpose - INFO - Saving checkpoint at 40 epochs
2022-07-25 02:25:43,568 - mmpose - INFO - The previous best checkpoint /data/tfj/workspace/python_projects/pose/mmpose0270/work_dirs/23_reg_shufflenetv2_mpii_256x256_dsnt_rle/best_PCKh_epoch_30.pth was removed
2022-07-25 02:25:43,748 - mmpose - INFO - Now best checkpoint is saved as best_PCKh_epoch_40.pth.
2022-07-25 02:25:43,748 - mmpose - INFO - Best PCKh is 75.8704 at 40 epoch.
2022-07-25 02:25:43,748 - mmpose - INFO - Epoch(val) [40][24]	Head: 91.9850, Shoulder: 89.3173, Elbow: 75.9501, Wrist: 65.2417, Hip: 80.6300, Knee: 67.2570, Ankle: 50.3544, PCKh: 75.8704, PCKh@0.1: 16.0109
2022-07-25 02:26:05,667 - mmpose - INFO - Epoch [41][50/87]	lr: 5.000e-04, eta: 1:04:40, time: 0.438, data_time: 0.249, memory: 3066, reg_loss: -101.6794, acc_pose: 0.7301, loss: -101.6794
2022-07-25 02:26:41,366 - mmpose - INFO - Epoch [42][50/87]	lr: 5.000e-04, eta: 1:04:14, time: 0.443, data_time: 0.177, memory: 3066, reg_loss: -101.3848, acc_pose: 0.7337, loss: -101.3848
2022-07-25 02:27:17,398 - mmpose - INFO - Epoch [43][50/87]	lr: 5.000e-04, eta: 1:03:50, time: 0.454, data_time: 0.298, memory: 3066, reg_loss: -102.6638, acc_pose: 0.7355, loss: -102.6638
2022-07-25 02:27:53,545 - mmpose - INFO - Epoch [44][50/87]	lr: 5.000e-04, eta: 1:03:24, time: 0.439, data_time: 0.324, memory: 3066, reg_loss: -102.5624, acc_pose: 0.7357, loss: -102.5624
2022-07-25 02:28:29,168 - mmpose - INFO - Epoch [45][50/87]	lr: 5.000e-04, eta: 1:02:59, time: 0.447, data_time: 0.145, memory: 3066, reg_loss: -102.3847, acc_pose: 0.7356, loss: -102.3847
2022-07-25 02:29:04,560 - mmpose - INFO - Epoch [46][50/87]	lr: 5.000e-04, eta: 1:02:32, time: 0.434, data_time: 0.131, memory: 3066, reg_loss: -102.8125, acc_pose: 0.7412, loss: -102.8125
2022-07-25 02:29:39,681 - mmpose - INFO - Epoch [47][50/87]	lr: 5.000e-04, eta: 1:02:06, time: 0.437, data_time: 0.310, memory: 3066, reg_loss: -103.4986, acc_pose: 0.7397, loss: -103.4986
2022-07-25 02:30:15,149 - mmpose - INFO - Epoch [48][50/87]	lr: 5.000e-04, eta: 1:01:41, time: 0.445, data_time: 0.326, memory: 3066, reg_loss: -103.4907, acc_pose: 0.7371, loss: -103.4907
2022-07-25 02:30:50,945 - mmpose - INFO - Epoch [49][50/87]	lr: 5.000e-04, eta: 1:01:16, time: 0.444, data_time: 0.119, memory: 3066, reg_loss: -104.1409, acc_pose: 0.7351, loss: -104.1409
2022-07-25 02:31:26,300 - mmpose - INFO - Epoch [50][50/87]	lr: 5.000e-04, eta: 1:00:50, time: 0.435, data_time: 0.194, memory: 3066, reg_loss: -103.3635, acc_pose: 0.7380, loss: -103.3635
2022-07-25 02:31:39,822 - mmpose - INFO - Saving checkpoint at 50 epochs
2022-07-25 02:31:49,777 - mmpose - INFO - The previous best checkpoint /data/tfj/workspace/python_projects/pose/mmpose0270/work_dirs/23_reg_shufflenetv2_mpii_256x256_dsnt_rle/best_PCKh_epoch_40.pth was removed
2022-07-25 02:31:49,966 - mmpose - INFO - Now best checkpoint is saved as best_PCKh_epoch_50.pth.
2022-07-25 02:31:49,966 - mmpose - INFO - Best PCKh is 77.0258 at 50 epoch.
2022-07-25 02:31:49,966 - mmpose - INFO - Epoch(val) [50][24]	Head: 92.4625, Shoulder: 91.1685, Elbow: 78.4899, Wrist: 66.6973, Hip: 81.3398, Knee: 67.1161, Ankle: 51.5350, PCKh: 77.0258, PCKh@0.1: 17.6295
2022-07-25 02:32:11,727 - mmpose - INFO - Epoch [51][50/87]	lr: 5.000e-04, eta: 1:00:25, time: 0.435, data_time: 0.199, memory: 3066, reg_loss: -104.2719, acc_pose: 0.7340, loss: -104.2719
2022-07-25 02:32:46,695 - mmpose - INFO - Epoch [52][50/87]	lr: 5.000e-04, eta: 1:00:00, time: 0.440, data_time: 0.210, memory: 3066, reg_loss: -103.9412, acc_pose: 0.7420, loss: -103.9412
2022-07-25 02:33:21,352 - mmpose - INFO - Epoch [53][50/87]	lr: 5.000e-04, eta: 0:59:33, time: 0.431, data_time: 0.124, memory: 3066, reg_loss: -104.2438, acc_pose: 0.7385, loss: -104.2438
2022-07-25 02:33:56,719 - mmpose - INFO - Epoch [54][50/87]	lr: 5.000e-04, eta: 0:59:08, time: 0.434, data_time: 0.288, memory: 3066, reg_loss: -104.0082, acc_pose: 0.7484, loss: -104.0082
2022-07-25 02:34:31,530 - mmpose - INFO - Epoch [55][50/87]	lr: 5.000e-04, eta: 0:58:41, time: 0.426, data_time: 0.290, memory: 3066, reg_loss: -103.9577, acc_pose: 0.7472, loss: -103.9577
2022-07-25 02:35:06,650 - mmpose - INFO - Epoch [56][50/87]	lr: 5.000e-04, eta: 0:58:16, time: 0.434, data_time: 0.287, memory: 3066, reg_loss: -104.6347, acc_pose: 0.7495, loss: -104.6347
2022-07-25 02:35:42,094 - mmpose - INFO - Epoch [57][50/87]	lr: 5.000e-04, eta: 0:57:51, time: 0.436, data_time: 0.293, memory: 3066, reg_loss: -105.0133, acc_pose: 0.7448, loss: -105.0133
2022-07-25 02:36:17,073 - mmpose - INFO - Epoch [58][50/87]	lr: 5.000e-04, eta: 0:57:26, time: 0.436, data_time: 0.157, memory: 3066, reg_loss: -104.5409, acc_pose: 0.7450, loss: -104.5409
2022-07-25 02:36:51,886 - mmpose - INFO - Epoch [59][50/87]	lr: 5.000e-04, eta: 0:57:00, time: 0.429, data_time: 0.244, memory: 3066, reg_loss: -104.9000, acc_pose: 0.7511, loss: -104.9000
2022-07-25 02:37:27,419 - mmpose - INFO - Epoch [60][50/87]	lr: 5.000e-04, eta: 0:56:36, time: 0.435, data_time: 0.114, memory: 3066, reg_loss: -104.6352, acc_pose: 0.7393, loss: -104.6352
2022-07-25 02:37:41,135 - mmpose - INFO - Saving checkpoint at 60 epochs
2022-07-25 02:37:51,447 - mmpose - INFO - The previous best checkpoint /data/tfj/workspace/python_projects/pose/mmpose0270/work_dirs/23_reg_shufflenetv2_mpii_256x256_dsnt_rle/best_PCKh_epoch_50.pth was removed
2022-07-25 02:37:51,666 - mmpose - INFO - Now best checkpoint is saved as best_PCKh_epoch_60.pth.
2022-07-25 02:37:51,666 - mmpose - INFO - Best PCKh is 77.7622 at 60 epoch.
2022-07-25 02:37:51,667 - mmpose - INFO - Epoch(val) [60][24]	Head: 92.2920, Shoulder: 90.6929, Elbow: 78.1659, Wrist: 67.4337, Hip: 82.7591, Knee: 69.1719, Ankle: 54.1568, PCKh: 77.7622, PCKh@0.1: 18.5376
2022-07-25 02:38:13,513 - mmpose - INFO - Epoch [61][50/87]	lr: 5.000e-04, eta: 0:56:11, time: 0.437, data_time: 0.182, memory: 3066, reg_loss: -106.2049, acc_pose: 0.7506, loss: -106.2049
2022-07-25 02:38:48,858 - mmpose - INFO - Epoch [62][50/87]	lr: 5.000e-04, eta: 0:55:47, time: 0.437, data_time: 0.238, memory: 3066, reg_loss: -105.3421, acc_pose: 0.7419, loss: -105.3421
2022-07-25 02:39:24,389 - mmpose - INFO - Epoch [63][50/87]	lr: 5.000e-04, eta: 0:55:23, time: 0.437, data_time: 0.319, memory: 3066, reg_loss: -105.9896, acc_pose: 0.7561, loss: -105.9896
2022-07-25 02:40:00,018 - mmpose - INFO - Epoch [64][50/87]	lr: 5.000e-04, eta: 0:54:59, time: 0.445, data_time: 0.284, memory: 3066, reg_loss: -105.7176, acc_pose: 0.7391, loss: -105.7176
2022-07-25 02:40:34,838 - mmpose - INFO - Epoch [65][50/87]	lr: 5.000e-04, eta: 0:54:35, time: 0.432, data_time: 0.164, memory: 3066, reg_loss: -105.4952, acc_pose: 0.7498, loss: -105.4952
2022-07-25 02:41:10,325 - mmpose - INFO - Epoch [66][50/87]	lr: 5.000e-04, eta: 0:54:11, time: 0.439, data_time: 0.131, memory: 3066, reg_loss: -105.6165, acc_pose: 0.7541, loss: -105.6165
2022-07-25 02:41:45,983 - mmpose - INFO - Epoch [67][50/87]	lr: 5.000e-04, eta: 0:53:48, time: 0.447, data_time: 0.294, memory: 3066, reg_loss: -105.9547, acc_pose: 0.7508, loss: -105.9547
2022-07-25 02:42:21,970 - mmpose - INFO - Epoch [68][50/87]	lr: 5.000e-04, eta: 0:53:26, time: 0.451, data_time: 0.325, memory: 3066, reg_loss: -106.2428, acc_pose: 0.7549, loss: -106.2428
2022-07-25 02:42:58,104 - mmpose - INFO - Epoch [69][50/87]	lr: 5.000e-04, eta: 0:53:03, time: 0.452, data_time: 0.245, memory: 3066, reg_loss: -105.7461, acc_pose: 0.7475, loss: -105.7461
2022-07-25 02:43:33,483 - mmpose - INFO - Epoch [70][50/87]	lr: 5.000e-04, eta: 0:52:40, time: 0.438, data_time: 0.227, memory: 3066, reg_loss: -106.5049, acc_pose: 0.7394, loss: -106.5049
2022-07-25 02:43:46,936 - mmpose - INFO - Saving checkpoint at 70 epochs
2022-07-25 02:43:51,954 - mmpose - INFO - The previous best checkpoint /data/tfj/workspace/python_projects/pose/mmpose0270/work_dirs/23_reg_shufflenetv2_mpii_256x256_dsnt_rle/best_PCKh_epoch_60.pth was removed
2022-07-25 02:43:52,154 - mmpose - INFO - Now best checkpoint is saved as best_PCKh_epoch_70.pth.
2022-07-25 02:43:52,155 - mmpose - INFO - Best PCKh is 78.0484 at 70 epoch.
2022-07-25 02:43:52,155 - mmpose - INFO - Epoch(val) [70][24]	Head: 92.2920, Shoulder: 90.5061, Elbow: 78.6944, Wrist: 68.3591, Hip: 82.5861, Knee: 69.8765, Ankle: 54.2044, PCKh: 78.0484, PCKh@0.1: 17.9131
2022-07-25 02:44:13,682 - mmpose - INFO - Epoch [71][50/87]	lr: 5.000e-04, eta: 0:52:15, time: 0.430, data_time: 0.320, memory: 3066, reg_loss: -106.6153, acc_pose: 0.7493, loss: -106.6153
2022-07-25 02:44:49,071 - mmpose - INFO - Epoch [72][50/87]	lr: 5.000e-04, eta: 0:51:51, time: 0.436, data_time: 0.156, memory: 3066, reg_loss: -105.7247, acc_pose: 0.7528, loss: -105.7247
2022-07-25 02:45:23,878 - mmpose - INFO - Epoch [73][50/87]	lr: 5.000e-04, eta: 0:51:28, time: 0.435, data_time: 0.187, memory: 3066, reg_loss: -106.5593, acc_pose: 0.7504, loss: -106.5593
2022-07-25 02:45:59,293 - mmpose - INFO - Epoch [74][50/87]	lr: 5.000e-04, eta: 0:51:04, time: 0.436, data_time: 0.305, memory: 3066, reg_loss: -106.9219, acc_pose: 0.7545, loss: -106.9219
2022-07-25 02:46:35,494 - mmpose - INFO - Epoch [75][50/87]	lr: 5.000e-04, eta: 0:50:41, time: 0.450, data_time: 0.164, memory: 3066, reg_loss: -106.6807, acc_pose: 0.7518, loss: -106.6807
2022-07-25 02:47:10,774 - mmpose - INFO - Epoch [76][50/87]	lr: 5.000e-04, eta: 0:50:18, time: 0.444, data_time: 0.332, memory: 3066, reg_loss: -106.9161, acc_pose: 0.7585, loss: -106.9161
2022-07-25 02:47:45,944 - mmpose - INFO - Epoch [77][50/87]	lr: 5.000e-04, eta: 0:49:55, time: 0.434, data_time: 0.286, memory: 3066, reg_loss: -107.3480, acc_pose: 0.7608, loss: -107.3480
2022-07-25 02:48:21,150 - mmpose - INFO - Epoch [78][50/87]	lr: 5.000e-04, eta: 0:49:31, time: 0.433, data_time: 0.163, memory: 3066, reg_loss: -108.0082, acc_pose: 0.7576, loss: -108.0082
2022-07-25 02:48:56,304 - mmpose - INFO - Epoch [79][50/87]	lr: 5.000e-04, eta: 0:49:07, time: 0.434, data_time: 0.294, memory: 3066, reg_loss: -106.9785, acc_pose: 0.7591, loss: -106.9785
2022-07-25 02:49:31,135 - mmpose - INFO - Epoch [80][50/87]	lr: 5.000e-04, eta: 0:48:44, time: 0.433, data_time: 0.261, memory: 3066, reg_loss: -107.2054, acc_pose: 0.7614, loss: -107.2054
2022-07-25 02:49:44,380 - mmpose - INFO - Saving checkpoint at 80 epochs
2022-07-25 02:49:49,152 - mmpose - INFO - The previous best checkpoint /data/tfj/workspace/python_projects/pose/mmpose0270/work_dirs/23_reg_shufflenetv2_mpii_256x256_dsnt_rle/best_PCKh_epoch_70.pth was removed
2022-07-25 02:49:49,349 - mmpose - INFO - Now best checkpoint is saved as best_PCKh_epoch_80.pth.
2022-07-25 02:49:49,349 - mmpose - INFO - Best PCKh is 78.4023 at 80 epoch.
2022-07-25 02:49:49,350 - mmpose - INFO - Epoch(val) [80][24]	Head: 92.5989, Shoulder: 91.4742, Elbow: 78.7114, Wrist: 68.1533, Hip: 82.7938, Knee: 70.1994, Ankle: 55.3142, PCKh: 78.4023, PCKh@0.1: 18.3763
2022-07-25 02:50:11,172 - mmpose - INFO - Epoch [81][50/87]	lr: 5.000e-04, eta: 0:48:20, time: 0.436, data_time: 0.330, memory: 3066, reg_loss: -107.7002, acc_pose: 0.7550, loss: -107.7002
2022-07-25 02:50:46,531 - mmpose - INFO - Epoch [82][50/87]	lr: 5.000e-04, eta: 0:47:57, time: 0.434, data_time: 0.147, memory: 3066, reg_loss: -107.7584, acc_pose: 0.7596, loss: -107.7584
2022-07-25 02:51:21,542 - mmpose - INFO - Epoch [83][50/87]	lr: 5.000e-04, eta: 0:47:33, time: 0.433, data_time: 0.259, memory: 3066, reg_loss: -108.1257, acc_pose: 0.7589, loss: -108.1257
2022-07-25 02:51:56,549 - mmpose - INFO - Epoch [84][50/87]	lr: 5.000e-04, eta: 0:47:10, time: 0.436, data_time: 0.320, memory: 3066, reg_loss: -107.5754, acc_pose: 0.7551, loss: -107.5754
2022-07-25 02:52:32,968 - mmpose - INFO - Epoch [85][50/87]	lr: 5.000e-04, eta: 0:46:48, time: 0.449, data_time: 0.168, memory: 3066, reg_loss: -108.6298, acc_pose: 0.7666, loss: -108.6298
2022-07-25 02:53:08,241 - mmpose - INFO - Epoch [86][50/87]	lr: 5.000e-04, eta: 0:46:24, time: 0.438, data_time: 0.193, memory: 3066, reg_loss: -108.3804, acc_pose: 0.7604, loss: -108.3804
2022-07-25 02:53:44,134 - mmpose - INFO - Epoch [87][50/87]	lr: 5.000e-04, eta: 0:46:02, time: 0.441, data_time: 0.197, memory: 3066, reg_loss: -108.5101, acc_pose: 0.7650, loss: -108.5101
2022-07-25 02:54:19,514 - mmpose - INFO - Epoch [88][50/87]	lr: 5.000e-04, eta: 0:45:39, time: 0.439, data_time: 0.322, memory: 3066, reg_loss: -107.8015, acc_pose: 0.7660, loss: -107.8015
2022-07-25 02:54:55,022 - mmpose - INFO - Epoch [89][50/87]	lr: 5.000e-04, eta: 0:45:16, time: 0.437, data_time: 0.218, memory: 3066, reg_loss: -107.8740, acc_pose: 0.7589, loss: -107.8740
2022-07-25 02:55:30,395 - mmpose - INFO - Epoch [90][50/87]	lr: 5.000e-04, eta: 0:44:52, time: 0.436, data_time: 0.204, memory: 3066, reg_loss: -108.2366, acc_pose: 0.7766, loss: -108.2366
2022-07-25 02:55:43,721 - mmpose - INFO - Saving checkpoint at 90 epochs
2022-07-25 02:55:48,698 - mmpose - INFO - The previous best checkpoint /data/tfj/workspace/python_projects/pose/mmpose0270/work_dirs/23_reg_shufflenetv2_mpii_256x256_dsnt_rle/best_PCKh_epoch_80.pth was removed
2022-07-25 02:55:48,879 - mmpose - INFO - Now best checkpoint is saved as best_PCKh_epoch_90.pth.
2022-07-25 02:55:48,880 - mmpose - INFO - Best PCKh is 78.5662 at 90 epoch.
2022-07-25 02:55:48,880 - mmpose - INFO - Epoch(val) [90][24]	Head: 92.7012, Shoulder: 91.0156, Elbow: 78.5239, Wrist: 68.1353, Hip: 82.9669, Knee: 71.1263, Ankle: 56.3531, PCKh: 78.5662, PCKh@0.1: 18.6547
2022-07-25 02:56:10,378 - mmpose - INFO - Epoch [91][50/87]	lr: 5.000e-04, eta: 0:44:29, time: 0.430, data_time: 0.318, memory: 3066, reg_loss: -108.5154, acc_pose: 0.7562, loss: -108.5154
2022-07-25 02:56:45,976 - mmpose - INFO - Epoch [92][50/87]	lr: 5.000e-04, eta: 0:44:06, time: 0.444, data_time: 0.276, memory: 3066, reg_loss: -108.5924, acc_pose: 0.7624, loss: -108.5924
2022-07-25 02:57:21,623 - mmpose - INFO - Epoch [93][50/87]	lr: 5.000e-04, eta: 0:43:44, time: 0.440, data_time: 0.165, memory: 3066, reg_loss: -109.6324, acc_pose: 0.7633, loss: -109.6324
2022-07-25 02:57:56,594 - mmpose - INFO - Epoch [94][50/87]	lr: 5.000e-04, eta: 0:43:20, time: 0.428, data_time: 0.187, memory: 3066, reg_loss: -109.1477, acc_pose: 0.7656, loss: -109.1477
2022-07-25 02:58:31,611 - mmpose - INFO - Epoch [95][50/87]	lr: 5.000e-04, eta: 0:42:57, time: 0.435, data_time: 0.256, memory: 3066, reg_loss: -108.1169, acc_pose: 0.7567, loss: -108.1169
2022-07-25 02:59:07,166 - mmpose - INFO - Epoch [96][50/87]	lr: 5.000e-04, eta: 0:42:35, time: 0.448, data_time: 0.164, memory: 3066, reg_loss: -109.2617, acc_pose: 0.7670, loss: -109.2617
2022-07-25 02:59:42,722 - mmpose - INFO - Epoch [97][50/87]	lr: 5.000e-04, eta: 0:42:12, time: 0.444, data_time: 0.151, memory: 3066, reg_loss: -109.3011, acc_pose: 0.7685, loss: -109.3011
2022-07-25 03:00:17,744 - mmpose - INFO - Epoch [98][50/87]	lr: 5.000e-04, eta: 0:41:49, time: 0.436, data_time: 0.171, memory: 3066, reg_loss: -109.5704, acc_pose: 0.7645, loss: -109.5704
2022-07-25 03:00:53,071 - mmpose - INFO - Epoch [99][50/87]	lr: 5.000e-04, eta: 0:41:26, time: 0.436, data_time: 0.279, memory: 3066, reg_loss: -109.4595, acc_pose: 0.7639, loss: -109.4595
2022-07-25 03:01:28,511 - mmpose - INFO - Epoch [100][50/87]	lr: 5.000e-04, eta: 0:41:04, time: 0.437, data_time: 0.297, memory: 3066, reg_loss: -109.8637, acc_pose: 0.7618, loss: -109.8637
2022-07-25 03:01:41,876 - mmpose - INFO - Saving checkpoint at 100 epochs
2022-07-25 03:01:46,985 - mmpose - INFO - The previous best checkpoint /data/tfj/workspace/python_projects/pose/mmpose0270/work_dirs/23_reg_shufflenetv2_mpii_256x256_dsnt_rle/best_PCKh_epoch_90.pth was removed
2022-07-25 03:01:47,186 - mmpose - INFO - Now best checkpoint is saved as best_PCKh_epoch_100.pth.
2022-07-25 03:01:47,187 - mmpose - INFO - Best PCKh is 78.7770 at 100 epoch.
2022-07-25 03:01:47,187 - mmpose - INFO - Epoch(val) [100][24]	Head: 93.1105, Shoulder: 91.4232, Elbow: 79.2397, Wrist: 68.5989, Hip: 83.2093, Knee: 71.1864, Ankle: 55.5979, PCKh: 78.7770, PCKh@0.1: 18.5740
2022-07-25 03:02:08,756 - mmpose - INFO - Epoch [101][50/87]	lr: 5.000e-04, eta: 0:40:40, time: 0.431, data_time: 0.275, memory: 3066, reg_loss: -109.2184, acc_pose: 0.7704, loss: -109.2184
2022-07-25 03:02:44,479 - mmpose - INFO - Epoch [102][50/87]	lr: 5.000e-04, eta: 0:40:18, time: 0.441, data_time: 0.226, memory: 3066, reg_loss: -109.8780, acc_pose: 0.7671, loss: -109.8780
2022-07-25 03:03:19,684 - mmpose - INFO - Epoch [103][50/87]	lr: 5.000e-04, eta: 0:39:55, time: 0.433, data_time: 0.296, memory: 3066, reg_loss: -109.8944, acc_pose: 0.7704, loss: -109.8944
2022-07-25 03:03:55,471 - mmpose - INFO - Epoch [104][50/87]	lr: 5.000e-04, eta: 0:39:33, time: 0.446, data_time: 0.248, memory: 3066, reg_loss: -110.3028, acc_pose: 0.7766, loss: -110.3028
2022-07-25 03:04:29,985 - mmpose - INFO - Epoch [105][50/87]	lr: 5.000e-04, eta: 0:39:09, time: 0.430, data_time: 0.228, memory: 3066, reg_loss: -110.1589, acc_pose: 0.7737, loss: -110.1589
2022-07-25 03:05:05,634 - mmpose - INFO - Epoch [106][50/87]	lr: 5.000e-04, eta: 0:38:47, time: 0.439, data_time: 0.152, memory: 3066, reg_loss: -109.7795, acc_pose: 0.7648, loss: -109.7795
2022-07-25 03:05:40,704 - mmpose - INFO - Epoch [107][50/87]	lr: 5.000e-04, eta: 0:38:24, time: 0.435, data_time: 0.316, memory: 3066, reg_loss: -109.8101, acc_pose: 0.7622, loss: -109.8101
2022-07-25 03:06:16,609 - mmpose - INFO - Epoch [108][50/87]	lr: 5.000e-04, eta: 0:38:02, time: 0.446, data_time: 0.217, memory: 3066, reg_loss: -109.8239, acc_pose: 0.7680, loss: -109.8239
2022-07-25 03:06:51,382 - mmpose - INFO - Epoch [109][50/87]	lr: 5.000e-04, eta: 0:37:39, time: 0.435, data_time: 0.117, memory: 3066, reg_loss: -110.1342, acc_pose: 0.7652, loss: -110.1342
2022-07-25 03:07:26,363 - mmpose - INFO - Epoch [110][50/87]	lr: 5.000e-04, eta: 0:37:16, time: 0.428, data_time: 0.153, memory: 3066, reg_loss: -110.0946, acc_pose: 0.7702, loss: -110.0946
2022-07-25 03:07:39,931 - mmpose - INFO - Saving checkpoint at 110 epochs
2022-07-25 03:07:52,046 - mmpose - INFO - Epoch(val) [110][24]	Head: 92.3602, Shoulder: 90.9817, Elbow: 79.3080, Wrist: 68.7356, Hip: 82.8804, Knee: 71.2475, Ankle: 55.9753, PCKh: 78.7067, PCKh@0.1: 19.2116
2022-07-25 03:08:14,033 - mmpose - INFO - Epoch [111][50/87]	lr: 5.000e-04, eta: 0:36:53, time: 0.440, data_time: 0.329, memory: 3066, reg_loss: -110.1696, acc_pose: 0.7739, loss: -110.1696
2022-07-25 03:08:50,243 - mmpose - INFO - Epoch [112][50/87]	lr: 5.000e-04, eta: 0:36:32, time: 0.458, data_time: 0.258, memory: 3066, reg_loss: -110.6332, acc_pose: 0.7766, loss: -110.6332
2022-07-25 03:09:25,099 - mmpose - INFO - Epoch [113][50/87]	lr: 5.000e-04, eta: 0:36:09, time: 0.428, data_time: 0.197, memory: 3066, reg_loss: -110.5957, acc_pose: 0.7738, loss: -110.5957
2022-07-25 03:10:00,727 - mmpose - INFO - Epoch [114][50/87]	lr: 5.000e-04, eta: 0:35:46, time: 0.432, data_time: 0.236, memory: 3066, reg_loss: -110.8314, acc_pose: 0.7691, loss: -110.8314
2022-07-25 03:10:35,864 - mmpose - INFO - Epoch [115][50/87]	lr: 5.000e-04, eta: 0:35:23, time: 0.433, data_time: 0.313, memory: 3066, reg_loss: -110.3612, acc_pose: 0.7690, loss: -110.3612
2022-07-25 03:11:11,071 - mmpose - INFO - Epoch [116][50/87]	lr: 5.000e-04, eta: 0:35:00, time: 0.431, data_time: 0.298, memory: 3066, reg_loss: -110.9659, acc_pose: 0.7705, loss: -110.9659
2022-07-25 03:11:46,932 - mmpose - INFO - Epoch [117][50/87]	lr: 5.000e-04, eta: 0:34:38, time: 0.446, data_time: 0.233, memory: 3066, reg_loss: -110.8049, acc_pose: 0.7671, loss: -110.8049
2022-07-25 03:12:21,988 - mmpose - INFO - Epoch [118][50/87]	lr: 5.000e-04, eta: 0:34:16, time: 0.441, data_time: 0.247, memory: 3066, reg_loss: -111.4439, acc_pose: 0.7819, loss: -111.4439
2022-07-25 03:12:57,541 - mmpose - INFO - Epoch [119][50/87]	lr: 5.000e-04, eta: 0:33:53, time: 0.434, data_time: 0.219, memory: 3066, reg_loss: -111.4347, acc_pose: 0.7745, loss: -111.4347
2022-07-25 03:13:33,030 - mmpose - INFO - Epoch [120][50/87]	lr: 5.000e-04, eta: 0:33:30, time: 0.440, data_time: 0.324, memory: 3066, reg_loss: -111.2972, acc_pose: 0.7758, loss: -111.2972
2022-07-25 03:13:46,879 - mmpose - INFO - Saving checkpoint at 120 epochs
2022-07-25 03:13:52,093 - mmpose - INFO - The previous best checkpoint /data/tfj/workspace/python_projects/pose/mmpose0270/work_dirs/23_reg_shufflenetv2_mpii_256x256_dsnt_rle/best_PCKh_epoch_100.pth was removed
2022-07-25 03:13:52,312 - mmpose - INFO - Now best checkpoint is saved as best_PCKh_epoch_120.pth.
2022-07-25 03:13:52,312 - mmpose - INFO - Best PCKh is 79.4483 at 120 epoch.
2022-07-25 03:13:52,313 - mmpose - INFO - Epoch(val) [120][24]	Head: 93.4516, Shoulder: 91.5082, Elbow: 79.5808, Wrist: 70.0192, Hip: 83.3996, Knee: 72.2942, Ankle: 57.2739, PCKh: 79.4483, PCKh@0.1: 19.7190
2022-07-25 03:14:13,837 - mmpose - INFO - Epoch [121][50/87]	lr: 5.000e-04, eta: 0:33:08, time: 0.430, data_time: 0.287, memory: 3066, reg_loss: -111.0726, acc_pose: 0.7773, loss: -111.0726
2022-07-25 03:14:48,722 - mmpose - INFO - Epoch [122][50/87]	lr: 5.000e-04, eta: 0:32:45, time: 0.426, data_time: 0.226, memory: 3066, reg_loss: -111.2417, acc_pose: 0.7787, loss: -111.2417
2022-07-25 03:15:24,633 - mmpose - INFO - Epoch [123][50/87]	lr: 5.000e-04, eta: 0:32:22, time: 0.439, data_time: 0.231, memory: 3066, reg_loss: -110.8040, acc_pose: 0.7678, loss: -110.8040
2022-07-25 03:15:59,671 - mmpose - INFO - Epoch [124][50/87]	lr: 5.000e-04, eta: 0:32:00, time: 0.441, data_time: 0.321, memory: 3066, reg_loss: -110.9691, acc_pose: 0.7759, loss: -110.9691
2022-07-25 03:16:34,631 - mmpose - INFO - Epoch [125][50/87]	lr: 5.000e-04, eta: 0:31:37, time: 0.434, data_time: 0.176, memory: 3066, reg_loss: -111.0635, acc_pose: 0.7803, loss: -111.0635
2022-07-25 03:17:10,346 - mmpose - INFO - Epoch [126][50/87]	lr: 5.000e-04, eta: 0:31:15, time: 0.442, data_time: 0.117, memory: 3066, reg_loss: -111.1618, acc_pose: 0.7818, loss: -111.1618
2022-07-25 03:17:45,739 - mmpose - INFO - Epoch [127][50/87]	lr: 5.000e-04, eta: 0:30:53, time: 0.444, data_time: 0.327, memory: 3066, reg_loss: -112.0541, acc_pose: 0.7774, loss: -112.0541
2022-07-25 03:18:21,378 - mmpose - INFO - Epoch [128][50/87]	lr: 5.000e-04, eta: 0:30:31, time: 0.443, data_time: 0.329, memory: 3066, reg_loss: -111.6833, acc_pose: 0.7824, loss: -111.6833
2022-07-25 03:18:56,578 - mmpose - INFO - Epoch [129][50/87]	lr: 5.000e-04, eta: 0:30:08, time: 0.433, data_time: 0.163, memory: 3066, reg_loss: -110.7577, acc_pose: 0.7730, loss: -110.7577
2022-07-25 03:19:32,155 - mmpose - INFO - Epoch [130][50/87]	lr: 5.000e-04, eta: 0:29:46, time: 0.444, data_time: 0.099, memory: 3066, reg_loss: -112.3530, acc_pose: 0.7829, loss: -112.3530
2022-07-25 03:19:45,619 - mmpose - INFO - Saving checkpoint at 130 epochs
2022-07-25 03:20:01,294 - mmpose - INFO - Epoch(val) [130][24]	Head: 92.8377, Shoulder: 91.5251, Elbow: 79.5296, Wrist: 69.6245, Hip: 82.7766, Knee: 71.0661, Ankle: 57.7940, PCKh: 79.1387, PCKh@0.1: 19.0867
2022-07-25 03:20:23,229 - mmpose - INFO - Epoch [131][50/87]	lr: 5.000e-04, eta: 0:29:23, time: 0.439, data_time: 0.189, memory: 3066, reg_loss: -112.0889, acc_pose: 0.7798, loss: -112.0889
2022-07-25 03:20:59,275 - mmpose - INFO - Epoch [132][50/87]	lr: 5.000e-04, eta: 0:29:02, time: 0.464, data_time: 0.351, memory: 3066, reg_loss: -112.7329, acc_pose: 0.7777, loss: -112.7329
2022-07-25 03:21:34,478 - mmpose - INFO - Epoch [133][50/87]	lr: 5.000e-04, eta: 0:28:39, time: 0.437, data_time: 0.243, memory: 3066, reg_loss: -112.7627, acc_pose: 0.7868, loss: -112.7627
2022-07-25 03:22:09,698 - mmpose - INFO - Epoch [134][50/87]	lr: 5.000e-04, eta: 0:28:17, time: 0.434, data_time: 0.175, memory: 3066, reg_loss: -112.3764, acc_pose: 0.7834, loss: -112.3764
2022-07-25 03:22:44,470 - mmpose - INFO - Epoch [135][50/87]	lr: 5.000e-04, eta: 0:27:54, time: 0.428, data_time: 0.136, memory: 3066, reg_loss: -112.6091, acc_pose: 0.7816, loss: -112.6091
2022-07-25 03:23:19,423 - mmpose - INFO - Epoch [136][50/87]	lr: 5.000e-04, eta: 0:27:32, time: 0.436, data_time: 0.295, memory: 3066, reg_loss: -113.0369, acc_pose: 0.7868, loss: -113.0369
2022-07-25 03:23:55,174 - mmpose - INFO - Epoch [137][50/87]	lr: 5.000e-04, eta: 0:27:09, time: 0.437, data_time: 0.273, memory: 3066, reg_loss: -112.2026, acc_pose: 0.7709, loss: -112.2026
2022-07-25 03:24:29,898 - mmpose - INFO - Epoch [138][50/87]	lr: 5.000e-04, eta: 0:26:47, time: 0.431, data_time: 0.143, memory: 3066, reg_loss: -112.4335, acc_pose: 0.7817, loss: -112.4335
2022-07-25 03:25:05,622 - mmpose - INFO - Epoch [139][50/87]	lr: 5.000e-04, eta: 0:26:24, time: 0.435, data_time: 0.295, memory: 3066, reg_loss: -112.2998, acc_pose: 0.7826, loss: -112.2998
2022-07-25 03:25:41,440 - mmpose - INFO - Epoch [140][50/87]	lr: 5.000e-04, eta: 0:26:02, time: 0.446, data_time: 0.314, memory: 3066, reg_loss: -112.2147, acc_pose: 0.7783, loss: -112.2147
2022-07-25 03:25:55,535 - mmpose - INFO - Saving checkpoint at 140 epochs
2022-07-25 03:26:00,380 - mmpose - INFO - The previous best checkpoint /data/tfj/workspace/python_projects/pose/mmpose0270/work_dirs/23_reg_shufflenetv2_mpii_256x256_dsnt_rle/best_PCKh_epoch_120.pth was removed
2022-07-25 03:26:00,587 - mmpose - INFO - Now best checkpoint is saved as best_PCKh_epoch_140.pth.
2022-07-25 03:26:00,587 - mmpose - INFO - Best PCKh is 79.8126 at 140 epoch.
2022-07-25 03:26:00,588 - mmpose - INFO - Epoch(val) [140][24]	Head: 93.0764, Shoulder: 91.6270, Elbow: 80.3818, Wrist: 70.3259, Hip: 83.7977, Knee: 72.5965, Ankle: 58.0537, PCKh: 79.8126, PCKh@0.1: 19.8387
2022-07-25 03:26:22,980 - mmpose - INFO - Epoch [141][50/87]	lr: 5.000e-04, eta: 0:25:40, time: 0.448, data_time: 0.249, memory: 3066, reg_loss: -112.4554, acc_pose: 0.7792, loss: -112.4554
2022-07-25 03:26:57,957 - mmpose - INFO - Epoch [142][50/87]	lr: 5.000e-04, eta: 0:25:18, time: 0.427, data_time: 0.259, memory: 3066, reg_loss: -113.2191, acc_pose: 0.7834, loss: -113.2191
2022-07-25 03:27:33,313 - mmpose - INFO - Epoch [143][50/87]	lr: 5.000e-04, eta: 0:24:55, time: 0.429, data_time: 0.297, memory: 3066, reg_loss: -113.2027, acc_pose: 0.7881, loss: -113.2027
2022-07-25 03:28:08,914 - mmpose - INFO - Epoch [144][50/87]	lr: 5.000e-04, eta: 0:24:33, time: 0.440, data_time: 0.313, memory: 3066, reg_loss: -112.5357, acc_pose: 0.7843, loss: -112.5357
2022-07-25 03:28:44,817 - mmpose - INFO - Epoch [145][50/87]	lr: 5.000e-04, eta: 0:24:11, time: 0.447, data_time: 0.238, memory: 3066, reg_loss: -113.1221, acc_pose: 0.7783, loss: -113.1221
2022-07-25 03:29:20,833 - mmpose - INFO - Epoch [146][50/87]	lr: 5.000e-04, eta: 0:23:48, time: 0.435, data_time: 0.169, memory: 3066, reg_loss: -113.5771, acc_pose: 0.7816, loss: -113.5771
2022-07-25 03:29:56,223 - mmpose - INFO - Epoch [147][50/87]	lr: 5.000e-04, eta: 0:23:26, time: 0.441, data_time: 0.325, memory: 3066, reg_loss: -113.0648, acc_pose: 0.7853, loss: -113.0648
2022-07-25 03:30:31,528 - mmpose - INFO - Epoch [148][50/87]	lr: 5.000e-04, eta: 0:23:04, time: 0.438, data_time: 0.285, memory: 3066, reg_loss: -113.2298, acc_pose: 0.7859, loss: -113.2298
2022-07-25 03:31:06,888 - mmpose - INFO - Epoch [149][50/87]	lr: 5.000e-04, eta: 0:22:42, time: 0.437, data_time: 0.136, memory: 3066, reg_loss: -113.8355, acc_pose: 0.7882, loss: -113.8355
2022-07-25 03:31:42,782 - mmpose - INFO - Epoch [150][50/87]	lr: 5.000e-04, eta: 0:22:19, time: 0.445, data_time: 0.190, memory: 3066, reg_loss: -113.6145, acc_pose: 0.7874, loss: -113.6145
2022-07-25 03:31:56,014 - mmpose - INFO - Saving checkpoint at 150 epochs
2022-07-25 03:32:10,441 - mmpose - INFO - Epoch(val) [150][24]	Head: 93.3151, Shoulder: 91.4572, Elbow: 80.4500, Wrist: 70.2071, Hip: 83.6939, Knee: 72.7376, Ankle: 57.9123, PCKh: 79.7892, PCKh@0.1: 19.7580
2022-07-25 03:32:31,970 - mmpose - INFO - Epoch [151][50/87]	lr: 5.000e-04, eta: 0:21:57, time: 0.430, data_time: 0.311, memory: 3066, reg_loss: -113.4011, acc_pose: 0.7900, loss: -113.4011
2022-07-25 03:33:06,876 - mmpose - INFO - Epoch [152][50/87]	lr: 5.000e-04, eta: 0:21:35, time: 0.436, data_time: 0.288, memory: 3066, reg_loss: -113.2734, acc_pose: 0.7862, loss: -113.2734
2022-07-25 03:33:42,224 - mmpose - INFO - Epoch [153][50/87]	lr: 5.000e-04, eta: 0:21:12, time: 0.437, data_time: 0.199, memory: 3066, reg_loss: -113.2852, acc_pose: 0.7850, loss: -113.2852
2022-07-25 03:34:17,336 - mmpose - INFO - Epoch [154][50/87]	lr: 5.000e-04, eta: 0:20:50, time: 0.431, data_time: 0.188, memory: 3066, reg_loss: -113.2402, acc_pose: 0.7866, loss: -113.2402
2022-07-25 03:34:52,212 - mmpose - INFO - Epoch [155][50/87]	lr: 5.000e-04, eta: 0:20:28, time: 0.429, data_time: 0.230, memory: 3066, reg_loss: -113.1933, acc_pose: 0.7818, loss: -113.1933
2022-07-25 03:35:27,385 - mmpose - INFO - Epoch [156][50/87]	lr: 5.000e-04, eta: 0:20:05, time: 0.441, data_time: 0.326, memory: 3066, reg_loss: -113.6133, acc_pose: 0.7847, loss: -113.6133
2022-07-25 03:36:02,241 - mmpose - INFO - Epoch [157][50/87]	lr: 5.000e-04, eta: 0:19:43, time: 0.431, data_time: 0.237, memory: 3066, reg_loss: -113.7604, acc_pose: 0.7890, loss: -113.7604
2022-07-25 03:36:36,982 - mmpose - INFO - Epoch [158][50/87]	lr: 5.000e-04, eta: 0:19:21, time: 0.430, data_time: 0.267, memory: 3066, reg_loss: -113.6221, acc_pose: 0.7895, loss: -113.6221
2022-07-25 03:37:12,246 - mmpose - INFO - Epoch [159][50/87]	lr: 5.000e-04, eta: 0:18:58, time: 0.434, data_time: 0.234, memory: 3066, reg_loss: -114.1101, acc_pose: 0.7880, loss: -114.1101
2022-07-25 03:37:47,593 - mmpose - INFO - Epoch [160][50/87]	lr: 5.000e-04, eta: 0:18:36, time: 0.433, data_time: 0.278, memory: 3066, reg_loss: -114.2046, acc_pose: 0.7864, loss: -114.2046
2022-07-25 03:38:00,995 - mmpose - INFO - Saving checkpoint at 160 epochs
2022-07-25 03:38:06,114 - mmpose - INFO - The previous best checkpoint /data/tfj/workspace/python_projects/pose/mmpose0270/work_dirs/23_reg_shufflenetv2_mpii_256x256_dsnt_rle/best_PCKh_epoch_140.pth was removed
2022-07-25 03:38:06,329 - mmpose - INFO - Now best checkpoint is saved as best_PCKh_epoch_160.pth.
2022-07-25 03:38:06,330 - mmpose - INFO - Best PCKh is 80.0755 at 160 epoch.
2022-07-25 03:38:06,330 - mmpose - INFO - Epoch(val) [160][24]	Head: 93.2810, Shoulder: 91.5421, Elbow: 80.6375, Wrist: 70.5669, Hip: 83.8843, Knee: 73.2422, Ankle: 58.6916, PCKh: 80.0755, PCKh@0.1: 19.8309
2022-07-25 03:38:28,187 - mmpose - INFO - Epoch [161][50/87]	lr: 5.000e-04, eta: 0:18:14, time: 0.437, data_time: 0.255, memory: 3066, reg_loss: -114.3811, acc_pose: 0.7888, loss: -114.3811
2022-07-25 03:39:03,555 - mmpose - INFO - Epoch [162][50/87]	lr: 5.000e-04, eta: 0:17:52, time: 0.437, data_time: 0.205, memory: 3066, reg_loss: -114.2068, acc_pose: 0.7913, loss: -114.2068
2022-07-25 03:39:38,335 - mmpose - INFO - Epoch [163][50/87]	lr: 5.000e-04, eta: 0:17:29, time: 0.434, data_time: 0.307, memory: 3066, reg_loss: -114.1418, acc_pose: 0.7924, loss: -114.1418
2022-07-25 03:40:13,654 - mmpose - INFO - Epoch [164][50/87]	lr: 5.000e-04, eta: 0:17:07, time: 0.435, data_time: 0.314, memory: 3066, reg_loss: -114.5021, acc_pose: 0.7890, loss: -114.5021
2022-07-25 03:40:49,067 - mmpose - INFO - Epoch [165][50/87]	lr: 5.000e-04, eta: 0:16:45, time: 0.441, data_time: 0.192, memory: 3066, reg_loss: -114.5361, acc_pose: 0.7880, loss: -114.5361
2022-07-25 03:41:24,716 - mmpose - INFO - Epoch [166][50/87]	lr: 5.000e-04, eta: 0:16:23, time: 0.444, data_time: 0.184, memory: 3066, reg_loss: -114.2047, acc_pose: 0.7928, loss: -114.2047
2022-07-25 03:42:00,358 - mmpose - INFO - Epoch [167][50/87]	lr: 5.000e-04, eta: 0:16:01, time: 0.447, data_time: 0.186, memory: 3066, reg_loss: -115.0623, acc_pose: 0.7933, loss: -115.0623
2022-07-25 03:42:35,764 - mmpose - INFO - Epoch [168][50/87]	lr: 5.000e-04, eta: 0:15:38, time: 0.435, data_time: 0.252, memory: 3066, reg_loss: -114.1848, acc_pose: 0.7931, loss: -114.1848
2022-07-25 03:43:11,521 - mmpose - INFO - Epoch [169][50/87]	lr: 5.000e-04, eta: 0:15:16, time: 0.443, data_time: 0.113, memory: 3066, reg_loss: -114.9602, acc_pose: 0.7897, loss: -114.9602
2022-07-25 03:43:46,962 - mmpose - INFO - Epoch [170][50/87]	lr: 5.000e-04, eta: 0:14:54, time: 0.445, data_time: 0.254, memory: 3066, reg_loss: -115.3859, acc_pose: 0.7957, loss: -115.3859
2022-07-25 03:44:00,174 - mmpose - INFO - Saving checkpoint at 170 epochs
2022-07-25 03:44:05,098 - mmpose - INFO - The previous best checkpoint /data/tfj/workspace/python_projects/pose/mmpose0270/work_dirs/23_reg_shufflenetv2_mpii_256x256_dsnt_rle/best_PCKh_epoch_160.pth was removed
2022-07-25 03:44:05,301 - mmpose - INFO - Now best checkpoint is saved as best_PCKh_epoch_170.pth.
2022-07-25 03:44:05,301 - mmpose - INFO - Best PCKh is 80.1769 at 170 epoch.
2022-07-25 03:44:05,302 - mmpose - INFO - Epoch(val) [170][24]	Head: 93.2128, Shoulder: 91.6270, Elbow: 80.9446, Wrist: 70.0354, Hip: 84.0227, Knee: 73.8866, Ankle: 58.9511, PCKh: 80.1769, PCKh@0.1: 19.7060
2022-07-25 03:44:27,281 - mmpose - INFO - Epoch [171][50/87]	lr: 5.000e-05, eta: 0:14:32, time: 0.440, data_time: 0.315, memory: 3066, reg_loss: -116.0863, acc_pose: 0.7930, loss: -116.0863
2022-07-25 03:45:02,296 - mmpose - INFO - Epoch [172][50/87]	lr: 5.000e-05, eta: 0:14:10, time: 0.436, data_time: 0.219, memory: 3066, reg_loss: -116.4832, acc_pose: 0.7984, loss: -116.4832
2022-07-25 03:45:37,619 - mmpose - INFO - Epoch [173][50/87]	lr: 5.000e-05, eta: 0:13:48, time: 0.448, data_time: 0.150, memory: 3066, reg_loss: -117.6562, acc_pose: 0.7991, loss: -117.6562
2022-07-25 03:46:12,915 - mmpose - INFO - Epoch [174][50/87]	lr: 5.000e-05, eta: 0:13:26, time: 0.442, data_time: 0.173, memory: 3066, reg_loss: -117.7095, acc_pose: 0.8081, loss: -117.7095
2022-07-25 03:46:48,468 - mmpose - INFO - Epoch [175][50/87]	lr: 5.000e-05, eta: 0:13:04, time: 0.446, data_time: 0.209, memory: 3066, reg_loss: -118.2458, acc_pose: 0.8062, loss: -118.2458
2022-07-25 03:47:24,222 - mmpose - INFO - Epoch [176][50/87]	lr: 5.000e-05, eta: 0:12:41, time: 0.438, data_time: 0.174, memory: 3066, reg_loss: -118.3793, acc_pose: 0.8118, loss: -118.3793
2022-07-25 03:47:59,836 - mmpose - INFO - Epoch [177][50/87]	lr: 5.000e-05, eta: 0:12:19, time: 0.431, data_time: 0.196, memory: 3066, reg_loss: -118.6124, acc_pose: 0.8109, loss: -118.6124
2022-07-25 03:48:35,027 - mmpose - INFO - Epoch [178][50/87]	lr: 5.000e-05, eta: 0:11:57, time: 0.434, data_time: 0.184, memory: 3066, reg_loss: -118.9518, acc_pose: 0.8053, loss: -118.9518
2022-07-25 03:49:10,344 - mmpose - INFO - Epoch [179][50/87]	lr: 5.000e-05, eta: 0:11:35, time: 0.430, data_time: 0.307, memory: 3066, reg_loss: -118.3282, acc_pose: 0.8024, loss: -118.3282
2022-07-25 03:49:46,607 - mmpose - INFO - Epoch [180][50/87]	lr: 5.000e-05, eta: 0:11:13, time: 0.455, data_time: 0.332, memory: 3066, reg_loss: -119.0180, acc_pose: 0.8009, loss: -119.0180
2022-07-25 03:50:00,453 - mmpose - INFO - Saving checkpoint at 180 epochs
2022-07-25 03:50:21,558 - mmpose - INFO - The previous best checkpoint /data/tfj/workspace/python_projects/pose/mmpose0270/work_dirs/23_reg_shufflenetv2_mpii_256x256_dsnt_rle/best_PCKh_epoch_170.pth was removed
2022-07-25 03:50:21,776 - mmpose - INFO - Now best checkpoint is saved as best_PCKh_epoch_180.pth.
2022-07-25 03:50:21,776 - mmpose - INFO - Best PCKh is 80.8509 at 180 epoch.
2022-07-25 03:50:21,777 - mmpose - INFO - Epoch(val) [180][24]	Head: 93.4516, Shoulder: 92.0516, Elbow: 81.4216, Wrist: 71.5603, Hip: 84.3171, Knee: 74.6921, Ankle: 60.0851, PCKh: 80.8509, PCKh@0.1: 20.7286
2022-07-25 03:50:44,222 - mmpose - INFO - Epoch [181][50/87]	lr: 5.000e-05, eta: 0:10:51, time: 0.449, data_time: 0.310, memory: 3066, reg_loss: -119.3493, acc_pose: 0.8110, loss: -119.3493
2022-07-25 03:51:19,138 - mmpose - INFO - Epoch [182][50/87]	lr: 5.000e-05, eta: 0:10:28, time: 0.435, data_time: 0.223, memory: 3066, reg_loss: -119.1329, acc_pose: 0.8087, loss: -119.1329
2022-07-25 03:51:54,063 - mmpose - INFO - Epoch [183][50/87]	lr: 5.000e-05, eta: 0:10:06, time: 0.435, data_time: 0.239, memory: 3066, reg_loss: -119.1121, acc_pose: 0.8076, loss: -119.1121
2022-07-25 03:52:29,894 - mmpose - INFO - Epoch [184][50/87]	lr: 5.000e-05, eta: 0:09:44, time: 0.433, data_time: 0.273, memory: 3066, reg_loss: -119.0967, acc_pose: 0.8073, loss: -119.0967
2022-07-25 03:53:04,953 - mmpose - INFO - Epoch [185][50/87]	lr: 5.000e-05, eta: 0:09:22, time: 0.436, data_time: 0.199, memory: 3066, reg_loss: -118.9487, acc_pose: 0.8109, loss: -118.9487
2022-07-25 03:53:41,361 - mmpose - INFO - Epoch [186][50/87]	lr: 5.000e-05, eta: 0:09:00, time: 0.449, data_time: 0.174, memory: 3066, reg_loss: -120.1785, acc_pose: 0.8085, loss: -120.1785
2022-07-25 03:54:17,683 - mmpose - INFO - Epoch [187][50/87]	lr: 5.000e-05, eta: 0:08:38, time: 0.438, data_time: 0.226, memory: 3066, reg_loss: -120.1030, acc_pose: 0.8111, loss: -120.1030
2022-07-25 03:54:53,533 - mmpose - INFO - Epoch [188][50/87]	lr: 5.000e-05, eta: 0:08:16, time: 0.443, data_time: 0.158, memory: 3066, reg_loss: -119.6197, acc_pose: 0.8092, loss: -119.6197
2022-07-25 03:55:28,645 - mmpose - INFO - Epoch [189][50/87]	lr: 5.000e-05, eta: 0:07:53, time: 0.442, data_time: 0.297, memory: 3066, reg_loss: -119.1924, acc_pose: 0.8071, loss: -119.1924
2022-07-25 03:56:04,068 - mmpose - INFO - Epoch [190][50/87]	lr: 5.000e-05, eta: 0:07:31, time: 0.446, data_time: 0.208, memory: 3066, reg_loss: -119.4896, acc_pose: 0.8127, loss: -119.4896
2022-07-25 03:56:17,313 - mmpose - INFO - Saving checkpoint at 190 epochs
2022-07-25 03:56:22,514 - mmpose - INFO - The previous best checkpoint /data/tfj/workspace/python_projects/pose/mmpose0270/work_dirs/23_reg_shufflenetv2_mpii_256x256_dsnt_rle/best_PCKh_epoch_180.pth was removed
2022-07-25 03:56:22,715 - mmpose - INFO - Now best checkpoint is saved as best_PCKh_epoch_190.pth.
2022-07-25 03:56:22,715 - mmpose - INFO - Best PCKh is 81.0383 at 190 epoch.
2022-07-25 03:56:22,716 - mmpose - INFO - Epoch(val) [190][24]	Head: 93.6221, Shoulder: 92.4423, Elbow: 81.3876, Wrist: 72.0060, Hip: 84.5941, Knee: 74.8138, Ankle: 59.9432, PCKh: 81.0383, PCKh@0.1: 20.8223
2022-07-25 03:56:44,616 - mmpose - INFO - Epoch [191][50/87]	lr: 5.000e-05, eta: 0:07:09, time: 0.438, data_time: 0.328, memory: 3066, reg_loss: -119.5079, acc_pose: 0.8063, loss: -119.5079
2022-07-25 03:57:20,641 - mmpose - INFO - Epoch [192][50/87]	lr: 5.000e-05, eta: 0:06:47, time: 0.446, data_time: 0.193, memory: 3066, reg_loss: -119.3393, acc_pose: 0.8096, loss: -119.3393
2022-07-25 03:57:56,277 - mmpose - INFO - Epoch [193][50/87]	lr: 5.000e-05, eta: 0:06:25, time: 0.438, data_time: 0.267, memory: 3066, reg_loss: -119.5006, acc_pose: 0.8167, loss: -119.5006
2022-07-25 03:58:32,497 - mmpose - INFO - Epoch [194][50/87]	lr: 5.000e-05, eta: 0:06:03, time: 0.446, data_time: 0.203, memory: 3066, reg_loss: -119.4572, acc_pose: 0.8168, loss: -119.4572
2022-07-25 03:59:08,368 - mmpose - INFO - Epoch [195][50/87]	lr: 5.000e-05, eta: 0:05:41, time: 0.439, data_time: 0.324, memory: 3066, reg_loss: -120.6365, acc_pose: 0.8100, loss: -120.6365
2022-07-25 03:59:43,345 - mmpose - INFO - Epoch [196][50/87]	lr: 5.000e-05, eta: 0:05:19, time: 0.434, data_time: 0.241, memory: 3066, reg_loss: -119.8478, acc_pose: 0.8185, loss: -119.8478
2022-07-25 04:00:19,114 - mmpose - INFO - Epoch [197][50/87]	lr: 5.000e-05, eta: 0:04:56, time: 0.440, data_time: 0.256, memory: 3066, reg_loss: -119.6923, acc_pose: 0.8026, loss: -119.6923
2022-07-25 04:00:54,348 - mmpose - INFO - Epoch [198][50/87]	lr: 5.000e-05, eta: 0:04:34, time: 0.435, data_time: 0.123, memory: 3066, reg_loss: -119.9981, acc_pose: 0.8113, loss: -119.9981
2022-07-25 04:01:29,979 - mmpose - INFO - Epoch [199][50/87]	lr: 5.000e-05, eta: 0:04:12, time: 0.448, data_time: 0.228, memory: 3066, reg_loss: -119.6368, acc_pose: 0.8087, loss: -119.6368
2022-07-25 04:02:04,557 - mmpose - INFO - Epoch [200][50/87]	lr: 5.000e-05, eta: 0:03:50, time: 0.432, data_time: 0.320, memory: 3066, reg_loss: -119.9925, acc_pose: 0.8130, loss: -119.9925
2022-07-25 04:02:17,680 - mmpose - INFO - Saving checkpoint at 200 epochs
2022-07-25 04:02:29,765 - mmpose - INFO - The previous best checkpoint /data/tfj/workspace/python_projects/pose/mmpose0270/work_dirs/23_reg_shufflenetv2_mpii_256x256_dsnt_rle/best_PCKh_epoch_190.pth was removed
2022-07-25 04:02:29,956 - mmpose - INFO - Now best checkpoint is saved as best_PCKh_epoch_200.pth.
2022-07-25 04:02:29,956 - mmpose - INFO - Best PCKh is 81.0877 at 200 epoch.
2022-07-25 04:02:29,957 - mmpose - INFO - Epoch(val) [200][24]	Head: 93.6221, Shoulder: 92.2894, Elbow: 81.6601, Wrist: 72.2636, Hip: 84.4210, Knee: 74.8136, Ankle: 60.1085, PCKh: 81.0877, PCKh@0.1: 21.0617
2022-07-25 04:02:52,356 - mmpose - INFO - Epoch [201][50/87]	lr: 5.000e-06, eta: 0:03:28, time: 0.448, data_time: 0.131, memory: 3066, reg_loss: -120.3030, acc_pose: 0.8094, loss: -120.3030
2022-07-25 04:03:27,773 - mmpose - INFO - Epoch [202][50/87]	lr: 5.000e-06, eta: 0:03:06, time: 0.447, data_time: 0.096, memory: 3066, reg_loss: -119.9843, acc_pose: 0.8125, loss: -119.9843
2022-07-25 04:04:02,917 - mmpose - INFO - Epoch [203][50/87]	lr: 5.000e-06, eta: 0:02:44, time: 0.437, data_time: 0.319, memory: 3066, reg_loss: -120.7566, acc_pose: 0.8165, loss: -120.7566
2022-07-25 04:04:38,258 - mmpose - INFO - Epoch [204][50/87]	lr: 5.000e-06, eta: 0:02:22, time: 0.435, data_time: 0.314, memory: 3066, reg_loss: -119.8567, acc_pose: 0.8144, loss: -119.8567
2022-07-25 04:05:13,562 - mmpose - INFO - Epoch [205][50/87]	lr: 5.000e-06, eta: 0:01:59, time: 0.443, data_time: 0.174, memory: 3066, reg_loss: -120.0574, acc_pose: 0.8125, loss: -120.0574
2022-07-25 04:05:48,280 - mmpose - INFO - Epoch [206][50/87]	lr: 5.000e-06, eta: 0:01:37, time: 0.427, data_time: 0.290, memory: 3066, reg_loss: -120.2393, acc_pose: 0.8102, loss: -120.2393
2022-07-25 04:06:23,283 - mmpose - INFO - Epoch [207][50/87]	lr: 5.000e-06, eta: 0:01:15, time: 0.429, data_time: 0.262, memory: 3066, reg_loss: -121.1992, acc_pose: 0.8149, loss: -121.1992
2022-07-25 04:06:58,690 - mmpose - INFO - Epoch [208][50/87]	lr: 5.000e-06, eta: 0:00:53, time: 0.438, data_time: 0.229, memory: 3066, reg_loss: -120.2461, acc_pose: 0.8160, loss: -120.2461
2022-07-25 04:07:33,827 - mmpose - INFO - Epoch [209][50/87]	lr: 5.000e-06, eta: 0:00:31, time: 0.442, data_time: 0.217, memory: 3066, reg_loss: -120.1351, acc_pose: 0.8113, loss: -120.1351
2022-07-25 04:08:09,010 - mmpose - INFO - Epoch [210][50/87]	lr: 5.000e-06, eta: 0:00:09, time: 0.429, data_time: 0.179, memory: 3066, reg_loss: -120.5640, acc_pose: 0.8126, loss: -120.5640
2022-07-25 04:08:22,586 - mmpose - INFO - Saving checkpoint at 210 epochs
2022-07-25 04:08:43,313 - mmpose - INFO - Epoch(val) [210][24]	Head: 93.5198, Shoulder: 92.1535, Elbow: 81.7112, Wrist: 72.0573, Hip: 84.6114, Knee: 74.7327, Ankle: 59.9904, PCKh: 81.0330, PCKh@0.1: 21.1345
