2022-07-13 10:05:45,868 - mmpose - INFO - Environment info:
------------------------------------------------------------
sys.platform: linux
Python: 3.9.7 (default, Sep 16 2021, 13:09:58) [GCC 7.5.0]
CUDA available: True
GPU 0,1,2,3,4,5,6,7: NVIDIA GeForce RTX 3090
CUDA_HOME: /usr/local/cuda-11.1
NVCC: Cuda compilation tools, release 11.1, V11.1.74
GCC: gcc (Ubuntu 7.5.0-3ubuntu1~18.04) 7.5.0
PyTorch: 1.9.1+cu111
PyTorch compiling details: PyTorch built with:
  - GCC 7.3
  - C++ Version: 201402
  - Intel(R) Math Kernel Library Version 2020.0.0 Product Build 20191122 for Intel(R) 64 architecture applications
  - Intel(R) MKL-DNN v2.1.2 (Git Hash 98be7e8afa711dc9b66c8ff3504129cb82013cdb)
  - OpenMP 201511 (a.k.a. OpenMP 4.5)
  - NNPACK is enabled
  - CPU capability usage: AVX2
  - CUDA Runtime 11.1
  - NVCC architecture flags: -gencode;arch=compute_37,code=sm_37;-gencode;arch=compute_50,code=sm_50;-gencode;arch=compute_60,code=sm_60;-gencode;arch=compute_70,code=sm_70;-gencode;arch=compute_75,code=sm_75;-gencode;arch=compute_80,code=sm_80;-gencode;arch=compute_86,code=sm_86
  - CuDNN 8.0.5
  - Magma 2.5.2
  - Build settings: BLAS_INFO=mkl, BUILD_TYPE=Release, CUDA_VERSION=11.1, CUDNN_VERSION=8.0.5, CXX_COMPILER=/opt/rh/devtoolset-7/root/usr/bin/c++, CXX_FLAGS= -Wno-deprecated -fvisibility-inlines-hidden -DUSE_PTHREADPOOL -fopenmp -DNDEBUG -DUSE_KINETO -DUSE_FBGEMM -DUSE_QNNPACK -DUSE_PYTORCH_QNNPACK -DUSE_XNNPACK -DSYMBOLICATE_MOBILE_DEBUG_HANDLE -O2 -fPIC -Wno-narrowing -Wall -Wextra -Werror=return-type -Wno-missing-field-initializers -Wno-type-limits -Wno-array-bounds -Wno-unknown-pragmas -Wno-sign-compare -Wno-unused-parameter -Wno-unused-variable -Wno-unused-function -Wno-unused-result -Wno-unused-local-typedefs -Wno-strict-overflow -Wno-strict-aliasing -Wno-error=deprecated-declarations -Wno-stringop-overflow -Wno-psabi -Wno-error=pedantic -Wno-error=redundant-decls -Wno-error=old-style-cast -fdiagnostics-color=always -faligned-new -Wno-unused-but-set-variable -Wno-maybe-uninitialized -fno-math-errno -fno-trapping-math -Werror=format -Wno-stringop-overflow, LAPACK_INFO=mkl, PERF_WITH_AVX=1, PERF_WITH_AVX2=1, PERF_WITH_AVX512=1, TORCH_VERSION=1.9.1, USE_CUDA=ON, USE_CUDNN=ON, USE_EXCEPTION_PTR=1, USE_GFLAGS=OFF, USE_GLOG=OFF, USE_MKL=ON, USE_MKLDNN=ON, USE_MPI=OFF, USE_NCCL=ON, USE_NNPACK=ON, USE_OPENMP=ON, 

TorchVision: 0.10.1+cu111
OpenCV: 4.5.5
MMCV: 1.5.1
MMCV Compiler: GCC 7.5
MMCV CUDA Compiler: 11.1
MMPose: 0.27.0+
------------------------------------------------------------

2022-07-13 10:05:45,869 - mmpose - INFO - Distributed training: True
2022-07-13 10:05:49,182 - mmpose - INFO - Config:
checkpoint_config = dict(interval=10)
log_config = dict(interval=50, hooks=[dict(type='TextLoggerHook')])
log_level = 'INFO'
load_from = None
resume_from = None
dist_params = dict(backend='nccl')
workflow = [('train', 1)]
opencv_num_threads = 0
mp_start_method = 'fork'
dataset_info = dict(
    dataset_name='mpii',
    paper_info=dict(
        author=
        'Mykhaylo Andriluka and Leonid Pishchulin and Peter Gehler and Schiele, Bernt',
        title=
        '2D Human Pose Estimation: New Benchmark and State of the Art Analysis',
        container=
        'IEEE Conference on Computer Vision and Pattern Recognition (CVPR)',
        year='2014',
        homepage='http://human-pose.mpi-inf.mpg.de/'),
    keypoint_info=dict({
        0:
        dict(
            name='right_ankle',
            id=0,
            color=[255, 128, 0],
            type='lower',
            swap='left_ankle'),
        1:
        dict(
            name='right_knee',
            id=1,
            color=[255, 128, 0],
            type='lower',
            swap='left_knee'),
        2:
        dict(
            name='right_hip',
            id=2,
            color=[255, 128, 0],
            type='lower',
            swap='left_hip'),
        3:
        dict(
            name='left_hip',
            id=3,
            color=[0, 255, 0],
            type='lower',
            swap='right_hip'),
        4:
        dict(
            name='left_knee',
            id=4,
            color=[0, 255, 0],
            type='lower',
            swap='right_knee'),
        5:
        dict(
            name='left_ankle',
            id=5,
            color=[0, 255, 0],
            type='lower',
            swap='right_ankle'),
        6:
        dict(name='pelvis', id=6, color=[51, 153, 255], type='lower', swap=''),
        7:
        dict(name='thorax', id=7, color=[51, 153, 255], type='upper', swap=''),
        8:
        dict(
            name='upper_neck',
            id=8,
            color=[51, 153, 255],
            type='upper',
            swap=''),
        9:
        dict(
            name='head_top', id=9, color=[51, 153, 255], type='upper',
            swap=''),
        10:
        dict(
            name='right_wrist',
            id=10,
            color=[255, 128, 0],
            type='upper',
            swap='left_wrist'),
        11:
        dict(
            name='right_elbow',
            id=11,
            color=[255, 128, 0],
            type='upper',
            swap='left_elbow'),
        12:
        dict(
            name='right_shoulder',
            id=12,
            color=[255, 128, 0],
            type='upper',
            swap='left_shoulder'),
        13:
        dict(
            name='left_shoulder',
            id=13,
            color=[0, 255, 0],
            type='upper',
            swap='right_shoulder'),
        14:
        dict(
            name='left_elbow',
            id=14,
            color=[0, 255, 0],
            type='upper',
            swap='right_elbow'),
        15:
        dict(
            name='left_wrist',
            id=15,
            color=[0, 255, 0],
            type='upper',
            swap='right_wrist')
    }),
    skeleton_info=dict({
        0:
        dict(link=('right_ankle', 'right_knee'), id=0, color=[255, 128, 0]),
        1:
        dict(link=('right_knee', 'right_hip'), id=1, color=[255, 128, 0]),
        2:
        dict(link=('right_hip', 'pelvis'), id=2, color=[255, 128, 0]),
        3:
        dict(link=('pelvis', 'left_hip'), id=3, color=[0, 255, 0]),
        4:
        dict(link=('left_hip', 'left_knee'), id=4, color=[0, 255, 0]),
        5:
        dict(link=('left_knee', 'left_ankle'), id=5, color=[0, 255, 0]),
        6:
        dict(link=('pelvis', 'thorax'), id=6, color=[51, 153, 255]),
        7:
        dict(link=('thorax', 'upper_neck'), id=7, color=[51, 153, 255]),
        8:
        dict(link=('upper_neck', 'head_top'), id=8, color=[51, 153, 255]),
        9:
        dict(link=('upper_neck', 'right_shoulder'), id=9, color=[255, 128, 0]),
        10:
        dict(
            link=('right_shoulder', 'right_elbow'), id=10, color=[255, 128,
                                                                  0]),
        11:
        dict(link=('right_elbow', 'right_wrist'), id=11, color=[255, 128, 0]),
        12:
        dict(link=('upper_neck', 'left_shoulder'), id=12, color=[0, 255, 0]),
        13:
        dict(link=('left_shoulder', 'left_elbow'), id=13, color=[0, 255, 0]),
        14:
        dict(link=('left_elbow', 'left_wrist'), id=14, color=[0, 255, 0])
    }),
    joint_weights=[
        1.5, 1.2, 1.0, 1.0, 1.2, 1.5, 1.0, 1.0, 1.0, 1.0, 1.5, 1.2, 1.0, 1.0,
        1.2, 1.5
    ],
    sigmas=[
        0.089, 0.083, 0.107, 0.107, 0.083, 0.089, 0.026, 0.026, 0.026, 0.026,
        0.062, 0.072, 0.179, 0.179, 0.072, 0.062
    ])
evaluation = dict(interval=10, metric='PCKh', save_best='PCKh')
optimizer = dict(type='Adam', lr=0.0005)
optimizer_config = dict(grad_clip=None)
lr_config = dict(
    policy='step',
    warmup='linear',
    warmup_iters=500,
    warmup_ratio=0.001,
    step=[170, 200])
total_epochs = 210
channel_cfg = dict(
    num_output_channels=16,
    dataset_joints=16,
    dataset_channel=[0, 1, 2, 3, 4, 5, 6, 7, 8, 9, 10, 11, 12, 13, 14, 15],
    inference_channel=[0, 1, 2, 3, 4, 5, 6, 7, 8, 9, 10, 11, 12, 13, 14, 15])
model = dict(
    type='TopDown',
    pretrained='mmcls://shufflenet_v2',
    backbone=dict(type='ShuffleNetV2', widen_factor=1.0),
    neck=dict(type='GlobalAveragePooling'),
    keypoint_head=dict(
        type='DeepposeRegressionHead',
        in_channels=1024,
        num_joints=16,
        loss_keypoint=dict(type='SmoothL1Loss', use_target_weight=True)),
    train_cfg=dict(),
    test_cfg=dict(flip_test=True))
data_cfg = dict(
    image_size=[256, 256],
    heatmap_size=[64, 64],
    num_output_channels=16,
    num_joints=16,
    dataset_channel=[0, 1, 2, 3, 4, 5, 6, 7, 8, 9, 10, 11, 12, 13, 14, 15],
    inference_channel=[0, 1, 2, 3, 4, 5, 6, 7, 8, 9, 10, 11, 12, 13, 14, 15],
    use_gt_bbox=True,
    bbox_file=None)
train_pipeline = [
    dict(type='LoadImageFromFile'),
    dict(type='TopDownGetBboxCenterScale', padding=1.25),
    dict(type='TopDownRandomFlip', flip_prob=0.5),
    dict(
        type='TopDownGetRandomScaleRotation', rot_factor=40, scale_factor=0.5),
    dict(type='TopDownAffine'),
    dict(type='ToTensor'),
    dict(
        type='NormalizeTensor',
        mean=[0.485, 0.456, 0.406],
        std=[0.229, 0.224, 0.225]),
    dict(type='TopDownGenerateTargetRegression'),
    dict(
        type='Collect',
        keys=['img', 'target', 'target_weight'],
        meta_keys=[
            'image_file', 'joints_3d', 'joints_3d_visible', 'center', 'scale',
            'rotation', 'flip_pairs'
        ])
]
val_pipeline = [
    dict(type='LoadImageFromFile'),
    dict(type='TopDownGetBboxCenterScale', padding=1.25),
    dict(type='TopDownAffine'),
    dict(type='ToTensor'),
    dict(
        type='NormalizeTensor',
        mean=[0.485, 0.456, 0.406],
        std=[0.229, 0.224, 0.225]),
    dict(
        type='Collect',
        keys=['img'],
        meta_keys=['image_file', 'center', 'scale', 'rotation', 'flip_pairs'])
]
test_pipeline = [
    dict(type='LoadImageFromFile'),
    dict(type='TopDownGetBboxCenterScale', padding=1.25),
    dict(type='TopDownAffine'),
    dict(type='ToTensor'),
    dict(
        type='NormalizeTensor',
        mean=[0.485, 0.456, 0.406],
        std=[0.229, 0.224, 0.225]),
    dict(
        type='Collect',
        keys=['img'],
        meta_keys=['image_file', 'center', 'scale', 'rotation', 'flip_pairs'])
]
data_root = '/data/tfj/workspace/datasets/MPII'
data = dict(
    samples_per_gpu=64,
    workers_per_gpu=4,
    persistent_workers=True,
    val_dataloader=dict(samples_per_gpu=32),
    test_dataloader=dict(samples_per_gpu=32),
    train=dict(
        type='TopDownMpiiDataset',
        ann_file=
        '/data/tfj/workspace/datasets/MPII/annotations/mpii_train.json',
        img_prefix='/data/tfj/workspace/datasets/MPII/images/',
        data_cfg=dict(
            image_size=[256, 256],
            heatmap_size=[64, 64],
            num_output_channels=16,
            num_joints=16,
            dataset_channel=[
                0, 1, 2, 3, 4, 5, 6, 7, 8, 9, 10, 11, 12, 13, 14, 15
            ],
            inference_channel=[
                0, 1, 2, 3, 4, 5, 6, 7, 8, 9, 10, 11, 12, 13, 14, 15
            ],
            use_gt_bbox=True,
            bbox_file=None),
        pipeline=[
            dict(type='LoadImageFromFile'),
            dict(type='TopDownGetBboxCenterScale', padding=1.25),
            dict(type='TopDownRandomFlip', flip_prob=0.5),
            dict(
                type='TopDownGetRandomScaleRotation',
                rot_factor=40,
                scale_factor=0.5),
            dict(type='TopDownAffine'),
            dict(type='ToTensor'),
            dict(
                type='NormalizeTensor',
                mean=[0.485, 0.456, 0.406],
                std=[0.229, 0.224, 0.225]),
            dict(type='TopDownGenerateTargetRegression'),
            dict(
                type='Collect',
                keys=['img', 'target', 'target_weight'],
                meta_keys=[
                    'image_file', 'joints_3d', 'joints_3d_visible', 'center',
                    'scale', 'rotation', 'flip_pairs'
                ])
        ],
        dataset_info=dict(
            dataset_name='mpii',
            paper_info=dict(
                author=
                'Mykhaylo Andriluka and Leonid Pishchulin and Peter Gehler and Schiele, Bernt',
                title=
                '2D Human Pose Estimation: New Benchmark and State of the Art Analysis',
                container=
                'IEEE Conference on Computer Vision and Pattern Recognition (CVPR)',
                year='2014',
                homepage='http://human-pose.mpi-inf.mpg.de/'),
            keypoint_info=dict({
                0:
                dict(
                    name='right_ankle',
                    id=0,
                    color=[255, 128, 0],
                    type='lower',
                    swap='left_ankle'),
                1:
                dict(
                    name='right_knee',
                    id=1,
                    color=[255, 128, 0],
                    type='lower',
                    swap='left_knee'),
                2:
                dict(
                    name='right_hip',
                    id=2,
                    color=[255, 128, 0],
                    type='lower',
                    swap='left_hip'),
                3:
                dict(
                    name='left_hip',
                    id=3,
                    color=[0, 255, 0],
                    type='lower',
                    swap='right_hip'),
                4:
                dict(
                    name='left_knee',
                    id=4,
                    color=[0, 255, 0],
                    type='lower',
                    swap='right_knee'),
                5:
                dict(
                    name='left_ankle',
                    id=5,
                    color=[0, 255, 0],
                    type='lower',
                    swap='right_ankle'),
                6:
                dict(
                    name='pelvis',
                    id=6,
                    color=[51, 153, 255],
                    type='lower',
                    swap=''),
                7:
                dict(
                    name='thorax',
                    id=7,
                    color=[51, 153, 255],
                    type='upper',
                    swap=''),
                8:
                dict(
                    name='upper_neck',
                    id=8,
                    color=[51, 153, 255],
                    type='upper',
                    swap=''),
                9:
                dict(
                    name='head_top',
                    id=9,
                    color=[51, 153, 255],
                    type='upper',
                    swap=''),
                10:
                dict(
                    name='right_wrist',
                    id=10,
                    color=[255, 128, 0],
                    type='upper',
                    swap='left_wrist'),
                11:
                dict(
                    name='right_elbow',
                    id=11,
                    color=[255, 128, 0],
                    type='upper',
                    swap='left_elbow'),
                12:
                dict(
                    name='right_shoulder',
                    id=12,
                    color=[255, 128, 0],
                    type='upper',
                    swap='left_shoulder'),
                13:
                dict(
                    name='left_shoulder',
                    id=13,
                    color=[0, 255, 0],
                    type='upper',
                    swap='right_shoulder'),
                14:
                dict(
                    name='left_elbow',
                    id=14,
                    color=[0, 255, 0],
                    type='upper',
                    swap='right_elbow'),
                15:
                dict(
                    name='left_wrist',
                    id=15,
                    color=[0, 255, 0],
                    type='upper',
                    swap='right_wrist')
            }),
            skeleton_info=dict({
                0:
                dict(
                    link=('right_ankle', 'right_knee'),
                    id=0,
                    color=[255, 128, 0]),
                1:
                dict(
                    link=('right_knee', 'right_hip'),
                    id=1,
                    color=[255, 128, 0]),
                2:
                dict(link=('right_hip', 'pelvis'), id=2, color=[255, 128, 0]),
                3:
                dict(link=('pelvis', 'left_hip'), id=3, color=[0, 255, 0]),
                4:
                dict(link=('left_hip', 'left_knee'), id=4, color=[0, 255, 0]),
                5:
                dict(
                    link=('left_knee', 'left_ankle'), id=5, color=[0, 255, 0]),
                6:
                dict(link=('pelvis', 'thorax'), id=6, color=[51, 153, 255]),
                7:
                dict(
                    link=('thorax', 'upper_neck'), id=7, color=[51, 153, 255]),
                8:
                dict(
                    link=('upper_neck', 'head_top'),
                    id=8,
                    color=[51, 153, 255]),
                9:
                dict(
                    link=('upper_neck', 'right_shoulder'),
                    id=9,
                    color=[255, 128, 0]),
                10:
                dict(
                    link=('right_shoulder', 'right_elbow'),
                    id=10,
                    color=[255, 128, 0]),
                11:
                dict(
                    link=('right_elbow', 'right_wrist'),
                    id=11,
                    color=[255, 128, 0]),
                12:
                dict(
                    link=('upper_neck', 'left_shoulder'),
                    id=12,
                    color=[0, 255, 0]),
                13:
                dict(
                    link=('left_shoulder', 'left_elbow'),
                    id=13,
                    color=[0, 255, 0]),
                14:
                dict(
                    link=('left_elbow', 'left_wrist'),
                    id=14,
                    color=[0, 255, 0])
            }),
            joint_weights=[
                1.5, 1.2, 1.0, 1.0, 1.2, 1.5, 1.0, 1.0, 1.0, 1.0, 1.5, 1.2,
                1.0, 1.0, 1.2, 1.5
            ],
            sigmas=[
                0.089, 0.083, 0.107, 0.107, 0.083, 0.089, 0.026, 0.026, 0.026,
                0.026, 0.062, 0.072, 0.179, 0.179, 0.072, 0.062
            ])),
    val=dict(
        type='TopDownMpiiDataset',
        ann_file='/data/tfj/workspace/datasets/MPII/annotations/mpii_val.json',
        img_prefix='/data/tfj/workspace/datasets/MPII/images/',
        data_cfg=dict(
            image_size=[256, 256],
            heatmap_size=[64, 64],
            num_output_channels=16,
            num_joints=16,
            dataset_channel=[
                0, 1, 2, 3, 4, 5, 6, 7, 8, 9, 10, 11, 12, 13, 14, 15
            ],
            inference_channel=[
                0, 1, 2, 3, 4, 5, 6, 7, 8, 9, 10, 11, 12, 13, 14, 15
            ],
            use_gt_bbox=True,
            bbox_file=None),
        pipeline=[
            dict(type='LoadImageFromFile'),
            dict(type='TopDownGetBboxCenterScale', padding=1.25),
            dict(type='TopDownAffine'),
            dict(type='ToTensor'),
            dict(
                type='NormalizeTensor',
                mean=[0.485, 0.456, 0.406],
                std=[0.229, 0.224, 0.225]),
            dict(
                type='Collect',
                keys=['img'],
                meta_keys=[
                    'image_file', 'center', 'scale', 'rotation', 'flip_pairs'
                ])
        ],
        dataset_info=dict(
            dataset_name='mpii',
            paper_info=dict(
                author=
                'Mykhaylo Andriluka and Leonid Pishchulin and Peter Gehler and Schiele, Bernt',
                title=
                '2D Human Pose Estimation: New Benchmark and State of the Art Analysis',
                container=
                'IEEE Conference on Computer Vision and Pattern Recognition (CVPR)',
                year='2014',
                homepage='http://human-pose.mpi-inf.mpg.de/'),
            keypoint_info=dict({
                0:
                dict(
                    name='right_ankle',
                    id=0,
                    color=[255, 128, 0],
                    type='lower',
                    swap='left_ankle'),
                1:
                dict(
                    name='right_knee',
                    id=1,
                    color=[255, 128, 0],
                    type='lower',
                    swap='left_knee'),
                2:
                dict(
                    name='right_hip',
                    id=2,
                    color=[255, 128, 0],
                    type='lower',
                    swap='left_hip'),
                3:
                dict(
                    name='left_hip',
                    id=3,
                    color=[0, 255, 0],
                    type='lower',
                    swap='right_hip'),
                4:
                dict(
                    name='left_knee',
                    id=4,
                    color=[0, 255, 0],
                    type='lower',
                    swap='right_knee'),
                5:
                dict(
                    name='left_ankle',
                    id=5,
                    color=[0, 255, 0],
                    type='lower',
                    swap='right_ankle'),
                6:
                dict(
                    name='pelvis',
                    id=6,
                    color=[51, 153, 255],
                    type='lower',
                    swap=''),
                7:
                dict(
                    name='thorax',
                    id=7,
                    color=[51, 153, 255],
                    type='upper',
                    swap=''),
                8:
                dict(
                    name='upper_neck',
                    id=8,
                    color=[51, 153, 255],
                    type='upper',
                    swap=''),
                9:
                dict(
                    name='head_top',
                    id=9,
                    color=[51, 153, 255],
                    type='upper',
                    swap=''),
                10:
                dict(
                    name='right_wrist',
                    id=10,
                    color=[255, 128, 0],
                    type='upper',
                    swap='left_wrist'),
                11:
                dict(
                    name='right_elbow',
                    id=11,
                    color=[255, 128, 0],
                    type='upper',
                    swap='left_elbow'),
                12:
                dict(
                    name='right_shoulder',
                    id=12,
                    color=[255, 128, 0],
                    type='upper',
                    swap='left_shoulder'),
                13:
                dict(
                    name='left_shoulder',
                    id=13,
                    color=[0, 255, 0],
                    type='upper',
                    swap='right_shoulder'),
                14:
                dict(
                    name='left_elbow',
                    id=14,
                    color=[0, 255, 0],
                    type='upper',
                    swap='right_elbow'),
                15:
                dict(
                    name='left_wrist',
                    id=15,
                    color=[0, 255, 0],
                    type='upper',
                    swap='right_wrist')
            }),
            skeleton_info=dict({
                0:
                dict(
                    link=('right_ankle', 'right_knee'),
                    id=0,
                    color=[255, 128, 0]),
                1:
                dict(
                    link=('right_knee', 'right_hip'),
                    id=1,
                    color=[255, 128, 0]),
                2:
                dict(link=('right_hip', 'pelvis'), id=2, color=[255, 128, 0]),
                3:
                dict(link=('pelvis', 'left_hip'), id=3, color=[0, 255, 0]),
                4:
                dict(link=('left_hip', 'left_knee'), id=4, color=[0, 255, 0]),
                5:
                dict(
                    link=('left_knee', 'left_ankle'), id=5, color=[0, 255, 0]),
                6:
                dict(link=('pelvis', 'thorax'), id=6, color=[51, 153, 255]),
                7:
                dict(
                    link=('thorax', 'upper_neck'), id=7, color=[51, 153, 255]),
                8:
                dict(
                    link=('upper_neck', 'head_top'),
                    id=8,
                    color=[51, 153, 255]),
                9:
                dict(
                    link=('upper_neck', 'right_shoulder'),
                    id=9,
                    color=[255, 128, 0]),
                10:
                dict(
                    link=('right_shoulder', 'right_elbow'),
                    id=10,
                    color=[255, 128, 0]),
                11:
                dict(
                    link=('right_elbow', 'right_wrist'),
                    id=11,
                    color=[255, 128, 0]),
                12:
                dict(
                    link=('upper_neck', 'left_shoulder'),
                    id=12,
                    color=[0, 255, 0]),
                13:
                dict(
                    link=('left_shoulder', 'left_elbow'),
                    id=13,
                    color=[0, 255, 0]),
                14:
                dict(
                    link=('left_elbow', 'left_wrist'),
                    id=14,
                    color=[0, 255, 0])
            }),
            joint_weights=[
                1.5, 1.2, 1.0, 1.0, 1.2, 1.5, 1.0, 1.0, 1.0, 1.0, 1.5, 1.2,
                1.0, 1.0, 1.2, 1.5
            ],
            sigmas=[
                0.089, 0.083, 0.107, 0.107, 0.083, 0.089, 0.026, 0.026, 0.026,
                0.026, 0.062, 0.072, 0.179, 0.179, 0.072, 0.062
            ])),
    test=dict(
        type='TopDownMpiiDataset',
        ann_file='/data/tfj/workspace/datasets/MPII/annotations/mpii_val.json',
        img_prefix='/data/tfj/workspace/datasets/MPII/images/',
        data_cfg=dict(
            image_size=[256, 256],
            heatmap_size=[64, 64],
            num_output_channels=16,
            num_joints=16,
            dataset_channel=[
                0, 1, 2, 3, 4, 5, 6, 7, 8, 9, 10, 11, 12, 13, 14, 15
            ],
            inference_channel=[
                0, 1, 2, 3, 4, 5, 6, 7, 8, 9, 10, 11, 12, 13, 14, 15
            ],
            use_gt_bbox=True,
            bbox_file=None),
        pipeline=[
            dict(type='LoadImageFromFile'),
            dict(type='TopDownGetBboxCenterScale', padding=1.25),
            dict(type='TopDownAffine'),
            dict(type='ToTensor'),
            dict(
                type='NormalizeTensor',
                mean=[0.485, 0.456, 0.406],
                std=[0.229, 0.224, 0.225]),
            dict(
                type='Collect',
                keys=['img'],
                meta_keys=[
                    'image_file', 'center', 'scale', 'rotation', 'flip_pairs'
                ])
        ],
        dataset_info=dict(
            dataset_name='mpii',
            paper_info=dict(
                author=
                'Mykhaylo Andriluka and Leonid Pishchulin and Peter Gehler and Schiele, Bernt',
                title=
                '2D Human Pose Estimation: New Benchmark and State of the Art Analysis',
                container=
                'IEEE Conference on Computer Vision and Pattern Recognition (CVPR)',
                year='2014',
                homepage='http://human-pose.mpi-inf.mpg.de/'),
            keypoint_info=dict({
                0:
                dict(
                    name='right_ankle',
                    id=0,
                    color=[255, 128, 0],
                    type='lower',
                    swap='left_ankle'),
                1:
                dict(
                    name='right_knee',
                    id=1,
                    color=[255, 128, 0],
                    type='lower',
                    swap='left_knee'),
                2:
                dict(
                    name='right_hip',
                    id=2,
                    color=[255, 128, 0],
                    type='lower',
                    swap='left_hip'),
                3:
                dict(
                    name='left_hip',
                    id=3,
                    color=[0, 255, 0],
                    type='lower',
                    swap='right_hip'),
                4:
                dict(
                    name='left_knee',
                    id=4,
                    color=[0, 255, 0],
                    type='lower',
                    swap='right_knee'),
                5:
                dict(
                    name='left_ankle',
                    id=5,
                    color=[0, 255, 0],
                    type='lower',
                    swap='right_ankle'),
                6:
                dict(
                    name='pelvis',
                    id=6,
                    color=[51, 153, 255],
                    type='lower',
                    swap=''),
                7:
                dict(
                    name='thorax',
                    id=7,
                    color=[51, 153, 255],
                    type='upper',
                    swap=''),
                8:
                dict(
                    name='upper_neck',
                    id=8,
                    color=[51, 153, 255],
                    type='upper',
                    swap=''),
                9:
                dict(
                    name='head_top',
                    id=9,
                    color=[51, 153, 255],
                    type='upper',
                    swap=''),
                10:
                dict(
                    name='right_wrist',
                    id=10,
                    color=[255, 128, 0],
                    type='upper',
                    swap='left_wrist'),
                11:
                dict(
                    name='right_elbow',
                    id=11,
                    color=[255, 128, 0],
                    type='upper',
                    swap='left_elbow'),
                12:
                dict(
                    name='right_shoulder',
                    id=12,
                    color=[255, 128, 0],
                    type='upper',
                    swap='left_shoulder'),
                13:
                dict(
                    name='left_shoulder',
                    id=13,
                    color=[0, 255, 0],
                    type='upper',
                    swap='right_shoulder'),
                14:
                dict(
                    name='left_elbow',
                    id=14,
                    color=[0, 255, 0],
                    type='upper',
                    swap='right_elbow'),
                15:
                dict(
                    name='left_wrist',
                    id=15,
                    color=[0, 255, 0],
                    type='upper',
                    swap='right_wrist')
            }),
            skeleton_info=dict({
                0:
                dict(
                    link=('right_ankle', 'right_knee'),
                    id=0,
                    color=[255, 128, 0]),
                1:
                dict(
                    link=('right_knee', 'right_hip'),
                    id=1,
                    color=[255, 128, 0]),
                2:
                dict(link=('right_hip', 'pelvis'), id=2, color=[255, 128, 0]),
                3:
                dict(link=('pelvis', 'left_hip'), id=3, color=[0, 255, 0]),
                4:
                dict(link=('left_hip', 'left_knee'), id=4, color=[0, 255, 0]),
                5:
                dict(
                    link=('left_knee', 'left_ankle'), id=5, color=[0, 255, 0]),
                6:
                dict(link=('pelvis', 'thorax'), id=6, color=[51, 153, 255]),
                7:
                dict(
                    link=('thorax', 'upper_neck'), id=7, color=[51, 153, 255]),
                8:
                dict(
                    link=('upper_neck', 'head_top'),
                    id=8,
                    color=[51, 153, 255]),
                9:
                dict(
                    link=('upper_neck', 'right_shoulder'),
                    id=9,
                    color=[255, 128, 0]),
                10:
                dict(
                    link=('right_shoulder', 'right_elbow'),
                    id=10,
                    color=[255, 128, 0]),
                11:
                dict(
                    link=('right_elbow', 'right_wrist'),
                    id=11,
                    color=[255, 128, 0]),
                12:
                dict(
                    link=('upper_neck', 'left_shoulder'),
                    id=12,
                    color=[0, 255, 0]),
                13:
                dict(
                    link=('left_shoulder', 'left_elbow'),
                    id=13,
                    color=[0, 255, 0]),
                14:
                dict(
                    link=('left_elbow', 'left_wrist'),
                    id=14,
                    color=[0, 255, 0])
            }),
            joint_weights=[
                1.5, 1.2, 1.0, 1.0, 1.2, 1.5, 1.0, 1.0, 1.0, 1.0, 1.5, 1.2,
                1.0, 1.0, 1.2, 1.5
            ],
            sigmas=[
                0.089, 0.083, 0.107, 0.107, 0.083, 0.089, 0.026, 0.026, 0.026,
                0.026, 0.062, 0.072, 0.179, 0.179, 0.072, 0.062
            ])))
work_dir = './work_dirs/reg_shufflenetv2_mpii_256x256_tfj'
gpu_ids = range(0, 4)

2022-07-13 10:05:55,799 - mmpose - INFO - Set random seed to 1764039063, deterministic: False
2022-07-13 10:06:00,357 - mmpose - INFO - Start running, host: tianfj@qwe, work_dir: /data/tfj/workspace/python_projects/pose/mmpose-0270/work_dirs/reg_shufflenetv2_mpii_256x256_tfj
2022-07-13 10:06:00,357 - mmpose - INFO - Hooks will be executed in the following order:
before_run:
(VERY_HIGH   ) StepLrUpdaterHook                  
(NORMAL      ) CheckpointHook                     
(NORMAL      ) DistEvalHook                       
(VERY_LOW    ) TextLoggerHook                     
 -------------------- 
before_train_epoch:
(VERY_HIGH   ) StepLrUpdaterHook                  
(NORMAL      ) DistSamplerSeedHook                
(NORMAL      ) DistEvalHook                       
(LOW         ) IterTimerHook                      
(VERY_LOW    ) TextLoggerHook                     
 -------------------- 
before_train_iter:
(VERY_HIGH   ) StepLrUpdaterHook                  
(NORMAL      ) DistEvalHook                       
(LOW         ) IterTimerHook                      
 -------------------- 
after_train_iter:
(ABOVE_NORMAL) OptimizerHook                      
(NORMAL      ) CheckpointHook                     
(NORMAL      ) DistEvalHook                       
(LOW         ) IterTimerHook                      
(VERY_LOW    ) TextLoggerHook                     
 -------------------- 
after_train_epoch:
(NORMAL      ) CheckpointHook                     
(NORMAL      ) DistEvalHook                       
(VERY_LOW    ) TextLoggerHook                     
 -------------------- 
before_val_epoch:
(NORMAL      ) DistSamplerSeedHook                
(LOW         ) IterTimerHook                      
(VERY_LOW    ) TextLoggerHook                     
 -------------------- 
before_val_iter:
(LOW         ) IterTimerHook                      
 -------------------- 
after_val_iter:
(LOW         ) IterTimerHook                      
 -------------------- 
after_val_epoch:
(VERY_LOW    ) TextLoggerHook                     
 -------------------- 
after_run:
(VERY_LOW    ) TextLoggerHook                     
 -------------------- 
2022-07-13 10:06:00,358 - mmpose - INFO - workflow: [('train', 1)], max: 210 epochs
2022-07-13 10:06:00,358 - mmpose - INFO - Checkpoints will be saved to /data/tfj/workspace/python_projects/pose/mmpose-0270/work_dirs/reg_shufflenetv2_mpii_256x256_tfj by HardDiskBackend.
2022-07-13 10:06:24,170 - mmpose - INFO - Epoch [1][50/87]	lr: 4.945e-05, eta: 2:24:33, time: 0.476, data_time: 0.090, memory: 1582, reg_loss: 0.0803, acc_pose: 0.0079, loss: 0.0803
2022-07-13 10:06:59,886 - mmpose - INFO - Epoch [2][50/87]	lr: 1.364e-04, eta: 1:41:32, time: 0.445, data_time: 0.283, memory: 1582, reg_loss: 0.0149, acc_pose: 0.0418, loss: 0.0149
2022-07-13 10:07:34,811 - mmpose - INFO - Epoch [3][50/87]	lr: 2.233e-04, eta: 1:31:09, time: 0.437, data_time: 0.248, memory: 1582, reg_loss: 0.0090, acc_pose: 0.0759, loss: 0.0090
2022-07-13 10:08:10,330 - mmpose - INFO - Epoch [4][50/87]	lr: 3.102e-04, eta: 1:26:19, time: 0.436, data_time: 0.269, memory: 1582, reg_loss: 0.0064, acc_pose: 0.1220, loss: 0.0064
2022-07-13 10:08:45,149 - mmpose - INFO - Epoch [5][50/87]	lr: 3.971e-04, eta: 1:23:24, time: 0.435, data_time: 0.149, memory: 1582, reg_loss: 0.0050, acc_pose: 0.1630, loss: 0.0050
2022-07-13 10:09:20,074 - mmpose - INFO - Epoch [6][50/87]	lr: 4.840e-04, eta: 1:21:34, time: 0.441, data_time: 0.137, memory: 1582, reg_loss: 0.0044, acc_pose: 0.1997, loss: 0.0044
2022-07-13 10:09:54,588 - mmpose - INFO - Epoch [7][50/87]	lr: 5.000e-04, eta: 1:19:49, time: 0.427, data_time: 0.278, memory: 1582, reg_loss: 0.0039, acc_pose: 0.2233, loss: 0.0039
2022-07-13 10:10:30,078 - mmpose - INFO - Epoch [8][50/87]	lr: 5.000e-04, eta: 1:18:42, time: 0.438, data_time: 0.256, memory: 1582, reg_loss: 0.0035, acc_pose: 0.2541, loss: 0.0035
2022-07-13 10:11:05,370 - mmpose - INFO - Epoch [9][50/87]	lr: 5.000e-04, eta: 1:17:45, time: 0.438, data_time: 0.222, memory: 1582, reg_loss: 0.0033, acc_pose: 0.2747, loss: 0.0033
2022-07-13 10:11:40,205 - mmpose - INFO - Epoch [10][50/87]	lr: 5.000e-04, eta: 1:16:43, time: 0.427, data_time: 0.236, memory: 1582, reg_loss: 0.0032, acc_pose: 0.2876, loss: 0.0032
2022-07-13 10:11:53,448 - mmpose - INFO - Saving checkpoint at 10 epochs
2022-07-13 10:11:58,266 - mmpose - INFO - Now best checkpoint is saved as best_PCKh_epoch_10.pth.
2022-07-13 10:11:58,266 - mmpose - INFO - Best PCKh is 38.0718 at 10 epoch.
2022-07-13 10:11:58,267 - mmpose - INFO - Epoch(val) [10][24]	Head: 49.9318, Shoulder: 49.8981, Elbow: 34.4470, Wrist: 22.0331, Hip: 45.0062, Knee: 27.8467, Ankle: 20.8542, PCKh: 38.0718, PCKh@0.1: 2.2977
2022-07-13 10:12:21,288 - mmpose - INFO - Epoch [11][50/87]	lr: 5.000e-04, eta: 1:16:21, time: 0.460, data_time: 0.195, memory: 1582, reg_loss: 0.0030, acc_pose: 0.3129, loss: 0.0030
2022-07-13 10:12:56,300 - mmpose - INFO - Epoch [12][50/87]	lr: 5.000e-04, eta: 1:15:38, time: 0.436, data_time: 0.205, memory: 1582, reg_loss: 0.0029, acc_pose: 0.3283, loss: 0.0029
2022-07-13 10:13:31,224 - mmpose - INFO - Epoch [13][50/87]	lr: 5.000e-04, eta: 1:14:57, time: 0.434, data_time: 0.204, memory: 1582, reg_loss: 0.0028, acc_pose: 0.3418, loss: 0.0028
2022-07-13 10:14:06,240 - mmpose - INFO - Epoch [14][50/87]	lr: 5.000e-04, eta: 1:14:21, time: 0.438, data_time: 0.140, memory: 1582, reg_loss: 0.0027, acc_pose: 0.3511, loss: 0.0027
2022-07-13 10:14:41,277 - mmpose - INFO - Epoch [15][50/87]	lr: 5.000e-04, eta: 1:13:45, time: 0.435, data_time: 0.166, memory: 1582, reg_loss: 0.0026, acc_pose: 0.3599, loss: 0.0026
2022-07-13 10:15:16,721 - mmpose - INFO - Epoch [16][50/87]	lr: 5.000e-04, eta: 1:13:11, time: 0.434, data_time: 0.156, memory: 1582, reg_loss: 0.0025, acc_pose: 0.3758, loss: 0.0025
2022-07-13 10:15:52,389 - mmpose - INFO - Epoch [17][50/87]	lr: 5.000e-04, eta: 1:12:41, time: 0.439, data_time: 0.159, memory: 1582, reg_loss: 0.0025, acc_pose: 0.3832, loss: 0.0025
2022-07-13 10:16:27,531 - mmpose - INFO - Epoch [18][50/87]	lr: 5.000e-04, eta: 1:12:11, time: 0.436, data_time: 0.144, memory: 1582, reg_loss: 0.0024, acc_pose: 0.3926, loss: 0.0024
2022-07-13 10:17:02,425 - mmpose - INFO - Epoch [19][50/87]	lr: 5.000e-04, eta: 1:11:42, time: 0.439, data_time: 0.160, memory: 1582, reg_loss: 0.0023, acc_pose: 0.3977, loss: 0.0023
2022-07-13 10:17:36,624 - mmpose - INFO - Epoch [20][50/87]	lr: 5.000e-04, eta: 1:11:08, time: 0.426, data_time: 0.242, memory: 1582, reg_loss: 0.0023, acc_pose: 0.4091, loss: 0.0023
2022-07-13 10:17:51,189 - mmpose - INFO - Saving checkpoint at 20 epochs
2022-07-13 10:17:55,716 - mmpose - INFO - The previous best checkpoint /data/tfj/workspace/python_projects/pose/mmpose-0270/work_dirs/reg_shufflenetv2_mpii_256x256_tfj/best_PCKh_epoch_10.pth was removed
2022-07-13 10:17:55,775 - mmpose - INFO - Now best checkpoint is saved as best_PCKh_epoch_20.pth.
2022-07-13 10:17:55,775 - mmpose - INFO - Best PCKh is 47.6112 at 20 epoch.
2022-07-13 10:17:55,775 - mmpose - INFO - Epoch(val) [20][24]	Head: 67.5648, Shoulder: 65.5401, Elbow: 37.8734, Wrist: 27.8738, Hip: 57.9020, Knee: 35.3435, Ankle: 23.8784, PCKh: 47.6112, PCKh@0.1: 3.5493
2022-07-13 10:18:17,559 - mmpose - INFO - Epoch [21][50/87]	lr: 5.000e-04, eta: 1:10:40, time: 0.436, data_time: 0.286, memory: 1582, reg_loss: 0.0023, acc_pose: 0.4096, loss: 0.0023
2022-07-13 10:18:52,270 - mmpose - INFO - Epoch [22][50/87]	lr: 5.000e-04, eta: 1:10:11, time: 0.432, data_time: 0.281, memory: 1582, reg_loss: 0.0023, acc_pose: 0.4081, loss: 0.0023
2022-07-13 10:19:27,080 - mmpose - INFO - Epoch [23][50/87]	lr: 5.000e-04, eta: 1:09:42, time: 0.432, data_time: 0.202, memory: 1582, reg_loss: 0.0022, acc_pose: 0.4204, loss: 0.0022
2022-07-13 10:20:01,811 - mmpose - INFO - Epoch [24][50/87]	lr: 5.000e-04, eta: 1:09:14, time: 0.432, data_time: 0.284, memory: 1582, reg_loss: 0.0022, acc_pose: 0.4325, loss: 0.0022
2022-07-13 10:20:36,473 - mmpose - INFO - Epoch [25][50/87]	lr: 5.000e-04, eta: 1:08:44, time: 0.425, data_time: 0.238, memory: 1582, reg_loss: 0.0021, acc_pose: 0.4350, loss: 0.0021
2022-07-13 10:21:11,754 - mmpose - INFO - Epoch [26][50/87]	lr: 5.000e-04, eta: 1:08:14, time: 0.424, data_time: 0.226, memory: 1582, reg_loss: 0.0021, acc_pose: 0.4445, loss: 0.0021
2022-07-13 10:21:46,842 - mmpose - INFO - Epoch [27][50/87]	lr: 5.000e-04, eta: 1:07:48, time: 0.432, data_time: 0.150, memory: 1582, reg_loss: 0.0021, acc_pose: 0.4461, loss: 0.0021
2022-07-13 10:22:22,231 - mmpose - INFO - Epoch [28][50/87]	lr: 5.000e-04, eta: 1:07:22, time: 0.435, data_time: 0.223, memory: 1582, reg_loss: 0.0020, acc_pose: 0.4528, loss: 0.0020
2022-07-13 10:22:57,222 - mmpose - INFO - Epoch [29][50/87]	lr: 5.000e-04, eta: 1:06:56, time: 0.430, data_time: 0.239, memory: 1582, reg_loss: 0.0020, acc_pose: 0.4472, loss: 0.0020
2022-07-13 10:23:32,693 - mmpose - INFO - Epoch [30][50/87]	lr: 5.000e-04, eta: 1:06:30, time: 0.431, data_time: 0.162, memory: 1582, reg_loss: 0.0019, acc_pose: 0.4616, loss: 0.0019
2022-07-13 10:23:46,097 - mmpose - INFO - Saving checkpoint at 30 epochs
2022-07-13 10:23:50,734 - mmpose - INFO - The previous best checkpoint /data/tfj/workspace/python_projects/pose/mmpose-0270/work_dirs/reg_shufflenetv2_mpii_256x256_tfj/best_PCKh_epoch_20.pth was removed
2022-07-13 10:23:50,801 - mmpose - INFO - Now best checkpoint is saved as best_PCKh_epoch_30.pth.
2022-07-13 10:23:50,801 - mmpose - INFO - Best PCKh is 49.9688 at 30 epoch.
2022-07-13 10:23:50,802 - mmpose - INFO - Epoch(val) [30][24]	Head: 75.0341, Shoulder: 66.8988, Elbow: 38.4191, Wrist: 29.0060, Hip: 62.4201, Knee: 37.9222, Ankle: 24.3029, PCKh: 49.9688, PCKh@0.1: 4.0645
2022-07-13 10:24:12,166 - mmpose - INFO - Epoch [31][50/87]	lr: 5.000e-04, eta: 1:06:04, time: 0.427, data_time: 0.320, memory: 1582, reg_loss: 0.0020, acc_pose: 0.4626, loss: 0.0020
2022-07-13 10:24:47,280 - mmpose - INFO - Epoch [32][50/87]	lr: 5.000e-04, eta: 1:05:40, time: 0.435, data_time: 0.231, memory: 1582, reg_loss: 0.0020, acc_pose: 0.4644, loss: 0.0020
2022-07-13 10:25:21,922 - mmpose - INFO - Epoch [33][50/87]	lr: 5.000e-04, eta: 1:05:15, time: 0.431, data_time: 0.261, memory: 1582, reg_loss: 0.0019, acc_pose: 0.4673, loss: 0.0019
2022-07-13 10:25:56,810 - mmpose - INFO - Epoch [34][50/87]	lr: 5.000e-04, eta: 1:04:51, time: 0.434, data_time: 0.221, memory: 1582, reg_loss: 0.0018, acc_pose: 0.4791, loss: 0.0018
2022-07-13 10:26:32,094 - mmpose - INFO - Epoch [35][50/87]	lr: 5.000e-04, eta: 1:04:26, time: 0.431, data_time: 0.142, memory: 1582, reg_loss: 0.0018, acc_pose: 0.4743, loss: 0.0018
2022-07-13 10:27:07,866 - mmpose - INFO - Epoch [36][50/87]	lr: 5.000e-04, eta: 1:04:05, time: 0.443, data_time: 0.193, memory: 1582, reg_loss: 0.0019, acc_pose: 0.4778, loss: 0.0019
2022-07-13 10:27:43,045 - mmpose - INFO - Epoch [37][50/87]	lr: 5.000e-04, eta: 1:03:43, time: 0.441, data_time: 0.208, memory: 1582, reg_loss: 0.0018, acc_pose: 0.4851, loss: 0.0018
2022-07-13 10:28:17,694 - mmpose - INFO - Epoch [38][50/87]	lr: 5.000e-04, eta: 1:03:18, time: 0.429, data_time: 0.225, memory: 1582, reg_loss: 0.0018, acc_pose: 0.4911, loss: 0.0018
2022-07-13 10:28:53,230 - mmpose - INFO - Epoch [39][50/87]	lr: 5.000e-04, eta: 1:02:54, time: 0.432, data_time: 0.170, memory: 1582, reg_loss: 0.0018, acc_pose: 0.5019, loss: 0.0018
2022-07-13 10:29:27,790 - mmpose - INFO - Epoch [40][50/87]	lr: 5.000e-04, eta: 1:02:29, time: 0.429, data_time: 0.202, memory: 1582, reg_loss: 0.0018, acc_pose: 0.4857, loss: 0.0018
2022-07-13 10:29:40,899 - mmpose - INFO - Saving checkpoint at 40 epochs
2022-07-13 10:29:45,695 - mmpose - INFO - The previous best checkpoint /data/tfj/workspace/python_projects/pose/mmpose-0270/work_dirs/reg_shufflenetv2_mpii_256x256_tfj/best_PCKh_epoch_30.pth was removed
2022-07-13 10:29:45,752 - mmpose - INFO - Now best checkpoint is saved as best_PCKh_epoch_40.pth.
2022-07-13 10:29:45,752 - mmpose - INFO - Best PCKh is 57.3640 at 40 epoch.
2022-07-13 10:29:45,752 - mmpose - INFO - Epoch(val) [40][24]	Head: 78.4447, Shoulder: 76.4946, Elbow: 52.3771, Wrist: 36.5738, Hip: 66.2627, Knee: 43.5034, Ankle: 33.3961, PCKh: 57.3640, PCKh@0.1: 5.5061
2022-07-13 10:30:07,244 - mmpose - INFO - Epoch [41][50/87]	lr: 5.000e-04, eta: 1:02:05, time: 0.430, data_time: 0.264, memory: 1582, reg_loss: 0.0017, acc_pose: 0.5003, loss: 0.0017
2022-07-13 10:30:42,766 - mmpose - INFO - Epoch [42][50/87]	lr: 5.000e-04, eta: 1:01:42, time: 0.433, data_time: 0.251, memory: 1582, reg_loss: 0.0017, acc_pose: 0.4978, loss: 0.0017
2022-07-13 10:31:18,040 - mmpose - INFO - Epoch [43][50/87]	lr: 5.000e-04, eta: 1:01:21, time: 0.444, data_time: 0.221, memory: 1582, reg_loss: 0.0017, acc_pose: 0.5091, loss: 0.0017
2022-07-13 10:31:52,735 - mmpose - INFO - Epoch [44][50/87]	lr: 5.000e-04, eta: 1:00:57, time: 0.430, data_time: 0.156, memory: 1582, reg_loss: 0.0017, acc_pose: 0.5019, loss: 0.0017
2022-07-13 10:32:27,442 - mmpose - INFO - Epoch [45][50/87]	lr: 5.000e-04, eta: 1:00:34, time: 0.432, data_time: 0.190, memory: 1582, reg_loss: 0.0017, acc_pose: 0.5047, loss: 0.0017
2022-07-13 10:33:01,882 - mmpose - INFO - Epoch [46][50/87]	lr: 5.000e-04, eta: 1:00:09, time: 0.426, data_time: 0.307, memory: 1582, reg_loss: 0.0017, acc_pose: 0.5101, loss: 0.0017
2022-07-13 10:33:36,737 - mmpose - INFO - Epoch [47][50/87]	lr: 5.000e-04, eta: 0:59:47, time: 0.436, data_time: 0.225, memory: 1582, reg_loss: 0.0017, acc_pose: 0.5174, loss: 0.0017
2022-07-13 10:34:11,178 - mmpose - INFO - Epoch [48][50/87]	lr: 5.000e-04, eta: 0:59:23, time: 0.430, data_time: 0.249, memory: 1582, reg_loss: 0.0017, acc_pose: 0.5140, loss: 0.0017
2022-07-13 10:34:45,660 - mmpose - INFO - Epoch [49][50/87]	lr: 5.000e-04, eta: 0:59:00, time: 0.430, data_time: 0.226, memory: 1582, reg_loss: 0.0016, acc_pose: 0.5182, loss: 0.0016
2022-07-13 10:35:20,409 - mmpose - INFO - Epoch [50][50/87]	lr: 5.000e-04, eta: 0:58:36, time: 0.429, data_time: 0.186, memory: 1582, reg_loss: 0.0016, acc_pose: 0.5123, loss: 0.0016
2022-07-13 10:35:34,024 - mmpose - INFO - Saving checkpoint at 50 epochs
2022-07-13 10:35:38,847 - mmpose - INFO - The previous best checkpoint /data/tfj/workspace/python_projects/pose/mmpose-0270/work_dirs/reg_shufflenetv2_mpii_256x256_tfj/best_PCKh_epoch_40.pth was removed
2022-07-13 10:35:38,906 - mmpose - INFO - Now best checkpoint is saved as best_PCKh_epoch_50.pth.
2022-07-13 10:35:38,906 - mmpose - INFO - Best PCKh is 59.4744 at 50 epoch.
2022-07-13 10:35:38,906 - mmpose - INFO - Epoch(val) [50][24]	Head: 79.8772, Shoulder: 79.6875, Elbow: 55.1565, Wrist: 38.4488, Hip: 68.7380, Knee: 45.3563, Ankle: 34.5772, PCKh: 59.4744, PCKh@0.1: 6.0552
2022-07-13 10:36:00,542 - mmpose - INFO - Epoch [51][50/87]	lr: 5.000e-04, eta: 0:58:13, time: 0.433, data_time: 0.257, memory: 1582, reg_loss: 0.0016, acc_pose: 0.5271, loss: 0.0016
2022-07-13 10:36:34,903 - mmpose - INFO - Epoch [52][50/87]	lr: 5.000e-04, eta: 0:57:49, time: 0.424, data_time: 0.228, memory: 1582, reg_loss: 0.0016, acc_pose: 0.5295, loss: 0.0016
2022-07-13 10:37:10,156 - mmpose - INFO - Epoch [53][50/87]	lr: 5.000e-04, eta: 0:57:27, time: 0.433, data_time: 0.228, memory: 1582, reg_loss: 0.0016, acc_pose: 0.5241, loss: 0.0016
2022-07-13 10:37:44,475 - mmpose - INFO - Epoch [54][50/87]	lr: 5.000e-04, eta: 0:57:03, time: 0.424, data_time: 0.159, memory: 1582, reg_loss: 0.0016, acc_pose: 0.5247, loss: 0.0016
2022-07-13 10:38:19,155 - mmpose - INFO - Epoch [55][50/87]	lr: 5.000e-04, eta: 0:56:40, time: 0.431, data_time: 0.162, memory: 1582, reg_loss: 0.0016, acc_pose: 0.5293, loss: 0.0016
2022-07-13 10:38:54,294 - mmpose - INFO - Epoch [56][50/87]	lr: 5.000e-04, eta: 0:56:18, time: 0.436, data_time: 0.208, memory: 1582, reg_loss: 0.0016, acc_pose: 0.5328, loss: 0.0016
2022-07-13 10:39:29,426 - mmpose - INFO - Epoch [57][50/87]	lr: 5.000e-04, eta: 0:55:56, time: 0.442, data_time: 0.182, memory: 1582, reg_loss: 0.0015, acc_pose: 0.5235, loss: 0.0015
2022-07-13 10:40:04,179 - mmpose - INFO - Epoch [58][50/87]	lr: 5.000e-04, eta: 0:55:34, time: 0.430, data_time: 0.263, memory: 1582, reg_loss: 0.0016, acc_pose: 0.5319, loss: 0.0016
2022-07-13 10:40:39,273 - mmpose - INFO - Epoch [59][50/87]	lr: 5.000e-04, eta: 0:55:12, time: 0.441, data_time: 0.161, memory: 1582, reg_loss: 0.0015, acc_pose: 0.5402, loss: 0.0015
2022-07-13 10:41:13,671 - mmpose - INFO - Epoch [60][50/87]	lr: 5.000e-04, eta: 0:54:49, time: 0.431, data_time: 0.246, memory: 1582, reg_loss: 0.0015, acc_pose: 0.5364, loss: 0.0015
2022-07-13 10:41:26,639 - mmpose - INFO - Saving checkpoint at 60 epochs
2022-07-13 10:41:31,317 - mmpose - INFO - The previous best checkpoint /data/tfj/workspace/python_projects/pose/mmpose-0270/work_dirs/reg_shufflenetv2_mpii_256x256_tfj/best_PCKh_epoch_50.pth was removed
2022-07-13 10:41:31,373 - mmpose - INFO - Now best checkpoint is saved as best_PCKh_epoch_60.pth.
2022-07-13 10:41:31,373 - mmpose - INFO - Best PCKh is 61.5925 at 60 epoch.
2022-07-13 10:41:31,373 - mmpose - INFO - Epoch(val) [60][24]	Head: 81.7872, Shoulder: 80.9613, Elbow: 58.4456, Wrist: 41.1871, Hip: 70.7634, Knee: 46.8684, Ankle: 37.1514, PCKh: 61.5925, PCKh@0.1: 6.3752
2022-07-13 10:41:52,998 - mmpose - INFO - Epoch [61][50/87]	lr: 5.000e-04, eta: 0:54:27, time: 0.432, data_time: 0.280, memory: 1582, reg_loss: 0.0015, acc_pose: 0.5478, loss: 0.0015
2022-07-13 10:42:28,483 - mmpose - INFO - Epoch [62][50/87]	lr: 5.000e-04, eta: 0:54:05, time: 0.435, data_time: 0.228, memory: 1582, reg_loss: 0.0015, acc_pose: 0.5456, loss: 0.0015
2022-07-13 10:43:03,496 - mmpose - INFO - Epoch [63][50/87]	lr: 5.000e-04, eta: 0:53:43, time: 0.438, data_time: 0.136, memory: 1582, reg_loss: 0.0015, acc_pose: 0.5516, loss: 0.0015
2022-07-13 10:43:37,976 - mmpose - INFO - Epoch [64][50/87]	lr: 5.000e-04, eta: 0:53:20, time: 0.428, data_time: 0.263, memory: 1582, reg_loss: 0.0015, acc_pose: 0.5433, loss: 0.0015
2022-07-13 10:44:12,915 - mmpose - INFO - Epoch [65][50/87]	lr: 5.000e-04, eta: 0:52:57, time: 0.428, data_time: 0.324, memory: 1582, reg_loss: 0.0015, acc_pose: 0.5591, loss: 0.0015
2022-07-13 10:44:47,481 - mmpose - INFO - Epoch [66][50/87]	lr: 5.000e-04, eta: 0:52:34, time: 0.428, data_time: 0.131, memory: 1582, reg_loss: 0.0015, acc_pose: 0.5510, loss: 0.0015
2022-07-13 10:45:22,704 - mmpose - INFO - Epoch [67][50/87]	lr: 5.000e-04, eta: 0:52:13, time: 0.439, data_time: 0.091, memory: 1582, reg_loss: 0.0015, acc_pose: 0.5524, loss: 0.0015
2022-07-13 10:45:57,774 - mmpose - INFO - Epoch [68][50/87]	lr: 5.000e-04, eta: 0:51:50, time: 0.432, data_time: 0.207, memory: 1582, reg_loss: 0.0015, acc_pose: 0.5538, loss: 0.0015
2022-07-13 10:46:32,825 - mmpose - INFO - Epoch [69][50/87]	lr: 5.000e-04, eta: 0:51:28, time: 0.432, data_time: 0.205, memory: 1582, reg_loss: 0.0015, acc_pose: 0.5501, loss: 0.0015
2022-07-13 10:47:07,889 - mmpose - INFO - Epoch [70][50/87]	lr: 5.000e-04, eta: 0:51:06, time: 0.436, data_time: 0.127, memory: 1582, reg_loss: 0.0014, acc_pose: 0.5593, loss: 0.0014
2022-07-13 10:47:21,026 - mmpose - INFO - Saving checkpoint at 70 epochs
2022-07-13 10:47:25,661 - mmpose - INFO - The previous best checkpoint /data/tfj/workspace/python_projects/pose/mmpose-0270/work_dirs/reg_shufflenetv2_mpii_256x256_tfj/best_PCKh_epoch_60.pth was removed
2022-07-13 10:47:25,723 - mmpose - INFO - Now best checkpoint is saved as best_PCKh_epoch_70.pth.
2022-07-13 10:47:25,723 - mmpose - INFO - Best PCKh is 61.6393 at 70 epoch.
2022-07-13 10:47:25,724 - mmpose - INFO - Epoch(val) [70][24]	Head: 78.6153, Shoulder: 80.9783, Elbow: 55.4637, Wrist: 43.4327, Hip: 71.3345, Knee: 49.2263, Ankle: 36.9378, PCKh: 61.6393, PCKh@0.1: 6.3128
2022-07-13 10:47:47,246 - mmpose - INFO - Epoch [71][50/87]	lr: 5.000e-04, eta: 0:50:44, time: 0.430, data_time: 0.185, memory: 1582, reg_loss: 0.0014, acc_pose: 0.5582, loss: 0.0014
2022-07-13 10:48:21,647 - mmpose - INFO - Epoch [72][50/87]	lr: 5.000e-04, eta: 0:50:21, time: 0.428, data_time: 0.186, memory: 1582, reg_loss: 0.0015, acc_pose: 0.5586, loss: 0.0015
2022-07-13 10:48:56,626 - mmpose - INFO - Epoch [73][50/87]	lr: 5.000e-04, eta: 0:49:59, time: 0.435, data_time: 0.199, memory: 1582, reg_loss: 0.0014, acc_pose: 0.5549, loss: 0.0014
2022-07-13 10:49:31,036 - mmpose - INFO - Epoch [74][50/87]	lr: 5.000e-04, eta: 0:49:36, time: 0.429, data_time: 0.171, memory: 1582, reg_loss: 0.0014, acc_pose: 0.5582, loss: 0.0014
2022-07-13 10:50:06,517 - mmpose - INFO - Epoch [75][50/87]	lr: 5.000e-04, eta: 0:49:15, time: 0.441, data_time: 0.276, memory: 1582, reg_loss: 0.0014, acc_pose: 0.5650, loss: 0.0014
2022-07-13 10:50:41,785 - mmpose - INFO - Epoch [76][50/87]	lr: 5.000e-04, eta: 0:48:53, time: 0.435, data_time: 0.178, memory: 1582, reg_loss: 0.0014, acc_pose: 0.5705, loss: 0.0014
2022-07-13 10:51:16,847 - mmpose - INFO - Epoch [77][50/87]	lr: 5.000e-04, eta: 0:48:31, time: 0.438, data_time: 0.161, memory: 1582, reg_loss: 0.0014, acc_pose: 0.5618, loss: 0.0014
2022-07-13 10:51:52,111 - mmpose - INFO - Epoch [78][50/87]	lr: 5.000e-04, eta: 0:48:10, time: 0.442, data_time: 0.177, memory: 1582, reg_loss: 0.0014, acc_pose: 0.5700, loss: 0.0014
2022-07-13 10:52:26,750 - mmpose - INFO - Epoch [79][50/87]	lr: 5.000e-04, eta: 0:47:48, time: 0.433, data_time: 0.161, memory: 1582, reg_loss: 0.0014, acc_pose: 0.5678, loss: 0.0014
2022-07-13 10:53:01,678 - mmpose - INFO - Epoch [80][50/87]	lr: 5.000e-04, eta: 0:47:26, time: 0.438, data_time: 0.175, memory: 1582, reg_loss: 0.0013, acc_pose: 0.5735, loss: 0.0013
2022-07-13 10:53:15,056 - mmpose - INFO - Saving checkpoint at 80 epochs
2022-07-13 10:53:19,587 - mmpose - INFO - The previous best checkpoint /data/tfj/workspace/python_projects/pose/mmpose-0270/work_dirs/reg_shufflenetv2_mpii_256x256_tfj/best_PCKh_epoch_70.pth was removed
2022-07-13 10:53:19,646 - mmpose - INFO - Now best checkpoint is saved as best_PCKh_epoch_80.pth.
2022-07-13 10:53:19,646 - mmpose - INFO - Best PCKh is 63.0419 at 80 epoch.
2022-07-13 10:53:19,646 - mmpose - INFO - Epoch(val) [80][24]	Head: 83.0150, Shoulder: 80.3329, Elbow: 61.5312, Wrist: 45.4694, Hip: 70.2613, Knee: 48.4401, Ankle: 39.4426, PCKh: 63.0419, PCKh@0.1: 6.0370
2022-07-13 10:53:41,076 - mmpose - INFO - Epoch [81][50/87]	lr: 5.000e-04, eta: 0:47:04, time: 0.428, data_time: 0.267, memory: 1582, reg_loss: 0.0014, acc_pose: 0.5718, loss: 0.0014
2022-07-13 10:54:15,744 - mmpose - INFO - Epoch [82][50/87]	lr: 5.000e-04, eta: 0:46:41, time: 0.429, data_time: 0.203, memory: 1582, reg_loss: 0.0013, acc_pose: 0.5663, loss: 0.0013
2022-07-13 10:54:50,685 - mmpose - INFO - Epoch [83][50/87]	lr: 5.000e-04, eta: 0:46:20, time: 0.439, data_time: 0.130, memory: 1582, reg_loss: 0.0014, acc_pose: 0.5671, loss: 0.0014
2022-07-13 10:55:25,354 - mmpose - INFO - Epoch [84][50/87]	lr: 5.000e-04, eta: 0:45:58, time: 0.432, data_time: 0.209, memory: 1582, reg_loss: 0.0013, acc_pose: 0.5770, loss: 0.0013
2022-07-13 10:56:00,122 - mmpose - INFO - Epoch [85][50/87]	lr: 5.000e-04, eta: 0:45:35, time: 0.430, data_time: 0.129, memory: 1582, reg_loss: 0.0013, acc_pose: 0.5784, loss: 0.0013
2022-07-13 10:56:34,521 - mmpose - INFO - Epoch [86][50/87]	lr: 5.000e-04, eta: 0:45:13, time: 0.424, data_time: 0.213, memory: 1582, reg_loss: 0.0013, acc_pose: 0.5732, loss: 0.0013
2022-07-13 10:57:10,025 - mmpose - INFO - Epoch [87][50/87]	lr: 5.000e-04, eta: 0:44:50, time: 0.431, data_time: 0.118, memory: 1582, reg_loss: 0.0013, acc_pose: 0.5805, loss: 0.0013
2022-07-13 10:57:45,170 - mmpose - INFO - Epoch [88][50/87]	lr: 5.000e-04, eta: 0:44:29, time: 0.439, data_time: 0.161, memory: 1582, reg_loss: 0.0013, acc_pose: 0.5800, loss: 0.0013
2022-07-13 10:58:19,861 - mmpose - INFO - Epoch [89][50/87]	lr: 5.000e-04, eta: 0:44:07, time: 0.429, data_time: 0.257, memory: 1582, reg_loss: 0.0014, acc_pose: 0.5814, loss: 0.0014
2022-07-13 10:58:54,737 - mmpose - INFO - Epoch [90][50/87]	lr: 5.000e-04, eta: 0:43:44, time: 0.428, data_time: 0.271, memory: 1582, reg_loss: 0.0013, acc_pose: 0.5734, loss: 0.0013
2022-07-13 10:59:07,692 - mmpose - INFO - Saving checkpoint at 90 epochs
2022-07-13 10:59:12,480 - mmpose - INFO - The previous best checkpoint /data/tfj/workspace/python_projects/pose/mmpose-0270/work_dirs/reg_shufflenetv2_mpii_256x256_tfj/best_PCKh_epoch_80.pth was removed
2022-07-13 10:59:12,547 - mmpose - INFO - Now best checkpoint is saved as best_PCKh_epoch_90.pth.
2022-07-13 10:59:12,547 - mmpose - INFO - Best PCKh is 65.0716 at 90 epoch.
2022-07-13 10:59:12,548 - mmpose - INFO - Epoch(val) [90][24]	Head: 84.1746, Shoulder: 84.4260, Elbow: 63.2357, Wrist: 45.3881, Hip: 73.1176, Knee: 51.6637, Ankle: 40.3630, PCKh: 65.0716, PCKh@0.1: 7.9027
2022-07-13 10:59:33,767 - mmpose - INFO - Epoch [91][50/87]	lr: 5.000e-04, eta: 0:43:22, time: 0.424, data_time: 0.318, memory: 1582, reg_loss: 0.0013, acc_pose: 0.5806, loss: 0.0013
2022-07-13 11:00:08,620 - mmpose - INFO - Epoch [92][50/87]	lr: 5.000e-04, eta: 0:43:00, time: 0.434, data_time: 0.097, memory: 1582, reg_loss: 0.0013, acc_pose: 0.5797, loss: 0.0013
2022-07-13 11:00:43,650 - mmpose - INFO - Epoch [93][50/87]	lr: 5.000e-04, eta: 0:42:38, time: 0.430, data_time: 0.223, memory: 1582, reg_loss: 0.0013, acc_pose: 0.5930, loss: 0.0013
2022-07-13 11:01:18,348 - mmpose - INFO - Epoch [94][50/87]	lr: 5.000e-04, eta: 0:42:16, time: 0.434, data_time: 0.329, memory: 1582, reg_loss: 0.0013, acc_pose: 0.5889, loss: 0.0013
2022-07-13 11:01:52,830 - mmpose - INFO - Epoch [95][50/87]	lr: 5.000e-04, eta: 0:41:54, time: 0.432, data_time: 0.173, memory: 1582, reg_loss: 0.0013, acc_pose: 0.5847, loss: 0.0013
2022-07-13 11:02:27,494 - mmpose - INFO - Epoch [96][50/87]	lr: 5.000e-04, eta: 0:41:32, time: 0.430, data_time: 0.130, memory: 1582, reg_loss: 0.0013, acc_pose: 0.5866, loss: 0.0013
2022-07-13 11:03:01,894 - mmpose - INFO - Epoch [97][50/87]	lr: 5.000e-04, eta: 0:41:10, time: 0.430, data_time: 0.155, memory: 1582, reg_loss: 0.0013, acc_pose: 0.5898, loss: 0.0013
2022-07-13 11:03:36,831 - mmpose - INFO - Epoch [98][50/87]	lr: 5.000e-04, eta: 0:40:48, time: 0.434, data_time: 0.287, memory: 1582, reg_loss: 0.0013, acc_pose: 0.5977, loss: 0.0013
2022-07-13 11:04:11,456 - mmpose - INFO - Epoch [99][50/87]	lr: 5.000e-04, eta: 0:40:25, time: 0.427, data_time: 0.147, memory: 1582, reg_loss: 0.0013, acc_pose: 0.5895, loss: 0.0013
2022-07-13 11:04:46,342 - mmpose - INFO - Epoch [100][50/87]	lr: 5.000e-04, eta: 0:40:04, time: 0.434, data_time: 0.222, memory: 1582, reg_loss: 0.0013, acc_pose: 0.5896, loss: 0.0013
2022-07-13 11:04:59,483 - mmpose - INFO - Saving checkpoint at 100 epochs
2022-07-13 11:05:04,140 - mmpose - INFO - The previous best checkpoint /data/tfj/workspace/python_projects/pose/mmpose-0270/work_dirs/reg_shufflenetv2_mpii_256x256_tfj/best_PCKh_epoch_90.pth was removed
2022-07-13 11:05:04,189 - mmpose - INFO - Now best checkpoint is saved as best_PCKh_epoch_100.pth.
2022-07-13 11:05:04,189 - mmpose - INFO - Best PCKh is 65.7663 at 100 epoch.
2022-07-13 11:05:04,190 - mmpose - INFO - Epoch(val) [100][24]	Head: 83.3220, Shoulder: 84.3580, Elbow: 64.1900, Wrist: 47.1861, Hip: 74.2080, Knee: 52.9737, Ankle: 40.2929, PCKh: 65.7663, PCKh@0.1: 8.0822
2022-07-13 11:05:26,105 - mmpose - INFO - Epoch [101][50/87]	lr: 5.000e-04, eta: 0:39:42, time: 0.438, data_time: 0.138, memory: 1582, reg_loss: 0.0013, acc_pose: 0.5911, loss: 0.0013
2022-07-13 11:06:00,746 - mmpose - INFO - Epoch [102][50/87]	lr: 5.000e-04, eta: 0:39:20, time: 0.435, data_time: 0.260, memory: 1582, reg_loss: 0.0013, acc_pose: 0.5906, loss: 0.0013
2022-07-13 11:06:35,580 - mmpose - INFO - Epoch [103][50/87]	lr: 5.000e-04, eta: 0:38:58, time: 0.432, data_time: 0.192, memory: 1582, reg_loss: 0.0013, acc_pose: 0.5932, loss: 0.0013
2022-07-13 11:07:10,662 - mmpose - INFO - Epoch [104][50/87]	lr: 5.000e-04, eta: 0:38:36, time: 0.435, data_time: 0.141, memory: 1582, reg_loss: 0.0013, acc_pose: 0.5981, loss: 0.0013
2022-07-13 11:07:45,548 - mmpose - INFO - Epoch [105][50/87]	lr: 5.000e-04, eta: 0:38:14, time: 0.430, data_time: 0.217, memory: 1582, reg_loss: 0.0012, acc_pose: 0.5986, loss: 0.0012
2022-07-13 11:08:20,445 - mmpose - INFO - Epoch [106][50/87]	lr: 5.000e-04, eta: 0:37:53, time: 0.438, data_time: 0.334, memory: 1582, reg_loss: 0.0012, acc_pose: 0.6005, loss: 0.0012
2022-07-13 11:08:55,380 - mmpose - INFO - Epoch [107][50/87]	lr: 5.000e-04, eta: 0:37:31, time: 0.431, data_time: 0.205, memory: 1582, reg_loss: 0.0012, acc_pose: 0.5964, loss: 0.0012
2022-07-13 11:09:29,938 - mmpose - INFO - Epoch [108][50/87]	lr: 5.000e-04, eta: 0:37:09, time: 0.431, data_time: 0.220, memory: 1582, reg_loss: 0.0012, acc_pose: 0.5984, loss: 0.0012
2022-07-13 11:10:04,689 - mmpose - INFO - Epoch [109][50/87]	lr: 5.000e-04, eta: 0:36:47, time: 0.436, data_time: 0.228, memory: 1582, reg_loss: 0.0012, acc_pose: 0.5986, loss: 0.0012
2022-07-13 11:10:39,439 - mmpose - INFO - Epoch [110][50/87]	lr: 5.000e-04, eta: 0:36:25, time: 0.431, data_time: 0.171, memory: 1582, reg_loss: 0.0012, acc_pose: 0.5993, loss: 0.0012
2022-07-13 11:10:52,484 - mmpose - INFO - Saving checkpoint at 110 epochs
2022-07-13 11:10:57,171 - mmpose - INFO - The previous best checkpoint /data/tfj/workspace/python_projects/pose/mmpose-0270/work_dirs/reg_shufflenetv2_mpii_256x256_tfj/best_PCKh_epoch_100.pth was removed
2022-07-13 11:10:57,230 - mmpose - INFO - Now best checkpoint is saved as best_PCKh_epoch_110.pth.
2022-07-13 11:10:57,230 - mmpose - INFO - Best PCKh is 66.6458 at 110 epoch.
2022-07-13 11:10:57,231 - mmpose - INFO - Epoch(val) [110][24]	Head: 84.8568, Shoulder: 84.5788, Elbow: 64.3264, Wrist: 49.4977, Hip: 74.5023, Knee: 54.0213, Ankle: 41.6619, PCKh: 66.6458, PCKh@0.1: 7.9443
2022-07-13 11:11:18,352 - mmpose - INFO - Epoch [111][50/87]	lr: 5.000e-04, eta: 0:36:03, time: 0.422, data_time: 0.229, memory: 1582, reg_loss: 0.0013, acc_pose: 0.5987, loss: 0.0013
2022-07-13 11:11:53,818 - mmpose - INFO - Epoch [112][50/87]	lr: 5.000e-04, eta: 0:35:41, time: 0.438, data_time: 0.270, memory: 1582, reg_loss: 0.0012, acc_pose: 0.6080, loss: 0.0012
2022-07-13 11:12:28,587 - mmpose - INFO - Epoch [113][50/87]	lr: 5.000e-04, eta: 0:35:19, time: 0.431, data_time: 0.200, memory: 1582, reg_loss: 0.0012, acc_pose: 0.6088, loss: 0.0012
2022-07-13 11:13:03,265 - mmpose - INFO - Epoch [114][50/87]	lr: 5.000e-04, eta: 0:34:57, time: 0.430, data_time: 0.258, memory: 1582, reg_loss: 0.0012, acc_pose: 0.6019, loss: 0.0012
2022-07-13 11:13:37,829 - mmpose - INFO - Epoch [115][50/87]	lr: 5.000e-04, eta: 0:34:35, time: 0.433, data_time: 0.217, memory: 1582, reg_loss: 0.0012, acc_pose: 0.6038, loss: 0.0012
2022-07-13 11:14:12,618 - mmpose - INFO - Epoch [116][50/87]	lr: 5.000e-04, eta: 0:34:13, time: 0.434, data_time: 0.176, memory: 1582, reg_loss: 0.0012, acc_pose: 0.6105, loss: 0.0012
2022-07-13 11:14:47,231 - mmpose - INFO - Epoch [117][50/87]	lr: 5.000e-04, eta: 0:33:51, time: 0.427, data_time: 0.139, memory: 1582, reg_loss: 0.0012, acc_pose: 0.6029, loss: 0.0012
2022-07-13 11:15:22,051 - mmpose - INFO - Epoch [118][50/87]	lr: 5.000e-04, eta: 0:33:29, time: 0.426, data_time: 0.257, memory: 1582, reg_loss: 0.0012, acc_pose: 0.5979, loss: 0.0012
2022-07-13 11:15:57,018 - mmpose - INFO - Epoch [119][50/87]	lr: 5.000e-04, eta: 0:33:07, time: 0.432, data_time: 0.211, memory: 1582, reg_loss: 0.0012, acc_pose: 0.6123, loss: 0.0012
2022-07-13 11:16:31,846 - mmpose - INFO - Epoch [120][50/87]	lr: 5.000e-04, eta: 0:32:46, time: 0.432, data_time: 0.258, memory: 1582, reg_loss: 0.0012, acc_pose: 0.6038, loss: 0.0012
2022-07-13 11:16:44,925 - mmpose - INFO - Saving checkpoint at 120 epochs
2022-07-13 11:16:49,721 - mmpose - INFO - Epoch(val) [120][24]	Head: 82.6739, Shoulder: 83.6447, Elbow: 62.9636, Wrist: 47.7010, Hip: 74.8659, Knee: 54.1005, Ankle: 41.6389, PCKh: 65.8236, PCKh@0.1: 7.1637
2022-07-13 11:17:11,456 - mmpose - INFO - Epoch [121][50/87]	lr: 5.000e-04, eta: 0:32:24, time: 0.435, data_time: 0.247, memory: 1582, reg_loss: 0.0012, acc_pose: 0.5990, loss: 0.0012
2022-07-13 11:17:46,052 - mmpose - INFO - Epoch [122][50/87]	lr: 5.000e-04, eta: 0:32:02, time: 0.428, data_time: 0.173, memory: 1582, reg_loss: 0.0012, acc_pose: 0.6115, loss: 0.0012
2022-07-13 11:18:20,875 - mmpose - INFO - Epoch [123][50/87]	lr: 5.000e-04, eta: 0:31:40, time: 0.429, data_time: 0.111, memory: 1582, reg_loss: 0.0012, acc_pose: 0.6053, loss: 0.0012
2022-07-13 11:18:56,235 - mmpose - INFO - Epoch [124][50/87]	lr: 5.000e-04, eta: 0:31:18, time: 0.433, data_time: 0.220, memory: 1582, reg_loss: 0.0012, acc_pose: 0.6101, loss: 0.0012
2022-07-13 11:19:31,289 - mmpose - INFO - Epoch [125][50/87]	lr: 5.000e-04, eta: 0:30:56, time: 0.437, data_time: 0.190, memory: 1582, reg_loss: 0.0011, acc_pose: 0.6112, loss: 0.0011
2022-07-13 11:20:05,982 - mmpose - INFO - Epoch [126][50/87]	lr: 5.000e-04, eta: 0:30:35, time: 0.431, data_time: 0.196, memory: 1582, reg_loss: 0.0012, acc_pose: 0.6013, loss: 0.0012
2022-07-13 11:20:40,815 - mmpose - INFO - Epoch [127][50/87]	lr: 5.000e-04, eta: 0:30:13, time: 0.434, data_time: 0.200, memory: 1582, reg_loss: 0.0012, acc_pose: 0.6162, loss: 0.0012
2022-07-13 11:21:15,945 - mmpose - INFO - Epoch [128][50/87]	lr: 5.000e-04, eta: 0:29:51, time: 0.440, data_time: 0.266, memory: 1582, reg_loss: 0.0012, acc_pose: 0.6152, loss: 0.0012
2022-07-13 11:21:50,762 - mmpose - INFO - Epoch [129][50/87]	lr: 5.000e-04, eta: 0:29:30, time: 0.434, data_time: 0.232, memory: 1582, reg_loss: 0.0012, acc_pose: 0.6054, loss: 0.0012
2022-07-13 11:22:26,132 - mmpose - INFO - Epoch [130][50/87]	lr: 5.000e-04, eta: 0:29:08, time: 0.438, data_time: 0.268, memory: 1582, reg_loss: 0.0012, acc_pose: 0.6076, loss: 0.0012
2022-07-13 11:22:39,468 - mmpose - INFO - Saving checkpoint at 130 epochs
2022-07-13 11:22:44,065 - mmpose - INFO - The previous best checkpoint /data/tfj/workspace/python_projects/pose/mmpose-0270/work_dirs/reg_shufflenetv2_mpii_256x256_tfj/best_PCKh_epoch_110.pth was removed
2022-07-13 11:22:44,114 - mmpose - INFO - Now best checkpoint is saved as best_PCKh_epoch_130.pth.
2022-07-13 11:22:44,115 - mmpose - INFO - Best PCKh is 66.9737 at 130 epoch.
2022-07-13 11:22:44,115 - mmpose - INFO - Epoch(val) [130][24]	Head: 84.5498, Shoulder: 84.4090, Elbow: 65.4509, Wrist: 50.6419, Hip: 74.3983, Knee: 53.9189, Ankle: 42.8200, PCKh: 66.9737, PCKh@0.1: 8.1915
2022-07-13 11:23:05,650 - mmpose - INFO - Epoch [131][50/87]	lr: 5.000e-04, eta: 0:28:46, time: 0.431, data_time: 0.141, memory: 1582, reg_loss: 0.0012, acc_pose: 0.6072, loss: 0.0012
2022-07-13 11:23:40,023 - mmpose - INFO - Epoch [132][50/87]	lr: 5.000e-04, eta: 0:28:24, time: 0.428, data_time: 0.303, memory: 1582, reg_loss: 0.0011, acc_pose: 0.6117, loss: 0.0011
2022-07-13 11:24:15,117 - mmpose - INFO - Epoch [133][50/87]	lr: 5.000e-04, eta: 0:28:02, time: 0.436, data_time: 0.136, memory: 1582, reg_loss: 0.0012, acc_pose: 0.6153, loss: 0.0012
2022-07-13 11:24:49,894 - mmpose - INFO - Epoch [134][50/87]	lr: 5.000e-04, eta: 0:27:41, time: 0.430, data_time: 0.275, memory: 1582, reg_loss: 0.0011, acc_pose: 0.6210, loss: 0.0011
2022-07-13 11:25:24,358 - mmpose - INFO - Epoch [135][50/87]	lr: 5.000e-04, eta: 0:27:19, time: 0.431, data_time: 0.161, memory: 1582, reg_loss: 0.0011, acc_pose: 0.6183, loss: 0.0011
2022-07-13 11:26:00,077 - mmpose - INFO - Epoch [136][50/87]	lr: 5.000e-04, eta: 0:26:57, time: 0.435, data_time: 0.185, memory: 1582, reg_loss: 0.0011, acc_pose: 0.6239, loss: 0.0011
2022-07-13 11:26:34,893 - mmpose - INFO - Epoch [137][50/87]	lr: 5.000e-04, eta: 0:26:35, time: 0.429, data_time: 0.218, memory: 1582, reg_loss: 0.0011, acc_pose: 0.6191, loss: 0.0011
2022-07-13 11:27:09,957 - mmpose - INFO - Epoch [138][50/87]	lr: 5.000e-04, eta: 0:26:13, time: 0.435, data_time: 0.236, memory: 1582, reg_loss: 0.0011, acc_pose: 0.6185, loss: 0.0011
2022-07-13 11:27:44,656 - mmpose - INFO - Epoch [139][50/87]	lr: 5.000e-04, eta: 0:25:52, time: 0.436, data_time: 0.114, memory: 1582, reg_loss: 0.0012, acc_pose: 0.6179, loss: 0.0012
2022-07-13 11:28:19,292 - mmpose - INFO - Epoch [140][50/87]	lr: 5.000e-04, eta: 0:25:30, time: 0.429, data_time: 0.279, memory: 1582, reg_loss: 0.0012, acc_pose: 0.6198, loss: 0.0012
2022-07-13 11:28:32,542 - mmpose - INFO - Saving checkpoint at 140 epochs
2022-07-13 11:28:37,109 - mmpose - INFO - The previous best checkpoint /data/tfj/workspace/python_projects/pose/mmpose-0270/work_dirs/reg_shufflenetv2_mpii_256x256_tfj/best_PCKh_epoch_130.pth was removed
2022-07-13 11:28:37,169 - mmpose - INFO - Now best checkpoint is saved as best_PCKh_epoch_140.pth.
2022-07-13 11:28:37,169 - mmpose - INFO - Best PCKh is 68.2279 at 140 epoch.
2022-07-13 11:28:37,170 - mmpose - INFO - Epoch(val) [140][24]	Head: 85.6412, Shoulder: 85.2582, Elbow: 66.6951, Wrist: 52.0149, Hip: 75.5408, Knee: 55.4694, Ankle: 44.5207, PCKh: 68.2279, PCKh@0.1: 8.5558
2022-07-13 11:28:58,714 - mmpose - INFO - Epoch [141][50/87]	lr: 5.000e-04, eta: 0:25:08, time: 0.431, data_time: 0.300, memory: 1582, reg_loss: 0.0011, acc_pose: 0.6171, loss: 0.0011
2022-07-13 11:29:33,588 - mmpose - INFO - Epoch [142][50/87]	lr: 5.000e-04, eta: 0:24:46, time: 0.427, data_time: 0.283, memory: 1582, reg_loss: 0.0011, acc_pose: 0.6233, loss: 0.0011
2022-07-13 11:30:08,336 - mmpose - INFO - Epoch [143][50/87]	lr: 5.000e-04, eta: 0:24:24, time: 0.433, data_time: 0.230, memory: 1582, reg_loss: 0.0011, acc_pose: 0.6231, loss: 0.0011
2022-07-13 11:30:43,138 - mmpose - INFO - Epoch [144][50/87]	lr: 5.000e-04, eta: 0:24:02, time: 0.432, data_time: 0.231, memory: 1582, reg_loss: 0.0011, acc_pose: 0.6359, loss: 0.0011
2022-07-13 11:31:18,346 - mmpose - INFO - Epoch [145][50/87]	lr: 5.000e-04, eta: 0:23:41, time: 0.433, data_time: 0.254, memory: 1582, reg_loss: 0.0011, acc_pose: 0.6243, loss: 0.0011
2022-07-13 11:31:52,759 - mmpose - INFO - Epoch [146][50/87]	lr: 5.000e-04, eta: 0:23:19, time: 0.426, data_time: 0.190, memory: 1582, reg_loss: 0.0011, acc_pose: 0.6244, loss: 0.0011
2022-07-13 11:32:27,696 - mmpose - INFO - Epoch [147][50/87]	lr: 5.000e-04, eta: 0:22:57, time: 0.433, data_time: 0.160, memory: 1582, reg_loss: 0.0011, acc_pose: 0.6272, loss: 0.0011
2022-07-13 11:33:02,334 - mmpose - INFO - Epoch [148][50/87]	lr: 5.000e-04, eta: 0:22:35, time: 0.430, data_time: 0.167, memory: 1582, reg_loss: 0.0011, acc_pose: 0.6305, loss: 0.0011
2022-07-13 11:33:36,999 - mmpose - INFO - Epoch [149][50/87]	lr: 5.000e-04, eta: 0:22:13, time: 0.429, data_time: 0.245, memory: 1582, reg_loss: 0.0011, acc_pose: 0.6269, loss: 0.0011
2022-07-13 11:34:11,956 - mmpose - INFO - Epoch [150][50/87]	lr: 5.000e-04, eta: 0:21:52, time: 0.431, data_time: 0.263, memory: 1582, reg_loss: 0.0011, acc_pose: 0.6331, loss: 0.0011
2022-07-13 11:34:25,023 - mmpose - INFO - Saving checkpoint at 150 epochs
2022-07-13 11:34:29,703 - mmpose - INFO - The previous best checkpoint /data/tfj/workspace/python_projects/pose/mmpose-0270/work_dirs/reg_shufflenetv2_mpii_256x256_tfj/best_PCKh_epoch_140.pth was removed
2022-07-13 11:34:29,761 - mmpose - INFO - Now best checkpoint is saved as best_PCKh_epoch_150.pth.
2022-07-13 11:34:29,762 - mmpose - INFO - Best PCKh is 68.4621 at 150 epoch.
2022-07-13 11:34:29,762 - mmpose - INFO - Epoch(val) [150][24]	Head: 85.7435, Shoulder: 85.7846, Elbow: 67.3088, Wrist: 50.8501, Hip: 75.6793, Knee: 56.7799, Ankle: 44.8989, PCKh: 68.4621, PCKh@0.1: 8.6963
2022-07-13 11:34:51,261 - mmpose - INFO - Epoch [151][50/87]	lr: 5.000e-04, eta: 0:21:30, time: 0.430, data_time: 0.195, memory: 1582, reg_loss: 0.0011, acc_pose: 0.6266, loss: 0.0011
2022-07-13 11:35:26,013 - mmpose - INFO - Epoch [152][50/87]	lr: 5.000e-04, eta: 0:21:08, time: 0.433, data_time: 0.275, memory: 1582, reg_loss: 0.0011, acc_pose: 0.6241, loss: 0.0011
2022-07-13 11:36:00,890 - mmpose - INFO - Epoch [153][50/87]	lr: 5.000e-04, eta: 0:20:46, time: 0.434, data_time: 0.246, memory: 1582, reg_loss: 0.0011, acc_pose: 0.6343, loss: 0.0011
2022-07-13 11:36:35,711 - mmpose - INFO - Epoch [154][50/87]	lr: 5.000e-04, eta: 0:20:25, time: 0.432, data_time: 0.205, memory: 1582, reg_loss: 0.0011, acc_pose: 0.6304, loss: 0.0011
2022-07-13 11:37:10,297 - mmpose - INFO - Epoch [155][50/87]	lr: 5.000e-04, eta: 0:20:03, time: 0.434, data_time: 0.288, memory: 1582, reg_loss: 0.0011, acc_pose: 0.6318, loss: 0.0011
2022-07-13 11:37:44,766 - mmpose - INFO - Epoch [156][50/87]	lr: 5.000e-04, eta: 0:19:41, time: 0.430, data_time: 0.165, memory: 1582, reg_loss: 0.0011, acc_pose: 0.6336, loss: 0.0011
2022-07-13 11:38:19,407 - mmpose - INFO - Epoch [157][50/87]	lr: 5.000e-04, eta: 0:19:19, time: 0.434, data_time: 0.182, memory: 1582, reg_loss: 0.0011, acc_pose: 0.6354, loss: 0.0011
2022-07-13 11:38:53,579 - mmpose - INFO - Epoch [158][50/87]	lr: 5.000e-04, eta: 0:18:58, time: 0.432, data_time: 0.283, memory: 1582, reg_loss: 0.0011, acc_pose: 0.6330, loss: 0.0011
2022-07-13 11:39:28,824 - mmpose - INFO - Epoch [159][50/87]	lr: 5.000e-04, eta: 0:18:36, time: 0.436, data_time: 0.135, memory: 1582, reg_loss: 0.0011, acc_pose: 0.6365, loss: 0.0011
2022-07-13 11:40:03,697 - mmpose - INFO - Epoch [160][50/87]	lr: 5.000e-04, eta: 0:18:14, time: 0.433, data_time: 0.229, memory: 1582, reg_loss: 0.0011, acc_pose: 0.6342, loss: 0.0011
2022-07-13 11:40:16,685 - mmpose - INFO - Saving checkpoint at 160 epochs
2022-07-13 11:40:21,221 - mmpose - INFO - The previous best checkpoint /data/tfj/workspace/python_projects/pose/mmpose-0270/work_dirs/reg_shufflenetv2_mpii_256x256_tfj/best_PCKh_epoch_150.pth was removed
2022-07-13 11:40:21,274 - mmpose - INFO - Now best checkpoint is saved as best_PCKh_epoch_160.pth.
2022-07-13 11:40:21,275 - mmpose - INFO - Best PCKh is 68.8525 at 160 epoch.
2022-07-13 11:40:21,275 - mmpose - INFO - Epoch(val) [160][24]	Head: 85.4707, Shoulder: 85.5469, Elbow: 67.9566, Wrist: 52.3569, Hip: 76.0257, Knee: 57.5259, Ankle: 45.0639, PCKh: 68.8525, PCKh@0.1: 8.1265
2022-07-13 11:40:43,355 - mmpose - INFO - Epoch [161][50/87]	lr: 5.000e-04, eta: 0:17:53, time: 0.441, data_time: 0.254, memory: 1582, reg_loss: 0.0010, acc_pose: 0.6384, loss: 0.0010
2022-07-13 11:41:17,659 - mmpose - INFO - Epoch [162][50/87]	lr: 5.000e-04, eta: 0:17:31, time: 0.425, data_time: 0.164, memory: 1582, reg_loss: 0.0011, acc_pose: 0.6242, loss: 0.0011
2022-07-13 11:41:52,257 - mmpose - INFO - Epoch [163][50/87]	lr: 5.000e-04, eta: 0:17:09, time: 0.427, data_time: 0.309, memory: 1582, reg_loss: 0.0011, acc_pose: 0.6270, loss: 0.0011
2022-07-13 11:42:26,942 - mmpose - INFO - Epoch [164][50/87]	lr: 5.000e-04, eta: 0:16:47, time: 0.431, data_time: 0.327, memory: 1582, reg_loss: 0.0011, acc_pose: 0.6349, loss: 0.0011
2022-07-13 11:43:01,358 - mmpose - INFO - Epoch [165][50/87]	lr: 5.000e-04, eta: 0:16:25, time: 0.428, data_time: 0.205, memory: 1582, reg_loss: 0.0011, acc_pose: 0.6253, loss: 0.0011
2022-07-13 11:43:36,101 - mmpose - INFO - Epoch [166][50/87]	lr: 5.000e-04, eta: 0:16:04, time: 0.433, data_time: 0.181, memory: 1582, reg_loss: 0.0011, acc_pose: 0.6305, loss: 0.0011
2022-07-13 11:44:10,569 - mmpose - INFO - Epoch [167][50/87]	lr: 5.000e-04, eta: 0:15:42, time: 0.430, data_time: 0.177, memory: 1582, reg_loss: 0.0010, acc_pose: 0.6379, loss: 0.0010
2022-07-13 11:44:45,923 - mmpose - INFO - Epoch [168][50/87]	lr: 5.000e-04, eta: 0:15:20, time: 0.443, data_time: 0.177, memory: 1582, reg_loss: 0.0011, acc_pose: 0.6359, loss: 0.0011
2022-07-13 11:45:20,227 - mmpose - INFO - Epoch [169][50/87]	lr: 5.000e-04, eta: 0:14:59, time: 0.427, data_time: 0.245, memory: 1582, reg_loss: 0.0011, acc_pose: 0.6383, loss: 0.0011
2022-07-13 11:45:55,665 - mmpose - INFO - Epoch [170][50/87]	lr: 5.000e-04, eta: 0:14:37, time: 0.447, data_time: 0.146, memory: 1582, reg_loss: 0.0010, acc_pose: 0.6379, loss: 0.0010
2022-07-13 11:46:08,724 - mmpose - INFO - Saving checkpoint at 170 epochs
2022-07-13 11:46:13,251 - mmpose - INFO - The previous best checkpoint /data/tfj/workspace/python_projects/pose/mmpose-0270/work_dirs/reg_shufflenetv2_mpii_256x256_tfj/best_PCKh_epoch_160.pth was removed
2022-07-13 11:46:13,306 - mmpose - INFO - Now best checkpoint is saved as best_PCKh_epoch_170.pth.
2022-07-13 11:46:13,306 - mmpose - INFO - Best PCKh is 68.9383 at 170 epoch.
2022-07-13 11:46:13,306 - mmpose - INFO - Epoch(val) [170][24]	Head: 86.2551, Shoulder: 85.8526, Elbow: 66.5254, Wrist: 53.0619, Hip: 76.1988, Knee: 56.6398, Ankle: 45.9614, PCKh: 68.9383, PCKh@0.1: 8.4179
2022-07-13 11:46:34,600 - mmpose - INFO - Epoch [171][50/87]	lr: 5.000e-05, eta: 0:14:15, time: 0.426, data_time: 0.305, memory: 1582, reg_loss: 0.0010, acc_pose: 0.6472, loss: 0.0010
2022-07-13 11:47:09,771 - mmpose - INFO - Epoch [172][50/87]	lr: 5.000e-05, eta: 0:13:54, time: 0.435, data_time: 0.178, memory: 1582, reg_loss: 0.0010, acc_pose: 0.6584, loss: 0.0010
2022-07-13 11:47:44,549 - mmpose - INFO - Epoch [173][50/87]	lr: 5.000e-05, eta: 0:13:32, time: 0.436, data_time: 0.236, memory: 1582, reg_loss: 0.0010, acc_pose: 0.6546, loss: 0.0010
2022-07-13 11:48:19,361 - mmpose - INFO - Epoch [174][50/87]	lr: 5.000e-05, eta: 0:13:10, time: 0.437, data_time: 0.169, memory: 1582, reg_loss: 0.0010, acc_pose: 0.6585, loss: 0.0010
2022-07-13 11:48:54,469 - mmpose - INFO - Epoch [175][50/87]	lr: 5.000e-05, eta: 0:12:48, time: 0.424, data_time: 0.157, memory: 1582, reg_loss: 0.0009, acc_pose: 0.6628, loss: 0.0009
2022-07-13 11:49:29,318 - mmpose - INFO - Epoch [176][50/87]	lr: 5.000e-05, eta: 0:12:27, time: 0.431, data_time: 0.212, memory: 1582, reg_loss: 0.0010, acc_pose: 0.6611, loss: 0.0010
2022-07-13 11:50:03,602 - mmpose - INFO - Epoch [177][50/87]	lr: 5.000e-05, eta: 0:12:05, time: 0.429, data_time: 0.269, memory: 1582, reg_loss: 0.0010, acc_pose: 0.6632, loss: 0.0010
2022-07-13 11:50:38,314 - mmpose - INFO - Epoch [178][50/87]	lr: 5.000e-05, eta: 0:11:43, time: 0.434, data_time: 0.230, memory: 1582, reg_loss: 0.0009, acc_pose: 0.6670, loss: 0.0009
2022-07-13 11:51:13,210 - mmpose - INFO - Epoch [179][50/87]	lr: 5.000e-05, eta: 0:11:21, time: 0.437, data_time: 0.192, memory: 1582, reg_loss: 0.0010, acc_pose: 0.6682, loss: 0.0010
2022-07-13 11:51:48,131 - mmpose - INFO - Epoch [180][50/87]	lr: 5.000e-05, eta: 0:11:00, time: 0.426, data_time: 0.246, memory: 1582, reg_loss: 0.0009, acc_pose: 0.6685, loss: 0.0009
2022-07-13 11:52:01,312 - mmpose - INFO - Saving checkpoint at 180 epochs
2022-07-13 11:52:05,979 - mmpose - INFO - The previous best checkpoint /data/tfj/workspace/python_projects/pose/mmpose-0270/work_dirs/reg_shufflenetv2_mpii_256x256_tfj/best_PCKh_epoch_170.pth was removed
2022-07-13 11:52:06,029 - mmpose - INFO - Now best checkpoint is saved as best_PCKh_epoch_180.pth.
2022-07-13 11:52:06,029 - mmpose - INFO - Best PCKh is 70.3253 at 180 epoch.
2022-07-13 11:52:06,029 - mmpose - INFO - Epoch(val) [180][24]	Head: 86.9714, Shoulder: 87.0075, Elbow: 69.0137, Wrist: 54.3468, Hip: 77.4277, Knee: 58.6342, Ankle: 47.1416, PCKh: 70.3253, PCKh@0.1: 9.8829
2022-07-13 11:52:27,327 - mmpose - INFO - Epoch [181][50/87]	lr: 5.000e-05, eta: 0:10:38, time: 0.426, data_time: 0.193, memory: 1582, reg_loss: 0.0009, acc_pose: 0.6708, loss: 0.0009
2022-07-13 11:53:02,293 - mmpose - INFO - Epoch [182][50/87]	lr: 5.000e-05, eta: 0:10:16, time: 0.429, data_time: 0.232, memory: 1582, reg_loss: 0.0009, acc_pose: 0.6735, loss: 0.0009
2022-07-13 11:53:36,903 - mmpose - INFO - Epoch [183][50/87]	lr: 5.000e-05, eta: 0:09:54, time: 0.432, data_time: 0.257, memory: 1582, reg_loss: 0.0009, acc_pose: 0.6704, loss: 0.0009
2022-07-13 11:54:11,744 - mmpose - INFO - Epoch [184][50/87]	lr: 5.000e-05, eta: 0:09:33, time: 0.437, data_time: 0.255, memory: 1582, reg_loss: 0.0009, acc_pose: 0.6737, loss: 0.0009
2022-07-13 11:54:46,359 - mmpose - INFO - Epoch [185][50/87]	lr: 5.000e-05, eta: 0:09:11, time: 0.432, data_time: 0.146, memory: 1582, reg_loss: 0.0009, acc_pose: 0.6646, loss: 0.0009
2022-07-13 11:55:20,872 - mmpose - INFO - Epoch [186][50/87]	lr: 5.000e-05, eta: 0:08:49, time: 0.427, data_time: 0.327, memory: 1582, reg_loss: 0.0009, acc_pose: 0.6672, loss: 0.0009
2022-07-13 11:55:55,659 - mmpose - INFO - Epoch [187][50/87]	lr: 5.000e-05, eta: 0:08:28, time: 0.428, data_time: 0.256, memory: 1582, reg_loss: 0.0009, acc_pose: 0.6707, loss: 0.0009
2022-07-13 11:56:30,601 - mmpose - INFO - Epoch [188][50/87]	lr: 5.000e-05, eta: 0:08:06, time: 0.436, data_time: 0.203, memory: 1582, reg_loss: 0.0009, acc_pose: 0.6688, loss: 0.0009
2022-07-13 11:57:04,829 - mmpose - INFO - Epoch [189][50/87]	lr: 5.000e-05, eta: 0:07:44, time: 0.428, data_time: 0.278, memory: 1582, reg_loss: 0.0009, acc_pose: 0.6731, loss: 0.0009
2022-07-13 11:57:39,811 - mmpose - INFO - Epoch [190][50/87]	lr: 5.000e-05, eta: 0:07:23, time: 0.431, data_time: 0.252, memory: 1582, reg_loss: 0.0009, acc_pose: 0.6752, loss: 0.0009
2022-07-13 11:57:52,893 - mmpose - INFO - Saving checkpoint at 190 epochs
2022-07-13 11:57:57,597 - mmpose - INFO - The previous best checkpoint /data/tfj/workspace/python_projects/pose/mmpose-0270/work_dirs/reg_shufflenetv2_mpii_256x256_tfj/best_PCKh_epoch_180.pth was removed
2022-07-13 11:57:57,668 - mmpose - INFO - Now best checkpoint is saved as best_PCKh_epoch_190.pth.
2022-07-13 11:57:57,668 - mmpose - INFO - Best PCKh is 70.6687 at 190 epoch.
2022-07-13 11:57:57,669 - mmpose - INFO - Epoch(val) [190][24]	Head: 87.4147, Shoulder: 87.1773, Elbow: 69.1501, Wrist: 54.8785, Hip: 77.3411, Knee: 59.4604, Ankle: 47.7091, PCKh: 70.6687, PCKh@0.1: 9.7372
2022-07-13 11:58:18,940 - mmpose - INFO - Epoch [191][50/87]	lr: 5.000e-05, eta: 0:07:01, time: 0.425, data_time: 0.251, memory: 1582, reg_loss: 0.0009, acc_pose: 0.6722, loss: 0.0009
2022-07-13 11:58:53,932 - mmpose - INFO - Epoch [192][50/87]	lr: 5.000e-05, eta: 0:06:39, time: 0.430, data_time: 0.220, memory: 1582, reg_loss: 0.0009, acc_pose: 0.6723, loss: 0.0009
2022-07-13 11:59:28,391 - mmpose - INFO - Epoch [193][50/87]	lr: 5.000e-05, eta: 0:06:17, time: 0.425, data_time: 0.117, memory: 1582, reg_loss: 0.0009, acc_pose: 0.6761, loss: 0.0009
2022-07-13 12:00:03,700 - mmpose - INFO - Epoch [194][50/87]	lr: 5.000e-05, eta: 0:05:56, time: 0.427, data_time: 0.232, memory: 1582, reg_loss: 0.0009, acc_pose: 0.6787, loss: 0.0009
2022-07-13 12:00:38,622 - mmpose - INFO - Epoch [195][50/87]	lr: 5.000e-05, eta: 0:05:34, time: 0.435, data_time: 0.263, memory: 1582, reg_loss: 0.0009, acc_pose: 0.6711, loss: 0.0009
2022-07-13 12:01:13,818 - mmpose - INFO - Epoch [196][50/87]	lr: 5.000e-05, eta: 0:05:12, time: 0.436, data_time: 0.148, memory: 1582, reg_loss: 0.0009, acc_pose: 0.6741, loss: 0.0009
2022-07-13 12:01:48,794 - mmpose - INFO - Epoch [197][50/87]	lr: 5.000e-05, eta: 0:04:51, time: 0.437, data_time: 0.155, memory: 1582, reg_loss: 0.0009, acc_pose: 0.6811, loss: 0.0009
2022-07-13 12:02:23,142 - mmpose - INFO - Epoch [198][50/87]	lr: 5.000e-05, eta: 0:04:29, time: 0.428, data_time: 0.186, memory: 1582, reg_loss: 0.0009, acc_pose: 0.6663, loss: 0.0009
2022-07-13 12:02:58,047 - mmpose - INFO - Epoch [199][50/87]	lr: 5.000e-05, eta: 0:04:07, time: 0.431, data_time: 0.155, memory: 1582, reg_loss: 0.0009, acc_pose: 0.6704, loss: 0.0009
2022-07-13 12:03:33,114 - mmpose - INFO - Epoch [200][50/87]	lr: 5.000e-05, eta: 0:03:46, time: 0.433, data_time: 0.209, memory: 1582, reg_loss: 0.0009, acc_pose: 0.6733, loss: 0.0009
2022-07-13 12:03:46,173 - mmpose - INFO - Saving checkpoint at 200 epochs
2022-07-13 12:03:50,696 - mmpose - INFO - The previous best checkpoint /data/tfj/workspace/python_projects/pose/mmpose-0270/work_dirs/reg_shufflenetv2_mpii_256x256_tfj/best_PCKh_epoch_190.pth was removed
2022-07-13 12:03:50,760 - mmpose - INFO - Now best checkpoint is saved as best_PCKh_epoch_200.pth.
2022-07-13 12:03:50,761 - mmpose - INFO - Best PCKh is 70.9133 at 200 epoch.
2022-07-13 12:03:50,761 - mmpose - INFO - Epoch(val) [200][24]	Head: 87.3465, Shoulder: 87.2962, Elbow: 69.8318, Wrist: 55.2716, Hip: 77.8258, Knee: 59.4800, Ankle: 47.7094, PCKh: 70.9133, PCKh@0.1: 9.8569
2022-07-13 12:04:12,136 - mmpose - INFO - Epoch [201][50/87]	lr: 5.000e-06, eta: 0:03:24, time: 0.427, data_time: 0.275, memory: 1582, reg_loss: 0.0009, acc_pose: 0.6766, loss: 0.0009
2022-07-13 12:04:46,493 - mmpose - INFO - Epoch [202][50/87]	lr: 5.000e-06, eta: 0:03:02, time: 0.427, data_time: 0.233, memory: 1582, reg_loss: 0.0009, acc_pose: 0.6799, loss: 0.0009
2022-07-13 12:05:21,595 - mmpose - INFO - Epoch [203][50/87]	lr: 5.000e-06, eta: 0:02:40, time: 0.432, data_time: 0.233, memory: 1582, reg_loss: 0.0009, acc_pose: 0.6711, loss: 0.0009
2022-07-13 12:05:56,083 - mmpose - INFO - Epoch [204][50/87]	lr: 5.000e-06, eta: 0:02:19, time: 0.431, data_time: 0.180, memory: 1582, reg_loss: 0.0009, acc_pose: 0.6701, loss: 0.0009
2022-07-13 12:06:30,755 - mmpose - INFO - Epoch [205][50/87]	lr: 5.000e-06, eta: 0:01:57, time: 0.430, data_time: 0.226, memory: 1582, reg_loss: 0.0009, acc_pose: 0.6726, loss: 0.0009
2022-07-13 12:07:05,215 - mmpose - INFO - Epoch [206][50/87]	lr: 5.000e-06, eta: 0:01:35, time: 0.430, data_time: 0.158, memory: 1582, reg_loss: 0.0009, acc_pose: 0.6715, loss: 0.0009
2022-07-13 12:07:39,905 - mmpose - INFO - Epoch [207][50/87]	lr: 5.000e-06, eta: 0:01:14, time: 0.431, data_time: 0.302, memory: 1582, reg_loss: 0.0009, acc_pose: 0.6769, loss: 0.0009
2022-07-13 12:08:14,573 - mmpose - INFO - Epoch [208][50/87]	lr: 5.000e-06, eta: 0:00:52, time: 0.434, data_time: 0.230, memory: 1582, reg_loss: 0.0009, acc_pose: 0.6721, loss: 0.0009
2022-07-13 12:08:49,349 - mmpose - INFO - Epoch [209][50/87]	lr: 5.000e-06, eta: 0:00:30, time: 0.429, data_time: 0.284, memory: 1582, reg_loss: 0.0009, acc_pose: 0.6744, loss: 0.0009
2022-07-13 12:09:23,493 - mmpose - INFO - Epoch [210][50/87]	lr: 5.000e-06, eta: 0:00:09, time: 0.423, data_time: 0.263, memory: 1582, reg_loss: 0.0009, acc_pose: 0.6749, loss: 0.0009
2022-07-13 12:09:36,761 - mmpose - INFO - Saving checkpoint at 210 epochs
2022-07-13 12:09:41,343 - mmpose - INFO - The previous best checkpoint /data/tfj/workspace/python_projects/pose/mmpose-0270/work_dirs/reg_shufflenetv2_mpii_256x256_tfj/best_PCKh_epoch_200.pth was removed
2022-07-13 12:09:41,393 - mmpose - INFO - Now best checkpoint is saved as best_PCKh_epoch_210.pth.
2022-07-13 12:09:41,393 - mmpose - INFO - Best PCKh is 70.9420 at 210 epoch.
2022-07-13 12:09:41,393 - mmpose - INFO - Epoch(val) [210][24]	Head: 87.1419, Shoulder: 87.1773, Elbow: 70.1385, Wrist: 55.3921, Hip: 77.3238, Knee: 59.5806, Ankle: 48.2524, PCKh: 70.9420, PCKh@0.1: 9.9480
