2022-07-15 07:37:14,107 - mmpose - INFO - Environment info:
------------------------------------------------------------
sys.platform: linux
Python: 3.9.7 (default, Sep 16 2021, 13:09:58) [GCC 7.5.0]
CUDA available: True
GPU 0,1,2,3,4,5,6,7: NVIDIA GeForce RTX 3090
CUDA_HOME: /usr/local/cuda-11.1
NVCC: Cuda compilation tools, release 11.1, V11.1.74
GCC: gcc (Ubuntu 7.5.0-3ubuntu1~18.04) 7.5.0
PyTorch: 1.9.1+cu111
PyTorch compiling details: PyTorch built with:
  - GCC 7.3
  - C++ Version: 201402
  - Intel(R) Math Kernel Library Version 2020.0.0 Product Build 20191122 for Intel(R) 64 architecture applications
  - Intel(R) MKL-DNN v2.1.2 (Git Hash 98be7e8afa711dc9b66c8ff3504129cb82013cdb)
  - OpenMP 201511 (a.k.a. OpenMP 4.5)
  - NNPACK is enabled
  - CPU capability usage: AVX2
  - CUDA Runtime 11.1
  - NVCC architecture flags: -gencode;arch=compute_37,code=sm_37;-gencode;arch=compute_50,code=sm_50;-gencode;arch=compute_60,code=sm_60;-gencode;arch=compute_70,code=sm_70;-gencode;arch=compute_75,code=sm_75;-gencode;arch=compute_80,code=sm_80;-gencode;arch=compute_86,code=sm_86
  - CuDNN 8.0.5
  - Magma 2.5.2
  - Build settings: BLAS_INFO=mkl, BUILD_TYPE=Release, CUDA_VERSION=11.1, CUDNN_VERSION=8.0.5, CXX_COMPILER=/opt/rh/devtoolset-7/root/usr/bin/c++, CXX_FLAGS= -Wno-deprecated -fvisibility-inlines-hidden -DUSE_PTHREADPOOL -fopenmp -DNDEBUG -DUSE_KINETO -DUSE_FBGEMM -DUSE_QNNPACK -DUSE_PYTORCH_QNNPACK -DUSE_XNNPACK -DSYMBOLICATE_MOBILE_DEBUG_HANDLE -O2 -fPIC -Wno-narrowing -Wall -Wextra -Werror=return-type -Wno-missing-field-initializers -Wno-type-limits -Wno-array-bounds -Wno-unknown-pragmas -Wno-sign-compare -Wno-unused-parameter -Wno-unused-variable -Wno-unused-function -Wno-unused-result -Wno-unused-local-typedefs -Wno-strict-overflow -Wno-strict-aliasing -Wno-error=deprecated-declarations -Wno-stringop-overflow -Wno-psabi -Wno-error=pedantic -Wno-error=redundant-decls -Wno-error=old-style-cast -fdiagnostics-color=always -faligned-new -Wno-unused-but-set-variable -Wno-maybe-uninitialized -fno-math-errno -fno-trapping-math -Werror=format -Wno-stringop-overflow, LAPACK_INFO=mkl, PERF_WITH_AVX=1, PERF_WITH_AVX2=1, PERF_WITH_AVX512=1, TORCH_VERSION=1.9.1, USE_CUDA=ON, USE_CUDNN=ON, USE_EXCEPTION_PTR=1, USE_GFLAGS=OFF, USE_GLOG=OFF, USE_MKL=ON, USE_MKLDNN=ON, USE_MPI=OFF, USE_NCCL=ON, USE_NNPACK=ON, USE_OPENMP=ON, 

TorchVision: 0.10.1+cu111
OpenCV: 4.5.5
MMCV: 1.5.1
MMCV Compiler: GCC 7.5
MMCV CUDA Compiler: 11.1
MMPose: 0.27.0+
------------------------------------------------------------

2022-07-15 07:37:14,107 - mmpose - INFO - Distributed training: True
2022-07-15 07:37:17,595 - mmpose - INFO - Config:
checkpoint_config = dict(interval=10)
log_config = dict(interval=50, hooks=[dict(type='TextLoggerHook')])
log_level = 'INFO'
load_from = None
resume_from = None
dist_params = dict(backend='nccl')
workflow = [('train', 1)]
opencv_num_threads = 0
mp_start_method = 'fork'
dataset_info = dict(
    dataset_name='mpii',
    paper_info=dict(
        author=
        'Mykhaylo Andriluka and Leonid Pishchulin and Peter Gehler and Schiele, Bernt',
        title=
        '2D Human Pose Estimation: New Benchmark and State of the Art Analysis',
        container=
        'IEEE Conference on Computer Vision and Pattern Recognition (CVPR)',
        year='2014',
        homepage='http://human-pose.mpi-inf.mpg.de/'),
    keypoint_info=dict({
        0:
        dict(
            name='right_ankle',
            id=0,
            color=[255, 128, 0],
            type='lower',
            swap='left_ankle'),
        1:
        dict(
            name='right_knee',
            id=1,
            color=[255, 128, 0],
            type='lower',
            swap='left_knee'),
        2:
        dict(
            name='right_hip',
            id=2,
            color=[255, 128, 0],
            type='lower',
            swap='left_hip'),
        3:
        dict(
            name='left_hip',
            id=3,
            color=[0, 255, 0],
            type='lower',
            swap='right_hip'),
        4:
        dict(
            name='left_knee',
            id=4,
            color=[0, 255, 0],
            type='lower',
            swap='right_knee'),
        5:
        dict(
            name='left_ankle',
            id=5,
            color=[0, 255, 0],
            type='lower',
            swap='right_ankle'),
        6:
        dict(name='pelvis', id=6, color=[51, 153, 255], type='lower', swap=''),
        7:
        dict(name='thorax', id=7, color=[51, 153, 255], type='upper', swap=''),
        8:
        dict(
            name='upper_neck',
            id=8,
            color=[51, 153, 255],
            type='upper',
            swap=''),
        9:
        dict(
            name='head_top', id=9, color=[51, 153, 255], type='upper',
            swap=''),
        10:
        dict(
            name='right_wrist',
            id=10,
            color=[255, 128, 0],
            type='upper',
            swap='left_wrist'),
        11:
        dict(
            name='right_elbow',
            id=11,
            color=[255, 128, 0],
            type='upper',
            swap='left_elbow'),
        12:
        dict(
            name='right_shoulder',
            id=12,
            color=[255, 128, 0],
            type='upper',
            swap='left_shoulder'),
        13:
        dict(
            name='left_shoulder',
            id=13,
            color=[0, 255, 0],
            type='upper',
            swap='right_shoulder'),
        14:
        dict(
            name='left_elbow',
            id=14,
            color=[0, 255, 0],
            type='upper',
            swap='right_elbow'),
        15:
        dict(
            name='left_wrist',
            id=15,
            color=[0, 255, 0],
            type='upper',
            swap='right_wrist')
    }),
    skeleton_info=dict({
        0:
        dict(link=('right_ankle', 'right_knee'), id=0, color=[255, 128, 0]),
        1:
        dict(link=('right_knee', 'right_hip'), id=1, color=[255, 128, 0]),
        2:
        dict(link=('right_hip', 'pelvis'), id=2, color=[255, 128, 0]),
        3:
        dict(link=('pelvis', 'left_hip'), id=3, color=[0, 255, 0]),
        4:
        dict(link=('left_hip', 'left_knee'), id=4, color=[0, 255, 0]),
        5:
        dict(link=('left_knee', 'left_ankle'), id=5, color=[0, 255, 0]),
        6:
        dict(link=('pelvis', 'thorax'), id=6, color=[51, 153, 255]),
        7:
        dict(link=('thorax', 'upper_neck'), id=7, color=[51, 153, 255]),
        8:
        dict(link=('upper_neck', 'head_top'), id=8, color=[51, 153, 255]),
        9:
        dict(link=('upper_neck', 'right_shoulder'), id=9, color=[255, 128, 0]),
        10:
        dict(
            link=('right_shoulder', 'right_elbow'), id=10, color=[255, 128,
                                                                  0]),
        11:
        dict(link=('right_elbow', 'right_wrist'), id=11, color=[255, 128, 0]),
        12:
        dict(link=('upper_neck', 'left_shoulder'), id=12, color=[0, 255, 0]),
        13:
        dict(link=('left_shoulder', 'left_elbow'), id=13, color=[0, 255, 0]),
        14:
        dict(link=('left_elbow', 'left_wrist'), id=14, color=[0, 255, 0])
    }),
    joint_weights=[
        1.5, 1.2, 1.0, 1.0, 1.2, 1.5, 1.0, 1.0, 1.0, 1.0, 1.5, 1.2, 1.0, 1.0,
        1.2, 1.5
    ],
    sigmas=[
        0.089, 0.083, 0.107, 0.107, 0.083, 0.089, 0.026, 0.026, 0.026, 0.026,
        0.062, 0.072, 0.179, 0.179, 0.072, 0.062
    ])
evaluation = dict(interval=10, metric='PCKh', save_best='PCKh')
optimizer = dict(type='Adam', lr=0.0005)
optimizer_config = dict(grad_clip=None)
lr_config = dict(
    policy='step',
    warmup='linear',
    warmup_iters=500,
    warmup_ratio=0.001,
    step=[170, 200])
total_epochs = 210
channel_cfg = dict(
    num_output_channels=16,
    dataset_joints=16,
    dataset_channel=[0, 1, 2, 3, 4, 5, 6, 7, 8, 9, 10, 11, 12, 13, 14, 15],
    inference_channel=[0, 1, 2, 3, 4, 5, 6, 7, 8, 9, 10, 11, 12, 13, 14, 15])
model = dict(
    type='TopDown',
    pretrained='mmcls://shufflenet_v2',
    backbone=dict(type='ShuffleNetV2', widen_factor=1.0),
    keypoint_head=dict(
        type='IntegralPoseRegressionHead',
        in_channels=1024,
        num_joints=16,
        loss_keypoint=dict(
            type='DSNTLoss',
            use_target_weight=True,
            sigma=0.125,
            mse_weight=1,
            js_weight=1,
            is_dsnt=True)),
    train_cfg=dict(),
    test_cfg=dict(flip_test=True))
data_cfg = dict(
    image_size=[256, 256],
    heatmap_size=[64, 64],
    num_output_channels=16,
    num_joints=16,
    dataset_channel=[0, 1, 2, 3, 4, 5, 6, 7, 8, 9, 10, 11, 12, 13, 14, 15],
    inference_channel=[0, 1, 2, 3, 4, 5, 6, 7, 8, 9, 10, 11, 12, 13, 14, 15],
    use_gt_bbox=True,
    bbox_file=None)
train_pipeline = [
    dict(type='LoadImageFromFile'),
    dict(type='TopDownGetBboxCenterScale', padding=1.25),
    dict(type='TopDownRandomFlip', flip_prob=0.5),
    dict(
        type='TopDownGetRandomScaleRotation', rot_factor=40, scale_factor=0.5),
    dict(type='TopDownAffine'),
    dict(type='ToTensor'),
    dict(
        type='NormalizeTensor',
        mean=[0.485, 0.456, 0.406],
        std=[0.229, 0.224, 0.225]),
    dict(type='TopDownGenerateTargetRegression'),
    dict(
        type='Collect',
        keys=['img', 'target', 'target_weight'],
        meta_keys=[
            'image_file', 'joints_3d', 'joints_3d_visible', 'center', 'scale',
            'rotation', 'flip_pairs'
        ])
]
val_pipeline = [
    dict(type='LoadImageFromFile'),
    dict(type='TopDownGetBboxCenterScale', padding=1.25),
    dict(type='TopDownAffine'),
    dict(type='ToTensor'),
    dict(
        type='NormalizeTensor',
        mean=[0.485, 0.456, 0.406],
        std=[0.229, 0.224, 0.225]),
    dict(
        type='Collect',
        keys=['img'],
        meta_keys=['image_file', 'center', 'scale', 'rotation', 'flip_pairs'])
]
test_pipeline = [
    dict(type='LoadImageFromFile'),
    dict(type='TopDownGetBboxCenterScale', padding=1.25),
    dict(type='TopDownAffine'),
    dict(type='ToTensor'),
    dict(
        type='NormalizeTensor',
        mean=[0.485, 0.456, 0.406],
        std=[0.229, 0.224, 0.225]),
    dict(
        type='Collect',
        keys=['img'],
        meta_keys=['image_file', 'center', 'scale', 'rotation', 'flip_pairs'])
]
data_root = '/data/tfj/workspace/datasets/MPII'
data = dict(
    samples_per_gpu=64,
    workers_per_gpu=4,
    persistent_workers=True,
    val_dataloader=dict(samples_per_gpu=32),
    test_dataloader=dict(samples_per_gpu=32),
    train=dict(
        type='TopDownMpiiDataset',
        ann_file=
        '/data/tfj/workspace/datasets/MPII/annotations/mpii_train.json',
        img_prefix='/data/tfj/workspace/datasets/MPII/images/',
        data_cfg=dict(
            image_size=[256, 256],
            heatmap_size=[64, 64],
            num_output_channels=16,
            num_joints=16,
            dataset_channel=[
                0, 1, 2, 3, 4, 5, 6, 7, 8, 9, 10, 11, 12, 13, 14, 15
            ],
            inference_channel=[
                0, 1, 2, 3, 4, 5, 6, 7, 8, 9, 10, 11, 12, 13, 14, 15
            ],
            use_gt_bbox=True,
            bbox_file=None),
        pipeline=[
            dict(type='LoadImageFromFile'),
            dict(type='TopDownGetBboxCenterScale', padding=1.25),
            dict(type='TopDownRandomFlip', flip_prob=0.5),
            dict(
                type='TopDownGetRandomScaleRotation',
                rot_factor=40,
                scale_factor=0.5),
            dict(type='TopDownAffine'),
            dict(type='ToTensor'),
            dict(
                type='NormalizeTensor',
                mean=[0.485, 0.456, 0.406],
                std=[0.229, 0.224, 0.225]),
            dict(type='TopDownGenerateTargetRegression'),
            dict(
                type='Collect',
                keys=['img', 'target', 'target_weight'],
                meta_keys=[
                    'image_file', 'joints_3d', 'joints_3d_visible', 'center',
                    'scale', 'rotation', 'flip_pairs'
                ])
        ],
        dataset_info=dict(
            dataset_name='mpii',
            paper_info=dict(
                author=
                'Mykhaylo Andriluka and Leonid Pishchulin and Peter Gehler and Schiele, Bernt',
                title=
                '2D Human Pose Estimation: New Benchmark and State of the Art Analysis',
                container=
                'IEEE Conference on Computer Vision and Pattern Recognition (CVPR)',
                year='2014',
                homepage='http://human-pose.mpi-inf.mpg.de/'),
            keypoint_info=dict({
                0:
                dict(
                    name='right_ankle',
                    id=0,
                    color=[255, 128, 0],
                    type='lower',
                    swap='left_ankle'),
                1:
                dict(
                    name='right_knee',
                    id=1,
                    color=[255, 128, 0],
                    type='lower',
                    swap='left_knee'),
                2:
                dict(
                    name='right_hip',
                    id=2,
                    color=[255, 128, 0],
                    type='lower',
                    swap='left_hip'),
                3:
                dict(
                    name='left_hip',
                    id=3,
                    color=[0, 255, 0],
                    type='lower',
                    swap='right_hip'),
                4:
                dict(
                    name='left_knee',
                    id=4,
                    color=[0, 255, 0],
                    type='lower',
                    swap='right_knee'),
                5:
                dict(
                    name='left_ankle',
                    id=5,
                    color=[0, 255, 0],
                    type='lower',
                    swap='right_ankle'),
                6:
                dict(
                    name='pelvis',
                    id=6,
                    color=[51, 153, 255],
                    type='lower',
                    swap=''),
                7:
                dict(
                    name='thorax',
                    id=7,
                    color=[51, 153, 255],
                    type='upper',
                    swap=''),
                8:
                dict(
                    name='upper_neck',
                    id=8,
                    color=[51, 153, 255],
                    type='upper',
                    swap=''),
                9:
                dict(
                    name='head_top',
                    id=9,
                    color=[51, 153, 255],
                    type='upper',
                    swap=''),
                10:
                dict(
                    name='right_wrist',
                    id=10,
                    color=[255, 128, 0],
                    type='upper',
                    swap='left_wrist'),
                11:
                dict(
                    name='right_elbow',
                    id=11,
                    color=[255, 128, 0],
                    type='upper',
                    swap='left_elbow'),
                12:
                dict(
                    name='right_shoulder',
                    id=12,
                    color=[255, 128, 0],
                    type='upper',
                    swap='left_shoulder'),
                13:
                dict(
                    name='left_shoulder',
                    id=13,
                    color=[0, 255, 0],
                    type='upper',
                    swap='right_shoulder'),
                14:
                dict(
                    name='left_elbow',
                    id=14,
                    color=[0, 255, 0],
                    type='upper',
                    swap='right_elbow'),
                15:
                dict(
                    name='left_wrist',
                    id=15,
                    color=[0, 255, 0],
                    type='upper',
                    swap='right_wrist')
            }),
            skeleton_info=dict({
                0:
                dict(
                    link=('right_ankle', 'right_knee'),
                    id=0,
                    color=[255, 128, 0]),
                1:
                dict(
                    link=('right_knee', 'right_hip'),
                    id=1,
                    color=[255, 128, 0]),
                2:
                dict(link=('right_hip', 'pelvis'), id=2, color=[255, 128, 0]),
                3:
                dict(link=('pelvis', 'left_hip'), id=3, color=[0, 255, 0]),
                4:
                dict(link=('left_hip', 'left_knee'), id=4, color=[0, 255, 0]),
                5:
                dict(
                    link=('left_knee', 'left_ankle'), id=5, color=[0, 255, 0]),
                6:
                dict(link=('pelvis', 'thorax'), id=6, color=[51, 153, 255]),
                7:
                dict(
                    link=('thorax', 'upper_neck'), id=7, color=[51, 153, 255]),
                8:
                dict(
                    link=('upper_neck', 'head_top'),
                    id=8,
                    color=[51, 153, 255]),
                9:
                dict(
                    link=('upper_neck', 'right_shoulder'),
                    id=9,
                    color=[255, 128, 0]),
                10:
                dict(
                    link=('right_shoulder', 'right_elbow'),
                    id=10,
                    color=[255, 128, 0]),
                11:
                dict(
                    link=('right_elbow', 'right_wrist'),
                    id=11,
                    color=[255, 128, 0]),
                12:
                dict(
                    link=('upper_neck', 'left_shoulder'),
                    id=12,
                    color=[0, 255, 0]),
                13:
                dict(
                    link=('left_shoulder', 'left_elbow'),
                    id=13,
                    color=[0, 255, 0]),
                14:
                dict(
                    link=('left_elbow', 'left_wrist'),
                    id=14,
                    color=[0, 255, 0])
            }),
            joint_weights=[
                1.5, 1.2, 1.0, 1.0, 1.2, 1.5, 1.0, 1.0, 1.0, 1.0, 1.5, 1.2,
                1.0, 1.0, 1.2, 1.5
            ],
            sigmas=[
                0.089, 0.083, 0.107, 0.107, 0.083, 0.089, 0.026, 0.026, 0.026,
                0.026, 0.062, 0.072, 0.179, 0.179, 0.072, 0.062
            ])),
    val=dict(
        type='TopDownMpiiDataset',
        ann_file='/data/tfj/workspace/datasets/MPII/annotations/mpii_val.json',
        img_prefix='/data/tfj/workspace/datasets/MPII/images/',
        data_cfg=dict(
            image_size=[256, 256],
            heatmap_size=[64, 64],
            num_output_channels=16,
            num_joints=16,
            dataset_channel=[
                0, 1, 2, 3, 4, 5, 6, 7, 8, 9, 10, 11, 12, 13, 14, 15
            ],
            inference_channel=[
                0, 1, 2, 3, 4, 5, 6, 7, 8, 9, 10, 11, 12, 13, 14, 15
            ],
            use_gt_bbox=True,
            bbox_file=None),
        pipeline=[
            dict(type='LoadImageFromFile'),
            dict(type='TopDownGetBboxCenterScale', padding=1.25),
            dict(type='TopDownAffine'),
            dict(type='ToTensor'),
            dict(
                type='NormalizeTensor',
                mean=[0.485, 0.456, 0.406],
                std=[0.229, 0.224, 0.225]),
            dict(
                type='Collect',
                keys=['img'],
                meta_keys=[
                    'image_file', 'center', 'scale', 'rotation', 'flip_pairs'
                ])
        ],
        dataset_info=dict(
            dataset_name='mpii',
            paper_info=dict(
                author=
                'Mykhaylo Andriluka and Leonid Pishchulin and Peter Gehler and Schiele, Bernt',
                title=
                '2D Human Pose Estimation: New Benchmark and State of the Art Analysis',
                container=
                'IEEE Conference on Computer Vision and Pattern Recognition (CVPR)',
                year='2014',
                homepage='http://human-pose.mpi-inf.mpg.de/'),
            keypoint_info=dict({
                0:
                dict(
                    name='right_ankle',
                    id=0,
                    color=[255, 128, 0],
                    type='lower',
                    swap='left_ankle'),
                1:
                dict(
                    name='right_knee',
                    id=1,
                    color=[255, 128, 0],
                    type='lower',
                    swap='left_knee'),
                2:
                dict(
                    name='right_hip',
                    id=2,
                    color=[255, 128, 0],
                    type='lower',
                    swap='left_hip'),
                3:
                dict(
                    name='left_hip',
                    id=3,
                    color=[0, 255, 0],
                    type='lower',
                    swap='right_hip'),
                4:
                dict(
                    name='left_knee',
                    id=4,
                    color=[0, 255, 0],
                    type='lower',
                    swap='right_knee'),
                5:
                dict(
                    name='left_ankle',
                    id=5,
                    color=[0, 255, 0],
                    type='lower',
                    swap='right_ankle'),
                6:
                dict(
                    name='pelvis',
                    id=6,
                    color=[51, 153, 255],
                    type='lower',
                    swap=''),
                7:
                dict(
                    name='thorax',
                    id=7,
                    color=[51, 153, 255],
                    type='upper',
                    swap=''),
                8:
                dict(
                    name='upper_neck',
                    id=8,
                    color=[51, 153, 255],
                    type='upper',
                    swap=''),
                9:
                dict(
                    name='head_top',
                    id=9,
                    color=[51, 153, 255],
                    type='upper',
                    swap=''),
                10:
                dict(
                    name='right_wrist',
                    id=10,
                    color=[255, 128, 0],
                    type='upper',
                    swap='left_wrist'),
                11:
                dict(
                    name='right_elbow',
                    id=11,
                    color=[255, 128, 0],
                    type='upper',
                    swap='left_elbow'),
                12:
                dict(
                    name='right_shoulder',
                    id=12,
                    color=[255, 128, 0],
                    type='upper',
                    swap='left_shoulder'),
                13:
                dict(
                    name='left_shoulder',
                    id=13,
                    color=[0, 255, 0],
                    type='upper',
                    swap='right_shoulder'),
                14:
                dict(
                    name='left_elbow',
                    id=14,
                    color=[0, 255, 0],
                    type='upper',
                    swap='right_elbow'),
                15:
                dict(
                    name='left_wrist',
                    id=15,
                    color=[0, 255, 0],
                    type='upper',
                    swap='right_wrist')
            }),
            skeleton_info=dict({
                0:
                dict(
                    link=('right_ankle', 'right_knee'),
                    id=0,
                    color=[255, 128, 0]),
                1:
                dict(
                    link=('right_knee', 'right_hip'),
                    id=1,
                    color=[255, 128, 0]),
                2:
                dict(link=('right_hip', 'pelvis'), id=2, color=[255, 128, 0]),
                3:
                dict(link=('pelvis', 'left_hip'), id=3, color=[0, 255, 0]),
                4:
                dict(link=('left_hip', 'left_knee'), id=4, color=[0, 255, 0]),
                5:
                dict(
                    link=('left_knee', 'left_ankle'), id=5, color=[0, 255, 0]),
                6:
                dict(link=('pelvis', 'thorax'), id=6, color=[51, 153, 255]),
                7:
                dict(
                    link=('thorax', 'upper_neck'), id=7, color=[51, 153, 255]),
                8:
                dict(
                    link=('upper_neck', 'head_top'),
                    id=8,
                    color=[51, 153, 255]),
                9:
                dict(
                    link=('upper_neck', 'right_shoulder'),
                    id=9,
                    color=[255, 128, 0]),
                10:
                dict(
                    link=('right_shoulder', 'right_elbow'),
                    id=10,
                    color=[255, 128, 0]),
                11:
                dict(
                    link=('right_elbow', 'right_wrist'),
                    id=11,
                    color=[255, 128, 0]),
                12:
                dict(
                    link=('upper_neck', 'left_shoulder'),
                    id=12,
                    color=[0, 255, 0]),
                13:
                dict(
                    link=('left_shoulder', 'left_elbow'),
                    id=13,
                    color=[0, 255, 0]),
                14:
                dict(
                    link=('left_elbow', 'left_wrist'),
                    id=14,
                    color=[0, 255, 0])
            }),
            joint_weights=[
                1.5, 1.2, 1.0, 1.0, 1.2, 1.5, 1.0, 1.0, 1.0, 1.0, 1.5, 1.2,
                1.0, 1.0, 1.2, 1.5
            ],
            sigmas=[
                0.089, 0.083, 0.107, 0.107, 0.083, 0.089, 0.026, 0.026, 0.026,
                0.026, 0.062, 0.072, 0.179, 0.179, 0.072, 0.062
            ])),
    test=dict(
        type='TopDownMpiiDataset',
        ann_file='/data/tfj/workspace/datasets/MPII/annotations/mpii_val.json',
        img_prefix='/data/tfj/workspace/datasets/MPII/images/',
        data_cfg=dict(
            image_size=[256, 256],
            heatmap_size=[64, 64],
            num_output_channels=16,
            num_joints=16,
            dataset_channel=[
                0, 1, 2, 3, 4, 5, 6, 7, 8, 9, 10, 11, 12, 13, 14, 15
            ],
            inference_channel=[
                0, 1, 2, 3, 4, 5, 6, 7, 8, 9, 10, 11, 12, 13, 14, 15
            ],
            use_gt_bbox=True,
            bbox_file=None),
        pipeline=[
            dict(type='LoadImageFromFile'),
            dict(type='TopDownGetBboxCenterScale', padding=1.25),
            dict(type='TopDownAffine'),
            dict(type='ToTensor'),
            dict(
                type='NormalizeTensor',
                mean=[0.485, 0.456, 0.406],
                std=[0.229, 0.224, 0.225]),
            dict(
                type='Collect',
                keys=['img'],
                meta_keys=[
                    'image_file', 'center', 'scale', 'rotation', 'flip_pairs'
                ])
        ],
        dataset_info=dict(
            dataset_name='mpii',
            paper_info=dict(
                author=
                'Mykhaylo Andriluka and Leonid Pishchulin and Peter Gehler and Schiele, Bernt',
                title=
                '2D Human Pose Estimation: New Benchmark and State of the Art Analysis',
                container=
                'IEEE Conference on Computer Vision and Pattern Recognition (CVPR)',
                year='2014',
                homepage='http://human-pose.mpi-inf.mpg.de/'),
            keypoint_info=dict({
                0:
                dict(
                    name='right_ankle',
                    id=0,
                    color=[255, 128, 0],
                    type='lower',
                    swap='left_ankle'),
                1:
                dict(
                    name='right_knee',
                    id=1,
                    color=[255, 128, 0],
                    type='lower',
                    swap='left_knee'),
                2:
                dict(
                    name='right_hip',
                    id=2,
                    color=[255, 128, 0],
                    type='lower',
                    swap='left_hip'),
                3:
                dict(
                    name='left_hip',
                    id=3,
                    color=[0, 255, 0],
                    type='lower',
                    swap='right_hip'),
                4:
                dict(
                    name='left_knee',
                    id=4,
                    color=[0, 255, 0],
                    type='lower',
                    swap='right_knee'),
                5:
                dict(
                    name='left_ankle',
                    id=5,
                    color=[0, 255, 0],
                    type='lower',
                    swap='right_ankle'),
                6:
                dict(
                    name='pelvis',
                    id=6,
                    color=[51, 153, 255],
                    type='lower',
                    swap=''),
                7:
                dict(
                    name='thorax',
                    id=7,
                    color=[51, 153, 255],
                    type='upper',
                    swap=''),
                8:
                dict(
                    name='upper_neck',
                    id=8,
                    color=[51, 153, 255],
                    type='upper',
                    swap=''),
                9:
                dict(
                    name='head_top',
                    id=9,
                    color=[51, 153, 255],
                    type='upper',
                    swap=''),
                10:
                dict(
                    name='right_wrist',
                    id=10,
                    color=[255, 128, 0],
                    type='upper',
                    swap='left_wrist'),
                11:
                dict(
                    name='right_elbow',
                    id=11,
                    color=[255, 128, 0],
                    type='upper',
                    swap='left_elbow'),
                12:
                dict(
                    name='right_shoulder',
                    id=12,
                    color=[255, 128, 0],
                    type='upper',
                    swap='left_shoulder'),
                13:
                dict(
                    name='left_shoulder',
                    id=13,
                    color=[0, 255, 0],
                    type='upper',
                    swap='right_shoulder'),
                14:
                dict(
                    name='left_elbow',
                    id=14,
                    color=[0, 255, 0],
                    type='upper',
                    swap='right_elbow'),
                15:
                dict(
                    name='left_wrist',
                    id=15,
                    color=[0, 255, 0],
                    type='upper',
                    swap='right_wrist')
            }),
            skeleton_info=dict({
                0:
                dict(
                    link=('right_ankle', 'right_knee'),
                    id=0,
                    color=[255, 128, 0]),
                1:
                dict(
                    link=('right_knee', 'right_hip'),
                    id=1,
                    color=[255, 128, 0]),
                2:
                dict(link=('right_hip', 'pelvis'), id=2, color=[255, 128, 0]),
                3:
                dict(link=('pelvis', 'left_hip'), id=3, color=[0, 255, 0]),
                4:
                dict(link=('left_hip', 'left_knee'), id=4, color=[0, 255, 0]),
                5:
                dict(
                    link=('left_knee', 'left_ankle'), id=5, color=[0, 255, 0]),
                6:
                dict(link=('pelvis', 'thorax'), id=6, color=[51, 153, 255]),
                7:
                dict(
                    link=('thorax', 'upper_neck'), id=7, color=[51, 153, 255]),
                8:
                dict(
                    link=('upper_neck', 'head_top'),
                    id=8,
                    color=[51, 153, 255]),
                9:
                dict(
                    link=('upper_neck', 'right_shoulder'),
                    id=9,
                    color=[255, 128, 0]),
                10:
                dict(
                    link=('right_shoulder', 'right_elbow'),
                    id=10,
                    color=[255, 128, 0]),
                11:
                dict(
                    link=('right_elbow', 'right_wrist'),
                    id=11,
                    color=[255, 128, 0]),
                12:
                dict(
                    link=('upper_neck', 'left_shoulder'),
                    id=12,
                    color=[0, 255, 0]),
                13:
                dict(
                    link=('left_shoulder', 'left_elbow'),
                    id=13,
                    color=[0, 255, 0]),
                14:
                dict(
                    link=('left_elbow', 'left_wrist'),
                    id=14,
                    color=[0, 255, 0])
            }),
            joint_weights=[
                1.5, 1.2, 1.0, 1.0, 1.2, 1.5, 1.0, 1.0, 1.0, 1.0, 1.5, 1.2,
                1.0, 1.0, 1.2, 1.5
            ],
            sigmas=[
                0.089, 0.083, 0.107, 0.107, 0.083, 0.089, 0.026, 0.026, 0.026,
                0.026, 0.062, 0.072, 0.179, 0.179, 0.072, 0.062
            ])))
work_dir = './work_dirs/6_reg_shufflenetv2_mpii_256x256_dsnt'
gpu_ids = range(0, 4)

2022-07-15 07:37:17,597 - mmpose - INFO - Set random seed to 2526, deterministic: False
2022-07-15 07:37:26,727 - mmpose - INFO - Start running, host: tianfj@qwe, work_dir: /data/tfj/workspace/python_projects/pose/mmpose-0270/work_dirs/6_reg_shufflenetv2_mpii_256x256_dsnt
2022-07-15 07:37:26,727 - mmpose - INFO - Hooks will be executed in the following order:
before_run:
(VERY_HIGH   ) StepLrUpdaterHook                  
(NORMAL      ) CheckpointHook                     
(NORMAL      ) DistEvalHook                       
(VERY_LOW    ) TextLoggerHook                     
 -------------------- 
before_train_epoch:
(VERY_HIGH   ) StepLrUpdaterHook                  
(NORMAL      ) DistSamplerSeedHook                
(NORMAL      ) DistEvalHook                       
(LOW         ) IterTimerHook                      
(VERY_LOW    ) TextLoggerHook                     
 -------------------- 
before_train_iter:
(VERY_HIGH   ) StepLrUpdaterHook                  
(NORMAL      ) DistEvalHook                       
(LOW         ) IterTimerHook                      
 -------------------- 
after_train_iter:
(ABOVE_NORMAL) OptimizerHook                      
(NORMAL      ) CheckpointHook                     
(NORMAL      ) DistEvalHook                       
(LOW         ) IterTimerHook                      
(VERY_LOW    ) TextLoggerHook                     
 -------------------- 
after_train_epoch:
(NORMAL      ) CheckpointHook                     
(NORMAL      ) DistEvalHook                       
(VERY_LOW    ) TextLoggerHook                     
 -------------------- 
before_val_epoch:
(NORMAL      ) DistSamplerSeedHook                
(LOW         ) IterTimerHook                      
(VERY_LOW    ) TextLoggerHook                     
 -------------------- 
before_val_iter:
(LOW         ) IterTimerHook                      
 -------------------- 
after_val_iter:
(LOW         ) IterTimerHook                      
 -------------------- 
after_val_epoch:
(VERY_LOW    ) TextLoggerHook                     
 -------------------- 
after_run:
(VERY_LOW    ) TextLoggerHook                     
 -------------------- 
2022-07-15 07:37:26,727 - mmpose - INFO - workflow: [('train', 1)], max: 210 epochs
2022-07-15 07:37:26,727 - mmpose - INFO - Checkpoints will be saved to /data/tfj/workspace/python_projects/pose/mmpose-0270/work_dirs/6_reg_shufflenetv2_mpii_256x256_dsnt by HardDiskBackend.
2022-07-15 07:37:49,601 - mmpose - INFO - Epoch [1][50/87]	lr: 4.945e-05, eta: 2:18:53, time: 0.457, data_time: 0.245, memory: 1583, reg_loss: 0.7717, acc_pose: 0.0631, loss: 0.7717
2022-07-15 07:38:24,706 - mmpose - INFO - Epoch [2][50/87]	lr: 1.364e-04, eta: 1:38:22, time: 0.435, data_time: 0.373, memory: 1583, reg_loss: 0.5191, acc_pose: 0.2144, loss: 0.5191
2022-07-15 07:38:59,923 - mmpose - INFO - Epoch [3][50/87]	lr: 2.233e-04, eta: 1:28:54, time: 0.432, data_time: 0.240, memory: 1583, reg_loss: 0.4291, acc_pose: 0.3033, loss: 0.4291
2022-07-15 07:39:35,622 - mmpose - INFO - Epoch [4][50/87]	lr: 3.102e-04, eta: 1:25:05, time: 0.444, data_time: 0.216, memory: 1583, reg_loss: 0.3786, acc_pose: 0.3568, loss: 0.3786
2022-07-15 07:40:11,680 - mmpose - INFO - Epoch [5][50/87]	lr: 3.971e-04, eta: 1:23:04, time: 0.452, data_time: 0.154, memory: 1583, reg_loss: 0.3414, acc_pose: 0.4030, loss: 0.3414
2022-07-15 07:40:47,244 - mmpose - INFO - Epoch [6][50/87]	lr: 4.840e-04, eta: 1:21:11, time: 0.437, data_time: 0.352, memory: 1583, reg_loss: 0.3222, acc_pose: 0.4387, loss: 0.3222
2022-07-15 07:41:23,199 - mmpose - INFO - Epoch [7][50/87]	lr: 5.000e-04, eta: 1:19:44, time: 0.436, data_time: 0.271, memory: 1583, reg_loss: 0.3058, acc_pose: 0.4660, loss: 0.3058
2022-07-15 07:41:58,518 - mmpose - INFO - Epoch [8][50/87]	lr: 5.000e-04, eta: 1:18:39, time: 0.439, data_time: 0.347, memory: 1583, reg_loss: 0.2943, acc_pose: 0.4842, loss: 0.2943
2022-07-15 07:42:34,027 - mmpose - INFO - Epoch [9][50/87]	lr: 5.000e-04, eta: 1:17:44, time: 0.440, data_time: 0.348, memory: 1583, reg_loss: 0.2852, acc_pose: 0.4930, loss: 0.2852
2022-07-15 07:43:09,319 - mmpose - INFO - Epoch [10][50/87]	lr: 5.000e-04, eta: 1:16:48, time: 0.431, data_time: 0.369, memory: 1583, reg_loss: 0.2782, acc_pose: 0.5075, loss: 0.2782
2022-07-15 07:43:22,937 - mmpose - INFO - Saving checkpoint at 10 epochs
2022-07-15 07:43:27,668 - mmpose - INFO - Now best checkpoint is saved as best_PCKh_epoch_10.pth.
2022-07-15 07:43:27,668 - mmpose - INFO - Best PCKh is 57.5462 at 10 epoch.
2022-07-15 07:43:27,668 - mmpose - INFO - Epoch(val) [10][24]	Head: 75.9550, Shoulder: 73.0978, Elbow: 55.7865, Wrist: 44.6803, Hip: 62.2123, Knee: 44.0063, Ankle: 32.8754, PCKh: 57.5462, PCKh@0.1: 3.4556
2022-07-15 07:43:49,755 - mmpose - INFO - Epoch [11][50/87]	lr: 5.000e-04, eta: 1:16:08, time: 0.442, data_time: 0.204, memory: 1583, reg_loss: 0.2722, acc_pose: 0.5263, loss: 0.2722
2022-07-15 07:44:24,957 - mmpose - INFO - Epoch [12][50/87]	lr: 5.000e-04, eta: 1:15:30, time: 0.441, data_time: 0.251, memory: 1583, reg_loss: 0.2671, acc_pose: 0.5298, loss: 0.2671
2022-07-15 07:45:00,169 - mmpose - INFO - Epoch [13][50/87]	lr: 5.000e-04, eta: 1:14:56, time: 0.442, data_time: 0.378, memory: 1583, reg_loss: 0.2616, acc_pose: 0.5446, loss: 0.2616
2022-07-15 07:45:34,809 - mmpose - INFO - Epoch [14][50/87]	lr: 5.000e-04, eta: 1:14:11, time: 0.425, data_time: 0.293, memory: 1583, reg_loss: 0.2571, acc_pose: 0.5418, loss: 0.2571
2022-07-15 07:46:10,116 - mmpose - INFO - Epoch [15][50/87]	lr: 5.000e-04, eta: 1:13:36, time: 0.435, data_time: 0.232, memory: 1583, reg_loss: 0.2582, acc_pose: 0.5459, loss: 0.2582
2022-07-15 07:46:45,277 - mmpose - INFO - Epoch [16][50/87]	lr: 5.000e-04, eta: 1:13:03, time: 0.435, data_time: 0.373, memory: 1583, reg_loss: 0.2514, acc_pose: 0.5561, loss: 0.2514
2022-07-15 07:47:21,058 - mmpose - INFO - Epoch [17][50/87]	lr: 5.000e-04, eta: 1:12:35, time: 0.442, data_time: 0.349, memory: 1583, reg_loss: 0.2486, acc_pose: 0.5600, loss: 0.2486
2022-07-15 07:47:55,849 - mmpose - INFO - Epoch [18][50/87]	lr: 5.000e-04, eta: 1:12:01, time: 0.428, data_time: 0.329, memory: 1583, reg_loss: 0.2483, acc_pose: 0.5644, loss: 0.2483
2022-07-15 07:48:30,961 - mmpose - INFO - Epoch [19][50/87]	lr: 5.000e-04, eta: 1:11:31, time: 0.435, data_time: 0.355, memory: 1583, reg_loss: 0.2452, acc_pose: 0.5682, loss: 0.2452
2022-07-15 07:49:06,046 - mmpose - INFO - Epoch [20][50/87]	lr: 5.000e-04, eta: 1:11:04, time: 0.439, data_time: 0.354, memory: 1583, reg_loss: 0.2419, acc_pose: 0.5833, loss: 0.2419
2022-07-15 07:49:19,887 - mmpose - INFO - Saving checkpoint at 20 epochs
2022-07-15 07:49:24,454 - mmpose - INFO - The previous best checkpoint /data/tfj/workspace/python_projects/pose/mmpose-0270/work_dirs/6_reg_shufflenetv2_mpii_256x256_dsnt/best_PCKh_epoch_10.pth was removed
2022-07-15 07:49:24,503 - mmpose - INFO - Now best checkpoint is saved as best_PCKh_epoch_20.pth.
2022-07-15 07:49:24,503 - mmpose - INFO - Best PCKh is 63.0601 at 20 epoch.
2022-07-15 07:49:24,504 - mmpose - INFO - Epoch(val) [20][24]	Head: 80.6276, Shoulder: 77.9721, Elbow: 63.2523, Wrist: 51.2985, Hip: 67.3187, Knee: 49.7890, Ankle: 38.4967, PCKh: 63.0601, PCKh@0.1: 3.9917
2022-07-15 07:49:46,022 - mmpose - INFO - Epoch [21][50/87]	lr: 5.000e-04, eta: 1:10:34, time: 0.430, data_time: 0.299, memory: 1583, reg_loss: 0.2427, acc_pose: 0.5717, loss: 0.2427
2022-07-15 07:50:20,762 - mmpose - INFO - Epoch [22][50/87]	lr: 5.000e-04, eta: 1:10:03, time: 0.428, data_time: 0.345, memory: 1583, reg_loss: 0.2383, acc_pose: 0.5800, loss: 0.2383
2022-07-15 07:50:56,146 - mmpose - INFO - Epoch [23][50/87]	lr: 5.000e-04, eta: 1:09:34, time: 0.431, data_time: 0.319, memory: 1583, reg_loss: 0.2373, acc_pose: 0.5789, loss: 0.2373
2022-07-15 07:51:31,000 - mmpose - INFO - Epoch [24][50/87]	lr: 5.000e-04, eta: 1:09:08, time: 0.436, data_time: 0.372, memory: 1583, reg_loss: 0.2358, acc_pose: 0.5887, loss: 0.2358
2022-07-15 07:52:06,179 - mmpose - INFO - Epoch [25][50/87]	lr: 5.000e-04, eta: 1:08:44, time: 0.439, data_time: 0.314, memory: 1583, reg_loss: 0.2339, acc_pose: 0.5883, loss: 0.2339
2022-07-15 07:52:41,285 - mmpose - INFO - Epoch [26][50/87]	lr: 5.000e-04, eta: 1:08:18, time: 0.434, data_time: 0.341, memory: 1583, reg_loss: 0.2327, acc_pose: 0.5915, loss: 0.2327
2022-07-15 07:53:16,301 - mmpose - INFO - Epoch [27][50/87]	lr: 5.000e-04, eta: 1:07:51, time: 0.431, data_time: 0.350, memory: 1583, reg_loss: 0.2317, acc_pose: 0.5896, loss: 0.2317
2022-07-15 07:53:51,678 - mmpose - INFO - Epoch [28][50/87]	lr: 5.000e-04, eta: 1:07:28, time: 0.441, data_time: 0.382, memory: 1583, reg_loss: 0.2298, acc_pose: 0.5877, loss: 0.2298
2022-07-15 07:54:26,158 - mmpose - INFO - Epoch [29][50/87]	lr: 5.000e-04, eta: 1:07:01, time: 0.428, data_time: 0.235, memory: 1583, reg_loss: 0.2275, acc_pose: 0.5969, loss: 0.2275
2022-07-15 07:55:01,855 - mmpose - INFO - Epoch [30][50/87]	lr: 5.000e-04, eta: 1:06:40, time: 0.447, data_time: 0.291, memory: 1583, reg_loss: 0.2282, acc_pose: 0.5958, loss: 0.2282
2022-07-15 07:55:15,684 - mmpose - INFO - Saving checkpoint at 30 epochs
2022-07-15 07:55:20,282 - mmpose - INFO - The previous best checkpoint /data/tfj/workspace/python_projects/pose/mmpose-0270/work_dirs/6_reg_shufflenetv2_mpii_256x256_dsnt/best_PCKh_epoch_20.pth was removed
2022-07-15 07:55:20,331 - mmpose - INFO - Now best checkpoint is saved as best_PCKh_epoch_30.pth.
2022-07-15 07:55:20,331 - mmpose - INFO - Best PCKh is 64.7931 at 30 epoch.
2022-07-15 07:55:20,332 - mmpose - INFO - Epoch(val) [30][24]	Head: 81.8554, Shoulder: 79.1101, Elbow: 63.7637, Wrist: 54.1747, Hip: 69.1536, Knee: 53.6382, Ankle: 40.1263, PCKh: 64.7931, PCKh@0.1: 4.2883
2022-07-15 07:55:42,698 - mmpose - INFO - Epoch [31][50/87]	lr: 5.000e-04, eta: 1:06:18, time: 0.447, data_time: 0.125, memory: 1583, reg_loss: 0.2263, acc_pose: 0.5985, loss: 0.2263
2022-07-15 07:56:17,957 - mmpose - INFO - Epoch [32][50/87]	lr: 5.000e-04, eta: 1:05:55, time: 0.439, data_time: 0.295, memory: 1583, reg_loss: 0.2237, acc_pose: 0.6050, loss: 0.2237
2022-07-15 07:56:52,525 - mmpose - INFO - Epoch [33][50/87]	lr: 5.000e-04, eta: 1:05:29, time: 0.431, data_time: 0.283, memory: 1583, reg_loss: 0.2238, acc_pose: 0.6069, loss: 0.2238
2022-07-15 07:57:27,535 - mmpose - INFO - Epoch [34][50/87]	lr: 5.000e-04, eta: 1:05:05, time: 0.434, data_time: 0.206, memory: 1583, reg_loss: 0.2215, acc_pose: 0.6117, loss: 0.2215
2022-07-15 07:58:02,525 - mmpose - INFO - Epoch [35][50/87]	lr: 5.000e-04, eta: 1:04:41, time: 0.436, data_time: 0.331, memory: 1583, reg_loss: 0.2218, acc_pose: 0.6130, loss: 0.2218
2022-07-15 07:58:37,300 - mmpose - INFO - Epoch [36][50/87]	lr: 5.000e-04, eta: 1:04:16, time: 0.432, data_time: 0.174, memory: 1583, reg_loss: 0.2205, acc_pose: 0.6152, loss: 0.2205
2022-07-15 07:59:12,323 - mmpose - INFO - Epoch [37][50/87]	lr: 5.000e-04, eta: 1:03:52, time: 0.434, data_time: 0.233, memory: 1583, reg_loss: 0.2189, acc_pose: 0.6148, loss: 0.2189
2022-07-15 07:59:47,480 - mmpose - INFO - Epoch [38][50/87]	lr: 5.000e-04, eta: 1:03:28, time: 0.434, data_time: 0.371, memory: 1583, reg_loss: 0.2188, acc_pose: 0.6197, loss: 0.2188
2022-07-15 08:00:22,298 - mmpose - INFO - Epoch [39][50/87]	lr: 5.000e-04, eta: 1:03:04, time: 0.433, data_time: 0.361, memory: 1583, reg_loss: 0.2169, acc_pose: 0.6206, loss: 0.2169
2022-07-15 08:00:57,617 - mmpose - INFO - Epoch [40][50/87]	lr: 5.000e-04, eta: 1:02:42, time: 0.443, data_time: 0.384, memory: 1583, reg_loss: 0.2163, acc_pose: 0.6250, loss: 0.2163
2022-07-15 08:01:10,786 - mmpose - INFO - Saving checkpoint at 40 epochs
2022-07-15 08:01:15,518 - mmpose - INFO - The previous best checkpoint /data/tfj/workspace/python_projects/pose/mmpose-0270/work_dirs/6_reg_shufflenetv2_mpii_256x256_dsnt/best_PCKh_epoch_30.pth was removed
2022-07-15 08:01:15,575 - mmpose - INFO - Now best checkpoint is saved as best_PCKh_epoch_40.pth.
2022-07-15 08:01:15,575 - mmpose - INFO - Best PCKh is 66.0370 at 40 epoch.
2022-07-15 08:01:15,575 - mmpose - INFO - Epoch(val) [40][24]	Head: 83.3902, Shoulder: 80.2140, Elbow: 65.7238, Wrist: 54.9593, Hip: 69.4998, Knee: 54.2425, Ankle: 41.9447, PCKh: 66.0370, PCKh@0.1: 4.3013
2022-07-15 08:01:37,110 - mmpose - INFO - Epoch [41][50/87]	lr: 5.000e-04, eta: 1:02:18, time: 0.431, data_time: 0.310, memory: 1583, reg_loss: 0.2164, acc_pose: 0.6256, loss: 0.2164
2022-07-15 08:02:12,321 - mmpose - INFO - Epoch [42][50/87]	lr: 5.000e-04, eta: 1:01:54, time: 0.434, data_time: 0.290, memory: 1583, reg_loss: 0.2169, acc_pose: 0.6292, loss: 0.2169
2022-07-15 08:02:47,167 - mmpose - INFO - Epoch [43][50/87]	lr: 5.000e-04, eta: 1:01:32, time: 0.440, data_time: 0.378, memory: 1583, reg_loss: 0.2132, acc_pose: 0.6227, loss: 0.2132
2022-07-15 08:03:22,337 - mmpose - INFO - Epoch [44][50/87]	lr: 5.000e-04, eta: 1:01:10, time: 0.442, data_time: 0.379, memory: 1583, reg_loss: 0.2141, acc_pose: 0.6265, loss: 0.2141
2022-07-15 08:03:57,582 - mmpose - INFO - Epoch [45][50/87]	lr: 5.000e-04, eta: 1:00:48, time: 0.441, data_time: 0.313, memory: 1583, reg_loss: 0.2146, acc_pose: 0.6272, loss: 0.2146
2022-07-15 08:04:32,645 - mmpose - INFO - Epoch [46][50/87]	lr: 5.000e-04, eta: 1:00:25, time: 0.433, data_time: 0.232, memory: 1583, reg_loss: 0.2130, acc_pose: 0.6317, loss: 0.2130
2022-07-15 08:05:07,887 - mmpose - INFO - Epoch [47][50/87]	lr: 5.000e-04, eta: 1:00:03, time: 0.444, data_time: 0.370, memory: 1583, reg_loss: 0.2110, acc_pose: 0.6366, loss: 0.2110
2022-07-15 08:05:43,193 - mmpose - INFO - Epoch [48][50/87]	lr: 5.000e-04, eta: 0:59:41, time: 0.443, data_time: 0.382, memory: 1583, reg_loss: 0.2113, acc_pose: 0.6313, loss: 0.2113
2022-07-15 08:06:18,249 - mmpose - INFO - Epoch [49][50/87]	lr: 5.000e-04, eta: 0:59:18, time: 0.433, data_time: 0.259, memory: 1583, reg_loss: 0.2085, acc_pose: 0.6393, loss: 0.2085
2022-07-15 08:06:53,255 - mmpose - INFO - Epoch [50][50/87]	lr: 5.000e-04, eta: 0:58:55, time: 0.433, data_time: 0.255, memory: 1583, reg_loss: 0.2095, acc_pose: 0.6383, loss: 0.2095
2022-07-15 08:07:06,466 - mmpose - INFO - Saving checkpoint at 50 epochs
2022-07-15 08:07:11,132 - mmpose - INFO - The previous best checkpoint /data/tfj/workspace/python_projects/pose/mmpose-0270/work_dirs/6_reg_shufflenetv2_mpii_256x256_dsnt/best_PCKh_epoch_40.pth was removed
2022-07-15 08:07:11,180 - mmpose - INFO - Now best checkpoint is saved as best_PCKh_epoch_50.pth.
2022-07-15 08:07:11,180 - mmpose - INFO - Best PCKh is 67.4915 at 50 epoch.
2022-07-15 08:07:11,180 - mmpose - INFO - Epoch(val) [50][24]	Head: 82.9809, Shoulder: 81.8784, Elbow: 67.0535, Wrist: 56.5374, Hip: 70.8326, Knee: 56.1364, Ankle: 44.6617, PCKh: 67.4915, PCKh@0.1: 4.3508
2022-07-15 08:07:32,865 - mmpose - INFO - Epoch [51][50/87]	lr: 5.000e-04, eta: 0:58:32, time: 0.434, data_time: 0.290, memory: 1583, reg_loss: 0.2081, acc_pose: 0.6334, loss: 0.2081
2022-07-15 08:08:07,756 - mmpose - INFO - Epoch [52][50/87]	lr: 5.000e-04, eta: 0:58:08, time: 0.433, data_time: 0.358, memory: 1583, reg_loss: 0.2093, acc_pose: 0.6358, loss: 0.2093
2022-07-15 08:08:42,531 - mmpose - INFO - Epoch [53][50/87]	lr: 5.000e-04, eta: 0:57:45, time: 0.430, data_time: 0.295, memory: 1583, reg_loss: 0.2071, acc_pose: 0.6398, loss: 0.2071
2022-07-15 08:09:17,718 - mmpose - INFO - Epoch [54][50/87]	lr: 5.000e-04, eta: 0:57:23, time: 0.442, data_time: 0.380, memory: 1583, reg_loss: 0.2078, acc_pose: 0.6415, loss: 0.2078
2022-07-15 08:09:52,226 - mmpose - INFO - Epoch [55][50/87]	lr: 5.000e-04, eta: 0:56:59, time: 0.429, data_time: 0.366, memory: 1583, reg_loss: 0.2072, acc_pose: 0.6430, loss: 0.2072
2022-07-15 08:10:27,667 - mmpose - INFO - Epoch [56][50/87]	lr: 5.000e-04, eta: 0:56:37, time: 0.437, data_time: 0.373, memory: 1583, reg_loss: 0.2050, acc_pose: 0.6458, loss: 0.2050
2022-07-15 08:11:02,365 - mmpose - INFO - Epoch [57][50/87]	lr: 5.000e-04, eta: 0:56:14, time: 0.435, data_time: 0.328, memory: 1583, reg_loss: 0.2050, acc_pose: 0.6408, loss: 0.2050
2022-07-15 08:11:36,921 - mmpose - INFO - Epoch [58][50/87]	lr: 5.000e-04, eta: 0:55:52, time: 0.435, data_time: 0.204, memory: 1583, reg_loss: 0.2059, acc_pose: 0.6423, loss: 0.2059
2022-07-15 08:12:11,667 - mmpose - INFO - Epoch [59][50/87]	lr: 5.000e-04, eta: 0:55:28, time: 0.430, data_time: 0.252, memory: 1583, reg_loss: 0.2038, acc_pose: 0.6432, loss: 0.2038
2022-07-15 08:12:47,351 - mmpose - INFO - Epoch [60][50/87]	lr: 5.000e-04, eta: 0:55:06, time: 0.438, data_time: 0.159, memory: 1583, reg_loss: 0.2039, acc_pose: 0.6409, loss: 0.2039
2022-07-15 08:13:00,669 - mmpose - INFO - Saving checkpoint at 60 epochs
2022-07-15 08:13:05,362 - mmpose - INFO - The previous best checkpoint /data/tfj/workspace/python_projects/pose/mmpose-0270/work_dirs/6_reg_shufflenetv2_mpii_256x256_dsnt/best_PCKh_epoch_50.pth was removed
2022-07-15 08:13:05,410 - mmpose - INFO - Now best checkpoint is saved as best_PCKh_epoch_60.pth.
2022-07-15 08:13:05,410 - mmpose - INFO - Best PCKh is 67.7127 at 60 epoch.
2022-07-15 08:13:05,410 - mmpose - INFO - Epoch(val) [60][24]	Head: 83.0832, Shoulder: 82.0482, Elbow: 67.9227, Wrist: 58.0301, Hip: 70.3134, Knee: 56.3786, Ankle: 43.5509, PCKh: 67.7127, PCKh@0.1: 4.4679
2022-07-15 08:13:27,390 - mmpose - INFO - Epoch [61][50/87]	lr: 5.000e-04, eta: 0:54:44, time: 0.440, data_time: 0.246, memory: 1583, reg_loss: 0.2018, acc_pose: 0.6519, loss: 0.2018
2022-07-15 08:14:02,056 - mmpose - INFO - Epoch [62][50/87]	lr: 5.000e-04, eta: 0:54:21, time: 0.430, data_time: 0.312, memory: 1583, reg_loss: 0.2012, acc_pose: 0.6422, loss: 0.2012
2022-07-15 08:14:37,333 - mmpose - INFO - Epoch [63][50/87]	lr: 5.000e-04, eta: 0:53:59, time: 0.440, data_time: 0.364, memory: 1583, reg_loss: 0.2015, acc_pose: 0.6535, loss: 0.2015
2022-07-15 08:15:12,439 - mmpose - INFO - Epoch [64][50/87]	lr: 5.000e-04, eta: 0:53:37, time: 0.442, data_time: 0.377, memory: 1583, reg_loss: 0.2012, acc_pose: 0.6439, loss: 0.2012
2022-07-15 08:15:46,977 - mmpose - INFO - Epoch [65][50/87]	lr: 5.000e-04, eta: 0:53:15, time: 0.434, data_time: 0.275, memory: 1583, reg_loss: 0.2025, acc_pose: 0.6462, loss: 0.2025
2022-07-15 08:16:21,901 - mmpose - INFO - Epoch [66][50/87]	lr: 5.000e-04, eta: 0:52:52, time: 0.435, data_time: 0.213, memory: 1583, reg_loss: 0.2018, acc_pose: 0.6522, loss: 0.2018
2022-07-15 08:16:56,642 - mmpose - INFO - Epoch [67][50/87]	lr: 5.000e-04, eta: 0:52:30, time: 0.437, data_time: 0.272, memory: 1583, reg_loss: 0.2012, acc_pose: 0.6516, loss: 0.2012
2022-07-15 08:17:31,154 - mmpose - INFO - Epoch [68][50/87]	lr: 5.000e-04, eta: 0:52:07, time: 0.429, data_time: 0.247, memory: 1583, reg_loss: 0.2003, acc_pose: 0.6555, loss: 0.2003
2022-07-15 08:18:05,990 - mmpose - INFO - Epoch [69][50/87]	lr: 5.000e-04, eta: 0:51:44, time: 0.433, data_time: 0.297, memory: 1583, reg_loss: 0.2000, acc_pose: 0.6483, loss: 0.2000
2022-07-15 08:18:40,330 - mmpose - INFO - Epoch [70][50/87]	lr: 5.000e-04, eta: 0:51:21, time: 0.428, data_time: 0.322, memory: 1583, reg_loss: 0.1989, acc_pose: 0.6501, loss: 0.1989
2022-07-15 08:18:53,833 - mmpose - INFO - Saving checkpoint at 70 epochs
2022-07-15 08:18:58,507 - mmpose - INFO - The previous best checkpoint /data/tfj/workspace/python_projects/pose/mmpose-0270/work_dirs/6_reg_shufflenetv2_mpii_256x256_dsnt/best_PCKh_epoch_60.pth was removed
2022-07-15 08:18:58,556 - mmpose - INFO - Now best checkpoint is saved as best_PCKh_epoch_70.pth.
2022-07-15 08:18:58,556 - mmpose - INFO - Best PCKh is 68.0614 at 70 epoch.
2022-07-15 08:18:58,556 - mmpose - INFO - Epoch(val) [70][24]	Head: 84.5839, Shoulder: 82.1841, Elbow: 67.9054, Wrist: 58.8334, Hip: 71.2135, Knee: 54.9065, Ankle: 45.2284, PCKh: 68.0614, PCKh@0.1: 4.4132
2022-07-15 08:19:19,940 - mmpose - INFO - Epoch [71][50/87]	lr: 5.000e-04, eta: 0:50:58, time: 0.428, data_time: 0.360, memory: 1583, reg_loss: 0.1988, acc_pose: 0.6469, loss: 0.1988
2022-07-15 08:19:54,622 - mmpose - INFO - Epoch [72][50/87]	lr: 5.000e-04, eta: 0:50:35, time: 0.430, data_time: 0.180, memory: 1583, reg_loss: 0.1990, acc_pose: 0.6545, loss: 0.1990
2022-07-15 08:20:29,738 - mmpose - INFO - Epoch [73][50/87]	lr: 5.000e-04, eta: 0:50:13, time: 0.433, data_time: 0.328, memory: 1583, reg_loss: 0.1972, acc_pose: 0.6568, loss: 0.1972
2022-07-15 08:21:04,595 - mmpose - INFO - Epoch [74][50/87]	lr: 5.000e-04, eta: 0:49:50, time: 0.432, data_time: 0.363, memory: 1583, reg_loss: 0.1974, acc_pose: 0.6570, loss: 0.1974
2022-07-15 08:21:39,999 - mmpose - INFO - Epoch [75][50/87]	lr: 5.000e-04, eta: 0:49:29, time: 0.441, data_time: 0.173, memory: 1583, reg_loss: 0.1989, acc_pose: 0.6529, loss: 0.1989
2022-07-15 08:22:14,501 - mmpose - INFO - Epoch [76][50/87]	lr: 5.000e-04, eta: 0:49:06, time: 0.433, data_time: 0.329, memory: 1583, reg_loss: 0.1968, acc_pose: 0.6587, loss: 0.1968
2022-07-15 08:22:48,916 - mmpose - INFO - Epoch [77][50/87]	lr: 5.000e-04, eta: 0:48:43, time: 0.426, data_time: 0.281, memory: 1583, reg_loss: 0.1945, acc_pose: 0.6610, loss: 0.1945
2022-07-15 08:23:23,784 - mmpose - INFO - Epoch [78][50/87]	lr: 5.000e-04, eta: 0:48:21, time: 0.431, data_time: 0.286, memory: 1583, reg_loss: 0.1940, acc_pose: 0.6595, loss: 0.1940
2022-07-15 08:23:58,716 - mmpose - INFO - Epoch [79][50/87]	lr: 5.000e-04, eta: 0:47:58, time: 0.434, data_time: 0.278, memory: 1583, reg_loss: 0.1959, acc_pose: 0.6609, loss: 0.1959
2022-07-15 08:24:33,632 - mmpose - INFO - Epoch [80][50/87]	lr: 5.000e-04, eta: 0:47:36, time: 0.435, data_time: 0.158, memory: 1583, reg_loss: 0.1958, acc_pose: 0.6645, loss: 0.1958
2022-07-15 08:24:46,776 - mmpose - INFO - Saving checkpoint at 80 epochs
2022-07-15 08:24:51,428 - mmpose - INFO - The previous best checkpoint /data/tfj/workspace/python_projects/pose/mmpose-0270/work_dirs/6_reg_shufflenetv2_mpii_256x256_dsnt/best_PCKh_epoch_70.pth was removed
2022-07-15 08:24:51,480 - mmpose - INFO - Now best checkpoint is saved as best_PCKh_epoch_80.pth.
2022-07-15 08:24:51,481 - mmpose - INFO - Best PCKh is 68.9852 at 80 epoch.
2022-07-15 08:24:51,481 - mmpose - INFO - Epoch(val) [80][24]	Head: 84.9250, Shoulder: 82.8125, Elbow: 68.6213, Wrist: 59.4009, Hip: 71.8021, Knee: 58.4936, Ankle: 45.4647, PCKh: 68.9852, PCKh@0.1: 4.5303
2022-07-15 08:25:13,384 - mmpose - INFO - Epoch [81][50/87]	lr: 5.000e-04, eta: 0:47:14, time: 0.438, data_time: 0.374, memory: 1583, reg_loss: 0.1943, acc_pose: 0.6627, loss: 0.1943
2022-07-15 08:25:47,842 - mmpose - INFO - Epoch [82][50/87]	lr: 5.000e-04, eta: 0:46:52, time: 0.429, data_time: 0.228, memory: 1583, reg_loss: 0.1960, acc_pose: 0.6595, loss: 0.1960
2022-07-15 08:26:22,875 - mmpose - INFO - Epoch [83][50/87]	lr: 5.000e-04, eta: 0:46:30, time: 0.437, data_time: 0.261, memory: 1583, reg_loss: 0.1938, acc_pose: 0.6606, loss: 0.1938
2022-07-15 08:26:57,722 - mmpose - INFO - Epoch [84][50/87]	lr: 5.000e-04, eta: 0:46:07, time: 0.433, data_time: 0.266, memory: 1583, reg_loss: 0.1944, acc_pose: 0.6606, loss: 0.1944
2022-07-15 08:27:32,503 - mmpose - INFO - Epoch [85][50/87]	lr: 5.000e-04, eta: 0:45:45, time: 0.433, data_time: 0.284, memory: 1583, reg_loss: 0.1918, acc_pose: 0.6728, loss: 0.1918
2022-07-15 08:28:07,289 - mmpose - INFO - Epoch [86][50/87]	lr: 5.000e-04, eta: 0:45:23, time: 0.434, data_time: 0.313, memory: 1583, reg_loss: 0.1925, acc_pose: 0.6658, loss: 0.1925
2022-07-15 08:28:42,334 - mmpose - INFO - Epoch [87][50/87]	lr: 5.000e-04, eta: 0:45:01, time: 0.429, data_time: 0.221, memory: 1583, reg_loss: 0.1919, acc_pose: 0.6670, loss: 0.1919
2022-07-15 08:29:17,437 - mmpose - INFO - Epoch [88][50/87]	lr: 5.000e-04, eta: 0:44:39, time: 0.437, data_time: 0.343, memory: 1583, reg_loss: 0.1919, acc_pose: 0.6703, loss: 0.1919
2022-07-15 08:29:52,262 - mmpose - INFO - Epoch [89][50/87]	lr: 5.000e-04, eta: 0:44:16, time: 0.433, data_time: 0.321, memory: 1583, reg_loss: 0.1921, acc_pose: 0.6628, loss: 0.1921
2022-07-15 08:30:27,083 - mmpose - INFO - Epoch [90][50/87]	lr: 5.000e-04, eta: 0:43:54, time: 0.434, data_time: 0.289, memory: 1583, reg_loss: 0.1909, acc_pose: 0.6753, loss: 0.1909
2022-07-15 08:30:40,255 - mmpose - INFO - Saving checkpoint at 90 epochs
2022-07-15 08:30:45,103 - mmpose - INFO - The previous best checkpoint /data/tfj/workspace/python_projects/pose/mmpose-0270/work_dirs/6_reg_shufflenetv2_mpii_256x256_dsnt/best_PCKh_epoch_80.pth was removed
2022-07-15 08:30:45,152 - mmpose - INFO - Now best checkpoint is saved as best_PCKh_epoch_90.pth.
2022-07-15 08:30:45,152 - mmpose - INFO - Best PCKh is 69.3469 at 90 epoch.
2022-07-15 08:30:45,152 - mmpose - INFO - Epoch(val) [90][24]	Head: 84.8909, Shoulder: 83.1692, Elbow: 68.7923, Wrist: 59.9815, Hip: 71.0923, Knee: 59.5008, Ankle: 46.7163, PCKh: 69.3469, PCKh@0.1: 4.5381
2022-07-15 08:31:06,771 - mmpose - INFO - Epoch [91][50/87]	lr: 5.000e-04, eta: 0:43:32, time: 0.432, data_time: 0.356, memory: 1583, reg_loss: 0.1921, acc_pose: 0.6635, loss: 0.1921
2022-07-15 08:31:42,032 - mmpose - INFO - Epoch [92][50/87]	lr: 5.000e-04, eta: 0:43:10, time: 0.439, data_time: 0.304, memory: 1583, reg_loss: 0.1907, acc_pose: 0.6680, loss: 0.1907
2022-07-15 08:32:17,482 - mmpose - INFO - Epoch [93][50/87]	lr: 5.000e-04, eta: 0:42:48, time: 0.436, data_time: 0.296, memory: 1583, reg_loss: 0.1899, acc_pose: 0.6660, loss: 0.1899
2022-07-15 08:32:52,590 - mmpose - INFO - Epoch [94][50/87]	lr: 5.000e-04, eta: 0:42:26, time: 0.431, data_time: 0.253, memory: 1583, reg_loss: 0.1908, acc_pose: 0.6684, loss: 0.1908
2022-07-15 08:33:27,686 - mmpose - INFO - Epoch [95][50/87]	lr: 5.000e-04, eta: 0:42:04, time: 0.437, data_time: 0.232, memory: 1583, reg_loss: 0.1911, acc_pose: 0.6657, loss: 0.1911
2022-07-15 08:34:03,146 - mmpose - INFO - Epoch [96][50/87]	lr: 5.000e-04, eta: 0:41:42, time: 0.441, data_time: 0.239, memory: 1583, reg_loss: 0.1896, acc_pose: 0.6659, loss: 0.1896
2022-07-15 08:34:38,020 - mmpose - INFO - Epoch [97][50/87]	lr: 5.000e-04, eta: 0:41:21, time: 0.438, data_time: 0.314, memory: 1583, reg_loss: 0.1889, acc_pose: 0.6739, loss: 0.1889
2022-07-15 08:35:13,031 - mmpose - INFO - Epoch [98][50/87]	lr: 5.000e-04, eta: 0:40:58, time: 0.433, data_time: 0.197, memory: 1583, reg_loss: 0.1881, acc_pose: 0.6766, loss: 0.1881
2022-07-15 08:35:48,158 - mmpose - INFO - Epoch [99][50/87]	lr: 5.000e-04, eta: 0:40:36, time: 0.434, data_time: 0.320, memory: 1583, reg_loss: 0.1890, acc_pose: 0.6670, loss: 0.1890
2022-07-15 08:36:23,277 - mmpose - INFO - Epoch [100][50/87]	lr: 5.000e-04, eta: 0:40:14, time: 0.436, data_time: 0.265, memory: 1583, reg_loss: 0.1868, acc_pose: 0.6662, loss: 0.1868
2022-07-15 08:36:36,640 - mmpose - INFO - Saving checkpoint at 100 epochs
2022-07-15 08:36:41,362 - mmpose - INFO - The previous best checkpoint /data/tfj/workspace/python_projects/pose/mmpose-0270/work_dirs/6_reg_shufflenetv2_mpii_256x256_dsnt/best_PCKh_epoch_90.pth was removed
2022-07-15 08:36:41,422 - mmpose - INFO - Now best checkpoint is saved as best_PCKh_epoch_100.pth.
2022-07-15 08:36:41,422 - mmpose - INFO - Best PCKh is 69.7606 at 100 epoch.
2022-07-15 08:36:41,422 - mmpose - INFO - Epoch(val) [100][24]	Head: 87.0737, Shoulder: 83.1352, Elbow: 69.2694, Wrist: 60.7203, Hip: 71.4905, Knee: 59.4197, Ankle: 46.4326, PCKh: 69.7606, PCKh@0.1: 4.6214
2022-07-15 08:37:03,044 - mmpose - INFO - Epoch [101][50/87]	lr: 5.000e-04, eta: 0:39:52, time: 0.432, data_time: 0.274, memory: 1583, reg_loss: 0.1901, acc_pose: 0.6690, loss: 0.1901
2022-07-15 08:37:38,649 - mmpose - INFO - Epoch [102][50/87]	lr: 5.000e-04, eta: 0:39:31, time: 0.445, data_time: 0.213, memory: 1583, reg_loss: 0.1869, acc_pose: 0.6722, loss: 0.1869
2022-07-15 08:38:13,842 - mmpose - INFO - Epoch [103][50/87]	lr: 5.000e-04, eta: 0:39:09, time: 0.440, data_time: 0.375, memory: 1583, reg_loss: 0.1885, acc_pose: 0.6775, loss: 0.1885
2022-07-15 08:38:48,950 - mmpose - INFO - Epoch [104][50/87]	lr: 5.000e-04, eta: 0:38:47, time: 0.438, data_time: 0.375, memory: 1583, reg_loss: 0.1875, acc_pose: 0.6801, loss: 0.1875
2022-07-15 08:39:24,407 - mmpose - INFO - Epoch [105][50/87]	lr: 5.000e-04, eta: 0:38:25, time: 0.437, data_time: 0.344, memory: 1583, reg_loss: 0.1870, acc_pose: 0.6814, loss: 0.1870
2022-07-15 08:39:59,292 - mmpose - INFO - Epoch [106][50/87]	lr: 5.000e-04, eta: 0:38:03, time: 0.430, data_time: 0.301, memory: 1583, reg_loss: 0.1874, acc_pose: 0.6735, loss: 0.1874
2022-07-15 08:40:34,395 - mmpose - INFO - Epoch [107][50/87]	lr: 5.000e-04, eta: 0:37:41, time: 0.430, data_time: 0.371, memory: 1583, reg_loss: 0.1865, acc_pose: 0.6735, loss: 0.1865
2022-07-15 08:41:09,864 - mmpose - INFO - Epoch [108][50/87]	lr: 5.000e-04, eta: 0:37:19, time: 0.443, data_time: 0.241, memory: 1583, reg_loss: 0.1874, acc_pose: 0.6760, loss: 0.1874
2022-07-15 08:41:44,685 - mmpose - INFO - Epoch [109][50/87]	lr: 5.000e-04, eta: 0:36:58, time: 0.439, data_time: 0.251, memory: 1583, reg_loss: 0.1857, acc_pose: 0.6714, loss: 0.1857
2022-07-15 08:42:19,173 - mmpose - INFO - Epoch [110][50/87]	lr: 5.000e-04, eta: 0:36:35, time: 0.427, data_time: 0.218, memory: 1583, reg_loss: 0.1859, acc_pose: 0.6728, loss: 0.1859
2022-07-15 08:42:32,646 - mmpose - INFO - Saving checkpoint at 110 epochs
2022-07-15 08:42:37,317 - mmpose - INFO - The previous best checkpoint /data/tfj/workspace/python_projects/pose/mmpose-0270/work_dirs/6_reg_shufflenetv2_mpii_256x256_dsnt/best_PCKh_epoch_100.pth was removed
2022-07-15 08:42:37,364 - mmpose - INFO - Now best checkpoint is saved as best_PCKh_epoch_110.pth.
2022-07-15 08:42:37,364 - mmpose - INFO - Best PCKh is 70.0729 at 110 epoch.
2022-07-15 08:42:37,364 - mmpose - INFO - Epoch(val) [110][24]	Head: 85.9482, Shoulder: 83.5428, Elbow: 70.2577, Wrist: 60.9778, Hip: 71.5424, Knee: 59.9435, Ankle: 47.5431, PCKh: 70.0729, PCKh@0.1: 4.6084
2022-07-15 08:42:59,144 - mmpose - INFO - Epoch [111][50/87]	lr: 5.000e-04, eta: 0:36:13, time: 0.435, data_time: 0.376, memory: 1583, reg_loss: 0.1860, acc_pose: 0.6766, loss: 0.1860
2022-07-15 08:43:34,142 - mmpose - INFO - Epoch [112][50/87]	lr: 5.000e-04, eta: 0:35:51, time: 0.435, data_time: 0.234, memory: 1583, reg_loss: 0.1853, acc_pose: 0.6820, loss: 0.1853
2022-07-15 08:44:08,638 - mmpose - INFO - Epoch [113][50/87]	lr: 5.000e-04, eta: 0:35:29, time: 0.425, data_time: 0.314, memory: 1583, reg_loss: 0.1848, acc_pose: 0.6786, loss: 0.1848
2022-07-15 08:44:44,255 - mmpose - INFO - Epoch [114][50/87]	lr: 5.000e-04, eta: 0:35:07, time: 0.435, data_time: 0.355, memory: 1583, reg_loss: 0.1842, acc_pose: 0.6758, loss: 0.1842
2022-07-15 08:45:18,969 - mmpose - INFO - Epoch [115][50/87]	lr: 5.000e-04, eta: 0:34:45, time: 0.429, data_time: 0.339, memory: 1583, reg_loss: 0.1849, acc_pose: 0.6783, loss: 0.1849
2022-07-15 08:45:54,147 - mmpose - INFO - Epoch [116][50/87]	lr: 5.000e-04, eta: 0:34:23, time: 0.433, data_time: 0.367, memory: 1583, reg_loss: 0.1842, acc_pose: 0.6770, loss: 0.1842
2022-07-15 08:46:29,476 - mmpose - INFO - Epoch [117][50/87]	lr: 5.000e-04, eta: 0:34:01, time: 0.435, data_time: 0.288, memory: 1583, reg_loss: 0.1849, acc_pose: 0.6748, loss: 0.1849
2022-07-15 08:47:04,327 - mmpose - INFO - Epoch [118][50/87]	lr: 5.000e-04, eta: 0:33:39, time: 0.435, data_time: 0.248, memory: 1583, reg_loss: 0.1834, acc_pose: 0.6882, loss: 0.1834
2022-07-15 08:47:39,125 - mmpose - INFO - Epoch [119][50/87]	lr: 5.000e-04, eta: 0:33:17, time: 0.432, data_time: 0.220, memory: 1583, reg_loss: 0.1826, acc_pose: 0.6817, loss: 0.1826
2022-07-15 08:48:14,362 - mmpose - INFO - Epoch [120][50/87]	lr: 5.000e-04, eta: 0:32:55, time: 0.439, data_time: 0.375, memory: 1583, reg_loss: 0.1821, acc_pose: 0.6850, loss: 0.1821
2022-07-15 08:48:27,959 - mmpose - INFO - Saving checkpoint at 120 epochs
2022-07-15 08:48:32,622 - mmpose - INFO - Epoch(val) [120][24]	Head: 85.6412, Shoulder: 83.7806, Elbow: 69.7979, Wrist: 61.0625, Hip: 72.0963, Knee: 60.1240, Ankle: 46.9053, PCKh: 70.0598, PCKh@0.1: 4.7931
2022-07-15 08:48:54,375 - mmpose - INFO - Epoch [121][50/87]	lr: 5.000e-04, eta: 0:32:33, time: 0.435, data_time: 0.323, memory: 1583, reg_loss: 0.1843, acc_pose: 0.6821, loss: 0.1843
2022-07-15 08:49:29,172 - mmpose - INFO - Epoch [122][50/87]	lr: 5.000e-04, eta: 0:32:11, time: 0.433, data_time: 0.308, memory: 1583, reg_loss: 0.1824, acc_pose: 0.6866, loss: 0.1824
2022-07-15 08:50:04,238 - mmpose - INFO - Epoch [123][50/87]	lr: 5.000e-04, eta: 0:31:49, time: 0.433, data_time: 0.245, memory: 1583, reg_loss: 0.1839, acc_pose: 0.6758, loss: 0.1839
2022-07-15 08:50:39,826 - mmpose - INFO - Epoch [124][50/87]	lr: 5.000e-04, eta: 0:31:27, time: 0.437, data_time: 0.359, memory: 1583, reg_loss: 0.1833, acc_pose: 0.6854, loss: 0.1833
2022-07-15 08:51:14,747 - mmpose - INFO - Epoch [125][50/87]	lr: 5.000e-04, eta: 0:31:05, time: 0.434, data_time: 0.294, memory: 1583, reg_loss: 0.1828, acc_pose: 0.6888, loss: 0.1828
2022-07-15 08:51:49,724 - mmpose - INFO - Epoch [126][50/87]	lr: 5.000e-04, eta: 0:30:43, time: 0.434, data_time: 0.222, memory: 1583, reg_loss: 0.1834, acc_pose: 0.6864, loss: 0.1834
2022-07-15 08:52:25,023 - mmpose - INFO - Epoch [127][50/87]	lr: 5.000e-04, eta: 0:30:21, time: 0.435, data_time: 0.350, memory: 1583, reg_loss: 0.1810, acc_pose: 0.6900, loss: 0.1810
2022-07-15 08:53:00,414 - mmpose - INFO - Epoch [128][50/87]	lr: 5.000e-04, eta: 0:30:00, time: 0.445, data_time: 0.336, memory: 1583, reg_loss: 0.1808, acc_pose: 0.6914, loss: 0.1808
2022-07-15 08:53:34,982 - mmpose - INFO - Epoch [129][50/87]	lr: 5.000e-04, eta: 0:29:38, time: 0.427, data_time: 0.259, memory: 1583, reg_loss: 0.1817, acc_pose: 0.6833, loss: 0.1817
2022-07-15 08:54:10,629 - mmpose - INFO - Epoch [130][50/87]	lr: 5.000e-04, eta: 0:29:16, time: 0.439, data_time: 0.134, memory: 1583, reg_loss: 0.1812, acc_pose: 0.6877, loss: 0.1812
2022-07-15 08:54:24,132 - mmpose - INFO - Saving checkpoint at 130 epochs
2022-07-15 08:54:28,852 - mmpose - INFO - The previous best checkpoint /data/tfj/workspace/python_projects/pose/mmpose-0270/work_dirs/6_reg_shufflenetv2_mpii_256x256_dsnt/best_PCKh_epoch_110.pth was removed
2022-07-15 08:54:28,901 - mmpose - INFO - Now best checkpoint is saved as best_PCKh_epoch_130.pth.
2022-07-15 08:54:28,901 - mmpose - INFO - Best PCKh is 70.7598 at 130 epoch.
2022-07-15 08:54:28,902 - mmpose - INFO - Epoch(val) [130][24]	Head: 86.2892, Shoulder: 84.1202, Elbow: 70.4281, Wrist: 61.3528, Hip: 73.2907, Knee: 60.9714, Ankle: 48.0865, PCKh: 70.7598, PCKh@0.1: 4.7723
2022-07-15 08:54:50,374 - mmpose - INFO - Epoch [131][50/87]	lr: 5.000e-04, eta: 0:28:54, time: 0.429, data_time: 0.273, memory: 1583, reg_loss: 0.1813, acc_pose: 0.6889, loss: 0.1813
2022-07-15 08:55:25,436 - mmpose - INFO - Epoch [132][50/87]	lr: 5.000e-04, eta: 0:28:32, time: 0.438, data_time: 0.374, memory: 1583, reg_loss: 0.1799, acc_pose: 0.6873, loss: 0.1799
2022-07-15 08:56:00,076 - mmpose - INFO - Epoch [133][50/87]	lr: 5.000e-04, eta: 0:28:10, time: 0.438, data_time: 0.375, memory: 1583, reg_loss: 0.1815, acc_pose: 0.6874, loss: 0.1815
2022-07-15 08:56:34,728 - mmpose - INFO - Epoch [134][50/87]	lr: 5.000e-04, eta: 0:27:48, time: 0.431, data_time: 0.216, memory: 1583, reg_loss: 0.1814, acc_pose: 0.6887, loss: 0.1814
2022-07-15 08:57:09,312 - mmpose - INFO - Epoch [135][50/87]	lr: 5.000e-04, eta: 0:27:26, time: 0.426, data_time: 0.179, memory: 1583, reg_loss: 0.1794, acc_pose: 0.6891, loss: 0.1794
2022-07-15 08:57:44,693 - mmpose - INFO - Epoch [136][50/87]	lr: 5.000e-04, eta: 0:27:05, time: 0.444, data_time: 0.264, memory: 1583, reg_loss: 0.1786, acc_pose: 0.6929, loss: 0.1786
2022-07-15 08:58:19,474 - mmpose - INFO - Epoch [137][50/87]	lr: 5.000e-04, eta: 0:26:43, time: 0.432, data_time: 0.362, memory: 1583, reg_loss: 0.1802, acc_pose: 0.6846, loss: 0.1802
2022-07-15 08:58:53,776 - mmpose - INFO - Epoch [138][50/87]	lr: 5.000e-04, eta: 0:26:21, time: 0.429, data_time: 0.176, memory: 1583, reg_loss: 0.1800, acc_pose: 0.6902, loss: 0.1800
2022-07-15 08:59:29,921 - mmpose - INFO - Epoch [139][50/87]	lr: 5.000e-04, eta: 0:25:59, time: 0.451, data_time: 0.386, memory: 1583, reg_loss: 0.1802, acc_pose: 0.6879, loss: 0.1802
2022-07-15 09:00:05,233 - mmpose - INFO - Epoch [140][50/87]	lr: 5.000e-04, eta: 0:25:37, time: 0.437, data_time: 0.333, memory: 1583, reg_loss: 0.1797, acc_pose: 0.6868, loss: 0.1797
2022-07-15 09:00:18,623 - mmpose - INFO - Saving checkpoint at 140 epochs
2022-07-15 09:00:23,213 - mmpose - INFO - Epoch(val) [140][24]	Head: 85.5048, Shoulder: 84.0183, Elbow: 70.3773, Wrist: 61.3533, Hip: 72.1137, Knee: 61.6963, Ankle: 47.9211, PCKh: 70.5412, PCKh@0.1: 4.6604
2022-07-15 09:00:45,307 - mmpose - INFO - Epoch [141][50/87]	lr: 5.000e-04, eta: 0:25:16, time: 0.442, data_time: 0.251, memory: 1583, reg_loss: 0.1795, acc_pose: 0.6891, loss: 0.1795
2022-07-15 09:01:20,166 - mmpose - INFO - Epoch [142][50/87]	lr: 5.000e-04, eta: 0:24:54, time: 0.428, data_time: 0.346, memory: 1583, reg_loss: 0.1781, acc_pose: 0.6952, loss: 0.1781
2022-07-15 09:01:55,022 - mmpose - INFO - Epoch [143][50/87]	lr: 5.000e-04, eta: 0:24:32, time: 0.433, data_time: 0.356, memory: 1583, reg_loss: 0.1774, acc_pose: 0.6972, loss: 0.1774
2022-07-15 09:02:30,121 - mmpose - INFO - Epoch [144][50/87]	lr: 5.000e-04, eta: 0:24:10, time: 0.431, data_time: 0.283, memory: 1583, reg_loss: 0.1790, acc_pose: 0.6995, loss: 0.1790
2022-07-15 09:03:05,531 - mmpose - INFO - Epoch [145][50/87]	lr: 5.000e-04, eta: 0:23:48, time: 0.437, data_time: 0.286, memory: 1583, reg_loss: 0.1767, acc_pose: 0.6884, loss: 0.1767
2022-07-15 09:03:40,475 - mmpose - INFO - Epoch [146][50/87]	lr: 5.000e-04, eta: 0:23:26, time: 0.428, data_time: 0.234, memory: 1583, reg_loss: 0.1782, acc_pose: 0.6916, loss: 0.1782
2022-07-15 09:04:15,882 - mmpose - INFO - Epoch [147][50/87]	lr: 5.000e-04, eta: 0:23:04, time: 0.436, data_time: 0.356, memory: 1583, reg_loss: 0.1784, acc_pose: 0.6936, loss: 0.1784
2022-07-15 09:04:50,812 - mmpose - INFO - Epoch [148][50/87]	lr: 5.000e-04, eta: 0:22:42, time: 0.433, data_time: 0.353, memory: 1583, reg_loss: 0.1778, acc_pose: 0.6954, loss: 0.1778
2022-07-15 09:05:25,588 - mmpose - INFO - Epoch [149][50/87]	lr: 5.000e-04, eta: 0:22:20, time: 0.427, data_time: 0.244, memory: 1583, reg_loss: 0.1761, acc_pose: 0.6934, loss: 0.1761
2022-07-15 09:06:00,848 - mmpose - INFO - Epoch [150][50/87]	lr: 5.000e-04, eta: 0:21:58, time: 0.438, data_time: 0.232, memory: 1583, reg_loss: 0.1756, acc_pose: 0.6948, loss: 0.1756
2022-07-15 09:06:13,945 - mmpose - INFO - Saving checkpoint at 150 epochs
2022-07-15 09:06:18,576 - mmpose - INFO - The previous best checkpoint /data/tfj/workspace/python_projects/pose/mmpose-0270/work_dirs/6_reg_shufflenetv2_mpii_256x256_dsnt/best_PCKh_epoch_130.pth was removed
2022-07-15 09:06:18,624 - mmpose - INFO - Now best checkpoint is saved as best_PCKh_epoch_150.pth.
2022-07-15 09:06:18,624 - mmpose - INFO - Best PCKh is 70.7780 at 150 epoch.
2022-07-15 09:06:18,624 - mmpose - INFO - Epoch(val) [150][24]	Head: 86.8008, Shoulder: 83.9334, Elbow: 70.8544, Wrist: 61.3191, Hip: 73.3772, Knee: 60.6287, Ankle: 48.2516, PCKh: 70.7780, PCKh@0.1: 4.6838
2022-07-15 09:06:40,473 - mmpose - INFO - Epoch [151][50/87]	lr: 5.000e-04, eta: 0:21:36, time: 0.437, data_time: 0.376, memory: 1583, reg_loss: 0.1773, acc_pose: 0.6951, loss: 0.1773
2022-07-15 09:07:16,562 - mmpose - INFO - Epoch [152][50/87]	lr: 5.000e-04, eta: 0:21:15, time: 0.452, data_time: 0.296, memory: 1583, reg_loss: 0.1767, acc_pose: 0.6956, loss: 0.1767
2022-07-15 09:07:50,900 - mmpose - INFO - Epoch [153][50/87]	lr: 5.000e-04, eta: 0:20:53, time: 0.433, data_time: 0.339, memory: 1583, reg_loss: 0.1762, acc_pose: 0.6985, loss: 0.1762
2022-07-15 09:08:26,034 - mmpose - INFO - Epoch [154][50/87]	lr: 5.000e-04, eta: 0:20:31, time: 0.426, data_time: 0.285, memory: 1583, reg_loss: 0.1775, acc_pose: 0.6955, loss: 0.1775
2022-07-15 09:09:00,520 - mmpose - INFO - Epoch [155][50/87]	lr: 5.000e-04, eta: 0:20:09, time: 0.427, data_time: 0.266, memory: 1583, reg_loss: 0.1764, acc_pose: 0.6906, loss: 0.1764
2022-07-15 09:09:35,365 - mmpose - INFO - Epoch [156][50/87]	lr: 5.000e-04, eta: 0:19:47, time: 0.435, data_time: 0.376, memory: 1583, reg_loss: 0.1766, acc_pose: 0.6938, loss: 0.1766
2022-07-15 09:10:10,113 - mmpose - INFO - Epoch [157][50/87]	lr: 5.000e-04, eta: 0:19:25, time: 0.429, data_time: 0.274, memory: 1583, reg_loss: 0.1757, acc_pose: 0.6995, loss: 0.1757
2022-07-15 09:10:45,257 - mmpose - INFO - Epoch [158][50/87]	lr: 5.000e-04, eta: 0:19:03, time: 0.428, data_time: 0.364, memory: 1583, reg_loss: 0.1758, acc_pose: 0.6956, loss: 0.1758
2022-07-15 09:11:20,178 - mmpose - INFO - Epoch [159][50/87]	lr: 5.000e-04, eta: 0:18:41, time: 0.431, data_time: 0.269, memory: 1583, reg_loss: 0.1755, acc_pose: 0.6972, loss: 0.1755
2022-07-15 09:11:54,880 - mmpose - INFO - Epoch [160][50/87]	lr: 5.000e-04, eta: 0:18:19, time: 0.430, data_time: 0.262, memory: 1583, reg_loss: 0.1756, acc_pose: 0.6971, loss: 0.1756
2022-07-15 09:12:07,923 - mmpose - INFO - Saving checkpoint at 160 epochs
2022-07-15 09:12:12,516 - mmpose - INFO - Epoch(val) [160][24]	Head: 85.9482, Shoulder: 83.1352, Elbow: 69.3204, Wrist: 61.4746, Hip: 72.2175, Knee: 61.2137, Ankle: 48.6535, PCKh: 70.2862, PCKh@0.1: 4.7021
2022-07-15 09:12:33,950 - mmpose - INFO - Epoch [161][50/87]	lr: 5.000e-04, eta: 0:17:57, time: 0.429, data_time: 0.339, memory: 1583, reg_loss: 0.1751, acc_pose: 0.6986, loss: 0.1751
2022-07-15 09:13:08,809 - mmpose - INFO - Epoch [162][50/87]	lr: 5.000e-04, eta: 0:17:36, time: 0.429, data_time: 0.253, memory: 1583, reg_loss: 0.1746, acc_pose: 0.7001, loss: 0.1746
2022-07-15 09:13:43,345 - mmpose - INFO - Epoch [163][50/87]	lr: 5.000e-04, eta: 0:17:14, time: 0.430, data_time: 0.350, memory: 1583, reg_loss: 0.1747, acc_pose: 0.6981, loss: 0.1747
2022-07-15 09:14:17,927 - mmpose - INFO - Epoch [164][50/87]	lr: 5.000e-04, eta: 0:16:52, time: 0.430, data_time: 0.360, memory: 1583, reg_loss: 0.1736, acc_pose: 0.6989, loss: 0.1736
2022-07-15 09:14:52,861 - mmpose - INFO - Epoch [165][50/87]	lr: 5.000e-04, eta: 0:16:30, time: 0.436, data_time: 0.273, memory: 1583, reg_loss: 0.1736, acc_pose: 0.6952, loss: 0.1736
2022-07-15 09:15:27,738 - mmpose - INFO - Epoch [166][50/87]	lr: 5.000e-04, eta: 0:16:08, time: 0.430, data_time: 0.295, memory: 1583, reg_loss: 0.1739, acc_pose: 0.7069, loss: 0.1739
2022-07-15 09:16:02,891 - mmpose - INFO - Epoch [167][50/87]	lr: 5.000e-04, eta: 0:15:46, time: 0.430, data_time: 0.351, memory: 1583, reg_loss: 0.1736, acc_pose: 0.7010, loss: 0.1736
2022-07-15 09:16:38,110 - mmpose - INFO - Epoch [168][50/87]	lr: 5.000e-04, eta: 0:15:24, time: 0.440, data_time: 0.374, memory: 1583, reg_loss: 0.1738, acc_pose: 0.7019, loss: 0.1738
2022-07-15 09:17:12,499 - mmpose - INFO - Epoch [169][50/87]	lr: 5.000e-04, eta: 0:15:03, time: 0.432, data_time: 0.220, memory: 1583, reg_loss: 0.1734, acc_pose: 0.6976, loss: 0.1734
2022-07-15 09:17:47,556 - mmpose - INFO - Epoch [170][50/87]	lr: 5.000e-04, eta: 0:14:41, time: 0.438, data_time: 0.331, memory: 1583, reg_loss: 0.1723, acc_pose: 0.7015, loss: 0.1723
2022-07-15 09:18:00,366 - mmpose - INFO - Saving checkpoint at 170 epochs
2022-07-15 09:18:05,020 - mmpose - INFO - The previous best checkpoint /data/tfj/workspace/python_projects/pose/mmpose-0270/work_dirs/6_reg_shufflenetv2_mpii_256x256_dsnt/best_PCKh_epoch_150.pth was removed
2022-07-15 09:18:05,077 - mmpose - INFO - Now best checkpoint is saved as best_PCKh_epoch_170.pth.
2022-07-15 09:18:05,077 - mmpose - INFO - Best PCKh is 70.8015 at 170 epoch.
2022-07-15 09:18:05,077 - mmpose - INFO - Epoch(val) [170][24]	Head: 86.8008, Shoulder: 84.1372, Elbow: 70.4453, Wrist: 61.8321, Hip: 72.8061, Knee: 61.1528, Ankle: 47.7789, PCKh: 70.8015, PCKh@0.1: 4.7411
2022-07-15 09:18:26,992 - mmpose - INFO - Epoch [171][50/87]	lr: 5.000e-05, eta: 0:14:19, time: 0.438, data_time: 0.356, memory: 1583, reg_loss: 0.1715, acc_pose: 0.7007, loss: 0.1715
2022-07-15 09:19:01,395 - mmpose - INFO - Epoch [172][50/87]	lr: 5.000e-05, eta: 0:13:57, time: 0.427, data_time: 0.226, memory: 1583, reg_loss: 0.1701, acc_pose: 0.7039, loss: 0.1701
2022-07-15 09:19:37,147 - mmpose - INFO - Epoch [173][50/87]	lr: 5.000e-05, eta: 0:13:35, time: 0.446, data_time: 0.219, memory: 1583, reg_loss: 0.1673, acc_pose: 0.7068, loss: 0.1673
2022-07-15 09:20:11,576 - mmpose - INFO - Epoch [174][50/87]	lr: 5.000e-05, eta: 0:13:14, time: 0.427, data_time: 0.339, memory: 1583, reg_loss: 0.1669, acc_pose: 0.7183, loss: 0.1669
2022-07-15 09:20:46,487 - mmpose - INFO - Epoch [175][50/87]	lr: 5.000e-05, eta: 0:12:52, time: 0.439, data_time: 0.265, memory: 1583, reg_loss: 0.1655, acc_pose: 0.7191, loss: 0.1655
2022-07-15 09:21:21,176 - mmpose - INFO - Epoch [176][50/87]	lr: 5.000e-05, eta: 0:12:30, time: 0.432, data_time: 0.268, memory: 1583, reg_loss: 0.1653, acc_pose: 0.7195, loss: 0.1653
2022-07-15 09:21:55,870 - mmpose - INFO - Epoch [177][50/87]	lr: 5.000e-05, eta: 0:12:08, time: 0.430, data_time: 0.330, memory: 1583, reg_loss: 0.1655, acc_pose: 0.7173, loss: 0.1655
2022-07-15 09:22:30,378 - mmpose - INFO - Epoch [178][50/87]	lr: 5.000e-05, eta: 0:11:46, time: 0.425, data_time: 0.247, memory: 1583, reg_loss: 0.1655, acc_pose: 0.7151, loss: 0.1655
2022-07-15 09:23:05,531 - mmpose - INFO - Epoch [179][50/87]	lr: 5.000e-05, eta: 0:11:24, time: 0.436, data_time: 0.371, memory: 1583, reg_loss: 0.1656, acc_pose: 0.7130, loss: 0.1656
2022-07-15 09:23:40,686 - mmpose - INFO - Epoch [180][50/87]	lr: 5.000e-05, eta: 0:11:03, time: 0.439, data_time: 0.375, memory: 1583, reg_loss: 0.1641, acc_pose: 0.7140, loss: 0.1641
2022-07-15 09:23:54,188 - mmpose - INFO - Saving checkpoint at 180 epochs
2022-07-15 09:23:58,825 - mmpose - INFO - The previous best checkpoint /data/tfj/workspace/python_projects/pose/mmpose-0270/work_dirs/6_reg_shufflenetv2_mpii_256x256_dsnt/best_PCKh_epoch_170.pth was removed
2022-07-15 09:23:58,875 - mmpose - INFO - Now best checkpoint is saved as best_PCKh_epoch_180.pth.
2022-07-15 09:23:58,875 - mmpose - INFO - Best PCKh is 71.7408 at 180 epoch.
2022-07-15 09:23:58,876 - mmpose - INFO - Epoch(val) [180][24]	Head: 86.2892, Shoulder: 84.7656, Elbow: 71.5531, Wrist: 62.9979, Hip: 74.0870, Knee: 62.3414, Ankle: 49.4087, PCKh: 71.7408, PCKh@0.1: 4.7905
2022-07-15 09:24:20,781 - mmpose - INFO - Epoch [181][50/87]	lr: 5.000e-05, eta: 0:10:41, time: 0.438, data_time: 0.330, memory: 1583, reg_loss: 0.1630, acc_pose: 0.7220, loss: 0.1630
2022-07-15 09:24:55,811 - mmpose - INFO - Epoch [182][50/87]	lr: 5.000e-05, eta: 0:10:19, time: 0.433, data_time: 0.287, memory: 1583, reg_loss: 0.1637, acc_pose: 0.7161, loss: 0.1637
2022-07-15 09:25:30,455 - mmpose - INFO - Epoch [183][50/87]	lr: 5.000e-05, eta: 0:09:57, time: 0.434, data_time: 0.347, memory: 1583, reg_loss: 0.1635, acc_pose: 0.7206, loss: 0.1635
2022-07-15 09:26:05,832 - mmpose - INFO - Epoch [184][50/87]	lr: 5.000e-05, eta: 0:09:35, time: 0.439, data_time: 0.350, memory: 1583, reg_loss: 0.1640, acc_pose: 0.7139, loss: 0.1640
2022-07-15 09:26:40,628 - mmpose - INFO - Epoch [185][50/87]	lr: 5.000e-05, eta: 0:09:14, time: 0.431, data_time: 0.336, memory: 1583, reg_loss: 0.1642, acc_pose: 0.7182, loss: 0.1642
2022-07-15 09:27:15,113 - mmpose - INFO - Epoch [186][50/87]	lr: 5.000e-05, eta: 0:08:52, time: 0.428, data_time: 0.322, memory: 1583, reg_loss: 0.1621, acc_pose: 0.7198, loss: 0.1621
2022-07-15 09:27:50,615 - mmpose - INFO - Epoch [187][50/87]	lr: 5.000e-05, eta: 0:08:30, time: 0.430, data_time: 0.364, memory: 1583, reg_loss: 0.1618, acc_pose: 0.7204, loss: 0.1618
2022-07-15 09:28:25,903 - mmpose - INFO - Epoch [188][50/87]	lr: 5.000e-05, eta: 0:08:08, time: 0.435, data_time: 0.216, memory: 1583, reg_loss: 0.1633, acc_pose: 0.7168, loss: 0.1633
2022-07-15 09:29:00,975 - mmpose - INFO - Epoch [189][50/87]	lr: 5.000e-05, eta: 0:07:46, time: 0.442, data_time: 0.375, memory: 1583, reg_loss: 0.1648, acc_pose: 0.7180, loss: 0.1648
2022-07-15 09:29:35,788 - mmpose - INFO - Epoch [190][50/87]	lr: 5.000e-05, eta: 0:07:25, time: 0.437, data_time: 0.243, memory: 1583, reg_loss: 0.1629, acc_pose: 0.7193, loss: 0.1629
2022-07-15 09:29:48,783 - mmpose - INFO - Saving checkpoint at 190 epochs
2022-07-15 09:29:53,324 - mmpose - INFO - The previous best checkpoint /data/tfj/workspace/python_projects/pose/mmpose-0270/work_dirs/6_reg_shufflenetv2_mpii_256x256_dsnt/best_PCKh_epoch_180.pth was removed
2022-07-15 09:29:53,373 - mmpose - INFO - Now best checkpoint is saved as best_PCKh_epoch_190.pth.
2022-07-15 09:29:53,373 - mmpose - INFO - Best PCKh is 71.7512 at 190 epoch.
2022-07-15 09:29:53,374 - mmpose - INFO - Epoch(val) [190][24]	Head: 86.3915, Shoulder: 84.7317, Elbow: 71.7237, Wrist: 63.1517, Hip: 73.7753, Knee: 62.2411, Ankle: 49.5274, PCKh: 71.7512, PCKh@0.1: 4.7489
2022-07-15 09:30:14,834 - mmpose - INFO - Epoch [191][50/87]	lr: 5.000e-05, eta: 0:07:03, time: 0.429, data_time: 0.362, memory: 1583, reg_loss: 0.1644, acc_pose: 0.7166, loss: 0.1644
2022-07-15 09:30:49,984 - mmpose - INFO - Epoch [192][50/87]	lr: 5.000e-05, eta: 0:06:41, time: 0.431, data_time: 0.252, memory: 1583, reg_loss: 0.1633, acc_pose: 0.7187, loss: 0.1633
2022-07-15 09:31:25,322 - mmpose - INFO - Epoch [193][50/87]	lr: 5.000e-05, eta: 0:06:19, time: 0.431, data_time: 0.365, memory: 1583, reg_loss: 0.1634, acc_pose: 0.7263, loss: 0.1634
2022-07-15 09:32:00,513 - mmpose - INFO - Epoch [194][50/87]	lr: 5.000e-05, eta: 0:05:57, time: 0.438, data_time: 0.243, memory: 1583, reg_loss: 0.1639, acc_pose: 0.7243, loss: 0.1639
2022-07-15 09:32:35,709 - mmpose - INFO - Epoch [195][50/87]	lr: 5.000e-05, eta: 0:05:36, time: 0.442, data_time: 0.375, memory: 1583, reg_loss: 0.1615, acc_pose: 0.7213, loss: 0.1615
2022-07-15 09:33:10,948 - mmpose - INFO - Epoch [196][50/87]	lr: 5.000e-05, eta: 0:05:14, time: 0.446, data_time: 0.277, memory: 1583, reg_loss: 0.1614, acc_pose: 0.7253, loss: 0.1614
2022-07-15 09:33:46,021 - mmpose - INFO - Epoch [197][50/87]	lr: 5.000e-05, eta: 0:04:52, time: 0.429, data_time: 0.347, memory: 1583, reg_loss: 0.1623, acc_pose: 0.7164, loss: 0.1623
2022-07-15 09:34:21,141 - mmpose - INFO - Epoch [198][50/87]	lr: 5.000e-05, eta: 0:04:30, time: 0.427, data_time: 0.268, memory: 1583, reg_loss: 0.1629, acc_pose: 0.7211, loss: 0.1629
2022-07-15 09:34:56,350 - mmpose - INFO - Epoch [199][50/87]	lr: 5.000e-05, eta: 0:04:08, time: 0.437, data_time: 0.318, memory: 1583, reg_loss: 0.1628, acc_pose: 0.7209, loss: 0.1628
2022-07-15 09:35:31,090 - mmpose - INFO - Epoch [200][50/87]	lr: 5.000e-05, eta: 0:03:47, time: 0.435, data_time: 0.372, memory: 1583, reg_loss: 0.1617, acc_pose: 0.7218, loss: 0.1617
2022-07-15 09:35:44,672 - mmpose - INFO - Saving checkpoint at 200 epochs
2022-07-15 09:35:49,214 - mmpose - INFO - Epoch(val) [200][24]	Head: 86.6644, Shoulder: 84.7317, Elbow: 71.4169, Wrist: 63.0339, Hip: 73.8100, Knee: 62.2408, Ankle: 49.6216, PCKh: 71.7304, PCKh@0.1: 4.7385
2022-07-15 09:36:11,079 - mmpose - INFO - Epoch [201][50/87]	lr: 5.000e-06, eta: 0:03:25, time: 0.437, data_time: 0.213, memory: 1583, reg_loss: 0.1621, acc_pose: 0.7209, loss: 0.1621
2022-07-15 09:36:45,903 - mmpose - INFO - Epoch [202][50/87]	lr: 5.000e-06, eta: 0:03:03, time: 0.427, data_time: 0.197, memory: 1583, reg_loss: 0.1620, acc_pose: 0.7264, loss: 0.1620
2022-07-15 09:37:21,225 - mmpose - INFO - Epoch [203][50/87]	lr: 5.000e-06, eta: 0:02:41, time: 0.435, data_time: 0.371, memory: 1583, reg_loss: 0.1604, acc_pose: 0.7253, loss: 0.1604
2022-07-15 09:37:56,845 - mmpose - INFO - Epoch [204][50/87]	lr: 5.000e-06, eta: 0:02:19, time: 0.441, data_time: 0.379, memory: 1583, reg_loss: 0.1617, acc_pose: 0.7272, loss: 0.1617
2022-07-15 09:38:31,798 - mmpose - INFO - Epoch [205][50/87]	lr: 5.000e-06, eta: 0:01:58, time: 0.436, data_time: 0.331, memory: 1583, reg_loss: 0.1630, acc_pose: 0.7216, loss: 0.1630
2022-07-15 09:39:07,383 - mmpose - INFO - Epoch [206][50/87]	lr: 5.000e-06, eta: 0:01:36, time: 0.434, data_time: 0.356, memory: 1583, reg_loss: 0.1617, acc_pose: 0.7200, loss: 0.1617
2022-07-15 09:39:42,115 - mmpose - INFO - Epoch [207][50/87]	lr: 5.000e-06, eta: 0:01:14, time: 0.428, data_time: 0.358, memory: 1583, reg_loss: 0.1613, acc_pose: 0.7241, loss: 0.1613
2022-07-15 09:40:17,470 - mmpose - INFO - Epoch [208][50/87]	lr: 5.000e-06, eta: 0:00:52, time: 0.431, data_time: 0.352, memory: 1583, reg_loss: 0.1628, acc_pose: 0.7240, loss: 0.1628
2022-07-15 09:40:53,100 - mmpose - INFO - Epoch [209][50/87]	lr: 5.000e-06, eta: 0:00:31, time: 0.442, data_time: 0.274, memory: 1583, reg_loss: 0.1627, acc_pose: 0.7204, loss: 0.1627
2022-07-15 09:41:27,924 - mmpose - INFO - Epoch [210][50/87]	lr: 5.000e-06, eta: 0:00:09, time: 0.431, data_time: 0.308, memory: 1583, reg_loss: 0.1616, acc_pose: 0.7186, loss: 0.1616
2022-07-15 09:41:41,153 - mmpose - INFO - Saving checkpoint at 210 epochs
2022-07-15 09:41:45,708 - mmpose - INFO - Epoch(val) [210][24]	Head: 86.4256, Shoulder: 84.8336, Elbow: 71.7238, Wrist: 62.8447, Hip: 73.6196, Knee: 61.7572, Ankle: 49.6923, PCKh: 71.6576, PCKh@0.1: 4.7723
