2022-07-28 19:01:23,156 - mmpose - INFO - Environment info:
------------------------------------------------------------
sys.platform: linux
Python: 3.9.7 (default, Sep 16 2021, 13:09:58) [GCC 7.5.0]
CUDA available: True
GPU 0,1,2,3: NVIDIA GeForce RTX 3090
CUDA_HOME: /usr/local/cuda-11.1:/usr/local/cuda-11.1:
GCC: gcc (Ubuntu 7.5.0-3ubuntu1~18.04) 7.5.0
PyTorch: 1.9.1+cu111
PyTorch compiling details: PyTorch built with:
  - GCC 7.3
  - C++ Version: 201402
  - Intel(R) Math Kernel Library Version 2020.0.0 Product Build 20191122 for Intel(R) 64 architecture applications
  - Intel(R) MKL-DNN v2.1.2 (Git Hash 98be7e8afa711dc9b66c8ff3504129cb82013cdb)
  - OpenMP 201511 (a.k.a. OpenMP 4.5)
  - NNPACK is enabled
  - CPU capability usage: AVX2
  - CUDA Runtime 11.1
  - NVCC architecture flags: -gencode;arch=compute_37,code=sm_37;-gencode;arch=compute_50,code=sm_50;-gencode;arch=compute_60,code=sm_60;-gencode;arch=compute_70,code=sm_70;-gencode;arch=compute_75,code=sm_75;-gencode;arch=compute_80,code=sm_80;-gencode;arch=compute_86,code=sm_86
  - CuDNN 8.0.5
  - Magma 2.5.2
  - Build settings: BLAS_INFO=mkl, BUILD_TYPE=Release, CUDA_VERSION=11.1, CUDNN_VERSION=8.0.5, CXX_COMPILER=/opt/rh/devtoolset-7/root/usr/bin/c++, CXX_FLAGS= -Wno-deprecated -fvisibility-inlines-hidden -DUSE_PTHREADPOOL -fopenmp -DNDEBUG -DUSE_KINETO -DUSE_FBGEMM -DUSE_QNNPACK -DUSE_PYTORCH_QNNPACK -DUSE_XNNPACK -DSYMBOLICATE_MOBILE_DEBUG_HANDLE -O2 -fPIC -Wno-narrowing -Wall -Wextra -Werror=return-type -Wno-missing-field-initializers -Wno-type-limits -Wno-array-bounds -Wno-unknown-pragmas -Wno-sign-compare -Wno-unused-parameter -Wno-unused-variable -Wno-unused-function -Wno-unused-result -Wno-unused-local-typedefs -Wno-strict-overflow -Wno-strict-aliasing -Wno-error=deprecated-declarations -Wno-stringop-overflow -Wno-psabi -Wno-error=pedantic -Wno-error=redundant-decls -Wno-error=old-style-cast -fdiagnostics-color=always -faligned-new -Wno-unused-but-set-variable -Wno-maybe-uninitialized -fno-math-errno -fno-trapping-math -Werror=format -Wno-stringop-overflow, LAPACK_INFO=mkl, PERF_WITH_AVX=1, PERF_WITH_AVX2=1, PERF_WITH_AVX512=1, TORCH_VERSION=1.9.1, USE_CUDA=ON, USE_CUDNN=ON, USE_EXCEPTION_PTR=1, USE_GFLAGS=OFF, USE_GLOG=OFF, USE_MKL=ON, USE_MKLDNN=ON, USE_MPI=OFF, USE_NCCL=ON, USE_NNPACK=ON, USE_OPENMP=ON, 

TorchVision: 0.10.1+cu111
OpenCV: 4.5.5
MMCV: 1.5.1
MMCV Compiler: GCC 7.5
MMCV CUDA Compiler: 11.1
MMPose: 0.27.0+e4d4b08
------------------------------------------------------------

2022-07-28 19:01:23,157 - mmpose - INFO - Distributed training: True
2022-07-28 19:01:26,646 - mmpose - INFO - Config:
checkpoint_config = dict(interval=10)
log_config = dict(interval=50, hooks=[dict(type='TextLoggerHook')])
log_level = 'INFO'
load_from = None
resume_from = None
dist_params = dict(backend='nccl')
workflow = [('train', 1)]
opencv_num_threads = 0
mp_start_method = 'fork'
dataset_info = dict(
    dataset_name='mpii',
    paper_info=dict(
        author=
        'Mykhaylo Andriluka and Leonid Pishchulin and Peter Gehler and Schiele, Bernt',
        title=
        '2D Human Pose Estimation: New Benchmark and State of the Art Analysis',
        container=
        'IEEE Conference on Computer Vision and Pattern Recognition (CVPR)',
        year='2014',
        homepage='http://human-pose.mpi-inf.mpg.de/'),
    keypoint_info=dict({
        0:
        dict(
            name='right_ankle',
            id=0,
            color=[255, 128, 0],
            type='lower',
            swap='left_ankle'),
        1:
        dict(
            name='right_knee',
            id=1,
            color=[255, 128, 0],
            type='lower',
            swap='left_knee'),
        2:
        dict(
            name='right_hip',
            id=2,
            color=[255, 128, 0],
            type='lower',
            swap='left_hip'),
        3:
        dict(
            name='left_hip',
            id=3,
            color=[0, 255, 0],
            type='lower',
            swap='right_hip'),
        4:
        dict(
            name='left_knee',
            id=4,
            color=[0, 255, 0],
            type='lower',
            swap='right_knee'),
        5:
        dict(
            name='left_ankle',
            id=5,
            color=[0, 255, 0],
            type='lower',
            swap='right_ankle'),
        6:
        dict(name='pelvis', id=6, color=[51, 153, 255], type='lower', swap=''),
        7:
        dict(name='thorax', id=7, color=[51, 153, 255], type='upper', swap=''),
        8:
        dict(
            name='upper_neck',
            id=8,
            color=[51, 153, 255],
            type='upper',
            swap=''),
        9:
        dict(
            name='head_top', id=9, color=[51, 153, 255], type='upper',
            swap=''),
        10:
        dict(
            name='right_wrist',
            id=10,
            color=[255, 128, 0],
            type='upper',
            swap='left_wrist'),
        11:
        dict(
            name='right_elbow',
            id=11,
            color=[255, 128, 0],
            type='upper',
            swap='left_elbow'),
        12:
        dict(
            name='right_shoulder',
            id=12,
            color=[255, 128, 0],
            type='upper',
            swap='left_shoulder'),
        13:
        dict(
            name='left_shoulder',
            id=13,
            color=[0, 255, 0],
            type='upper',
            swap='right_shoulder'),
        14:
        dict(
            name='left_elbow',
            id=14,
            color=[0, 255, 0],
            type='upper',
            swap='right_elbow'),
        15:
        dict(
            name='left_wrist',
            id=15,
            color=[0, 255, 0],
            type='upper',
            swap='right_wrist')
    }),
    skeleton_info=dict({
        0:
        dict(link=('right_ankle', 'right_knee'), id=0, color=[255, 128, 0]),
        1:
        dict(link=('right_knee', 'right_hip'), id=1, color=[255, 128, 0]),
        2:
        dict(link=('right_hip', 'pelvis'), id=2, color=[255, 128, 0]),
        3:
        dict(link=('pelvis', 'left_hip'), id=3, color=[0, 255, 0]),
        4:
        dict(link=('left_hip', 'left_knee'), id=4, color=[0, 255, 0]),
        5:
        dict(link=('left_knee', 'left_ankle'), id=5, color=[0, 255, 0]),
        6:
        dict(link=('pelvis', 'thorax'), id=6, color=[51, 153, 255]),
        7:
        dict(link=('thorax', 'upper_neck'), id=7, color=[51, 153, 255]),
        8:
        dict(link=('upper_neck', 'head_top'), id=8, color=[51, 153, 255]),
        9:
        dict(link=('upper_neck', 'right_shoulder'), id=9, color=[255, 128, 0]),
        10:
        dict(
            link=('right_shoulder', 'right_elbow'), id=10, color=[255, 128,
                                                                  0]),
        11:
        dict(link=('right_elbow', 'right_wrist'), id=11, color=[255, 128, 0]),
        12:
        dict(link=('upper_neck', 'left_shoulder'), id=12, color=[0, 255, 0]),
        13:
        dict(link=('left_shoulder', 'left_elbow'), id=13, color=[0, 255, 0]),
        14:
        dict(link=('left_elbow', 'left_wrist'), id=14, color=[0, 255, 0])
    }),
    joint_weights=[
        1.5, 1.2, 1.0, 1.0, 1.2, 1.5, 1.0, 1.0, 1.0, 1.0, 1.5, 1.2, 1.0, 1.0,
        1.2, 1.5
    ],
    sigmas=[
        0.089, 0.083, 0.107, 0.107, 0.083, 0.089, 0.026, 0.026, 0.026, 0.026,
        0.062, 0.072, 0.179, 0.179, 0.072, 0.062
    ])
evaluation = dict(interval=10, metric='PCKh', save_best='PCKh')
optimizer = dict(type='AdamW', lr=0.0005)
optimizer_config = dict(grad_clip=None)
lr_config = dict(
    policy='step',
    warmup='linear',
    warmup_iters=500,
    warmup_ratio=0.001,
    step=[170, 200])
total_epochs = 210
channel_cfg = dict(
    num_output_channels=16,
    dataset_joints=16,
    dataset_channel=[0, 1, 2, 3, 4, 5, 6, 7, 8, 9, 10, 11, 12, 13, 14, 15],
    inference_channel=[0, 1, 2, 3, 4, 5, 6, 7, 8, 9, 10, 11, 12, 13, 14, 15])
input_size = (256, 256)
ratio = 2
model = dict(
    type='TopDown',
    pretrained=
    'work_dirs/2_hm_shufflenetv2_mpii_256x256/best_PCKh_epoch_200.pth',
    backbone=dict(type='ShuffleNetV2', widen_factor=1.0),
    keypoint_head=dict(
        type='IntegralPoseRegressionHead2',
        in_channels=1024,
        num_joints=16,
        input_size=(256, 256),
        ratio=2,
        loss_keypoint=dict(
            type='DSNTRLE_SimC_Loss3',
            simc_param=dict(),
            rle_param=dict(
                use_target_weight=True, size_average=True, residual=True),
            rle_weight=1,
            simc_weight=1),
        out_sigma=True,
        out_highres=True,
        with_simcc=True),
    train_cfg=dict(with_simcc=True),
    test_cfg=dict(flip_test=True))
data_cfg = dict(
    image_size=[256, 256],
    heatmap_size=[64, 64],
    num_output_channels=16,
    num_joints=16,
    dataset_channel=[0, 1, 2, 3, 4, 5, 6, 7, 8, 9, 10, 11, 12, 13, 14, 15],
    inference_channel=[0, 1, 2, 3, 4, 5, 6, 7, 8, 9, 10, 11, 12, 13, 14, 15],
    use_gt_bbox=True,
    bbox_file=None)
train_pipeline = [
    dict(type='LoadImageFromFile'),
    dict(type='TopDownGetBboxCenterScale', padding=1.25),
    dict(type='TopDownRandomFlip', flip_prob=0.5),
    dict(
        type='TopDownGetRandomScaleRotation', rot_factor=40, scale_factor=0.5),
    dict(type='TopDownAffine'),
    dict(type='ToTensor'),
    dict(
        type='NormalizeTensor',
        mean=[0.485, 0.456, 0.406],
        std=[0.229, 0.224, 0.225]),
    dict(type='TopDownGenerateTargetRegression'),
    dict(type='TopDownGenerateSimC'),
    dict(
        type='Collect',
        keys=['img', 'target', 'target_weight', 'target_x', 'target_y'],
        meta_keys=[
            'image_file', 'joints_3d', 'joints_3d_visible', 'center', 'scale',
            'rotation', 'flip_pairs'
        ])
]
val_pipeline = [
    dict(type='LoadImageFromFile'),
    dict(type='TopDownGetBboxCenterScale', padding=1.25),
    dict(type='TopDownAffine'),
    dict(type='ToTensor'),
    dict(
        type='NormalizeTensor',
        mean=[0.485, 0.456, 0.406],
        std=[0.229, 0.224, 0.225]),
    dict(
        type='Collect',
        keys=['img'],
        meta_keys=['image_file', 'center', 'scale', 'rotation', 'flip_pairs'])
]
test_pipeline = [
    dict(type='LoadImageFromFile'),
    dict(type='TopDownGetBboxCenterScale', padding=1.25),
    dict(type='TopDownAffine'),
    dict(type='ToTensor'),
    dict(
        type='NormalizeTensor',
        mean=[0.485, 0.456, 0.406],
        std=[0.229, 0.224, 0.225]),
    dict(
        type='Collect',
        keys=['img'],
        meta_keys=['image_file', 'center', 'scale', 'rotation', 'flip_pairs'])
]
data_root = '/data/tfj/workspace/datasets/MPII'
data = dict(
    samples_per_gpu=64,
    workers_per_gpu=4,
    persistent_workers=True,
    val_dataloader=dict(samples_per_gpu=32),
    test_dataloader=dict(samples_per_gpu=32),
    train=dict(
        type='TopDownMpiiDataset',
        ann_file=
        '/data/tfj/workspace/datasets/MPII/annotations/mpii_train.json',
        img_prefix='/data/tfj/workspace/datasets/MPII/images/',
        data_cfg=dict(
            image_size=[256, 256],
            heatmap_size=[64, 64],
            num_output_channels=16,
            num_joints=16,
            dataset_channel=[
                0, 1, 2, 3, 4, 5, 6, 7, 8, 9, 10, 11, 12, 13, 14, 15
            ],
            inference_channel=[
                0, 1, 2, 3, 4, 5, 6, 7, 8, 9, 10, 11, 12, 13, 14, 15
            ],
            use_gt_bbox=True,
            bbox_file=None),
        pipeline=[
            dict(type='LoadImageFromFile'),
            dict(type='TopDownGetBboxCenterScale', padding=1.25),
            dict(type='TopDownRandomFlip', flip_prob=0.5),
            dict(
                type='TopDownGetRandomScaleRotation',
                rot_factor=40,
                scale_factor=0.5),
            dict(type='TopDownAffine'),
            dict(type='ToTensor'),
            dict(
                type='NormalizeTensor',
                mean=[0.485, 0.456, 0.406],
                std=[0.229, 0.224, 0.225]),
            dict(type='TopDownGenerateTargetRegression'),
            dict(type='TopDownGenerateSimC'),
            dict(
                type='Collect',
                keys=[
                    'img', 'target', 'target_weight', 'target_x', 'target_y'
                ],
                meta_keys=[
                    'image_file', 'joints_3d', 'joints_3d_visible', 'center',
                    'scale', 'rotation', 'flip_pairs'
                ])
        ],
        dataset_info=dict(
            dataset_name='mpii',
            paper_info=dict(
                author=
                'Mykhaylo Andriluka and Leonid Pishchulin and Peter Gehler and Schiele, Bernt',
                title=
                '2D Human Pose Estimation: New Benchmark and State of the Art Analysis',
                container=
                'IEEE Conference on Computer Vision and Pattern Recognition (CVPR)',
                year='2014',
                homepage='http://human-pose.mpi-inf.mpg.de/'),
            keypoint_info=dict({
                0:
                dict(
                    name='right_ankle',
                    id=0,
                    color=[255, 128, 0],
                    type='lower',
                    swap='left_ankle'),
                1:
                dict(
                    name='right_knee',
                    id=1,
                    color=[255, 128, 0],
                    type='lower',
                    swap='left_knee'),
                2:
                dict(
                    name='right_hip',
                    id=2,
                    color=[255, 128, 0],
                    type='lower',
                    swap='left_hip'),
                3:
                dict(
                    name='left_hip',
                    id=3,
                    color=[0, 255, 0],
                    type='lower',
                    swap='right_hip'),
                4:
                dict(
                    name='left_knee',
                    id=4,
                    color=[0, 255, 0],
                    type='lower',
                    swap='right_knee'),
                5:
                dict(
                    name='left_ankle',
                    id=5,
                    color=[0, 255, 0],
                    type='lower',
                    swap='right_ankle'),
                6:
                dict(
                    name='pelvis',
                    id=6,
                    color=[51, 153, 255],
                    type='lower',
                    swap=''),
                7:
                dict(
                    name='thorax',
                    id=7,
                    color=[51, 153, 255],
                    type='upper',
                    swap=''),
                8:
                dict(
                    name='upper_neck',
                    id=8,
                    color=[51, 153, 255],
                    type='upper',
                    swap=''),
                9:
                dict(
                    name='head_top',
                    id=9,
                    color=[51, 153, 255],
                    type='upper',
                    swap=''),
                10:
                dict(
                    name='right_wrist',
                    id=10,
                    color=[255, 128, 0],
                    type='upper',
                    swap='left_wrist'),
                11:
                dict(
                    name='right_elbow',
                    id=11,
                    color=[255, 128, 0],
                    type='upper',
                    swap='left_elbow'),
                12:
                dict(
                    name='right_shoulder',
                    id=12,
                    color=[255, 128, 0],
                    type='upper',
                    swap='left_shoulder'),
                13:
                dict(
                    name='left_shoulder',
                    id=13,
                    color=[0, 255, 0],
                    type='upper',
                    swap='right_shoulder'),
                14:
                dict(
                    name='left_elbow',
                    id=14,
                    color=[0, 255, 0],
                    type='upper',
                    swap='right_elbow'),
                15:
                dict(
                    name='left_wrist',
                    id=15,
                    color=[0, 255, 0],
                    type='upper',
                    swap='right_wrist')
            }),
            skeleton_info=dict({
                0:
                dict(
                    link=('right_ankle', 'right_knee'),
                    id=0,
                    color=[255, 128, 0]),
                1:
                dict(
                    link=('right_knee', 'right_hip'),
                    id=1,
                    color=[255, 128, 0]),
                2:
                dict(link=('right_hip', 'pelvis'), id=2, color=[255, 128, 0]),
                3:
                dict(link=('pelvis', 'left_hip'), id=3, color=[0, 255, 0]),
                4:
                dict(link=('left_hip', 'left_knee'), id=4, color=[0, 255, 0]),
                5:
                dict(
                    link=('left_knee', 'left_ankle'), id=5, color=[0, 255, 0]),
                6:
                dict(link=('pelvis', 'thorax'), id=6, color=[51, 153, 255]),
                7:
                dict(
                    link=('thorax', 'upper_neck'), id=7, color=[51, 153, 255]),
                8:
                dict(
                    link=('upper_neck', 'head_top'),
                    id=8,
                    color=[51, 153, 255]),
                9:
                dict(
                    link=('upper_neck', 'right_shoulder'),
                    id=9,
                    color=[255, 128, 0]),
                10:
                dict(
                    link=('right_shoulder', 'right_elbow'),
                    id=10,
                    color=[255, 128, 0]),
                11:
                dict(
                    link=('right_elbow', 'right_wrist'),
                    id=11,
                    color=[255, 128, 0]),
                12:
                dict(
                    link=('upper_neck', 'left_shoulder'),
                    id=12,
                    color=[0, 255, 0]),
                13:
                dict(
                    link=('left_shoulder', 'left_elbow'),
                    id=13,
                    color=[0, 255, 0]),
                14:
                dict(
                    link=('left_elbow', 'left_wrist'),
                    id=14,
                    color=[0, 255, 0])
            }),
            joint_weights=[
                1.5, 1.2, 1.0, 1.0, 1.2, 1.5, 1.0, 1.0, 1.0, 1.0, 1.5, 1.2,
                1.0, 1.0, 1.2, 1.5
            ],
            sigmas=[
                0.089, 0.083, 0.107, 0.107, 0.083, 0.089, 0.026, 0.026, 0.026,
                0.026, 0.062, 0.072, 0.179, 0.179, 0.072, 0.062
            ])),
    val=dict(
        type='TopDownMpiiDataset',
        ann_file='/data/tfj/workspace/datasets/MPII/annotations/mpii_val.json',
        img_prefix='/data/tfj/workspace/datasets/MPII/images/',
        data_cfg=dict(
            image_size=[256, 256],
            heatmap_size=[64, 64],
            num_output_channels=16,
            num_joints=16,
            dataset_channel=[
                0, 1, 2, 3, 4, 5, 6, 7, 8, 9, 10, 11, 12, 13, 14, 15
            ],
            inference_channel=[
                0, 1, 2, 3, 4, 5, 6, 7, 8, 9, 10, 11, 12, 13, 14, 15
            ],
            use_gt_bbox=True,
            bbox_file=None),
        pipeline=[
            dict(type='LoadImageFromFile'),
            dict(type='TopDownGetBboxCenterScale', padding=1.25),
            dict(type='TopDownAffine'),
            dict(type='ToTensor'),
            dict(
                type='NormalizeTensor',
                mean=[0.485, 0.456, 0.406],
                std=[0.229, 0.224, 0.225]),
            dict(
                type='Collect',
                keys=['img'],
                meta_keys=[
                    'image_file', 'center', 'scale', 'rotation', 'flip_pairs'
                ])
        ],
        dataset_info=dict(
            dataset_name='mpii',
            paper_info=dict(
                author=
                'Mykhaylo Andriluka and Leonid Pishchulin and Peter Gehler and Schiele, Bernt',
                title=
                '2D Human Pose Estimation: New Benchmark and State of the Art Analysis',
                container=
                'IEEE Conference on Computer Vision and Pattern Recognition (CVPR)',
                year='2014',
                homepage='http://human-pose.mpi-inf.mpg.de/'),
            keypoint_info=dict({
                0:
                dict(
                    name='right_ankle',
                    id=0,
                    color=[255, 128, 0],
                    type='lower',
                    swap='left_ankle'),
                1:
                dict(
                    name='right_knee',
                    id=1,
                    color=[255, 128, 0],
                    type='lower',
                    swap='left_knee'),
                2:
                dict(
                    name='right_hip',
                    id=2,
                    color=[255, 128, 0],
                    type='lower',
                    swap='left_hip'),
                3:
                dict(
                    name='left_hip',
                    id=3,
                    color=[0, 255, 0],
                    type='lower',
                    swap='right_hip'),
                4:
                dict(
                    name='left_knee',
                    id=4,
                    color=[0, 255, 0],
                    type='lower',
                    swap='right_knee'),
                5:
                dict(
                    name='left_ankle',
                    id=5,
                    color=[0, 255, 0],
                    type='lower',
                    swap='right_ankle'),
                6:
                dict(
                    name='pelvis',
                    id=6,
                    color=[51, 153, 255],
                    type='lower',
                    swap=''),
                7:
                dict(
                    name='thorax',
                    id=7,
                    color=[51, 153, 255],
                    type='upper',
                    swap=''),
                8:
                dict(
                    name='upper_neck',
                    id=8,
                    color=[51, 153, 255],
                    type='upper',
                    swap=''),
                9:
                dict(
                    name='head_top',
                    id=9,
                    color=[51, 153, 255],
                    type='upper',
                    swap=''),
                10:
                dict(
                    name='right_wrist',
                    id=10,
                    color=[255, 128, 0],
                    type='upper',
                    swap='left_wrist'),
                11:
                dict(
                    name='right_elbow',
                    id=11,
                    color=[255, 128, 0],
                    type='upper',
                    swap='left_elbow'),
                12:
                dict(
                    name='right_shoulder',
                    id=12,
                    color=[255, 128, 0],
                    type='upper',
                    swap='left_shoulder'),
                13:
                dict(
                    name='left_shoulder',
                    id=13,
                    color=[0, 255, 0],
                    type='upper',
                    swap='right_shoulder'),
                14:
                dict(
                    name='left_elbow',
                    id=14,
                    color=[0, 255, 0],
                    type='upper',
                    swap='right_elbow'),
                15:
                dict(
                    name='left_wrist',
                    id=15,
                    color=[0, 255, 0],
                    type='upper',
                    swap='right_wrist')
            }),
            skeleton_info=dict({
                0:
                dict(
                    link=('right_ankle', 'right_knee'),
                    id=0,
                    color=[255, 128, 0]),
                1:
                dict(
                    link=('right_knee', 'right_hip'),
                    id=1,
                    color=[255, 128, 0]),
                2:
                dict(link=('right_hip', 'pelvis'), id=2, color=[255, 128, 0]),
                3:
                dict(link=('pelvis', 'left_hip'), id=3, color=[0, 255, 0]),
                4:
                dict(link=('left_hip', 'left_knee'), id=4, color=[0, 255, 0]),
                5:
                dict(
                    link=('left_knee', 'left_ankle'), id=5, color=[0, 255, 0]),
                6:
                dict(link=('pelvis', 'thorax'), id=6, color=[51, 153, 255]),
                7:
                dict(
                    link=('thorax', 'upper_neck'), id=7, color=[51, 153, 255]),
                8:
                dict(
                    link=('upper_neck', 'head_top'),
                    id=8,
                    color=[51, 153, 255]),
                9:
                dict(
                    link=('upper_neck', 'right_shoulder'),
                    id=9,
                    color=[255, 128, 0]),
                10:
                dict(
                    link=('right_shoulder', 'right_elbow'),
                    id=10,
                    color=[255, 128, 0]),
                11:
                dict(
                    link=('right_elbow', 'right_wrist'),
                    id=11,
                    color=[255, 128, 0]),
                12:
                dict(
                    link=('upper_neck', 'left_shoulder'),
                    id=12,
                    color=[0, 255, 0]),
                13:
                dict(
                    link=('left_shoulder', 'left_elbow'),
                    id=13,
                    color=[0, 255, 0]),
                14:
                dict(
                    link=('left_elbow', 'left_wrist'),
                    id=14,
                    color=[0, 255, 0])
            }),
            joint_weights=[
                1.5, 1.2, 1.0, 1.0, 1.2, 1.5, 1.0, 1.0, 1.0, 1.0, 1.5, 1.2,
                1.0, 1.0, 1.2, 1.5
            ],
            sigmas=[
                0.089, 0.083, 0.107, 0.107, 0.083, 0.089, 0.026, 0.026, 0.026,
                0.026, 0.062, 0.072, 0.179, 0.179, 0.072, 0.062
            ])),
    test=dict(
        type='TopDownMpiiDataset',
        ann_file='/data/tfj/workspace/datasets/MPII/annotations/mpii_val.json',
        img_prefix='/data/tfj/workspace/datasets/MPII/images/',
        data_cfg=dict(
            image_size=[256, 256],
            heatmap_size=[64, 64],
            num_output_channels=16,
            num_joints=16,
            dataset_channel=[
                0, 1, 2, 3, 4, 5, 6, 7, 8, 9, 10, 11, 12, 13, 14, 15
            ],
            inference_channel=[
                0, 1, 2, 3, 4, 5, 6, 7, 8, 9, 10, 11, 12, 13, 14, 15
            ],
            use_gt_bbox=True,
            bbox_file=None),
        pipeline=[
            dict(type='LoadImageFromFile'),
            dict(type='TopDownGetBboxCenterScale', padding=1.25),
            dict(type='TopDownAffine'),
            dict(type='ToTensor'),
            dict(
                type='NormalizeTensor',
                mean=[0.485, 0.456, 0.406],
                std=[0.229, 0.224, 0.225]),
            dict(
                type='Collect',
                keys=['img'],
                meta_keys=[
                    'image_file', 'center', 'scale', 'rotation', 'flip_pairs'
                ])
        ],
        dataset_info=dict(
            dataset_name='mpii',
            paper_info=dict(
                author=
                'Mykhaylo Andriluka and Leonid Pishchulin and Peter Gehler and Schiele, Bernt',
                title=
                '2D Human Pose Estimation: New Benchmark and State of the Art Analysis',
                container=
                'IEEE Conference on Computer Vision and Pattern Recognition (CVPR)',
                year='2014',
                homepage='http://human-pose.mpi-inf.mpg.de/'),
            keypoint_info=dict({
                0:
                dict(
                    name='right_ankle',
                    id=0,
                    color=[255, 128, 0],
                    type='lower',
                    swap='left_ankle'),
                1:
                dict(
                    name='right_knee',
                    id=1,
                    color=[255, 128, 0],
                    type='lower',
                    swap='left_knee'),
                2:
                dict(
                    name='right_hip',
                    id=2,
                    color=[255, 128, 0],
                    type='lower',
                    swap='left_hip'),
                3:
                dict(
                    name='left_hip',
                    id=3,
                    color=[0, 255, 0],
                    type='lower',
                    swap='right_hip'),
                4:
                dict(
                    name='left_knee',
                    id=4,
                    color=[0, 255, 0],
                    type='lower',
                    swap='right_knee'),
                5:
                dict(
                    name='left_ankle',
                    id=5,
                    color=[0, 255, 0],
                    type='lower',
                    swap='right_ankle'),
                6:
                dict(
                    name='pelvis',
                    id=6,
                    color=[51, 153, 255],
                    type='lower',
                    swap=''),
                7:
                dict(
                    name='thorax',
                    id=7,
                    color=[51, 153, 255],
                    type='upper',
                    swap=''),
                8:
                dict(
                    name='upper_neck',
                    id=8,
                    color=[51, 153, 255],
                    type='upper',
                    swap=''),
                9:
                dict(
                    name='head_top',
                    id=9,
                    color=[51, 153, 255],
                    type='upper',
                    swap=''),
                10:
                dict(
                    name='right_wrist',
                    id=10,
                    color=[255, 128, 0],
                    type='upper',
                    swap='left_wrist'),
                11:
                dict(
                    name='right_elbow',
                    id=11,
                    color=[255, 128, 0],
                    type='upper',
                    swap='left_elbow'),
                12:
                dict(
                    name='right_shoulder',
                    id=12,
                    color=[255, 128, 0],
                    type='upper',
                    swap='left_shoulder'),
                13:
                dict(
                    name='left_shoulder',
                    id=13,
                    color=[0, 255, 0],
                    type='upper',
                    swap='right_shoulder'),
                14:
                dict(
                    name='left_elbow',
                    id=14,
                    color=[0, 255, 0],
                    type='upper',
                    swap='right_elbow'),
                15:
                dict(
                    name='left_wrist',
                    id=15,
                    color=[0, 255, 0],
                    type='upper',
                    swap='right_wrist')
            }),
            skeleton_info=dict({
                0:
                dict(
                    link=('right_ankle', 'right_knee'),
                    id=0,
                    color=[255, 128, 0]),
                1:
                dict(
                    link=('right_knee', 'right_hip'),
                    id=1,
                    color=[255, 128, 0]),
                2:
                dict(link=('right_hip', 'pelvis'), id=2, color=[255, 128, 0]),
                3:
                dict(link=('pelvis', 'left_hip'), id=3, color=[0, 255, 0]),
                4:
                dict(link=('left_hip', 'left_knee'), id=4, color=[0, 255, 0]),
                5:
                dict(
                    link=('left_knee', 'left_ankle'), id=5, color=[0, 255, 0]),
                6:
                dict(link=('pelvis', 'thorax'), id=6, color=[51, 153, 255]),
                7:
                dict(
                    link=('thorax', 'upper_neck'), id=7, color=[51, 153, 255]),
                8:
                dict(
                    link=('upper_neck', 'head_top'),
                    id=8,
                    color=[51, 153, 255]),
                9:
                dict(
                    link=('upper_neck', 'right_shoulder'),
                    id=9,
                    color=[255, 128, 0]),
                10:
                dict(
                    link=('right_shoulder', 'right_elbow'),
                    id=10,
                    color=[255, 128, 0]),
                11:
                dict(
                    link=('right_elbow', 'right_wrist'),
                    id=11,
                    color=[255, 128, 0]),
                12:
                dict(
                    link=('upper_neck', 'left_shoulder'),
                    id=12,
                    color=[0, 255, 0]),
                13:
                dict(
                    link=('left_shoulder', 'left_elbow'),
                    id=13,
                    color=[0, 255, 0]),
                14:
                dict(
                    link=('left_elbow', 'left_wrist'),
                    id=14,
                    color=[0, 255, 0])
            }),
            joint_weights=[
                1.5, 1.2, 1.0, 1.0, 1.2, 1.5, 1.0, 1.0, 1.0, 1.0, 1.5, 1.2,
                1.0, 1.0, 1.2, 1.5
            ],
            sigmas=[
                0.089, 0.083, 0.107, 0.107, 0.083, 0.089, 0.026, 0.026, 0.026,
                0.026, 0.062, 0.072, 0.179, 0.179, 0.072, 0.062
            ])))
work_dir = './work_dirs/32_reg_shufflenetv2_mpii_256x256_dsnt_rle_highres_simc'
gpu_ids = range(0, 4)

2022-07-28 19:01:26,648 - mmpose - INFO - Set random seed to 2526, deterministic: False
2022-07-28 19:01:36,159 - mmpose - INFO - Start running, host: tianfj@qwe, work_dir: /data/tfj/workspace/python_projects/pose/mmpose0270/work_dirs/32_reg_shufflenetv2_mpii_256x256_dsnt_rle_highres_simc
2022-07-28 19:01:36,159 - mmpose - INFO - Hooks will be executed in the following order:
before_run:
(VERY_HIGH   ) StepLrUpdaterHook                  
(NORMAL      ) CheckpointHook                     
(NORMAL      ) DistEvalHook                       
(VERY_LOW    ) TextLoggerHook                     
 -------------------- 
before_train_epoch:
(VERY_HIGH   ) StepLrUpdaterHook                  
(NORMAL      ) DistSamplerSeedHook                
(NORMAL      ) DistEvalHook                       
(LOW         ) IterTimerHook                      
(VERY_LOW    ) TextLoggerHook                     
 -------------------- 
before_train_iter:
(VERY_HIGH   ) StepLrUpdaterHook                  
(NORMAL      ) DistEvalHook                       
(LOW         ) IterTimerHook                      
 -------------------- 
after_train_iter:
(ABOVE_NORMAL) OptimizerHook                      
(NORMAL      ) CheckpointHook                     
(NORMAL      ) DistEvalHook                       
(LOW         ) IterTimerHook                      
(VERY_LOW    ) TextLoggerHook                     
 -------------------- 
after_train_epoch:
(NORMAL      ) CheckpointHook                     
(NORMAL      ) DistEvalHook                       
(VERY_LOW    ) TextLoggerHook                     
 -------------------- 
before_val_epoch:
(NORMAL      ) DistSamplerSeedHook                
(LOW         ) IterTimerHook                      
(VERY_LOW    ) TextLoggerHook                     
 -------------------- 
before_val_iter:
(LOW         ) IterTimerHook                      
 -------------------- 
after_val_iter:
(LOW         ) IterTimerHook                      
 -------------------- 
after_val_epoch:
(VERY_LOW    ) TextLoggerHook                     
 -------------------- 
after_run:
(VERY_LOW    ) TextLoggerHook                     
 -------------------- 
2022-07-28 19:01:36,159 - mmpose - INFO - workflow: [('train', 1)], max: 210 epochs
2022-07-28 19:01:36,159 - mmpose - INFO - Checkpoints will be saved to /data/tfj/workspace/python_projects/pose/mmpose0270/work_dirs/32_reg_shufflenetv2_mpii_256x256_dsnt_rle_highres_simc by HardDiskBackend.
2022-07-28 19:02:00,984 - mmpose - INFO - Epoch [1][50/87]	lr: 4.945e-05, eta: 2:30:44, time: 0.496, data_time: 0.381, memory: 1759, reg_loss: 34.4907, 2: 34.3714, 3: 0.1089, 4: 0.0105, acc_pose: 0.0756, loss: 34.4907
2022-07-28 19:02:40,014 - mmpose - INFO - Epoch [2][50/87]	lr: 1.364e-04, eta: 1:48:47, time: 0.490, data_time: 0.271, memory: 1759, reg_loss: -27.9417, 2: -28.0196, 3: 0.0674, 4: 0.0105, acc_pose: 0.2497, loss: -27.9417
2022-07-28 19:03:18,212 - mmpose - INFO - Epoch [3][50/87]	lr: 2.233e-04, eta: 1:37:48, time: 0.470, data_time: 0.130, memory: 1759, reg_loss: -65.4129, 2: -65.4641, 3: 0.0407, 4: 0.0105, acc_pose: 0.4912, loss: -65.4129
2022-07-28 19:03:55,874 - mmpose - INFO - Epoch [4][50/87]	lr: 3.102e-04, eta: 1:32:18, time: 0.461, data_time: 0.235, memory: 1759, reg_loss: -79.2489, 2: -79.2929, 3: 0.0336, 4: 0.0104, acc_pose: 0.5716, loss: -79.2489
2022-07-28 19:04:33,810 - mmpose - INFO - Epoch [5][50/87]	lr: 3.971e-04, eta: 1:29:03, time: 0.462, data_time: 0.197, memory: 1759, reg_loss: -84.7063, 2: -84.7476, 3: 0.0308, 4: 0.0105, acc_pose: 0.6233, loss: -84.7063
2022-07-28 19:05:11,364 - mmpose - INFO - Epoch [6][50/87]	lr: 4.840e-04, eta: 1:26:46, time: 0.460, data_time: 0.306, memory: 1759, reg_loss: -86.8354, 2: -86.8755, 3: 0.0297, 4: 0.0105, acc_pose: 0.6396, loss: -86.8354
2022-07-28 19:05:48,819 - mmpose - INFO - Epoch [7][50/87]	lr: 5.000e-04, eta: 1:25:28, time: 0.475, data_time: 0.252, memory: 1759, reg_loss: -89.9742, 2: -90.0132, 3: 0.0285, 4: 0.0105, acc_pose: 0.6657, loss: -89.9742
2022-07-28 19:06:26,838 - mmpose - INFO - Epoch [8][50/87]	lr: 5.000e-04, eta: 1:24:07, time: 0.463, data_time: 0.335, memory: 1759, reg_loss: -92.6281, 2: -92.6658, 3: 0.0273, 4: 0.0105, acc_pose: 0.6818, loss: -92.6281
2022-07-28 19:07:04,420 - mmpose - INFO - Epoch [9][50/87]	lr: 5.000e-04, eta: 1:23:05, time: 0.467, data_time: 0.354, memory: 1759, reg_loss: -93.3930, 2: -93.4303, 3: 0.0269, 4: 0.0105, acc_pose: 0.6785, loss: -93.3930
2022-07-28 19:07:41,715 - mmpose - INFO - Epoch [10][50/87]	lr: 5.000e-04, eta: 1:22:08, time: 0.464, data_time: 0.360, memory: 1759, reg_loss: -94.5921, 2: -94.6287, 3: 0.0262, 4: 0.0104, acc_pose: 0.6948, loss: -94.5921
2022-07-28 19:07:56,158 - mmpose - INFO - Saving checkpoint at 10 epochs
2022-07-28 19:08:01,647 - mmpose - INFO - Now best checkpoint is saved as best_PCKh_epoch_10.pth.
2022-07-28 19:08:01,648 - mmpose - INFO - Best PCKh is 73.0939 at 10 epoch.
2022-07-28 19:08:01,648 - mmpose - INFO - Epoch(val) [10][24]	Head: 89.8704, Shoulder: 89.2323, Elbow: 73.6495, Wrist: 58.0783, Hip: 80.8205, Knee: 61.4349, Ankle: 46.8340, PCKh: 73.0939, PCKh@0.1: 11.7695
2022-07-28 19:08:25,345 - mmpose - INFO - Epoch [11][50/87]	lr: 5.000e-04, eta: 1:21:26, time: 0.474, data_time: 0.216, memory: 1759, reg_loss: -95.6804, 2: -95.7166, 3: 0.0258, 4: 0.0104, acc_pose: 0.7062, loss: -95.6804
2022-07-28 19:09:03,530 - mmpose - INFO - Epoch [12][50/87]	lr: 5.000e-04, eta: 1:20:44, time: 0.469, data_time: 0.284, memory: 1759, reg_loss: -96.4187, 2: -96.4546, 3: 0.0254, 4: 0.0104, acc_pose: 0.7082, loss: -96.4187
2022-07-28 19:09:40,471 - mmpose - INFO - Epoch [13][50/87]	lr: 5.000e-04, eta: 1:19:56, time: 0.457, data_time: 0.350, memory: 1759, reg_loss: -98.0837, 2: -98.1192, 3: 0.0250, 4: 0.0105, acc_pose: 0.7200, loss: -98.0837
2022-07-28 19:10:17,556 - mmpose - INFO - Epoch [14][50/87]	lr: 5.000e-04, eta: 1:19:06, time: 0.451, data_time: 0.177, memory: 1759, reg_loss: -97.9158, 2: -97.9509, 3: 0.0246, 4: 0.0104, acc_pose: 0.7171, loss: -97.9158
2022-07-28 19:10:55,430 - mmpose - INFO - Epoch [15][50/87]	lr: 5.000e-04, eta: 1:18:30, time: 0.466, data_time: 0.143, memory: 1759, reg_loss: -97.5656, 2: -97.6010, 3: 0.0250, 4: 0.0104, acc_pose: 0.7203, loss: -97.5656
2022-07-28 19:11:32,358 - mmpose - INFO - Epoch [16][50/87]	lr: 5.000e-04, eta: 1:17:50, time: 0.456, data_time: 0.314, memory: 1759, reg_loss: -99.4965, 2: -99.5312, 3: 0.0242, 4: 0.0104, acc_pose: 0.7232, loss: -99.4965
2022-07-28 19:12:09,716 - mmpose - INFO - Epoch [17][50/87]	lr: 5.000e-04, eta: 1:17:12, time: 0.456, data_time: 0.228, memory: 1759, reg_loss: -100.2515, 2: -100.2860, 3: 0.0240, 4: 0.0105, acc_pose: 0.7313, loss: -100.2515
2022-07-28 19:12:46,310 - mmpose - INFO - Epoch [18][50/87]	lr: 5.000e-04, eta: 1:16:31, time: 0.448, data_time: 0.304, memory: 1759, reg_loss: -100.2721, 2: -100.3065, 3: 0.0240, 4: 0.0104, acc_pose: 0.7322, loss: -100.2721
2022-07-28 19:13:22,756 - mmpose - INFO - Epoch [19][50/87]	lr: 5.000e-04, eta: 1:15:55, time: 0.455, data_time: 0.297, memory: 1759, reg_loss: -101.0153, 2: -101.0494, 3: 0.0236, 4: 0.0104, acc_pose: 0.7361, loss: -101.0153
2022-07-28 19:13:59,339 - mmpose - INFO - Epoch [20][50/87]	lr: 5.000e-04, eta: 1:15:21, time: 0.455, data_time: 0.297, memory: 1759, reg_loss: -102.3692, 2: -102.4030, 3: 0.0233, 4: 0.0105, acc_pose: 0.7492, loss: -102.3692
2022-07-28 19:14:13,879 - mmpose - INFO - Saving checkpoint at 20 epochs
2022-07-28 19:14:18,995 - mmpose - INFO - The previous best checkpoint /data/tfj/workspace/python_projects/pose/mmpose0270/work_dirs/32_reg_shufflenetv2_mpii_256x256_dsnt_rle_highres_simc/best_PCKh_epoch_10.pth was removed
2022-07-28 19:14:19,204 - mmpose - INFO - Now best checkpoint is saved as best_PCKh_epoch_20.pth.
2022-07-28 19:14:19,205 - mmpose - INFO - Best PCKh is 76.7864 at 20 epoch.
2022-07-28 19:14:19,205 - mmpose - INFO - Epoch(val) [20][24]	Head: 92.3602, Shoulder: 90.6420, Elbow: 76.3255, Wrist: 63.7155, Hip: 83.1227, Knee: 66.1493, Ankle: 55.9039, PCKh: 76.7864, PCKh@0.1: 15.5295
2022-07-28 19:14:41,521 - mmpose - INFO - Epoch [21][50/87]	lr: 5.000e-04, eta: 1:14:44, time: 0.446, data_time: 0.342, memory: 1759, reg_loss: -102.0627, 2: -102.0966, 3: 0.0235, 4: 0.0104, acc_pose: 0.7481, loss: -102.0627
2022-07-28 19:15:18,398 - mmpose - INFO - Epoch [22][50/87]	lr: 5.000e-04, eta: 1:14:15, time: 0.460, data_time: 0.339, memory: 1759, reg_loss: -103.3917, 2: -103.4250, 3: 0.0229, 4: 0.0104, acc_pose: 0.7530, loss: -103.3917
2022-07-28 19:15:55,598 - mmpose - INFO - Epoch [23][50/87]	lr: 5.000e-04, eta: 1:13:46, time: 0.460, data_time: 0.275, memory: 1759, reg_loss: -104.5521, 2: -104.5852, 3: 0.0227, 4: 0.0104, acc_pose: 0.7482, loss: -104.5521
2022-07-28 19:16:33,456 - mmpose - INFO - Epoch [24][50/87]	lr: 5.000e-04, eta: 1:13:18, time: 0.461, data_time: 0.352, memory: 1759, reg_loss: -105.3443, 2: -105.3772, 3: 0.0224, 4: 0.0104, acc_pose: 0.7622, loss: -105.3443
2022-07-28 19:17:10,990 - mmpose - INFO - Epoch [25][50/87]	lr: 5.000e-04, eta: 1:12:50, time: 0.461, data_time: 0.336, memory: 1759, reg_loss: -105.7469, 2: -105.7797, 3: 0.0224, 4: 0.0104, acc_pose: 0.7618, loss: -105.7469
2022-07-28 19:17:47,522 - mmpose - INFO - Epoch [26][50/87]	lr: 5.000e-04, eta: 1:12:20, time: 0.453, data_time: 0.310, memory: 1759, reg_loss: -106.0246, 2: -106.0571, 3: 0.0221, 4: 0.0104, acc_pose: 0.7606, loss: -106.0246
2022-07-28 19:18:24,258 - mmpose - INFO - Epoch [27][50/87]	lr: 5.000e-04, eta: 1:11:50, time: 0.453, data_time: 0.231, memory: 1759, reg_loss: -106.3700, 2: -106.4025, 3: 0.0221, 4: 0.0104, acc_pose: 0.7652, loss: -106.3700
2022-07-28 19:19:00,970 - mmpose - INFO - Epoch [28][50/87]	lr: 5.000e-04, eta: 1:11:23, time: 0.458, data_time: 0.324, memory: 1759, reg_loss: -106.8096, 2: -106.8420, 3: 0.0220, 4: 0.0104, acc_pose: 0.7619, loss: -106.8096
2022-07-28 19:19:37,098 - mmpose - INFO - Epoch [29][50/87]	lr: 5.000e-04, eta: 1:10:53, time: 0.448, data_time: 0.186, memory: 1759, reg_loss: -107.7489, 2: -107.7809, 3: 0.0215, 4: 0.0104, acc_pose: 0.7690, loss: -107.7489
2022-07-28 19:20:14,830 - mmpose - INFO - Epoch [30][50/87]	lr: 5.000e-04, eta: 1:10:30, time: 0.473, data_time: 0.293, memory: 1759, reg_loss: -106.9271, 2: -106.9594, 3: 0.0219, 4: 0.0104, acc_pose: 0.7670, loss: -106.9271
2022-07-28 19:20:28,957 - mmpose - INFO - Saving checkpoint at 30 epochs
2022-07-28 19:20:34,066 - mmpose - INFO - The previous best checkpoint /data/tfj/workspace/python_projects/pose/mmpose0270/work_dirs/32_reg_shufflenetv2_mpii_256x256_dsnt_rle_highres_simc/best_PCKh_epoch_20.pth was removed
2022-07-28 19:20:34,298 - mmpose - INFO - Now best checkpoint is saved as best_PCKh_epoch_30.pth.
2022-07-28 19:20:34,299 - mmpose - INFO - Best PCKh is 78.7458 at 30 epoch.
2022-07-28 19:20:34,299 - mmpose - INFO - Epoch(val) [30][24]	Head: 92.4966, Shoulder: 91.6440, Elbow: 78.5068, Wrist: 67.5710, Hip: 83.0362, Knee: 69.7763, Ankle: 59.5177, PCKh: 78.7458, PCKh@0.1: 16.9919
2022-07-28 19:20:57,152 - mmpose - INFO - Epoch [31][50/87]	lr: 5.000e-04, eta: 1:10:04, time: 0.457, data_time: 0.267, memory: 1759, reg_loss: -107.5426, 2: -107.5746, 3: 0.0216, 4: 0.0104, acc_pose: 0.7707, loss: -107.5426
2022-07-28 19:21:33,984 - mmpose - INFO - Epoch [32][50/87]	lr: 5.000e-04, eta: 1:09:36, time: 0.454, data_time: 0.236, memory: 1759, reg_loss: -108.1199, 2: -108.1517, 3: 0.0214, 4: 0.0104, acc_pose: 0.7759, loss: -108.1199
2022-07-28 19:22:10,433 - mmpose - INFO - Epoch [33][50/87]	lr: 5.000e-04, eta: 1:09:07, time: 0.447, data_time: 0.214, memory: 1759, reg_loss: -108.8920, 2: -108.9238, 3: 0.0213, 4: 0.0104, acc_pose: 0.7817, loss: -108.8920
2022-07-28 19:22:47,503 - mmpose - INFO - Epoch [34][50/87]	lr: 5.000e-04, eta: 1:08:40, time: 0.453, data_time: 0.159, memory: 1759, reg_loss: -109.3701, 2: -109.4017, 3: 0.0212, 4: 0.0104, acc_pose: 0.7855, loss: -109.3701
2022-07-28 19:23:23,489 - mmpose - INFO - Epoch [35][50/87]	lr: 5.000e-04, eta: 1:08:13, time: 0.453, data_time: 0.284, memory: 1759, reg_loss: -108.6298, 2: -108.6616, 3: 0.0214, 4: 0.0104, acc_pose: 0.7830, loss: -108.6298
2022-07-28 19:24:00,175 - mmpose - INFO - Epoch [36][50/87]	lr: 5.000e-04, eta: 1:07:47, time: 0.457, data_time: 0.115, memory: 1759, reg_loss: -109.7098, 2: -109.7412, 3: 0.0209, 4: 0.0104, acc_pose: 0.7909, loss: -109.7098
2022-07-28 19:24:36,856 - mmpose - INFO - Epoch [37][50/87]	lr: 5.000e-04, eta: 1:07:20, time: 0.453, data_time: 0.277, memory: 1759, reg_loss: -110.0132, 2: -110.0444, 3: 0.0208, 4: 0.0104, acc_pose: 0.7860, loss: -110.0132
2022-07-28 19:25:13,497 - mmpose - INFO - Epoch [38][50/87]	lr: 5.000e-04, eta: 1:06:54, time: 0.453, data_time: 0.347, memory: 1759, reg_loss: -110.1202, 2: -110.1516, 3: 0.0209, 4: 0.0104, acc_pose: 0.7909, loss: -110.1202
2022-07-28 19:25:50,260 - mmpose - INFO - Epoch [39][50/87]	lr: 5.000e-04, eta: 1:06:29, time: 0.459, data_time: 0.218, memory: 1759, reg_loss: -110.3971, 2: -110.4284, 3: 0.0209, 4: 0.0105, acc_pose: 0.7891, loss: -110.3971
2022-07-28 19:26:27,098 - mmpose - INFO - Epoch [40][50/87]	lr: 5.000e-04, eta: 1:06:05, time: 0.462, data_time: 0.361, memory: 1759, reg_loss: -110.7002, 2: -110.7314, 3: 0.0208, 4: 0.0104, acc_pose: 0.7936, loss: -110.7002
2022-07-28 19:26:40,926 - mmpose - INFO - Saving checkpoint at 40 epochs
2022-07-28 19:26:45,920 - mmpose - INFO - The previous best checkpoint /data/tfj/workspace/python_projects/pose/mmpose0270/work_dirs/32_reg_shufflenetv2_mpii_256x256_dsnt_rle_highres_simc/best_PCKh_epoch_30.pth was removed
2022-07-28 19:26:46,146 - mmpose - INFO - Now best checkpoint is saved as best_PCKh_epoch_40.pth.
2022-07-28 19:26:46,147 - mmpose - INFO - Best PCKh is 79.3391 at 40 epoch.
2022-07-28 19:26:46,147 - mmpose - INFO - Epoch(val) [40][24]	Head: 93.0082, Shoulder: 91.1685, Elbow: 78.6776, Wrist: 68.1537, Hip: 83.4170, Knee: 71.1057, Ankle: 62.0213, PCKh: 79.3391, PCKh@0.1: 17.9261
2022-07-28 19:27:08,568 - mmpose - INFO - Epoch [41][50/87]	lr: 5.000e-04, eta: 1:05:38, time: 0.448, data_time: 0.347, memory: 1759, reg_loss: -110.3431, 2: -110.3742, 3: 0.0207, 4: 0.0104, acc_pose: 0.7924, loss: -110.3431
2022-07-28 19:27:44,683 - mmpose - INFO - Epoch [42][50/87]	lr: 5.000e-04, eta: 1:05:12, time: 0.448, data_time: 0.272, memory: 1759, reg_loss: -109.8709, 2: -109.9021, 3: 0.0207, 4: 0.0104, acc_pose: 0.7908, loss: -109.8709
2022-07-28 19:28:22,086 - mmpose - INFO - Epoch [43][50/87]	lr: 5.000e-04, eta: 1:04:49, time: 0.468, data_time: 0.321, memory: 1759, reg_loss: -111.0572, 2: -111.0884, 3: 0.0207, 4: 0.0105, acc_pose: 0.7890, loss: -111.0572
2022-07-28 19:28:58,975 - mmpose - INFO - Epoch [44][50/87]	lr: 5.000e-04, eta: 1:04:24, time: 0.453, data_time: 0.329, memory: 1759, reg_loss: -110.5373, 2: -110.5684, 3: 0.0206, 4: 0.0104, acc_pose: 0.7924, loss: -110.5373
2022-07-28 19:29:35,065 - mmpose - INFO - Epoch [45][50/87]	lr: 5.000e-04, eta: 1:03:57, time: 0.446, data_time: 0.325, memory: 1759, reg_loss: -110.4839, 2: -110.5151, 3: 0.0207, 4: 0.0104, acc_pose: 0.7894, loss: -110.4839
2022-07-28 19:30:10,994 - mmpose - INFO - Epoch [46][50/87]	lr: 5.000e-04, eta: 1:03:30, time: 0.442, data_time: 0.178, memory: 1759, reg_loss: -110.8614, 2: -110.8925, 3: 0.0206, 4: 0.0104, acc_pose: 0.7954, loss: -110.8614
2022-07-28 19:30:47,122 - mmpose - INFO - Epoch [47][50/87]	lr: 5.000e-04, eta: 1:03:04, time: 0.449, data_time: 0.335, memory: 1759, reg_loss: -111.8804, 2: -111.9111, 3: 0.0203, 4: 0.0104, acc_pose: 0.8026, loss: -111.8804
2022-07-28 19:31:23,141 - mmpose - INFO - Epoch [48][50/87]	lr: 5.000e-04, eta: 1:02:39, time: 0.449, data_time: 0.333, memory: 1759, reg_loss: -111.7408, 2: -111.7716, 3: 0.0203, 4: 0.0104, acc_pose: 0.7964, loss: -111.7408
2022-07-28 19:31:59,707 - mmpose - INFO - Epoch [49][50/87]	lr: 5.000e-04, eta: 1:02:13, time: 0.451, data_time: 0.191, memory: 1759, reg_loss: -112.5559, 2: -112.5864, 3: 0.0201, 4: 0.0104, acc_pose: 0.7979, loss: -112.5559
2022-07-28 19:32:35,575 - mmpose - INFO - Epoch [50][50/87]	lr: 5.000e-04, eta: 1:01:47, time: 0.443, data_time: 0.255, memory: 1759, reg_loss: -112.0187, 2: -112.0494, 3: 0.0203, 4: 0.0104, acc_pose: 0.8020, loss: -112.0187
2022-07-28 19:32:49,203 - mmpose - INFO - Saving checkpoint at 50 epochs
2022-07-28 19:32:54,136 - mmpose - INFO - The previous best checkpoint /data/tfj/workspace/python_projects/pose/mmpose0270/work_dirs/32_reg_shufflenetv2_mpii_256x256_dsnt_rle_highres_simc/best_PCKh_epoch_40.pth was removed
2022-07-28 19:32:54,410 - mmpose - INFO - Now best checkpoint is saved as best_PCKh_epoch_50.pth.
2022-07-28 19:32:54,410 - mmpose - INFO - Best PCKh is 79.9454 at 50 epoch.
2022-07-28 19:32:54,411 - mmpose - INFO - Epoch(val) [50][24]	Head: 92.9059, Shoulder: 91.8139, Elbow: 80.1261, Wrist: 69.9012, Hip: 83.9535, Knee: 70.9050, Ankle: 61.9031, PCKh: 79.9454, PCKh@0.1: 18.6209
2022-07-28 19:33:16,942 - mmpose - INFO - Epoch [51][50/87]	lr: 5.000e-04, eta: 1:01:22, time: 0.451, data_time: 0.279, memory: 1759, reg_loss: -112.6388, 2: -112.6695, 3: 0.0202, 4: 0.0104, acc_pose: 0.7924, loss: -112.6388
2022-07-28 19:33:52,616 - mmpose - INFO - Epoch [52][50/87]	lr: 5.000e-04, eta: 1:00:57, time: 0.448, data_time: 0.243, memory: 1759, reg_loss: -112.1543, 2: -112.1848, 3: 0.0201, 4: 0.0104, acc_pose: 0.8010, loss: -112.1543
2022-07-28 19:34:28,679 - mmpose - INFO - Epoch [53][50/87]	lr: 5.000e-04, eta: 1:00:32, time: 0.446, data_time: 0.194, memory: 1759, reg_loss: -112.9802, 2: -113.0105, 3: 0.0199, 4: 0.0104, acc_pose: 0.8033, loss: -112.9802
2022-07-28 19:35:04,792 - mmpose - INFO - Epoch [54][50/87]	lr: 5.000e-04, eta: 1:00:06, time: 0.447, data_time: 0.349, memory: 1759, reg_loss: -112.6854, 2: -112.7158, 3: 0.0200, 4: 0.0104, acc_pose: 0.8091, loss: -112.6854
2022-07-28 19:35:41,018 - mmpose - INFO - Epoch [55][50/87]	lr: 5.000e-04, eta: 0:59:41, time: 0.444, data_time: 0.325, memory: 1759, reg_loss: -112.7840, 2: -112.8143, 3: 0.0199, 4: 0.0104, acc_pose: 0.8054, loss: -112.7840
2022-07-28 19:36:17,816 - mmpose - INFO - Epoch [56][50/87]	lr: 5.000e-04, eta: 0:59:17, time: 0.457, data_time: 0.253, memory: 1759, reg_loss: -113.1563, 2: -113.1864, 3: 0.0197, 4: 0.0104, acc_pose: 0.8079, loss: -113.1563
2022-07-28 19:36:54,070 - mmpose - INFO - Epoch [57][50/87]	lr: 5.000e-04, eta: 0:58:53, time: 0.453, data_time: 0.290, memory: 1759, reg_loss: -113.3138, 2: -113.3441, 3: 0.0199, 4: 0.0104, acc_pose: 0.8054, loss: -113.3138
2022-07-28 19:37:29,942 - mmpose - INFO - Epoch [58][50/87]	lr: 5.000e-04, eta: 0:58:28, time: 0.440, data_time: 0.270, memory: 1759, reg_loss: -113.1521, 2: -113.1822, 3: 0.0197, 4: 0.0104, acc_pose: 0.8043, loss: -113.1521
2022-07-28 19:38:06,097 - mmpose - INFO - Epoch [59][50/87]	lr: 5.000e-04, eta: 0:58:02, time: 0.443, data_time: 0.200, memory: 1759, reg_loss: -113.4685, 2: -113.4986, 3: 0.0196, 4: 0.0104, acc_pose: 0.8121, loss: -113.4685
2022-07-28 19:38:42,496 - mmpose - INFO - Epoch [60][50/87]	lr: 5.000e-04, eta: 0:57:38, time: 0.450, data_time: 0.102, memory: 1759, reg_loss: -113.4007, 2: -113.4310, 3: 0.0199, 4: 0.0104, acc_pose: 0.8040, loss: -113.4007
2022-07-28 19:38:55,959 - mmpose - INFO - Saving checkpoint at 60 epochs
2022-07-28 19:39:00,949 - mmpose - INFO - The previous best checkpoint /data/tfj/workspace/python_projects/pose/mmpose0270/work_dirs/32_reg_shufflenetv2_mpii_256x256_dsnt_rle_highres_simc/best_PCKh_epoch_50.pth was removed
2022-07-28 19:39:01,171 - mmpose - INFO - Now best checkpoint is saved as best_PCKh_epoch_60.pth.
2022-07-28 19:39:01,172 - mmpose - INFO - Best PCKh is 79.9636 at 60 epoch.
2022-07-28 19:39:01,172 - mmpose - INFO - Epoch(val) [60][24]	Head: 93.0082, Shoulder: 90.7948, Elbow: 79.8024, Wrist: 70.5511, Hip: 83.3996, Knee: 71.0463, Ankle: 63.7214, PCKh: 79.9636, PCKh@0.1: 18.9696
2022-07-28 19:39:23,667 - mmpose - INFO - Epoch [61][50/87]	lr: 5.000e-04, eta: 0:57:14, time: 0.450, data_time: 0.323, memory: 1759, reg_loss: -114.5849, 2: -114.6146, 3: 0.0193, 4: 0.0104, acc_pose: 0.8116, loss: -114.5849
2022-07-28 19:39:59,170 - mmpose - INFO - Epoch [62][50/87]	lr: 5.000e-04, eta: 0:56:49, time: 0.443, data_time: 0.264, memory: 1759, reg_loss: -114.3387, 2: -114.3685, 3: 0.0194, 4: 0.0104, acc_pose: 0.8081, loss: -114.3387
2022-07-28 19:40:35,618 - mmpose - INFO - Epoch [63][50/87]	lr: 5.000e-04, eta: 0:56:24, time: 0.447, data_time: 0.323, memory: 1759, reg_loss: -114.4447, 2: -114.4745, 3: 0.0194, 4: 0.0104, acc_pose: 0.8159, loss: -114.4447
2022-07-28 19:41:11,596 - mmpose - INFO - Epoch [64][50/87]	lr: 5.000e-04, eta: 0:56:00, time: 0.448, data_time: 0.332, memory: 1759, reg_loss: -114.2810, 2: -114.3110, 3: 0.0196, 4: 0.0104, acc_pose: 0.8025, loss: -114.2810
2022-07-28 19:41:47,456 - mmpose - INFO - Epoch [65][50/87]	lr: 5.000e-04, eta: 0:55:35, time: 0.441, data_time: 0.287, memory: 1759, reg_loss: -113.7437, 2: -113.7736, 3: 0.0195, 4: 0.0104, acc_pose: 0.8111, loss: -113.7437
2022-07-28 19:42:23,135 - mmpose - INFO - Epoch [66][50/87]	lr: 5.000e-04, eta: 0:55:10, time: 0.440, data_time: 0.263, memory: 1759, reg_loss: -114.2413, 2: -114.2712, 3: 0.0195, 4: 0.0104, acc_pose: 0.8139, loss: -114.2413
2022-07-28 19:42:59,622 - mmpose - INFO - Epoch [67][50/87]	lr: 5.000e-04, eta: 0:54:47, time: 0.451, data_time: 0.340, memory: 1759, reg_loss: -114.4335, 2: -114.4635, 3: 0.0195, 4: 0.0104, acc_pose: 0.8121, loss: -114.4335
2022-07-28 19:43:35,638 - mmpose - INFO - Epoch [68][50/87]	lr: 5.000e-04, eta: 0:54:22, time: 0.448, data_time: 0.248, memory: 1759, reg_loss: -114.7917, 2: -114.8215, 3: 0.0194, 4: 0.0104, acc_pose: 0.8099, loss: -114.7917
2022-07-28 19:44:11,830 - mmpose - INFO - Epoch [69][50/87]	lr: 5.000e-04, eta: 0:53:58, time: 0.447, data_time: 0.277, memory: 1759, reg_loss: -114.4726, 2: -114.5024, 3: 0.0194, 4: 0.0104, acc_pose: 0.8127, loss: -114.4726
2022-07-28 19:44:47,474 - mmpose - INFO - Epoch [70][50/87]	lr: 5.000e-04, eta: 0:53:34, time: 0.441, data_time: 0.272, memory: 1759, reg_loss: -115.1791, 2: -115.2087, 3: 0.0192, 4: 0.0104, acc_pose: 0.8079, loss: -115.1791
2022-07-28 19:45:01,170 - mmpose - INFO - Saving checkpoint at 70 epochs
2022-07-28 19:45:06,035 - mmpose - INFO - The previous best checkpoint /data/tfj/workspace/python_projects/pose/mmpose0270/work_dirs/32_reg_shufflenetv2_mpii_256x256_dsnt_rle_highres_simc/best_PCKh_epoch_60.pth was removed
2022-07-28 19:45:06,265 - mmpose - INFO - Now best checkpoint is saved as best_PCKh_epoch_70.pth.
2022-07-28 19:45:06,265 - mmpose - INFO - Best PCKh is 80.1848 at 70 epoch.
2022-07-28 19:45:06,266 - mmpose - INFO - Epoch(val) [70][24]	Head: 92.7694, Shoulder: 91.2194, Elbow: 79.9388, Wrist: 70.0885, Hip: 83.2958, Knee: 72.4565, Ankle: 64.2650, PCKh: 80.1848, PCKh@0.1: 19.1465
2022-07-28 19:45:28,414 - mmpose - INFO - Epoch [71][50/87]	lr: 5.000e-04, eta: 0:53:10, time: 0.443, data_time: 0.342, memory: 1759, reg_loss: -115.1371, 2: -115.1667, 3: 0.0191, 4: 0.0104, acc_pose: 0.8132, loss: -115.1371
2022-07-28 19:46:04,828 - mmpose - INFO - Epoch [72][50/87]	lr: 5.000e-04, eta: 0:52:46, time: 0.454, data_time: 0.157, memory: 1759, reg_loss: -114.5777, 2: -114.6074, 3: 0.0193, 4: 0.0104, acc_pose: 0.8123, loss: -114.5777
2022-07-28 19:46:40,930 - mmpose - INFO - Epoch [73][50/87]	lr: 5.000e-04, eta: 0:52:23, time: 0.449, data_time: 0.300, memory: 1759, reg_loss: -115.0006, 2: -115.0300, 3: 0.0190, 4: 0.0104, acc_pose: 0.8129, loss: -115.0006
2022-07-28 19:47:17,024 - mmpose - INFO - Epoch [74][50/87]	lr: 5.000e-04, eta: 0:51:59, time: 0.449, data_time: 0.346, memory: 1759, reg_loss: -115.6229, 2: -115.6523, 3: 0.0190, 4: 0.0104, acc_pose: 0.8165, loss: -115.6229
2022-07-28 19:47:53,246 - mmpose - INFO - Epoch [75][50/87]	lr: 5.000e-04, eta: 0:51:36, time: 0.455, data_time: 0.195, memory: 1759, reg_loss: -115.0987, 2: -115.1282, 3: 0.0191, 4: 0.0104, acc_pose: 0.8132, loss: -115.0987
2022-07-28 19:48:29,405 - mmpose - INFO - Epoch [76][50/87]	lr: 5.000e-04, eta: 0:51:13, time: 0.454, data_time: 0.287, memory: 1759, reg_loss: -115.4253, 2: -115.4548, 3: 0.0191, 4: 0.0104, acc_pose: 0.8174, loss: -115.4253
2022-07-28 19:49:06,102 - mmpose - INFO - Epoch [77][50/87]	lr: 5.000e-04, eta: 0:50:50, time: 0.455, data_time: 0.194, memory: 1759, reg_loss: -115.6588, 2: -115.6882, 3: 0.0190, 4: 0.0104, acc_pose: 0.8159, loss: -115.6588
2022-07-28 19:49:41,967 - mmpose - INFO - Epoch [78][50/87]	lr: 5.000e-04, eta: 0:50:25, time: 0.439, data_time: 0.216, memory: 1759, reg_loss: -116.3028, 2: -116.3320, 3: 0.0188, 4: 0.0104, acc_pose: 0.8177, loss: -116.3028
2022-07-28 19:50:18,773 - mmpose - INFO - Epoch [79][50/87]	lr: 5.000e-04, eta: 0:50:01, time: 0.445, data_time: 0.331, memory: 1759, reg_loss: -115.7762, 2: -115.8055, 3: 0.0189, 4: 0.0104, acc_pose: 0.8179, loss: -115.7762
2022-07-28 19:50:54,949 - mmpose - INFO - Epoch [80][50/87]	lr: 5.000e-04, eta: 0:49:38, time: 0.453, data_time: 0.174, memory: 1759, reg_loss: -115.8971, 2: -115.9264, 3: 0.0189, 4: 0.0104, acc_pose: 0.8218, loss: -115.8971
2022-07-28 19:51:08,773 - mmpose - INFO - Saving checkpoint at 80 epochs
2022-07-28 19:51:13,612 - mmpose - INFO - The previous best checkpoint /data/tfj/workspace/python_projects/pose/mmpose0270/work_dirs/32_reg_shufflenetv2_mpii_256x256_dsnt_rle_highres_simc/best_PCKh_epoch_70.pth was removed
2022-07-28 19:51:13,841 - mmpose - INFO - Now best checkpoint is saved as best_PCKh_epoch_80.pth.
2022-07-28 19:51:13,841 - mmpose - INFO - Best PCKh is 80.3825 at 80 epoch.
2022-07-28 19:51:13,841 - mmpose - INFO - Epoch(val) [80][24]	Head: 92.9059, Shoulder: 91.0326, Elbow: 80.1945, Wrist: 70.4668, Hip: 83.7632, Knee: 72.2555, Ankle: 64.9971, PCKh: 80.3825, PCKh@0.1: 18.7952
2022-07-28 19:51:36,656 - mmpose - INFO - Epoch [81][50/87]	lr: 5.000e-04, eta: 0:49:15, time: 0.456, data_time: 0.359, memory: 1759, reg_loss: -116.3020, 2: -116.3312, 3: 0.0188, 4: 0.0104, acc_pose: 0.8181, loss: -116.3020
2022-07-28 19:52:12,401 - mmpose - INFO - Epoch [82][50/87]	lr: 5.000e-04, eta: 0:48:51, time: 0.443, data_time: 0.237, memory: 1759, reg_loss: -116.4231, 2: -116.4524, 3: 0.0189, 4: 0.0104, acc_pose: 0.8216, loss: -116.4231
2022-07-28 19:52:48,923 - mmpose - INFO - Epoch [83][50/87]	lr: 5.000e-04, eta: 0:48:28, time: 0.450, data_time: 0.238, memory: 1759, reg_loss: -116.5846, 2: -116.6135, 3: 0.0185, 4: 0.0104, acc_pose: 0.8226, loss: -116.5846
2022-07-28 19:53:24,973 - mmpose - INFO - Epoch [84][50/87]	lr: 5.000e-04, eta: 0:48:05, time: 0.450, data_time: 0.241, memory: 1759, reg_loss: -116.3334, 2: -116.3626, 3: 0.0188, 4: 0.0104, acc_pose: 0.8215, loss: -116.3334
2022-07-28 19:54:01,167 - mmpose - INFO - Epoch [85][50/87]	lr: 5.000e-04, eta: 0:47:41, time: 0.447, data_time: 0.290, memory: 1759, reg_loss: -117.1306, 2: -117.1596, 3: 0.0185, 4: 0.0104, acc_pose: 0.8264, loss: -117.1306
2022-07-28 19:54:37,368 - mmpose - INFO - Epoch [86][50/87]	lr: 5.000e-04, eta: 0:47:18, time: 0.454, data_time: 0.328, memory: 1759, reg_loss: -117.1982, 2: -117.2271, 3: 0.0185, 4: 0.0104, acc_pose: 0.8259, loss: -117.1982
2022-07-28 19:55:13,579 - mmpose - INFO - Epoch [87][50/87]	lr: 5.000e-04, eta: 0:46:55, time: 0.443, data_time: 0.225, memory: 1759, reg_loss: -117.0161, 2: -117.0451, 3: 0.0186, 4: 0.0104, acc_pose: 0.8260, loss: -117.0161
2022-07-28 19:55:49,670 - mmpose - INFO - Epoch [88][50/87]	lr: 5.000e-04, eta: 0:46:31, time: 0.446, data_time: 0.320, memory: 1759, reg_loss: -116.8529, 2: -116.8818, 3: 0.0184, 4: 0.0104, acc_pose: 0.8263, loss: -116.8529
2022-07-28 19:56:26,596 - mmpose - INFO - Epoch [89][50/87]	lr: 5.000e-04, eta: 0:46:09, time: 0.463, data_time: 0.208, memory: 1759, reg_loss: -116.7664, 2: -116.7954, 3: 0.0186, 4: 0.0104, acc_pose: 0.8216, loss: -116.7664
2022-07-28 19:57:02,502 - mmpose - INFO - Epoch [90][50/87]	lr: 5.000e-04, eta: 0:45:45, time: 0.443, data_time: 0.318, memory: 1759, reg_loss: -116.5515, 2: -116.5806, 3: 0.0187, 4: 0.0104, acc_pose: 0.8321, loss: -116.5515
2022-07-28 19:57:16,911 - mmpose - INFO - Saving checkpoint at 90 epochs
2022-07-28 19:57:21,736 - mmpose - INFO - The previous best checkpoint /data/tfj/workspace/python_projects/pose/mmpose0270/work_dirs/32_reg_shufflenetv2_mpii_256x256_dsnt_rle_highres_simc/best_PCKh_epoch_80.pth was removed
2022-07-28 19:57:21,975 - mmpose - INFO - Now best checkpoint is saved as best_PCKh_epoch_90.pth.
2022-07-28 19:57:21,975 - mmpose - INFO - Best PCKh is 80.5282 at 90 epoch.
2022-07-28 19:57:21,976 - mmpose - INFO - Epoch(val) [90][24]	Head: 93.3834, Shoulder: 91.6780, Elbow: 80.1096, Wrist: 69.9199, Hip: 84.0748, Knee: 72.5778, Ankle: 64.7611, PCKh: 80.5282, PCKh@0.1: 19.1907
2022-07-28 19:57:44,126 - mmpose - INFO - Epoch [91][50/87]	lr: 5.000e-04, eta: 0:45:21, time: 0.443, data_time: 0.346, memory: 1759, reg_loss: -116.8649, 2: -116.8941, 3: 0.0188, 4: 0.0104, acc_pose: 0.8192, loss: -116.8649
2022-07-28 19:58:20,870 - mmpose - INFO - Epoch [92][50/87]	lr: 5.000e-04, eta: 0:44:59, time: 0.456, data_time: 0.262, memory: 1759, reg_loss: -117.0208, 2: -117.0497, 3: 0.0185, 4: 0.0104, acc_pose: 0.8250, loss: -117.0208
2022-07-28 19:58:56,982 - mmpose - INFO - Epoch [93][50/87]	lr: 5.000e-04, eta: 0:44:35, time: 0.447, data_time: 0.275, memory: 1759, reg_loss: -117.6532, 2: -117.6821, 3: 0.0185, 4: 0.0104, acc_pose: 0.8234, loss: -117.6532
2022-07-28 19:59:33,171 - mmpose - INFO - Epoch [94][50/87]	lr: 5.000e-04, eta: 0:44:12, time: 0.446, data_time: 0.265, memory: 1759, reg_loss: -117.7186, 2: -117.7475, 3: 0.0185, 4: 0.0104, acc_pose: 0.8251, loss: -117.7186
2022-07-28 20:00:09,294 - mmpose - INFO - Epoch [95][50/87]	lr: 5.000e-04, eta: 0:43:48, time: 0.446, data_time: 0.279, memory: 1759, reg_loss: -116.6588, 2: -116.6878, 3: 0.0186, 4: 0.0104, acc_pose: 0.8191, loss: -116.6588
2022-07-28 20:00:45,200 - mmpose - INFO - Epoch [96][50/87]	lr: 5.000e-04, eta: 0:43:25, time: 0.448, data_time: 0.283, memory: 1759, reg_loss: -117.4478, 2: -117.4767, 3: 0.0185, 4: 0.0104, acc_pose: 0.8260, loss: -117.4478
2022-07-28 20:01:21,474 - mmpose - INFO - Epoch [97][50/87]	lr: 5.000e-04, eta: 0:43:02, time: 0.446, data_time: 0.268, memory: 1759, reg_loss: -117.7886, 2: -117.8173, 3: 0.0183, 4: 0.0104, acc_pose: 0.8276, loss: -117.7886
2022-07-28 20:01:58,312 - mmpose - INFO - Epoch [98][50/87]	lr: 5.000e-04, eta: 0:42:39, time: 0.449, data_time: 0.207, memory: 1759, reg_loss: -118.3648, 2: -118.3935, 3: 0.0182, 4: 0.0104, acc_pose: 0.8292, loss: -118.3648
2022-07-28 20:02:34,051 - mmpose - INFO - Epoch [99][50/87]	lr: 5.000e-04, eta: 0:42:15, time: 0.442, data_time: 0.258, memory: 1759, reg_loss: -118.0765, 2: -118.1052, 3: 0.0182, 4: 0.0104, acc_pose: 0.8262, loss: -118.0765
2022-07-28 20:03:10,319 - mmpose - INFO - Epoch [100][50/87]	lr: 5.000e-04, eta: 0:41:52, time: 0.449, data_time: 0.288, memory: 1759, reg_loss: -117.4983, 2: -117.5270, 3: 0.0183, 4: 0.0104, acc_pose: 0.8216, loss: -117.4983
2022-07-28 20:03:24,814 - mmpose - INFO - Saving checkpoint at 100 epochs
2022-07-28 20:03:29,778 - mmpose - INFO - Epoch(val) [100][24]	Head: 93.1446, Shoulder: 91.1515, Elbow: 80.2626, Wrist: 70.4307, Hip: 84.2133, Knee: 72.3766, Ankle: 64.9264, PCKh: 80.5126, PCKh@0.1: 19.4145
2022-07-28 20:03:52,334 - mmpose - INFO - Epoch [101][50/87]	lr: 5.000e-04, eta: 0:41:29, time: 0.451, data_time: 0.236, memory: 1759, reg_loss: -117.7045, 2: -117.7333, 3: 0.0183, 4: 0.0104, acc_pose: 0.8276, loss: -117.7045
2022-07-28 20:04:28,104 - mmpose - INFO - Epoch [102][50/87]	lr: 5.000e-04, eta: 0:41:06, time: 0.448, data_time: 0.311, memory: 1759, reg_loss: -118.6467, 2: -118.6751, 3: 0.0180, 4: 0.0104, acc_pose: 0.8284, loss: -118.6467
2022-07-28 20:05:03,827 - mmpose - INFO - Epoch [103][50/87]	lr: 5.000e-04, eta: 0:40:43, time: 0.441, data_time: 0.257, memory: 1759, reg_loss: -118.5939, 2: -118.6224, 3: 0.0181, 4: 0.0104, acc_pose: 0.8307, loss: -118.5939
2022-07-28 20:05:40,759 - mmpose - INFO - Epoch [104][50/87]	lr: 5.000e-04, eta: 0:40:20, time: 0.448, data_time: 0.293, memory: 1759, reg_loss: -118.5790, 2: -118.6075, 3: 0.0181, 4: 0.0104, acc_pose: 0.8351, loss: -118.5790
2022-07-28 20:06:18,099 - mmpose - INFO - Epoch [105][50/87]	lr: 5.000e-04, eta: 0:39:56, time: 0.442, data_time: 0.310, memory: 1759, reg_loss: -118.3556, 2: -118.3841, 3: 0.0181, 4: 0.0104, acc_pose: 0.8338, loss: -118.3556
2022-07-28 20:06:54,728 - mmpose - INFO - Epoch [106][50/87]	lr: 5.000e-04, eta: 0:39:33, time: 0.455, data_time: 0.200, memory: 1759, reg_loss: -118.5286, 2: -118.5571, 3: 0.0182, 4: 0.0104, acc_pose: 0.8275, loss: -118.5286
2022-07-28 20:07:31,492 - mmpose - INFO - Epoch [107][50/87]	lr: 5.000e-04, eta: 0:39:11, time: 0.455, data_time: 0.354, memory: 1759, reg_loss: -118.5397, 2: -118.5682, 3: 0.0181, 4: 0.0104, acc_pose: 0.8265, loss: -118.5397
2022-07-28 20:08:08,076 - mmpose - INFO - Epoch [108][50/87]	lr: 5.000e-04, eta: 0:38:48, time: 0.455, data_time: 0.215, memory: 1759, reg_loss: -118.3392, 2: -118.3677, 3: 0.0182, 4: 0.0104, acc_pose: 0.8297, loss: -118.3392
2022-07-28 20:08:44,618 - mmpose - INFO - Epoch [109][50/87]	lr: 5.000e-04, eta: 0:38:25, time: 0.452, data_time: 0.248, memory: 1759, reg_loss: -119.1216, 2: -119.1500, 3: 0.0180, 4: 0.0104, acc_pose: 0.8293, loss: -119.1216
2022-07-28 20:09:20,082 - mmpose - INFO - Epoch [110][50/87]	lr: 5.000e-04, eta: 0:38:02, time: 0.437, data_time: 0.234, memory: 1759, reg_loss: -118.8945, 2: -118.9229, 3: 0.0180, 4: 0.0104, acc_pose: 0.8289, loss: -118.8945
2022-07-28 20:09:34,330 - mmpose - INFO - Saving checkpoint at 110 epochs
2022-07-28 20:09:39,179 - mmpose - INFO - The previous best checkpoint /data/tfj/workspace/python_projects/pose/mmpose0270/work_dirs/32_reg_shufflenetv2_mpii_256x256_dsnt_rle_highres_simc/best_PCKh_epoch_90.pth was removed
2022-07-28 20:09:39,394 - mmpose - INFO - Now best checkpoint is saved as best_PCKh_epoch_110.pth.
2022-07-28 20:09:39,394 - mmpose - INFO - Best PCKh is 80.7650 at 110 epoch.
2022-07-28 20:09:39,394 - mmpose - INFO - Epoch(val) [110][24]	Head: 93.2469, Shoulder: 91.3553, Elbow: 80.4671, Wrist: 70.8943, Hip: 84.1959, Knee: 72.7988, Ankle: 65.1860, PCKh: 80.7650, PCKh@0.1: 19.6149
2022-07-28 20:10:01,686 - mmpose - INFO - Epoch [111][50/87]	lr: 5.000e-04, eta: 0:37:38, time: 0.446, data_time: 0.345, memory: 1759, reg_loss: -119.1158, 2: -119.1442, 3: 0.0180, 4: 0.0104, acc_pose: 0.8347, loss: -119.1158
2022-07-28 20:10:37,869 - mmpose - INFO - Epoch [112][50/87]	lr: 5.000e-04, eta: 0:37:16, time: 0.455, data_time: 0.330, memory: 1759, reg_loss: -118.9463, 2: -118.9747, 3: 0.0180, 4: 0.0104, acc_pose: 0.8339, loss: -118.9463
2022-07-28 20:11:14,051 - mmpose - INFO - Epoch [113][50/87]	lr: 5.000e-04, eta: 0:36:53, time: 0.447, data_time: 0.326, memory: 1759, reg_loss: -118.8875, 2: -118.9160, 3: 0.0181, 4: 0.0104, acc_pose: 0.8323, loss: -118.8875
2022-07-28 20:11:51,093 - mmpose - INFO - Epoch [114][50/87]	lr: 5.000e-04, eta: 0:36:30, time: 0.461, data_time: 0.337, memory: 1759, reg_loss: -119.4885, 2: -119.5167, 3: 0.0178, 4: 0.0104, acc_pose: 0.8302, loss: -119.4885
2022-07-28 20:12:27,253 - mmpose - INFO - Epoch [115][50/87]	lr: 5.000e-04, eta: 0:36:07, time: 0.442, data_time: 0.278, memory: 1759, reg_loss: -119.0884, 2: -119.1167, 3: 0.0179, 4: 0.0104, acc_pose: 0.8322, loss: -119.0884
2022-07-28 20:13:03,681 - mmpose - INFO - Epoch [116][50/87]	lr: 5.000e-04, eta: 0:35:44, time: 0.445, data_time: 0.227, memory: 1759, reg_loss: -119.6858, 2: -119.7139, 3: 0.0177, 4: 0.0104, acc_pose: 0.8312, loss: -119.6858
2022-07-28 20:13:39,677 - mmpose - INFO - Epoch [117][50/87]	lr: 5.000e-04, eta: 0:35:21, time: 0.446, data_time: 0.325, memory: 1759, reg_loss: -119.4244, 2: -119.4529, 3: 0.0180, 4: 0.0104, acc_pose: 0.8289, loss: -119.4244
2022-07-28 20:14:15,655 - mmpose - INFO - Epoch [118][50/87]	lr: 5.000e-04, eta: 0:34:58, time: 0.449, data_time: 0.304, memory: 1759, reg_loss: -120.0160, 2: -120.0441, 3: 0.0177, 4: 0.0104, acc_pose: 0.8440, loss: -120.0160
2022-07-28 20:14:51,950 - mmpose - INFO - Epoch [119][50/87]	lr: 5.000e-04, eta: 0:34:35, time: 0.444, data_time: 0.257, memory: 1759, reg_loss: -120.0732, 2: -120.1015, 3: 0.0178, 4: 0.0104, acc_pose: 0.8323, loss: -120.0732
2022-07-28 20:15:28,397 - mmpose - INFO - Epoch [120][50/87]	lr: 5.000e-04, eta: 0:34:12, time: 0.454, data_time: 0.283, memory: 1759, reg_loss: -120.0472, 2: -120.0753, 3: 0.0176, 4: 0.0104, acc_pose: 0.8335, loss: -120.0472
2022-07-28 20:15:42,264 - mmpose - INFO - Saving checkpoint at 120 epochs
2022-07-28 20:15:47,082 - mmpose - INFO - Epoch(val) [120][24]	Head: 93.6221, Shoulder: 91.2704, Elbow: 80.5865, Wrist: 71.0324, Hip: 83.1573, Knee: 72.6572, Ankle: 65.6349, PCKh: 80.6687, PCKh@0.1: 19.5420
2022-07-28 20:16:09,613 - mmpose - INFO - Epoch [121][50/87]	lr: 5.000e-04, eta: 0:33:49, time: 0.450, data_time: 0.270, memory: 1759, reg_loss: -120.0283, 2: -120.0563, 3: 0.0176, 4: 0.0104, acc_pose: 0.8393, loss: -120.0283
2022-07-28 20:16:46,358 - mmpose - INFO - Epoch [122][50/87]	lr: 5.000e-04, eta: 0:33:27, time: 0.455, data_time: 0.315, memory: 1759, reg_loss: -120.1087, 2: -120.1368, 3: 0.0177, 4: 0.0104, acc_pose: 0.8403, loss: -120.1087
2022-07-28 20:17:23,100 - mmpose - INFO - Epoch [123][50/87]	lr: 5.000e-04, eta: 0:33:04, time: 0.448, data_time: 0.247, memory: 1759, reg_loss: -119.6635, 2: -119.6917, 3: 0.0179, 4: 0.0104, acc_pose: 0.8295, loss: -119.6635
2022-07-28 20:18:00,107 - mmpose - INFO - Epoch [124][50/87]	lr: 5.000e-04, eta: 0:32:41, time: 0.462, data_time: 0.320, memory: 1759, reg_loss: -119.3936, 2: -119.4219, 3: 0.0178, 4: 0.0104, acc_pose: 0.8340, loss: -119.3936
2022-07-28 20:18:36,243 - mmpose - INFO - Epoch [125][50/87]	lr: 5.000e-04, eta: 0:32:18, time: 0.448, data_time: 0.300, memory: 1759, reg_loss: -119.7915, 2: -119.8195, 3: 0.0177, 4: 0.0104, acc_pose: 0.8418, loss: -119.7915
2022-07-28 20:19:12,830 - mmpose - INFO - Epoch [126][50/87]	lr: 5.000e-04, eta: 0:31:56, time: 0.449, data_time: 0.254, memory: 1759, reg_loss: -119.8356, 2: -119.8639, 3: 0.0179, 4: 0.0104, acc_pose: 0.8432, loss: -119.8356
2022-07-28 20:19:49,493 - mmpose - INFO - Epoch [127][50/87]	lr: 5.000e-04, eta: 0:31:33, time: 0.450, data_time: 0.328, memory: 1759, reg_loss: -120.3101, 2: -120.3382, 3: 0.0177, 4: 0.0104, acc_pose: 0.8359, loss: -120.3101
2022-07-28 20:20:25,861 - mmpose - INFO - Epoch [128][50/87]	lr: 5.000e-04, eta: 0:31:10, time: 0.456, data_time: 0.356, memory: 1759, reg_loss: -120.4510, 2: -120.4790, 3: 0.0176, 4: 0.0104, acc_pose: 0.8411, loss: -120.4510
2022-07-28 20:21:01,571 - mmpose - INFO - Epoch [129][50/87]	lr: 5.000e-04, eta: 0:30:47, time: 0.445, data_time: 0.273, memory: 1759, reg_loss: -119.6021, 2: -119.6303, 3: 0.0177, 4: 0.0104, acc_pose: 0.8338, loss: -119.6021
2022-07-28 20:21:37,510 - mmpose - INFO - Epoch [130][50/87]	lr: 5.000e-04, eta: 0:30:24, time: 0.449, data_time: 0.189, memory: 1759, reg_loss: -120.9077, 2: -120.9357, 3: 0.0176, 4: 0.0104, acc_pose: 0.8399, loss: -120.9077
2022-07-28 20:21:51,307 - mmpose - INFO - Saving checkpoint at 130 epochs
2022-07-28 20:21:56,168 - mmpose - INFO - The previous best checkpoint /data/tfj/workspace/python_projects/pose/mmpose0270/work_dirs/32_reg_shufflenetv2_mpii_256x256_dsnt_rle_highres_simc/best_PCKh_epoch_110.pth was removed
2022-07-28 20:21:56,394 - mmpose - INFO - Now best checkpoint is saved as best_PCKh_epoch_130.pth.
2022-07-28 20:21:56,394 - mmpose - INFO - Best PCKh is 81.0096 at 130 epoch.
2022-07-28 20:21:56,394 - mmpose - INFO - Epoch(val) [130][24]	Head: 93.1787, Shoulder: 91.2874, Elbow: 81.2512, Wrist: 71.1168, Hip: 84.2998, Knee: 72.9799, Ankle: 66.0129, PCKh: 81.0096, PCKh@0.1: 19.4978
2022-07-28 20:22:18,581 - mmpose - INFO - Epoch [131][50/87]	lr: 5.000e-04, eta: 0:30:01, time: 0.444, data_time: 0.322, memory: 1759, reg_loss: -120.7333, 2: -120.7612, 3: 0.0175, 4: 0.0104, acc_pose: 0.8397, loss: -120.7333
2022-07-28 20:22:55,426 - mmpose - INFO - Epoch [132][50/87]	lr: 5.000e-04, eta: 0:29:39, time: 0.460, data_time: 0.356, memory: 1759, reg_loss: -121.3088, 2: -121.3366, 3: 0.0173, 4: 0.0104, acc_pose: 0.8398, loss: -121.3088
2022-07-28 20:23:30,939 - mmpose - INFO - Epoch [133][50/87]	lr: 5.000e-04, eta: 0:29:16, time: 0.448, data_time: 0.336, memory: 1759, reg_loss: -121.1371, 2: -121.1649, 3: 0.0174, 4: 0.0104, acc_pose: 0.8430, loss: -121.1371
2022-07-28 20:24:07,307 - mmpose - INFO - Epoch [134][50/87]	lr: 5.000e-04, eta: 0:28:53, time: 0.449, data_time: 0.279, memory: 1759, reg_loss: -120.9149, 2: -120.9428, 3: 0.0175, 4: 0.0104, acc_pose: 0.8419, loss: -120.9149
2022-07-28 20:24:43,302 - mmpose - INFO - Epoch [135][50/87]	lr: 5.000e-04, eta: 0:28:30, time: 0.445, data_time: 0.165, memory: 1759, reg_loss: -121.2735, 2: -121.3013, 3: 0.0173, 4: 0.0104, acc_pose: 0.8410, loss: -121.2735
2022-07-28 20:25:19,745 - mmpose - INFO - Epoch [136][50/87]	lr: 5.000e-04, eta: 0:28:08, time: 0.457, data_time: 0.156, memory: 1759, reg_loss: -121.3879, 2: -121.4156, 3: 0.0172, 4: 0.0104, acc_pose: 0.8445, loss: -121.3879
2022-07-28 20:25:55,345 - mmpose - INFO - Epoch [137][50/87]	lr: 5.000e-04, eta: 0:27:45, time: 0.444, data_time: 0.321, memory: 1759, reg_loss: -120.9374, 2: -120.9654, 3: 0.0175, 4: 0.0104, acc_pose: 0.8340, loss: -120.9374
2022-07-28 20:26:31,215 - mmpose - INFO - Epoch [138][50/87]	lr: 5.000e-04, eta: 0:27:22, time: 0.445, data_time: 0.189, memory: 1759, reg_loss: -121.2418, 2: -121.2695, 3: 0.0173, 4: 0.0104, acc_pose: 0.8369, loss: -121.2418
2022-07-28 20:27:07,222 - mmpose - INFO - Epoch [139][50/87]	lr: 5.000e-04, eta: 0:26:59, time: 0.446, data_time: 0.287, memory: 1759, reg_loss: -121.0754, 2: -121.1031, 3: 0.0174, 4: 0.0104, acc_pose: 0.8419, loss: -121.0754
2022-07-28 20:27:43,464 - mmpose - INFO - Epoch [140][50/87]	lr: 5.000e-04, eta: 0:26:36, time: 0.448, data_time: 0.275, memory: 1759, reg_loss: -121.1234, 2: -121.1512, 3: 0.0174, 4: 0.0104, acc_pose: 0.8441, loss: -121.1234
2022-07-28 20:27:57,223 - mmpose - INFO - Saving checkpoint at 140 epochs
2022-07-28 20:28:02,051 - mmpose - INFO - Epoch(val) [140][24]	Head: 93.7585, Shoulder: 91.4572, Elbow: 80.3138, Wrist: 70.6538, Hip: 84.2825, Knee: 73.5039, Ankle: 65.7058, PCKh: 80.9055, PCKh@0.1: 19.6097
2022-07-28 20:28:24,358 - mmpose - INFO - Epoch [141][50/87]	lr: 5.000e-04, eta: 0:26:13, time: 0.446, data_time: 0.262, memory: 1759, reg_loss: -121.1059, 2: -121.1337, 3: 0.0175, 4: 0.0104, acc_pose: 0.8382, loss: -121.1059
2022-07-28 20:29:00,285 - mmpose - INFO - Epoch [142][50/87]	lr: 5.000e-04, eta: 0:25:50, time: 0.445, data_time: 0.302, memory: 1759, reg_loss: -122.0899, 2: -122.1174, 3: 0.0171, 4: 0.0104, acc_pose: 0.8434, loss: -122.0899
2022-07-28 20:29:36,472 - mmpose - INFO - Epoch [143][50/87]	lr: 5.000e-04, eta: 0:25:27, time: 0.442, data_time: 0.318, memory: 1759, reg_loss: -121.5368, 2: -121.5645, 3: 0.0172, 4: 0.0104, acc_pose: 0.8483, loss: -121.5368
2022-07-28 20:30:12,731 - mmpose - INFO - Epoch [144][50/87]	lr: 5.000e-04, eta: 0:25:05, time: 0.448, data_time: 0.219, memory: 1759, reg_loss: -121.0419, 2: -121.0698, 3: 0.0174, 4: 0.0104, acc_pose: 0.8411, loss: -121.0419
2022-07-28 20:30:49,011 - mmpose - INFO - Epoch [145][50/87]	lr: 5.000e-04, eta: 0:24:42, time: 0.450, data_time: 0.254, memory: 1759, reg_loss: -121.9241, 2: -121.9516, 3: 0.0171, 4: 0.0104, acc_pose: 0.8462, loss: -121.9241
2022-07-28 20:31:24,777 - mmpose - INFO - Epoch [146][50/87]	lr: 5.000e-04, eta: 0:24:19, time: 0.440, data_time: 0.240, memory: 1759, reg_loss: -122.0523, 2: -122.0800, 3: 0.0172, 4: 0.0104, acc_pose: 0.8431, loss: -122.0523
2022-07-28 20:32:01,107 - mmpose - INFO - Epoch [147][50/87]	lr: 5.000e-04, eta: 0:23:56, time: 0.453, data_time: 0.348, memory: 1759, reg_loss: -121.7383, 2: -121.7659, 3: 0.0173, 4: 0.0104, acc_pose: 0.8418, loss: -121.7383
2022-07-28 20:32:37,530 - mmpose - INFO - Epoch [148][50/87]	lr: 5.000e-04, eta: 0:23:34, time: 0.455, data_time: 0.279, memory: 1759, reg_loss: -121.6914, 2: -121.7191, 3: 0.0173, 4: 0.0104, acc_pose: 0.8436, loss: -121.6914
2022-07-28 20:33:13,854 - mmpose - INFO - Epoch [149][50/87]	lr: 5.000e-04, eta: 0:23:11, time: 0.451, data_time: 0.251, memory: 1759, reg_loss: -122.2643, 2: -122.2918, 3: 0.0171, 4: 0.0104, acc_pose: 0.8455, loss: -122.2643
2022-07-28 20:33:50,016 - mmpose - INFO - Epoch [150][50/87]	lr: 5.000e-04, eta: 0:22:48, time: 0.448, data_time: 0.282, memory: 1759, reg_loss: -122.0349, 2: -122.0624, 3: 0.0171, 4: 0.0104, acc_pose: 0.8467, loss: -122.0349
2022-07-28 20:34:03,592 - mmpose - INFO - Saving checkpoint at 150 epochs
2022-07-28 20:34:08,539 - mmpose - INFO - Epoch(val) [150][24]	Head: 93.3151, Shoulder: 91.5082, Elbow: 80.8420, Wrist: 71.1148, Hip: 84.2651, Knee: 73.4035, Ankle: 65.3988, PCKh: 80.9966, PCKh@0.1: 19.7606
2022-07-28 20:34:30,568 - mmpose - INFO - Epoch [151][50/87]	lr: 5.000e-04, eta: 0:22:25, time: 0.440, data_time: 0.318, memory: 1759, reg_loss: -121.6612, 2: -121.6887, 3: 0.0171, 4: 0.0104, acc_pose: 0.8427, loss: -121.6612
2022-07-28 20:35:07,395 - mmpose - INFO - Epoch [152][50/87]	lr: 5.000e-04, eta: 0:22:03, time: 0.456, data_time: 0.215, memory: 1759, reg_loss: -121.9896, 2: -122.0170, 3: 0.0170, 4: 0.0104, acc_pose: 0.8437, loss: -121.9896
2022-07-28 20:35:43,799 - mmpose - INFO - Epoch [153][50/87]	lr: 5.000e-04, eta: 0:21:40, time: 0.450, data_time: 0.307, memory: 1759, reg_loss: -121.8251, 2: -121.8527, 3: 0.0172, 4: 0.0104, acc_pose: 0.8397, loss: -121.8251
2022-07-28 20:36:19,627 - mmpose - INFO - Epoch [154][50/87]	lr: 5.000e-04, eta: 0:21:17, time: 0.438, data_time: 0.290, memory: 1759, reg_loss: -121.7209, 2: -121.7485, 3: 0.0172, 4: 0.0104, acc_pose: 0.8470, loss: -121.7209
2022-07-28 20:36:56,198 - mmpose - INFO - Epoch [155][50/87]	lr: 5.000e-04, eta: 0:20:54, time: 0.439, data_time: 0.224, memory: 1759, reg_loss: -121.9894, 2: -122.0169, 3: 0.0171, 4: 0.0104, acc_pose: 0.8415, loss: -121.9894
2022-07-28 20:37:32,907 - mmpose - INFO - Epoch [156][50/87]	lr: 5.000e-04, eta: 0:20:32, time: 0.454, data_time: 0.299, memory: 1759, reg_loss: -122.0938, 2: -122.1213, 3: 0.0171, 4: 0.0104, acc_pose: 0.8428, loss: -122.0938
2022-07-28 20:38:08,913 - mmpose - INFO - Epoch [157][50/87]	lr: 5.000e-04, eta: 0:20:09, time: 0.442, data_time: 0.279, memory: 1759, reg_loss: -122.5219, 2: -122.5494, 3: 0.0170, 4: 0.0104, acc_pose: 0.8495, loss: -122.5219
2022-07-28 20:38:45,314 - mmpose - INFO - Epoch [158][50/87]	lr: 5.000e-04, eta: 0:19:46, time: 0.450, data_time: 0.353, memory: 1759, reg_loss: -122.6298, 2: -122.6570, 3: 0.0168, 4: 0.0104, acc_pose: 0.8469, loss: -122.6298
2022-07-28 20:39:21,742 - mmpose - INFO - Epoch [159][50/87]	lr: 5.000e-04, eta: 0:19:23, time: 0.447, data_time: 0.230, memory: 1759, reg_loss: -122.6946, 2: -122.7220, 3: 0.0170, 4: 0.0104, acc_pose: 0.8451, loss: -122.6946
2022-07-28 20:39:57,774 - mmpose - INFO - Epoch [160][50/87]	lr: 5.000e-04, eta: 0:19:01, time: 0.446, data_time: 0.233, memory: 1759, reg_loss: -122.6145, 2: -122.6419, 3: 0.0170, 4: 0.0104, acc_pose: 0.8441, loss: -122.6145
2022-07-28 20:40:11,430 - mmpose - INFO - Saving checkpoint at 160 epochs
2022-07-28 20:40:16,423 - mmpose - INFO - Epoch(val) [160][24]	Head: 93.2469, Shoulder: 90.9307, Elbow: 80.3481, Wrist: 70.5520, Hip: 83.6940, Knee: 73.2421, Ankle: 65.5409, PCKh: 80.6427, PCKh@0.1: 19.3000
2022-07-28 20:40:38,778 - mmpose - INFO - Epoch [161][50/87]	lr: 5.000e-04, eta: 0:18:38, time: 0.447, data_time: 0.319, memory: 1759, reg_loss: -122.9430, 2: -122.9705, 3: 0.0170, 4: 0.0104, acc_pose: 0.8489, loss: -122.9430
2022-07-28 20:41:15,079 - mmpose - INFO - Epoch [162][50/87]	lr: 5.000e-04, eta: 0:18:15, time: 0.448, data_time: 0.264, memory: 1759, reg_loss: -122.5950, 2: -122.6225, 3: 0.0171, 4: 0.0104, acc_pose: 0.8504, loss: -122.5950
2022-07-28 20:41:50,715 - mmpose - INFO - Epoch [163][50/87]	lr: 5.000e-04, eta: 0:17:52, time: 0.440, data_time: 0.330, memory: 1759, reg_loss: -122.6359, 2: -122.6632, 3: 0.0169, 4: 0.0104, acc_pose: 0.8497, loss: -122.6359
2022-07-28 20:42:27,483 - mmpose - INFO - Epoch [164][50/87]	lr: 5.000e-04, eta: 0:17:30, time: 0.451, data_time: 0.256, memory: 1759, reg_loss: -123.3251, 2: -123.3522, 3: 0.0168, 4: 0.0104, acc_pose: 0.8481, loss: -123.3251
2022-07-28 20:43:03,786 - mmpose - INFO - Epoch [165][50/87]	lr: 5.000e-04, eta: 0:17:07, time: 0.454, data_time: 0.249, memory: 1759, reg_loss: -123.0889, 2: -123.1160, 3: 0.0167, 4: 0.0104, acc_pose: 0.8487, loss: -123.0889
2022-07-28 20:43:39,803 - mmpose - INFO - Epoch [166][50/87]	lr: 5.000e-04, eta: 0:16:44, time: 0.445, data_time: 0.282, memory: 1759, reg_loss: -123.3035, 2: -123.3307, 3: 0.0168, 4: 0.0104, acc_pose: 0.8541, loss: -123.3035
2022-07-28 20:44:16,093 - mmpose - INFO - Epoch [167][50/87]	lr: 5.000e-04, eta: 0:16:22, time: 0.443, data_time: 0.254, memory: 1759, reg_loss: -123.4324, 2: -123.4596, 3: 0.0168, 4: 0.0104, acc_pose: 0.8510, loss: -123.4324
2022-07-28 20:44:52,158 - mmpose - INFO - Epoch [168][50/87]	lr: 5.000e-04, eta: 0:15:59, time: 0.445, data_time: 0.249, memory: 1759, reg_loss: -123.0715, 2: -123.0988, 3: 0.0169, 4: 0.0104, acc_pose: 0.8520, loss: -123.0715
2022-07-28 20:45:29,111 - mmpose - INFO - Epoch [169][50/87]	lr: 5.000e-04, eta: 0:15:36, time: 0.456, data_time: 0.122, memory: 1759, reg_loss: -123.8097, 2: -123.8368, 3: 0.0166, 4: 0.0104, acc_pose: 0.8501, loss: -123.8097
2022-07-28 20:46:04,953 - mmpose - INFO - Epoch [170][50/87]	lr: 5.000e-04, eta: 0:15:14, time: 0.447, data_time: 0.331, memory: 1759, reg_loss: -123.8404, 2: -123.8674, 3: 0.0166, 4: 0.0104, acc_pose: 0.8513, loss: -123.8404
2022-07-28 20:46:19,032 - mmpose - INFO - Saving checkpoint at 170 epochs
2022-07-28 20:46:23,779 - mmpose - INFO - Epoch(val) [170][24]	Head: 93.4516, Shoulder: 91.5931, Elbow: 80.6887, Wrist: 70.3460, Hip: 83.5035, Knee: 73.6862, Ankle: 66.4136, PCKh: 80.9186, PCKh@0.1: 19.6721
2022-07-28 20:46:46,635 - mmpose - INFO - Epoch [171][50/87]	lr: 5.000e-05, eta: 0:14:51, time: 0.457, data_time: 0.304, memory: 1759, reg_loss: -125.0492, 2: -125.0760, 3: 0.0164, 4: 0.0104, acc_pose: 0.8531, loss: -125.0492
2022-07-28 20:47:22,949 - mmpose - INFO - Epoch [172][50/87]	lr: 5.000e-05, eta: 0:14:29, time: 0.457, data_time: 0.235, memory: 1759, reg_loss: -125.6765, 2: -125.7030, 3: 0.0161, 4: 0.0104, acc_pose: 0.8566, loss: -125.6765
2022-07-28 20:47:58,919 - mmpose - INFO - Epoch [173][50/87]	lr: 5.000e-05, eta: 0:14:06, time: 0.453, data_time: 0.300, memory: 1759, reg_loss: -126.6445, 2: -126.6708, 3: 0.0159, 4: 0.0104, acc_pose: 0.8572, loss: -126.6445
2022-07-28 20:48:34,947 - mmpose - INFO - Epoch [174][50/87]	lr: 5.000e-05, eta: 0:13:43, time: 0.446, data_time: 0.297, memory: 1759, reg_loss: -126.8512, 2: -126.8775, 3: 0.0158, 4: 0.0104, acc_pose: 0.8641, loss: -126.8512
2022-07-28 20:49:11,465 - mmpose - INFO - Epoch [175][50/87]	lr: 5.000e-05, eta: 0:13:21, time: 0.451, data_time: 0.278, memory: 1759, reg_loss: -127.4717, 2: -127.4977, 3: 0.0156, 4: 0.0104, acc_pose: 0.8655, loss: -127.4717
2022-07-28 20:49:47,328 - mmpose - INFO - Epoch [176][50/87]	lr: 5.000e-05, eta: 0:12:58, time: 0.447, data_time: 0.224, memory: 1759, reg_loss: -127.3155, 2: -127.3415, 3: 0.0156, 4: 0.0104, acc_pose: 0.8685, loss: -127.3155
2022-07-28 20:50:23,430 - mmpose - INFO - Epoch [177][50/87]	lr: 5.000e-05, eta: 0:12:35, time: 0.451, data_time: 0.230, memory: 1759, reg_loss: -127.9722, 2: -127.9982, 3: 0.0156, 4: 0.0104, acc_pose: 0.8681, loss: -127.9722
2022-07-28 20:50:59,167 - mmpose - INFO - Epoch [178][50/87]	lr: 5.000e-05, eta: 0:12:13, time: 0.440, data_time: 0.283, memory: 1759, reg_loss: -128.1760, 2: -128.2021, 3: 0.0157, 4: 0.0104, acc_pose: 0.8627, loss: -128.1760
2022-07-28 20:51:35,914 - mmpose - INFO - Epoch [179][50/87]	lr: 5.000e-05, eta: 0:11:50, time: 0.450, data_time: 0.300, memory: 1759, reg_loss: -127.5935, 2: -127.6196, 3: 0.0157, 4: 0.0104, acc_pose: 0.8627, loss: -127.5935
2022-07-28 20:52:11,940 - mmpose - INFO - Epoch [180][50/87]	lr: 5.000e-05, eta: 0:11:27, time: 0.452, data_time: 0.315, memory: 1759, reg_loss: -128.4380, 2: -128.4639, 3: 0.0155, 4: 0.0104, acc_pose: 0.8579, loss: -128.4380
2022-07-28 20:52:25,832 - mmpose - INFO - Saving checkpoint at 180 epochs
2022-07-28 20:52:30,658 - mmpose - INFO - The previous best checkpoint /data/tfj/workspace/python_projects/pose/mmpose0270/work_dirs/32_reg_shufflenetv2_mpii_256x256_dsnt_rle_highres_simc/best_PCKh_epoch_130.pth was removed
2022-07-28 20:52:30,894 - mmpose - INFO - Now best checkpoint is saved as best_PCKh_epoch_180.pth.
2022-07-28 20:52:30,895 - mmpose - INFO - Best PCKh is 81.3141 at 180 epoch.
2022-07-28 20:52:30,895 - mmpose - INFO - Epoch(val) [180][24]	Head: 93.6903, Shoulder: 91.6610, Elbow: 81.4045, Wrist: 71.0315, Hip: 84.3517, Knee: 73.6249, Ankle: 66.8160, PCKh: 81.3141, PCKh@0.1: 20.0494
2022-07-28 20:52:53,310 - mmpose - INFO - Epoch [181][50/87]	lr: 5.000e-05, eta: 0:11:05, time: 0.448, data_time: 0.353, memory: 1759, reg_loss: -128.8363, 2: -128.8621, 3: 0.0153, 4: 0.0104, acc_pose: 0.8695, loss: -128.8363
2022-07-28 20:53:29,116 - mmpose - INFO - Epoch [182][50/87]	lr: 5.000e-05, eta: 0:10:42, time: 0.448, data_time: 0.350, memory: 1759, reg_loss: -128.4565, 2: -128.4823, 3: 0.0154, 4: 0.0104, acc_pose: 0.8676, loss: -128.4565
2022-07-28 20:54:04,863 - mmpose - INFO - Epoch [183][50/87]	lr: 5.000e-05, eta: 0:10:19, time: 0.447, data_time: 0.337, memory: 1759, reg_loss: -128.3174, 2: -128.3432, 3: 0.0154, 4: 0.0104, acc_pose: 0.8689, loss: -128.3174
2022-07-28 20:54:41,007 - mmpose - INFO - Epoch [184][50/87]	lr: 5.000e-05, eta: 0:09:57, time: 0.451, data_time: 0.284, memory: 1759, reg_loss: -128.5421, 2: -128.5678, 3: 0.0153, 4: 0.0104, acc_pose: 0.8664, loss: -128.5421
2022-07-28 20:55:16,916 - mmpose - INFO - Epoch [185][50/87]	lr: 5.000e-05, eta: 0:09:34, time: 0.443, data_time: 0.339, memory: 1759, reg_loss: -128.5209, 2: -128.5467, 3: 0.0154, 4: 0.0104, acc_pose: 0.8691, loss: -128.5209
2022-07-28 20:55:52,831 - mmpose - INFO - Epoch [186][50/87]	lr: 5.000e-05, eta: 0:09:12, time: 0.445, data_time: 0.331, memory: 1759, reg_loss: -129.6045, 2: -129.6301, 3: 0.0151, 4: 0.0104, acc_pose: 0.8670, loss: -129.6045
2022-07-28 20:56:28,945 - mmpose - INFO - Epoch [187][50/87]	lr: 5.000e-05, eta: 0:08:49, time: 0.439, data_time: 0.312, memory: 1759, reg_loss: -129.3934, 2: -129.4190, 3: 0.0152, 4: 0.0104, acc_pose: 0.8697, loss: -129.3934
2022-07-28 20:57:06,507 - mmpose - INFO - Epoch [188][50/87]	lr: 5.000e-05, eta: 0:08:26, time: 0.469, data_time: 0.164, memory: 1759, reg_loss: -129.0934, 2: -129.1192, 3: 0.0153, 4: 0.0104, acc_pose: 0.8667, loss: -129.0934
2022-07-28 20:57:42,815 - mmpose - INFO - Epoch [189][50/87]	lr: 5.000e-05, eta: 0:08:04, time: 0.459, data_time: 0.355, memory: 1759, reg_loss: -128.3540, 2: -128.3800, 3: 0.0156, 4: 0.0104, acc_pose: 0.8630, loss: -128.3540
2022-07-28 20:58:18,967 - mmpose - INFO - Epoch [190][50/87]	lr: 5.000e-05, eta: 0:07:41, time: 0.452, data_time: 0.276, memory: 1759, reg_loss: -129.0197, 2: -129.0454, 3: 0.0153, 4: 0.0104, acc_pose: 0.8668, loss: -129.0197
2022-07-28 20:58:32,918 - mmpose - INFO - Saving checkpoint at 190 epochs
2022-07-28 20:58:37,872 - mmpose - INFO - The previous best checkpoint /data/tfj/workspace/python_projects/pose/mmpose0270/work_dirs/32_reg_shufflenetv2_mpii_256x256_dsnt_rle_highres_simc/best_PCKh_epoch_180.pth was removed
2022-07-28 20:58:38,098 - mmpose - INFO - Now best checkpoint is saved as best_PCKh_epoch_190.pth.
2022-07-28 20:58:38,098 - mmpose - INFO - Best PCKh is 81.4416 at 190 epoch.
2022-07-28 20:58:38,099 - mmpose - INFO - Epoch(val) [190][24]	Head: 93.5198, Shoulder: 91.7289, Elbow: 81.4558, Wrist: 71.5114, Hip: 84.2652, Knee: 73.6859, Ankle: 67.2409, PCKh: 81.4416, PCKh@0.1: 20.1535
2022-07-28 20:59:00,226 - mmpose - INFO - Epoch [191][50/87]	lr: 5.000e-05, eta: 0:07:19, time: 0.442, data_time: 0.348, memory: 1759, reg_loss: -129.0234, 2: -129.0492, 3: 0.0154, 4: 0.0104, acc_pose: 0.8633, loss: -129.0234
2022-07-28 20:59:36,671 - mmpose - INFO - Epoch [192][50/87]	lr: 5.000e-05, eta: 0:06:56, time: 0.447, data_time: 0.282, memory: 1759, reg_loss: -128.7238, 2: -128.7496, 3: 0.0154, 4: 0.0104, acc_pose: 0.8701, loss: -128.7238
2022-07-28 21:00:12,995 - mmpose - INFO - Epoch [193][50/87]	lr: 5.000e-05, eta: 0:06:33, time: 0.446, data_time: 0.350, memory: 1759, reg_loss: -128.9046, 2: -128.9303, 3: 0.0154, 4: 0.0104, acc_pose: 0.8748, loss: -128.9046
2022-07-28 21:00:49,339 - mmpose - INFO - Epoch [194][50/87]	lr: 5.000e-05, eta: 0:06:11, time: 0.446, data_time: 0.282, memory: 1759, reg_loss: -128.9614, 2: -128.9872, 3: 0.0153, 4: 0.0104, acc_pose: 0.8742, loss: -128.9614
2022-07-28 21:01:25,861 - mmpose - INFO - Epoch [195][50/87]	lr: 5.000e-05, eta: 0:05:48, time: 0.448, data_time: 0.346, memory: 1759, reg_loss: -129.9194, 2: -129.9450, 3: 0.0151, 4: 0.0104, acc_pose: 0.8663, loss: -129.9194
2022-07-28 21:02:02,447 - mmpose - INFO - Epoch [196][50/87]	lr: 5.000e-05, eta: 0:05:25, time: 0.451, data_time: 0.253, memory: 1759, reg_loss: -129.3183, 2: -129.3439, 3: 0.0152, 4: 0.0104, acc_pose: 0.8736, loss: -129.3183
2022-07-28 21:02:39,261 - mmpose - INFO - Epoch [197][50/87]	lr: 5.000e-05, eta: 0:05:03, time: 0.460, data_time: 0.279, memory: 1759, reg_loss: -129.1694, 2: -129.1950, 3: 0.0152, 4: 0.0104, acc_pose: 0.8622, loss: -129.1694
2022-07-28 21:03:15,021 - mmpose - INFO - Epoch [198][50/87]	lr: 5.000e-05, eta: 0:04:40, time: 0.441, data_time: 0.291, memory: 1759, reg_loss: -129.3145, 2: -129.3401, 3: 0.0152, 4: 0.0104, acc_pose: 0.8690, loss: -129.3145
2022-07-28 21:03:52,710 - mmpose - INFO - Epoch [199][50/87]	lr: 5.000e-05, eta: 0:04:18, time: 0.461, data_time: 0.201, memory: 1759, reg_loss: -129.2825, 2: -129.3083, 3: 0.0153, 4: 0.0104, acc_pose: 0.8686, loss: -129.2825
2022-07-28 21:04:28,883 - mmpose - INFO - Epoch [200][50/87]	lr: 5.000e-05, eta: 0:03:55, time: 0.449, data_time: 0.349, memory: 1759, reg_loss: -129.7588, 2: -129.7842, 3: 0.0150, 4: 0.0104, acc_pose: 0.8732, loss: -129.7588
2022-07-28 21:04:42,716 - mmpose - INFO - Saving checkpoint at 200 epochs
2022-07-28 21:04:47,572 - mmpose - INFO - Epoch(val) [200][24]	Head: 93.8267, Shoulder: 91.5761, Elbow: 81.3876, Wrist: 71.4761, Hip: 84.2998, Knee: 73.9473, Ankle: 66.8627, PCKh: 81.4390, PCKh@0.1: 20.0963
2022-07-28 21:05:10,106 - mmpose - INFO - Epoch [201][50/87]	lr: 5.000e-06, eta: 0:03:32, time: 0.451, data_time: 0.215, memory: 1759, reg_loss: -130.0989, 2: -130.1244, 3: 0.0151, 4: 0.0104, acc_pose: 0.8700, loss: -130.0989
2022-07-28 21:05:46,140 - mmpose - INFO - Epoch [202][50/87]	lr: 5.000e-06, eta: 0:03:10, time: 0.443, data_time: 0.232, memory: 1759, reg_loss: -129.9283, 2: -129.9539, 3: 0.0151, 4: 0.0104, acc_pose: 0.8734, loss: -129.9283
2022-07-28 21:06:22,431 - mmpose - INFO - Epoch [203][50/87]	lr: 5.000e-06, eta: 0:02:47, time: 0.444, data_time: 0.332, memory: 1759, reg_loss: -130.3635, 2: -130.3890, 3: 0.0150, 4: 0.0104, acc_pose: 0.8773, loss: -130.3635
2022-07-28 21:07:00,060 - mmpose - INFO - Epoch [204][50/87]	lr: 5.000e-06, eta: 0:02:25, time: 0.451, data_time: 0.234, memory: 1759, reg_loss: -129.4579, 2: -129.4834, 3: 0.0151, 4: 0.0104, acc_pose: 0.8763, loss: -129.4579
2022-07-28 21:07:36,017 - mmpose - INFO - Epoch [205][50/87]	lr: 5.000e-06, eta: 0:02:02, time: 0.446, data_time: 0.288, memory: 1759, reg_loss: -129.7702, 2: -129.7958, 3: 0.0151, 4: 0.0104, acc_pose: 0.8722, loss: -129.7702
2022-07-28 21:08:12,425 - mmpose - INFO - Epoch [206][50/87]	lr: 5.000e-06, eta: 0:01:39, time: 0.448, data_time: 0.346, memory: 1759, reg_loss: -129.8244, 2: -129.8499, 3: 0.0152, 4: 0.0104, acc_pose: 0.8702, loss: -129.8244
2022-07-28 21:08:48,076 - mmpose - INFO - Epoch [207][50/87]	lr: 5.000e-06, eta: 0:01:17, time: 0.442, data_time: 0.252, memory: 1759, reg_loss: -130.7624, 2: -130.7879, 3: 0.0150, 4: 0.0104, acc_pose: 0.8720, loss: -130.7624
2022-07-28 21:09:24,609 - mmpose - INFO - Epoch [208][50/87]	lr: 5.000e-06, eta: 0:00:54, time: 0.458, data_time: 0.257, memory: 1759, reg_loss: -129.8537, 2: -129.8793, 3: 0.0152, 4: 0.0104, acc_pose: 0.8749, loss: -129.8537
2022-07-28 21:10:00,344 - mmpose - INFO - Epoch [209][50/87]	lr: 5.000e-06, eta: 0:00:32, time: 0.450, data_time: 0.310, memory: 1759, reg_loss: -129.7500, 2: -129.7756, 3: 0.0151, 4: 0.0104, acc_pose: 0.8686, loss: -129.7500
2022-07-28 21:10:36,775 - mmpose - INFO - Epoch [210][50/87]	lr: 5.000e-06, eta: 0:00:09, time: 0.449, data_time: 0.247, memory: 1759, reg_loss: -130.0446, 2: -130.0700, 3: 0.0150, 4: 0.0104, acc_pose: 0.8733, loss: -130.0446
2022-07-28 21:10:50,699 - mmpose - INFO - Saving checkpoint at 210 epochs
2022-07-28 21:10:55,464 - mmpose - INFO - Epoch(val) [210][24]	Head: 93.7244, Shoulder: 91.6440, Elbow: 81.3706, Wrist: 71.3219, Hip: 84.2998, Knee: 73.6854, Ankle: 67.0518, PCKh: 81.3999, PCKh@0.1: 20.1015
