2022-07-28 14:29:39,537 - mmpose - INFO - Environment info:
------------------------------------------------------------
sys.platform: linux
Python: 3.9.7 (default, Sep 16 2021, 13:09:58) [GCC 7.5.0]
CUDA available: True
GPU 0,1,2,3: NVIDIA GeForce RTX 3090
CUDA_HOME: /usr/local/cuda-11.1:/usr/local/cuda-11.1:
GCC: gcc (Ubuntu 7.5.0-3ubuntu1~18.04) 7.5.0
PyTorch: 1.9.1+cu111
PyTorch compiling details: PyTorch built with:
  - GCC 7.3
  - C++ Version: 201402
  - Intel(R) Math Kernel Library Version 2020.0.0 Product Build 20191122 for Intel(R) 64 architecture applications
  - Intel(R) MKL-DNN v2.1.2 (Git Hash 98be7e8afa711dc9b66c8ff3504129cb82013cdb)
  - OpenMP 201511 (a.k.a. OpenMP 4.5)
  - NNPACK is enabled
  - CPU capability usage: AVX2
  - CUDA Runtime 11.1
  - NVCC architecture flags: -gencode;arch=compute_37,code=sm_37;-gencode;arch=compute_50,code=sm_50;-gencode;arch=compute_60,code=sm_60;-gencode;arch=compute_70,code=sm_70;-gencode;arch=compute_75,code=sm_75;-gencode;arch=compute_80,code=sm_80;-gencode;arch=compute_86,code=sm_86
  - CuDNN 8.0.5
  - Magma 2.5.2
  - Build settings: BLAS_INFO=mkl, BUILD_TYPE=Release, CUDA_VERSION=11.1, CUDNN_VERSION=8.0.5, CXX_COMPILER=/opt/rh/devtoolset-7/root/usr/bin/c++, CXX_FLAGS= -Wno-deprecated -fvisibility-inlines-hidden -DUSE_PTHREADPOOL -fopenmp -DNDEBUG -DUSE_KINETO -DUSE_FBGEMM -DUSE_QNNPACK -DUSE_PYTORCH_QNNPACK -DUSE_XNNPACK -DSYMBOLICATE_MOBILE_DEBUG_HANDLE -O2 -fPIC -Wno-narrowing -Wall -Wextra -Werror=return-type -Wno-missing-field-initializers -Wno-type-limits -Wno-array-bounds -Wno-unknown-pragmas -Wno-sign-compare -Wno-unused-parameter -Wno-unused-variable -Wno-unused-function -Wno-unused-result -Wno-unused-local-typedefs -Wno-strict-overflow -Wno-strict-aliasing -Wno-error=deprecated-declarations -Wno-stringop-overflow -Wno-psabi -Wno-error=pedantic -Wno-error=redundant-decls -Wno-error=old-style-cast -fdiagnostics-color=always -faligned-new -Wno-unused-but-set-variable -Wno-maybe-uninitialized -fno-math-errno -fno-trapping-math -Werror=format -Wno-stringop-overflow, LAPACK_INFO=mkl, PERF_WITH_AVX=1, PERF_WITH_AVX2=1, PERF_WITH_AVX512=1, TORCH_VERSION=1.9.1, USE_CUDA=ON, USE_CUDNN=ON, USE_EXCEPTION_PTR=1, USE_GFLAGS=OFF, USE_GLOG=OFF, USE_MKL=ON, USE_MKLDNN=ON, USE_MPI=OFF, USE_NCCL=ON, USE_NNPACK=ON, USE_OPENMP=ON, 

TorchVision: 0.10.1+cu111
OpenCV: 4.5.5
MMCV: 1.5.1
MMCV Compiler: GCC 7.5
MMCV CUDA Compiler: 11.1
MMPose: 0.27.0+e4d4b08
------------------------------------------------------------

2022-07-28 14:29:39,537 - mmpose - INFO - Distributed training: True
2022-07-28 14:29:43,100 - mmpose - INFO - Config:
checkpoint_config = dict(interval=10)
log_config = dict(interval=50, hooks=[dict(type='TextLoggerHook')])
log_level = 'INFO'
load_from = None
resume_from = None
dist_params = dict(backend='nccl')
workflow = [('train', 1)]
opencv_num_threads = 0
mp_start_method = 'fork'
dataset_info = dict(
    dataset_name='mpii',
    paper_info=dict(
        author=
        'Mykhaylo Andriluka and Leonid Pishchulin and Peter Gehler and Schiele, Bernt',
        title=
        '2D Human Pose Estimation: New Benchmark and State of the Art Analysis',
        container=
        'IEEE Conference on Computer Vision and Pattern Recognition (CVPR)',
        year='2014',
        homepage='http://human-pose.mpi-inf.mpg.de/'),
    keypoint_info=dict({
        0:
        dict(
            name='right_ankle',
            id=0,
            color=[255, 128, 0],
            type='lower',
            swap='left_ankle'),
        1:
        dict(
            name='right_knee',
            id=1,
            color=[255, 128, 0],
            type='lower',
            swap='left_knee'),
        2:
        dict(
            name='right_hip',
            id=2,
            color=[255, 128, 0],
            type='lower',
            swap='left_hip'),
        3:
        dict(
            name='left_hip',
            id=3,
            color=[0, 255, 0],
            type='lower',
            swap='right_hip'),
        4:
        dict(
            name='left_knee',
            id=4,
            color=[0, 255, 0],
            type='lower',
            swap='right_knee'),
        5:
        dict(
            name='left_ankle',
            id=5,
            color=[0, 255, 0],
            type='lower',
            swap='right_ankle'),
        6:
        dict(name='pelvis', id=6, color=[51, 153, 255], type='lower', swap=''),
        7:
        dict(name='thorax', id=7, color=[51, 153, 255], type='upper', swap=''),
        8:
        dict(
            name='upper_neck',
            id=8,
            color=[51, 153, 255],
            type='upper',
            swap=''),
        9:
        dict(
            name='head_top', id=9, color=[51, 153, 255], type='upper',
            swap=''),
        10:
        dict(
            name='right_wrist',
            id=10,
            color=[255, 128, 0],
            type='upper',
            swap='left_wrist'),
        11:
        dict(
            name='right_elbow',
            id=11,
            color=[255, 128, 0],
            type='upper',
            swap='left_elbow'),
        12:
        dict(
            name='right_shoulder',
            id=12,
            color=[255, 128, 0],
            type='upper',
            swap='left_shoulder'),
        13:
        dict(
            name='left_shoulder',
            id=13,
            color=[0, 255, 0],
            type='upper',
            swap='right_shoulder'),
        14:
        dict(
            name='left_elbow',
            id=14,
            color=[0, 255, 0],
            type='upper',
            swap='right_elbow'),
        15:
        dict(
            name='left_wrist',
            id=15,
            color=[0, 255, 0],
            type='upper',
            swap='right_wrist')
    }),
    skeleton_info=dict({
        0:
        dict(link=('right_ankle', 'right_knee'), id=0, color=[255, 128, 0]),
        1:
        dict(link=('right_knee', 'right_hip'), id=1, color=[255, 128, 0]),
        2:
        dict(link=('right_hip', 'pelvis'), id=2, color=[255, 128, 0]),
        3:
        dict(link=('pelvis', 'left_hip'), id=3, color=[0, 255, 0]),
        4:
        dict(link=('left_hip', 'left_knee'), id=4, color=[0, 255, 0]),
        5:
        dict(link=('left_knee', 'left_ankle'), id=5, color=[0, 255, 0]),
        6:
        dict(link=('pelvis', 'thorax'), id=6, color=[51, 153, 255]),
        7:
        dict(link=('thorax', 'upper_neck'), id=7, color=[51, 153, 255]),
        8:
        dict(link=('upper_neck', 'head_top'), id=8, color=[51, 153, 255]),
        9:
        dict(link=('upper_neck', 'right_shoulder'), id=9, color=[255, 128, 0]),
        10:
        dict(
            link=('right_shoulder', 'right_elbow'), id=10, color=[255, 128,
                                                                  0]),
        11:
        dict(link=('right_elbow', 'right_wrist'), id=11, color=[255, 128, 0]),
        12:
        dict(link=('upper_neck', 'left_shoulder'), id=12, color=[0, 255, 0]),
        13:
        dict(link=('left_shoulder', 'left_elbow'), id=13, color=[0, 255, 0]),
        14:
        dict(link=('left_elbow', 'left_wrist'), id=14, color=[0, 255, 0])
    }),
    joint_weights=[
        1.5, 1.2, 1.0, 1.0, 1.2, 1.5, 1.0, 1.0, 1.0, 1.0, 1.5, 1.2, 1.0, 1.0,
        1.2, 1.5
    ],
    sigmas=[
        0.089, 0.083, 0.107, 0.107, 0.083, 0.089, 0.026, 0.026, 0.026, 0.026,
        0.062, 0.072, 0.179, 0.179, 0.072, 0.062
    ])
evaluation = dict(interval=10, metric='PCKh', save_best='PCKh')
optimizer = dict(type='AdamW', lr=0.0005)
optimizer_config = dict(grad_clip=None)
lr_config = dict(
    policy='step',
    warmup='linear',
    warmup_iters=500,
    warmup_ratio=0.001,
    step=[170, 200])
total_epochs = 210
channel_cfg = dict(
    num_output_channels=16,
    dataset_joints=16,
    dataset_channel=[0, 1, 2, 3, 4, 5, 6, 7, 8, 9, 10, 11, 12, 13, 14, 15],
    inference_channel=[0, 1, 2, 3, 4, 5, 6, 7, 8, 9, 10, 11, 12, 13, 14, 15])
input_size = (256, 256)
ratio = 2
model = dict(
    type='TopDown',
    pretrained=
    'work_dirs/2_hm_shufflenetv2_mpii_256x256/best_PCKh_epoch_200.pth',
    backbone=dict(type='ShuffleNetV2', widen_factor=1.0),
    keypoint_head=dict(
        type='IntegralPoseRegressionHead2',
        in_channels=1024,
        num_joints=16,
        input_size=(256, 256),
        ratio=2,
        loss_keypoint=dict(
            type='DSNTRLE_SimC_Loss2',
            simc_param=dict(),
            rle_param=dict(
                use_target_weight=True, size_average=True, residual=True),
            rle_weight=1,
            simc_weight=1),
        out_sigma=True,
        out_highres=True,
        with_simcc=True),
    train_cfg=dict(with_simcc=True),
    test_cfg=dict(flip_test=True))
data_cfg = dict(
    image_size=[256, 256],
    heatmap_size=[64, 64],
    num_output_channels=16,
    num_joints=16,
    dataset_channel=[0, 1, 2, 3, 4, 5, 6, 7, 8, 9, 10, 11, 12, 13, 14, 15],
    inference_channel=[0, 1, 2, 3, 4, 5, 6, 7, 8, 9, 10, 11, 12, 13, 14, 15],
    use_gt_bbox=True,
    bbox_file=None)
train_pipeline = [
    dict(type='LoadImageFromFile'),
    dict(type='TopDownGetBboxCenterScale', padding=1.25),
    dict(type='TopDownRandomFlip', flip_prob=0.5),
    dict(
        type='TopDownGetRandomScaleRotation', rot_factor=40, scale_factor=0.5),
    dict(type='TopDownAffine'),
    dict(type='ToTensor'),
    dict(
        type='NormalizeTensor',
        mean=[0.485, 0.456, 0.406],
        std=[0.229, 0.224, 0.225]),
    dict(type='TopDownGenerateTargetRegression'),
    dict(type='TopDownGenerateSimC'),
    dict(
        type='Collect',
        keys=['img', 'target', 'target_weight', 'target_x', 'target_y'],
        meta_keys=[
            'image_file', 'joints_3d', 'joints_3d_visible', 'center', 'scale',
            'rotation', 'flip_pairs'
        ])
]
val_pipeline = [
    dict(type='LoadImageFromFile'),
    dict(type='TopDownGetBboxCenterScale', padding=1.25),
    dict(type='TopDownAffine'),
    dict(type='ToTensor'),
    dict(
        type='NormalizeTensor',
        mean=[0.485, 0.456, 0.406],
        std=[0.229, 0.224, 0.225]),
    dict(
        type='Collect',
        keys=['img'],
        meta_keys=['image_file', 'center', 'scale', 'rotation', 'flip_pairs'])
]
test_pipeline = [
    dict(type='LoadImageFromFile'),
    dict(type='TopDownGetBboxCenterScale', padding=1.25),
    dict(type='TopDownAffine'),
    dict(type='ToTensor'),
    dict(
        type='NormalizeTensor',
        mean=[0.485, 0.456, 0.406],
        std=[0.229, 0.224, 0.225]),
    dict(
        type='Collect',
        keys=['img'],
        meta_keys=['image_file', 'center', 'scale', 'rotation', 'flip_pairs'])
]
data_root = '/data/tfj/workspace/datasets/MPII'
data = dict(
    samples_per_gpu=64,
    workers_per_gpu=4,
    persistent_workers=True,
    val_dataloader=dict(samples_per_gpu=32),
    test_dataloader=dict(samples_per_gpu=32),
    train=dict(
        type='TopDownMpiiDataset',
        ann_file=
        '/data/tfj/workspace/datasets/MPII/annotations/mpii_train.json',
        img_prefix='/data/tfj/workspace/datasets/MPII/images/',
        data_cfg=dict(
            image_size=[256, 256],
            heatmap_size=[64, 64],
            num_output_channels=16,
            num_joints=16,
            dataset_channel=[
                0, 1, 2, 3, 4, 5, 6, 7, 8, 9, 10, 11, 12, 13, 14, 15
            ],
            inference_channel=[
                0, 1, 2, 3, 4, 5, 6, 7, 8, 9, 10, 11, 12, 13, 14, 15
            ],
            use_gt_bbox=True,
            bbox_file=None),
        pipeline=[
            dict(type='LoadImageFromFile'),
            dict(type='TopDownGetBboxCenterScale', padding=1.25),
            dict(type='TopDownRandomFlip', flip_prob=0.5),
            dict(
                type='TopDownGetRandomScaleRotation',
                rot_factor=40,
                scale_factor=0.5),
            dict(type='TopDownAffine'),
            dict(type='ToTensor'),
            dict(
                type='NormalizeTensor',
                mean=[0.485, 0.456, 0.406],
                std=[0.229, 0.224, 0.225]),
            dict(type='TopDownGenerateTargetRegression'),
            dict(type='TopDownGenerateSimC'),
            dict(
                type='Collect',
                keys=[
                    'img', 'target', 'target_weight', 'target_x', 'target_y'
                ],
                meta_keys=[
                    'image_file', 'joints_3d', 'joints_3d_visible', 'center',
                    'scale', 'rotation', 'flip_pairs'
                ])
        ],
        dataset_info=dict(
            dataset_name='mpii',
            paper_info=dict(
                author=
                'Mykhaylo Andriluka and Leonid Pishchulin and Peter Gehler and Schiele, Bernt',
                title=
                '2D Human Pose Estimation: New Benchmark and State of the Art Analysis',
                container=
                'IEEE Conference on Computer Vision and Pattern Recognition (CVPR)',
                year='2014',
                homepage='http://human-pose.mpi-inf.mpg.de/'),
            keypoint_info=dict({
                0:
                dict(
                    name='right_ankle',
                    id=0,
                    color=[255, 128, 0],
                    type='lower',
                    swap='left_ankle'),
                1:
                dict(
                    name='right_knee',
                    id=1,
                    color=[255, 128, 0],
                    type='lower',
                    swap='left_knee'),
                2:
                dict(
                    name='right_hip',
                    id=2,
                    color=[255, 128, 0],
                    type='lower',
                    swap='left_hip'),
                3:
                dict(
                    name='left_hip',
                    id=3,
                    color=[0, 255, 0],
                    type='lower',
                    swap='right_hip'),
                4:
                dict(
                    name='left_knee',
                    id=4,
                    color=[0, 255, 0],
                    type='lower',
                    swap='right_knee'),
                5:
                dict(
                    name='left_ankle',
                    id=5,
                    color=[0, 255, 0],
                    type='lower',
                    swap='right_ankle'),
                6:
                dict(
                    name='pelvis',
                    id=6,
                    color=[51, 153, 255],
                    type='lower',
                    swap=''),
                7:
                dict(
                    name='thorax',
                    id=7,
                    color=[51, 153, 255],
                    type='upper',
                    swap=''),
                8:
                dict(
                    name='upper_neck',
                    id=8,
                    color=[51, 153, 255],
                    type='upper',
                    swap=''),
                9:
                dict(
                    name='head_top',
                    id=9,
                    color=[51, 153, 255],
                    type='upper',
                    swap=''),
                10:
                dict(
                    name='right_wrist',
                    id=10,
                    color=[255, 128, 0],
                    type='upper',
                    swap='left_wrist'),
                11:
                dict(
                    name='right_elbow',
                    id=11,
                    color=[255, 128, 0],
                    type='upper',
                    swap='left_elbow'),
                12:
                dict(
                    name='right_shoulder',
                    id=12,
                    color=[255, 128, 0],
                    type='upper',
                    swap='left_shoulder'),
                13:
                dict(
                    name='left_shoulder',
                    id=13,
                    color=[0, 255, 0],
                    type='upper',
                    swap='right_shoulder'),
                14:
                dict(
                    name='left_elbow',
                    id=14,
                    color=[0, 255, 0],
                    type='upper',
                    swap='right_elbow'),
                15:
                dict(
                    name='left_wrist',
                    id=15,
                    color=[0, 255, 0],
                    type='upper',
                    swap='right_wrist')
            }),
            skeleton_info=dict({
                0:
                dict(
                    link=('right_ankle', 'right_knee'),
                    id=0,
                    color=[255, 128, 0]),
                1:
                dict(
                    link=('right_knee', 'right_hip'),
                    id=1,
                    color=[255, 128, 0]),
                2:
                dict(link=('right_hip', 'pelvis'), id=2, color=[255, 128, 0]),
                3:
                dict(link=('pelvis', 'left_hip'), id=3, color=[0, 255, 0]),
                4:
                dict(link=('left_hip', 'left_knee'), id=4, color=[0, 255, 0]),
                5:
                dict(
                    link=('left_knee', 'left_ankle'), id=5, color=[0, 255, 0]),
                6:
                dict(link=('pelvis', 'thorax'), id=6, color=[51, 153, 255]),
                7:
                dict(
                    link=('thorax', 'upper_neck'), id=7, color=[51, 153, 255]),
                8:
                dict(
                    link=('upper_neck', 'head_top'),
                    id=8,
                    color=[51, 153, 255]),
                9:
                dict(
                    link=('upper_neck', 'right_shoulder'),
                    id=9,
                    color=[255, 128, 0]),
                10:
                dict(
                    link=('right_shoulder', 'right_elbow'),
                    id=10,
                    color=[255, 128, 0]),
                11:
                dict(
                    link=('right_elbow', 'right_wrist'),
                    id=11,
                    color=[255, 128, 0]),
                12:
                dict(
                    link=('upper_neck', 'left_shoulder'),
                    id=12,
                    color=[0, 255, 0]),
                13:
                dict(
                    link=('left_shoulder', 'left_elbow'),
                    id=13,
                    color=[0, 255, 0]),
                14:
                dict(
                    link=('left_elbow', 'left_wrist'),
                    id=14,
                    color=[0, 255, 0])
            }),
            joint_weights=[
                1.5, 1.2, 1.0, 1.0, 1.2, 1.5, 1.0, 1.0, 1.0, 1.0, 1.5, 1.2,
                1.0, 1.0, 1.2, 1.5
            ],
            sigmas=[
                0.089, 0.083, 0.107, 0.107, 0.083, 0.089, 0.026, 0.026, 0.026,
                0.026, 0.062, 0.072, 0.179, 0.179, 0.072, 0.062
            ])),
    val=dict(
        type='TopDownMpiiDataset',
        ann_file='/data/tfj/workspace/datasets/MPII/annotations/mpii_val.json',
        img_prefix='/data/tfj/workspace/datasets/MPII/images/',
        data_cfg=dict(
            image_size=[256, 256],
            heatmap_size=[64, 64],
            num_output_channels=16,
            num_joints=16,
            dataset_channel=[
                0, 1, 2, 3, 4, 5, 6, 7, 8, 9, 10, 11, 12, 13, 14, 15
            ],
            inference_channel=[
                0, 1, 2, 3, 4, 5, 6, 7, 8, 9, 10, 11, 12, 13, 14, 15
            ],
            use_gt_bbox=True,
            bbox_file=None),
        pipeline=[
            dict(type='LoadImageFromFile'),
            dict(type='TopDownGetBboxCenterScale', padding=1.25),
            dict(type='TopDownAffine'),
            dict(type='ToTensor'),
            dict(
                type='NormalizeTensor',
                mean=[0.485, 0.456, 0.406],
                std=[0.229, 0.224, 0.225]),
            dict(
                type='Collect',
                keys=['img'],
                meta_keys=[
                    'image_file', 'center', 'scale', 'rotation', 'flip_pairs'
                ])
        ],
        dataset_info=dict(
            dataset_name='mpii',
            paper_info=dict(
                author=
                'Mykhaylo Andriluka and Leonid Pishchulin and Peter Gehler and Schiele, Bernt',
                title=
                '2D Human Pose Estimation: New Benchmark and State of the Art Analysis',
                container=
                'IEEE Conference on Computer Vision and Pattern Recognition (CVPR)',
                year='2014',
                homepage='http://human-pose.mpi-inf.mpg.de/'),
            keypoint_info=dict({
                0:
                dict(
                    name='right_ankle',
                    id=0,
                    color=[255, 128, 0],
                    type='lower',
                    swap='left_ankle'),
                1:
                dict(
                    name='right_knee',
                    id=1,
                    color=[255, 128, 0],
                    type='lower',
                    swap='left_knee'),
                2:
                dict(
                    name='right_hip',
                    id=2,
                    color=[255, 128, 0],
                    type='lower',
                    swap='left_hip'),
                3:
                dict(
                    name='left_hip',
                    id=3,
                    color=[0, 255, 0],
                    type='lower',
                    swap='right_hip'),
                4:
                dict(
                    name='left_knee',
                    id=4,
                    color=[0, 255, 0],
                    type='lower',
                    swap='right_knee'),
                5:
                dict(
                    name='left_ankle',
                    id=5,
                    color=[0, 255, 0],
                    type='lower',
                    swap='right_ankle'),
                6:
                dict(
                    name='pelvis',
                    id=6,
                    color=[51, 153, 255],
                    type='lower',
                    swap=''),
                7:
                dict(
                    name='thorax',
                    id=7,
                    color=[51, 153, 255],
                    type='upper',
                    swap=''),
                8:
                dict(
                    name='upper_neck',
                    id=8,
                    color=[51, 153, 255],
                    type='upper',
                    swap=''),
                9:
                dict(
                    name='head_top',
                    id=9,
                    color=[51, 153, 255],
                    type='upper',
                    swap=''),
                10:
                dict(
                    name='right_wrist',
                    id=10,
                    color=[255, 128, 0],
                    type='upper',
                    swap='left_wrist'),
                11:
                dict(
                    name='right_elbow',
                    id=11,
                    color=[255, 128, 0],
                    type='upper',
                    swap='left_elbow'),
                12:
                dict(
                    name='right_shoulder',
                    id=12,
                    color=[255, 128, 0],
                    type='upper',
                    swap='left_shoulder'),
                13:
                dict(
                    name='left_shoulder',
                    id=13,
                    color=[0, 255, 0],
                    type='upper',
                    swap='right_shoulder'),
                14:
                dict(
                    name='left_elbow',
                    id=14,
                    color=[0, 255, 0],
                    type='upper',
                    swap='right_elbow'),
                15:
                dict(
                    name='left_wrist',
                    id=15,
                    color=[0, 255, 0],
                    type='upper',
                    swap='right_wrist')
            }),
            skeleton_info=dict({
                0:
                dict(
                    link=('right_ankle', 'right_knee'),
                    id=0,
                    color=[255, 128, 0]),
                1:
                dict(
                    link=('right_knee', 'right_hip'),
                    id=1,
                    color=[255, 128, 0]),
                2:
                dict(link=('right_hip', 'pelvis'), id=2, color=[255, 128, 0]),
                3:
                dict(link=('pelvis', 'left_hip'), id=3, color=[0, 255, 0]),
                4:
                dict(link=('left_hip', 'left_knee'), id=4, color=[0, 255, 0]),
                5:
                dict(
                    link=('left_knee', 'left_ankle'), id=5, color=[0, 255, 0]),
                6:
                dict(link=('pelvis', 'thorax'), id=6, color=[51, 153, 255]),
                7:
                dict(
                    link=('thorax', 'upper_neck'), id=7, color=[51, 153, 255]),
                8:
                dict(
                    link=('upper_neck', 'head_top'),
                    id=8,
                    color=[51, 153, 255]),
                9:
                dict(
                    link=('upper_neck', 'right_shoulder'),
                    id=9,
                    color=[255, 128, 0]),
                10:
                dict(
                    link=('right_shoulder', 'right_elbow'),
                    id=10,
                    color=[255, 128, 0]),
                11:
                dict(
                    link=('right_elbow', 'right_wrist'),
                    id=11,
                    color=[255, 128, 0]),
                12:
                dict(
                    link=('upper_neck', 'left_shoulder'),
                    id=12,
                    color=[0, 255, 0]),
                13:
                dict(
                    link=('left_shoulder', 'left_elbow'),
                    id=13,
                    color=[0, 255, 0]),
                14:
                dict(
                    link=('left_elbow', 'left_wrist'),
                    id=14,
                    color=[0, 255, 0])
            }),
            joint_weights=[
                1.5, 1.2, 1.0, 1.0, 1.2, 1.5, 1.0, 1.0, 1.0, 1.0, 1.5, 1.2,
                1.0, 1.0, 1.2, 1.5
            ],
            sigmas=[
                0.089, 0.083, 0.107, 0.107, 0.083, 0.089, 0.026, 0.026, 0.026,
                0.026, 0.062, 0.072, 0.179, 0.179, 0.072, 0.062
            ])),
    test=dict(
        type='TopDownMpiiDataset',
        ann_file='/data/tfj/workspace/datasets/MPII/annotations/mpii_val.json',
        img_prefix='/data/tfj/workspace/datasets/MPII/images/',
        data_cfg=dict(
            image_size=[256, 256],
            heatmap_size=[64, 64],
            num_output_channels=16,
            num_joints=16,
            dataset_channel=[
                0, 1, 2, 3, 4, 5, 6, 7, 8, 9, 10, 11, 12, 13, 14, 15
            ],
            inference_channel=[
                0, 1, 2, 3, 4, 5, 6, 7, 8, 9, 10, 11, 12, 13, 14, 15
            ],
            use_gt_bbox=True,
            bbox_file=None),
        pipeline=[
            dict(type='LoadImageFromFile'),
            dict(type='TopDownGetBboxCenterScale', padding=1.25),
            dict(type='TopDownAffine'),
            dict(type='ToTensor'),
            dict(
                type='NormalizeTensor',
                mean=[0.485, 0.456, 0.406],
                std=[0.229, 0.224, 0.225]),
            dict(
                type='Collect',
                keys=['img'],
                meta_keys=[
                    'image_file', 'center', 'scale', 'rotation', 'flip_pairs'
                ])
        ],
        dataset_info=dict(
            dataset_name='mpii',
            paper_info=dict(
                author=
                'Mykhaylo Andriluka and Leonid Pishchulin and Peter Gehler and Schiele, Bernt',
                title=
                '2D Human Pose Estimation: New Benchmark and State of the Art Analysis',
                container=
                'IEEE Conference on Computer Vision and Pattern Recognition (CVPR)',
                year='2014',
                homepage='http://human-pose.mpi-inf.mpg.de/'),
            keypoint_info=dict({
                0:
                dict(
                    name='right_ankle',
                    id=0,
                    color=[255, 128, 0],
                    type='lower',
                    swap='left_ankle'),
                1:
                dict(
                    name='right_knee',
                    id=1,
                    color=[255, 128, 0],
                    type='lower',
                    swap='left_knee'),
                2:
                dict(
                    name='right_hip',
                    id=2,
                    color=[255, 128, 0],
                    type='lower',
                    swap='left_hip'),
                3:
                dict(
                    name='left_hip',
                    id=3,
                    color=[0, 255, 0],
                    type='lower',
                    swap='right_hip'),
                4:
                dict(
                    name='left_knee',
                    id=4,
                    color=[0, 255, 0],
                    type='lower',
                    swap='right_knee'),
                5:
                dict(
                    name='left_ankle',
                    id=5,
                    color=[0, 255, 0],
                    type='lower',
                    swap='right_ankle'),
                6:
                dict(
                    name='pelvis',
                    id=6,
                    color=[51, 153, 255],
                    type='lower',
                    swap=''),
                7:
                dict(
                    name='thorax',
                    id=7,
                    color=[51, 153, 255],
                    type='upper',
                    swap=''),
                8:
                dict(
                    name='upper_neck',
                    id=8,
                    color=[51, 153, 255],
                    type='upper',
                    swap=''),
                9:
                dict(
                    name='head_top',
                    id=9,
                    color=[51, 153, 255],
                    type='upper',
                    swap=''),
                10:
                dict(
                    name='right_wrist',
                    id=10,
                    color=[255, 128, 0],
                    type='upper',
                    swap='left_wrist'),
                11:
                dict(
                    name='right_elbow',
                    id=11,
                    color=[255, 128, 0],
                    type='upper',
                    swap='left_elbow'),
                12:
                dict(
                    name='right_shoulder',
                    id=12,
                    color=[255, 128, 0],
                    type='upper',
                    swap='left_shoulder'),
                13:
                dict(
                    name='left_shoulder',
                    id=13,
                    color=[0, 255, 0],
                    type='upper',
                    swap='right_shoulder'),
                14:
                dict(
                    name='left_elbow',
                    id=14,
                    color=[0, 255, 0],
                    type='upper',
                    swap='right_elbow'),
                15:
                dict(
                    name='left_wrist',
                    id=15,
                    color=[0, 255, 0],
                    type='upper',
                    swap='right_wrist')
            }),
            skeleton_info=dict({
                0:
                dict(
                    link=('right_ankle', 'right_knee'),
                    id=0,
                    color=[255, 128, 0]),
                1:
                dict(
                    link=('right_knee', 'right_hip'),
                    id=1,
                    color=[255, 128, 0]),
                2:
                dict(link=('right_hip', 'pelvis'), id=2, color=[255, 128, 0]),
                3:
                dict(link=('pelvis', 'left_hip'), id=3, color=[0, 255, 0]),
                4:
                dict(link=('left_hip', 'left_knee'), id=4, color=[0, 255, 0]),
                5:
                dict(
                    link=('left_knee', 'left_ankle'), id=5, color=[0, 255, 0]),
                6:
                dict(link=('pelvis', 'thorax'), id=6, color=[51, 153, 255]),
                7:
                dict(
                    link=('thorax', 'upper_neck'), id=7, color=[51, 153, 255]),
                8:
                dict(
                    link=('upper_neck', 'head_top'),
                    id=8,
                    color=[51, 153, 255]),
                9:
                dict(
                    link=('upper_neck', 'right_shoulder'),
                    id=9,
                    color=[255, 128, 0]),
                10:
                dict(
                    link=('right_shoulder', 'right_elbow'),
                    id=10,
                    color=[255, 128, 0]),
                11:
                dict(
                    link=('right_elbow', 'right_wrist'),
                    id=11,
                    color=[255, 128, 0]),
                12:
                dict(
                    link=('upper_neck', 'left_shoulder'),
                    id=12,
                    color=[0, 255, 0]),
                13:
                dict(
                    link=('left_shoulder', 'left_elbow'),
                    id=13,
                    color=[0, 255, 0]),
                14:
                dict(
                    link=('left_elbow', 'left_wrist'),
                    id=14,
                    color=[0, 255, 0])
            }),
            joint_weights=[
                1.5, 1.2, 1.0, 1.0, 1.2, 1.5, 1.0, 1.0, 1.0, 1.0, 1.5, 1.2,
                1.0, 1.0, 1.2, 1.5
            ],
            sigmas=[
                0.089, 0.083, 0.107, 0.107, 0.083, 0.089, 0.026, 0.026, 0.026,
                0.026, 0.062, 0.072, 0.179, 0.179, 0.072, 0.062
            ])))
work_dir = './work_dirs/30_reg_shufflenetv2_mpii_256x256_dsnt_rle_highres_simc'
gpu_ids = range(0, 4)

2022-07-28 14:29:43,102 - mmpose - INFO - Set random seed to 2526, deterministic: False
2022-07-28 14:29:52,936 - mmpose - INFO - Start running, host: tianfj@qwe, work_dir: /data/tfj/workspace/python_projects/pose/mmpose0270/work_dirs/30_reg_shufflenetv2_mpii_256x256_dsnt_rle_highres_simc
2022-07-28 14:29:52,936 - mmpose - INFO - Hooks will be executed in the following order:
before_run:
(VERY_HIGH   ) StepLrUpdaterHook                  
(NORMAL      ) CheckpointHook                     
(NORMAL      ) DistEvalHook                       
(VERY_LOW    ) TextLoggerHook                     
 -------------------- 
before_train_epoch:
(VERY_HIGH   ) StepLrUpdaterHook                  
(NORMAL      ) DistSamplerSeedHook                
(NORMAL      ) DistEvalHook                       
(LOW         ) IterTimerHook                      
(VERY_LOW    ) TextLoggerHook                     
 -------------------- 
before_train_iter:
(VERY_HIGH   ) StepLrUpdaterHook                  
(NORMAL      ) DistEvalHook                       
(LOW         ) IterTimerHook                      
 -------------------- 
after_train_iter:
(ABOVE_NORMAL) OptimizerHook                      
(NORMAL      ) CheckpointHook                     
(NORMAL      ) DistEvalHook                       
(LOW         ) IterTimerHook                      
(VERY_LOW    ) TextLoggerHook                     
 -------------------- 
after_train_epoch:
(NORMAL      ) CheckpointHook                     
(NORMAL      ) DistEvalHook                       
(VERY_LOW    ) TextLoggerHook                     
 -------------------- 
before_val_epoch:
(NORMAL      ) DistSamplerSeedHook                
(LOW         ) IterTimerHook                      
(VERY_LOW    ) TextLoggerHook                     
 -------------------- 
before_val_iter:
(LOW         ) IterTimerHook                      
 -------------------- 
after_val_iter:
(LOW         ) IterTimerHook                      
 -------------------- 
after_val_epoch:
(VERY_LOW    ) TextLoggerHook                     
 -------------------- 
after_run:
(VERY_LOW    ) TextLoggerHook                     
 -------------------- 
2022-07-28 14:29:52,937 - mmpose - INFO - workflow: [('train', 1)], max: 210 epochs
2022-07-28 14:29:52,937 - mmpose - INFO - Checkpoints will be saved to /data/tfj/workspace/python_projects/pose/mmpose0270/work_dirs/30_reg_shufflenetv2_mpii_256x256_dsnt_rle_highres_simc by HardDiskBackend.
2022-07-28 14:30:17,028 - mmpose - INFO - Epoch [1][50/87]	lr: 4.945e-05, eta: 2:26:16, time: 0.482, data_time: 0.294, memory: 1757, reg_loss: 34.4803, 2: 34.3714, 3: 0.1089, acc_pose: 0.0756, loss: 34.4803
2022-07-28 14:30:55,453 - mmpose - INFO - Epoch [2][50/87]	lr: 1.364e-04, eta: 1:45:34, time: 0.475, data_time: 0.196, memory: 1757, reg_loss: -27.9547, 2: -28.0221, 3: 0.0674, acc_pose: 0.2498, loss: -27.9547
2022-07-28 14:31:33,621 - mmpose - INFO - Epoch [3][50/87]	lr: 2.233e-04, eta: 1:35:04, time: 0.459, data_time: 0.199, memory: 1757, reg_loss: -65.4361, 2: -65.4768, 3: 0.0407, acc_pose: 0.4919, loss: -65.4361
2022-07-28 14:32:12,646 - mmpose - INFO - Epoch [4][50/87]	lr: 3.102e-04, eta: 1:31:10, time: 0.479, data_time: 0.274, memory: 1757, reg_loss: -79.2633, 2: -79.2969, 3: 0.0336, acc_pose: 0.5716, loss: -79.2633
2022-07-28 14:32:52,150 - mmpose - INFO - Epoch [5][50/87]	lr: 3.971e-04, eta: 1:29:27, time: 0.496, data_time: 0.163, memory: 1757, reg_loss: -84.6535, 2: -84.6843, 3: 0.0308, acc_pose: 0.6237, loss: -84.6535
2022-07-28 14:33:30,861 - mmpose - INFO - Epoch [6][50/87]	lr: 4.840e-04, eta: 1:27:25, time: 0.470, data_time: 0.287, memory: 1757, reg_loss: -86.8732, 2: -86.9029, 3: 0.0297, acc_pose: 0.6403, loss: -86.8732
2022-07-28 14:34:09,494 - mmpose - INFO - Epoch [7][50/87]	lr: 5.000e-04, eta: 1:25:51, time: 0.469, data_time: 0.212, memory: 1757, reg_loss: -89.9347, 2: -89.9633, 3: 0.0286, acc_pose: 0.6642, loss: -89.9347
2022-07-28 14:34:47,606 - mmpose - INFO - Epoch [8][50/87]	lr: 5.000e-04, eta: 1:24:39, time: 0.471, data_time: 0.230, memory: 1757, reg_loss: -92.5208, 2: -92.5481, 3: 0.0273, acc_pose: 0.6815, loss: -92.5208
2022-07-28 14:35:25,644 - mmpose - INFO - Epoch [9][50/87]	lr: 5.000e-04, eta: 1:23:34, time: 0.468, data_time: 0.255, memory: 1757, reg_loss: -93.4092, 2: -93.4360, 3: 0.0269, acc_pose: 0.6785, loss: -93.4092
2022-07-28 14:36:02,548 - mmpose - INFO - Epoch [10][50/87]	lr: 5.000e-04, eta: 1:22:26, time: 0.457, data_time: 0.347, memory: 1757, reg_loss: -94.7347, 2: -94.7608, 3: 0.0261, acc_pose: 0.6955, loss: -94.7347
2022-07-28 14:36:16,773 - mmpose - INFO - Saving checkpoint at 10 epochs
2022-07-28 14:36:22,764 - mmpose - INFO - Now best checkpoint is saved as best_PCKh_epoch_10.pth.
2022-07-28 14:36:22,765 - mmpose - INFO - Best PCKh is 73.2084 at 10 epoch.
2022-07-28 14:36:22,765 - mmpose - INFO - Epoch(val) [10][24]	Head: 90.3479, Shoulder: 89.4192, Elbow: 74.0413, Wrist: 58.5582, Hip: 80.4397, Knee: 60.9311, Ankle: 47.2120, PCKh: 73.2084, PCKh@0.1: 11.9204
2022-07-28 14:36:46,071 - mmpose - INFO - Epoch [11][50/87]	lr: 5.000e-04, eta: 1:21:35, time: 0.466, data_time: 0.277, memory: 1757, reg_loss: -95.3844, 2: -95.4104, 3: 0.0260, acc_pose: 0.7040, loss: -95.3844
2022-07-28 14:37:23,060 - mmpose - INFO - Epoch [12][50/87]	lr: 5.000e-04, eta: 1:20:45, time: 0.461, data_time: 0.231, memory: 1757, reg_loss: -96.5517, 2: -96.5771, 3: 0.0254, acc_pose: 0.7050, loss: -96.5517
2022-07-28 14:38:00,496 - mmpose - INFO - Epoch [13][50/87]	lr: 5.000e-04, eta: 1:20:00, time: 0.463, data_time: 0.357, memory: 1757, reg_loss: -98.2389, 2: -98.2638, 3: 0.0250, acc_pose: 0.7186, loss: -98.2389
2022-07-28 14:38:37,121 - mmpose - INFO - Epoch [14][50/87]	lr: 5.000e-04, eta: 1:19:11, time: 0.452, data_time: 0.248, memory: 1757, reg_loss: -98.3089, 2: -98.3334, 3: 0.0245, acc_pose: 0.7197, loss: -98.3089
2022-07-28 14:39:14,323 - mmpose - INFO - Epoch [15][50/87]	lr: 5.000e-04, eta: 1:18:31, time: 0.460, data_time: 0.240, memory: 1757, reg_loss: -97.5151, 2: -97.5401, 3: 0.0250, acc_pose: 0.7213, loss: -97.5151
2022-07-28 14:39:52,014 - mmpose - INFO - Epoch [16][50/87]	lr: 5.000e-04, eta: 1:17:54, time: 0.461, data_time: 0.342, memory: 1757, reg_loss: -99.5725, 2: -99.5966, 3: 0.0242, acc_pose: 0.7240, loss: -99.5725
2022-07-28 14:40:30,025 - mmpose - INFO - Epoch [17][50/87]	lr: 5.000e-04, eta: 1:17:23, time: 0.469, data_time: 0.195, memory: 1757, reg_loss: -100.1298, 2: -100.1539, 3: 0.0241, acc_pose: 0.7331, loss: -100.1298
2022-07-28 14:41:07,275 - mmpose - INFO - Epoch [18][50/87]	lr: 5.000e-04, eta: 1:16:47, time: 0.458, data_time: 0.228, memory: 1757, reg_loss: -99.7593, 2: -99.7835, 3: 0.0241, acc_pose: 0.7323, loss: -99.7593
2022-07-28 14:41:43,982 - mmpose - INFO - Epoch [19][50/87]	lr: 5.000e-04, eta: 1:16:12, time: 0.457, data_time: 0.300, memory: 1757, reg_loss: -100.3074, 2: -100.3312, 3: 0.0238, acc_pose: 0.7320, loss: -100.3074
2022-07-28 14:42:20,496 - mmpose - INFO - Epoch [20][50/87]	lr: 5.000e-04, eta: 1:15:36, time: 0.453, data_time: 0.269, memory: 1757, reg_loss: -101.6592, 2: -101.6827, 3: 0.0235, acc_pose: 0.7454, loss: -101.6592
2022-07-28 14:42:34,778 - mmpose - INFO - Saving checkpoint at 20 epochs
2022-07-28 14:42:44,169 - mmpose - INFO - The previous best checkpoint /data/tfj/workspace/python_projects/pose/mmpose0270/work_dirs/30_reg_shufflenetv2_mpii_256x256_dsnt_rle_highres_simc/best_PCKh_epoch_10.pth was removed
2022-07-28 14:42:44,426 - mmpose - INFO - Now best checkpoint is saved as best_PCKh_epoch_20.pth.
2022-07-28 14:42:44,426 - mmpose - INFO - Best PCKh is 76.8488 at 20 epoch.
2022-07-28 14:42:44,427 - mmpose - INFO - Epoch(val) [20][24]	Head: 92.1555, Shoulder: 90.4721, Elbow: 76.6322, Wrist: 63.6301, Hip: 82.9323, Knee: 66.9756, Ankle: 56.0452, PCKh: 76.8488, PCKh@0.1: 15.6674
2022-07-28 14:43:07,032 - mmpose - INFO - Epoch [21][50/87]	lr: 5.000e-04, eta: 1:15:01, time: 0.452, data_time: 0.274, memory: 1757, reg_loss: -101.7854, 2: -101.8088, 3: 0.0235, acc_pose: 0.7467, loss: -101.7854
2022-07-28 14:43:43,301 - mmpose - INFO - Epoch [22][50/87]	lr: 5.000e-04, eta: 1:14:25, time: 0.447, data_time: 0.312, memory: 1757, reg_loss: -102.2538, 2: -102.2769, 3: 0.0232, acc_pose: 0.7474, loss: -102.2538
2022-07-28 14:44:20,459 - mmpose - INFO - Epoch [23][50/87]	lr: 5.000e-04, eta: 1:13:52, time: 0.452, data_time: 0.264, memory: 1757, reg_loss: -103.3082, 2: -103.3312, 3: 0.0229, acc_pose: 0.7442, loss: -103.3082
2022-07-28 14:44:57,553 - mmpose - INFO - Epoch [24][50/87]	lr: 5.000e-04, eta: 1:13:23, time: 0.459, data_time: 0.300, memory: 1757, reg_loss: -104.2645, 2: -104.2871, 3: 0.0226, acc_pose: 0.7594, loss: -104.2645
2022-07-28 14:45:34,270 - mmpose - INFO - Epoch [25][50/87]	lr: 5.000e-04, eta: 1:12:53, time: 0.456, data_time: 0.304, memory: 1757, reg_loss: -104.5849, 2: -104.6076, 3: 0.0227, acc_pose: 0.7571, loss: -104.5849
2022-07-28 14:46:11,637 - mmpose - INFO - Epoch [26][50/87]	lr: 5.000e-04, eta: 1:12:24, time: 0.457, data_time: 0.318, memory: 1757, reg_loss: -105.6035, 2: -105.6257, 3: 0.0222, acc_pose: 0.7569, loss: -105.6035
2022-07-28 14:46:48,473 - mmpose - INFO - Epoch [27][50/87]	lr: 5.000e-04, eta: 1:11:54, time: 0.452, data_time: 0.268, memory: 1757, reg_loss: -106.3903, 2: -106.4124, 3: 0.0221, acc_pose: 0.7666, loss: -106.3903
2022-07-28 14:47:25,173 - mmpose - INFO - Epoch [28][50/87]	lr: 5.000e-04, eta: 1:11:26, time: 0.456, data_time: 0.348, memory: 1757, reg_loss: -106.7429, 2: -106.7650, 3: 0.0221, acc_pose: 0.7596, loss: -106.7429
2022-07-28 14:48:01,281 - mmpose - INFO - Epoch [29][50/87]	lr: 5.000e-04, eta: 1:10:56, time: 0.451, data_time: 0.228, memory: 1757, reg_loss: -107.9804, 2: -108.0019, 3: 0.0215, acc_pose: 0.7696, loss: -107.9804
2022-07-28 14:48:38,139 - mmpose - INFO - Epoch [30][50/87]	lr: 5.000e-04, eta: 1:10:30, time: 0.459, data_time: 0.280, memory: 1757, reg_loss: -107.2905, 2: -107.3123, 3: 0.0218, acc_pose: 0.7678, loss: -107.2905
2022-07-28 14:48:51,550 - mmpose - INFO - Saving checkpoint at 30 epochs
2022-07-28 14:48:56,444 - mmpose - INFO - The previous best checkpoint /data/tfj/workspace/python_projects/pose/mmpose0270/work_dirs/30_reg_shufflenetv2_mpii_256x256_dsnt_rle_highres_simc/best_PCKh_epoch_20.pth was removed
2022-07-28 14:48:56,655 - mmpose - INFO - Now best checkpoint is saved as best_PCKh_epoch_30.pth.
2022-07-28 14:48:56,655 - mmpose - INFO - Best PCKh is 78.7744 at 30 epoch.
2022-07-28 14:48:56,656 - mmpose - INFO - Epoch(val) [30][24]	Head: 92.4284, Shoulder: 91.3723, Elbow: 78.5750, Wrist: 67.5374, Hip: 82.8458, Knee: 70.1187, Ankle: 60.0374, PCKh: 78.7744, PCKh@0.1: 17.0778
2022-07-28 14:49:19,198 - mmpose - INFO - Epoch [31][50/87]	lr: 5.000e-04, eta: 1:10:01, time: 0.451, data_time: 0.262, memory: 1757, reg_loss: -107.6677, 2: -107.6892, 3: 0.0215, acc_pose: 0.7708, loss: -107.6677
2022-07-28 14:49:56,132 - mmpose - INFO - Epoch [32][50/87]	lr: 5.000e-04, eta: 1:09:33, time: 0.454, data_time: 0.253, memory: 1757, reg_loss: -108.1960, 2: -108.2175, 3: 0.0214, acc_pose: 0.7763, loss: -108.1960
2022-07-28 14:50:33,008 - mmpose - INFO - Epoch [33][50/87]	lr: 5.000e-04, eta: 1:09:05, time: 0.451, data_time: 0.219, memory: 1757, reg_loss: -108.7931, 2: -108.8145, 3: 0.0214, acc_pose: 0.7809, loss: -108.7931
2022-07-28 14:51:09,700 - mmpose - INFO - Epoch [34][50/87]	lr: 5.000e-04, eta: 1:08:39, time: 0.455, data_time: 0.229, memory: 1757, reg_loss: -109.3375, 2: -109.3587, 3: 0.0212, acc_pose: 0.7821, loss: -109.3375
2022-07-28 14:51:46,457 - mmpose - INFO - Epoch [35][50/87]	lr: 5.000e-04, eta: 1:08:13, time: 0.456, data_time: 0.310, memory: 1757, reg_loss: -108.8976, 2: -108.9189, 3: 0.0213, acc_pose: 0.7822, loss: -108.8976
2022-07-28 14:52:22,972 - mmpose - INFO - Epoch [36][50/87]	lr: 5.000e-04, eta: 1:07:46, time: 0.454, data_time: 0.130, memory: 1757, reg_loss: -109.6468, 2: -109.6678, 3: 0.0210, acc_pose: 0.7886, loss: -109.6468
2022-07-28 14:52:59,655 - mmpose - INFO - Epoch [37][50/87]	lr: 5.000e-04, eta: 1:07:20, time: 0.455, data_time: 0.244, memory: 1757, reg_loss: -109.8669, 2: -109.8877, 3: 0.0208, acc_pose: 0.7872, loss: -109.8669
2022-07-28 14:53:37,025 - mmpose - INFO - Epoch [38][50/87]	lr: 5.000e-04, eta: 1:06:56, time: 0.462, data_time: 0.373, memory: 1757, reg_loss: -110.0887, 2: -110.1096, 3: 0.0209, acc_pose: 0.7898, loss: -110.0887
2022-07-28 14:54:14,209 - mmpose - INFO - Epoch [39][50/87]	lr: 5.000e-04, eta: 1:06:32, time: 0.462, data_time: 0.232, memory: 1757, reg_loss: -110.6651, 2: -110.6859, 3: 0.0208, acc_pose: 0.7898, loss: -110.6651
2022-07-28 14:54:51,904 - mmpose - INFO - Epoch [40][50/87]	lr: 5.000e-04, eta: 1:06:10, time: 0.470, data_time: 0.373, memory: 1757, reg_loss: -110.6307, 2: -110.6515, 3: 0.0208, acc_pose: 0.7945, loss: -110.6307
2022-07-28 14:55:05,910 - mmpose - INFO - Saving checkpoint at 40 epochs
2022-07-28 14:55:10,951 - mmpose - INFO - The previous best checkpoint /data/tfj/workspace/python_projects/pose/mmpose0270/work_dirs/30_reg_shufflenetv2_mpii_256x256_dsnt_rle_highres_simc/best_PCKh_epoch_30.pth was removed
2022-07-28 14:55:11,165 - mmpose - INFO - Now best checkpoint is saved as best_PCKh_epoch_40.pth.
2022-07-28 14:55:11,166 - mmpose - INFO - Best PCKh is 79.5030 at 40 epoch.
2022-07-28 14:55:11,166 - mmpose - INFO - Epoch(val) [40][24]	Head: 93.2810, Shoulder: 91.6610, Elbow: 78.5754, Wrist: 68.9762, Hip: 83.0708, Knee: 70.9241, Ankle: 62.4703, PCKh: 79.5030, PCKh@0.1: 18.0120
2022-07-28 14:55:34,081 - mmpose - INFO - Epoch [41][50/87]	lr: 5.000e-04, eta: 1:05:45, time: 0.458, data_time: 0.301, memory: 1757, reg_loss: -110.3343, 2: -110.3550, 3: 0.0207, acc_pose: 0.7908, loss: -110.3343
2022-07-28 14:56:11,308 - mmpose - INFO - Epoch [42][50/87]	lr: 5.000e-04, eta: 1:05:21, time: 0.463, data_time: 0.263, memory: 1757, reg_loss: -109.8847, 2: -109.9055, 3: 0.0208, acc_pose: 0.7913, loss: -109.8847
2022-07-28 14:56:47,858 - mmpose - INFO - Epoch [43][50/87]	lr: 5.000e-04, eta: 1:04:57, time: 0.460, data_time: 0.344, memory: 1757, reg_loss: -111.4386, 2: -111.4592, 3: 0.0206, acc_pose: 0.7933, loss: -111.4386
2022-07-28 14:57:24,884 - mmpose - INFO - Epoch [44][50/87]	lr: 5.000e-04, eta: 1:04:32, time: 0.456, data_time: 0.362, memory: 1757, reg_loss: -110.7352, 2: -110.7557, 3: 0.0206, acc_pose: 0.7942, loss: -110.7352
2022-07-28 14:58:01,330 - mmpose - INFO - Epoch [45][50/87]	lr: 5.000e-04, eta: 1:04:06, time: 0.456, data_time: 0.299, memory: 1757, reg_loss: -110.3216, 2: -110.3425, 3: 0.0208, acc_pose: 0.7887, loss: -110.3216
2022-07-28 14:58:38,156 - mmpose - INFO - Epoch [46][50/87]	lr: 5.000e-04, eta: 1:03:42, time: 0.458, data_time: 0.206, memory: 1757, reg_loss: -110.9796, 2: -111.0002, 3: 0.0206, acc_pose: 0.7990, loss: -110.9796
2022-07-28 14:59:15,039 - mmpose - INFO - Epoch [47][50/87]	lr: 5.000e-04, eta: 1:03:17, time: 0.457, data_time: 0.336, memory: 1757, reg_loss: -111.8285, 2: -111.8488, 3: 0.0203, acc_pose: 0.8017, loss: -111.8285
2022-07-28 14:59:51,602 - mmpose - INFO - Epoch [48][50/87]	lr: 5.000e-04, eta: 1:02:52, time: 0.452, data_time: 0.349, memory: 1757, reg_loss: -111.8672, 2: -111.8875, 3: 0.0203, acc_pose: 0.7974, loss: -111.8672
2022-07-28 15:00:28,993 - mmpose - INFO - Epoch [49][50/87]	lr: 5.000e-04, eta: 1:02:28, time: 0.462, data_time: 0.173, memory: 1757, reg_loss: -112.6859, 2: -112.7059, 3: 0.0200, acc_pose: 0.7994, loss: -112.6859
2022-07-28 15:01:06,048 - mmpose - INFO - Epoch [50][50/87]	lr: 5.000e-04, eta: 1:02:04, time: 0.457, data_time: 0.269, memory: 1757, reg_loss: -111.8461, 2: -111.8664, 3: 0.0203, acc_pose: 0.8018, loss: -111.8461
2022-07-28 15:01:19,687 - mmpose - INFO - Saving checkpoint at 50 epochs
2022-07-28 15:01:24,512 - mmpose - INFO - The previous best checkpoint /data/tfj/workspace/python_projects/pose/mmpose0270/work_dirs/30_reg_shufflenetv2_mpii_256x256_dsnt_rle_highres_simc/best_PCKh_epoch_40.pth was removed
2022-07-28 15:01:24,745 - mmpose - INFO - Now best checkpoint is saved as best_PCKh_epoch_50.pth.
2022-07-28 15:01:24,746 - mmpose - INFO - Best PCKh is 80.0390 at 50 epoch.
2022-07-28 15:01:24,746 - mmpose - INFO - Epoch(val) [50][24]	Head: 93.0764, Shoulder: 91.4572, Elbow: 79.8192, Wrist: 69.5918, Hip: 83.8670, Knee: 72.0930, Ankle: 62.7301, PCKh: 80.0390, PCKh@0.1: 18.5532
2022-07-28 15:01:46,994 - mmpose - INFO - Epoch [51][50/87]	lr: 5.000e-04, eta: 1:01:38, time: 0.445, data_time: 0.262, memory: 1757, reg_loss: -112.5603, 2: -112.5805, 3: 0.0202, acc_pose: 0.7937, loss: -112.5603
2022-07-28 15:02:23,232 - mmpose - INFO - Epoch [52][50/87]	lr: 5.000e-04, eta: 1:01:12, time: 0.448, data_time: 0.271, memory: 1757, reg_loss: -112.4556, 2: -112.4756, 3: 0.0200, acc_pose: 0.8019, loss: -112.4556
2022-07-28 15:02:59,643 - mmpose - INFO - Epoch [53][50/87]	lr: 5.000e-04, eta: 1:00:47, time: 0.450, data_time: 0.188, memory: 1757, reg_loss: -112.8480, 2: -112.8680, 3: 0.0199, acc_pose: 0.8007, loss: -112.8480
2022-07-28 15:03:36,547 - mmpose - INFO - Epoch [54][50/87]	lr: 5.000e-04, eta: 1:00:21, time: 0.449, data_time: 0.340, memory: 1757, reg_loss: -112.5132, 2: -112.5333, 3: 0.0201, acc_pose: 0.8068, loss: -112.5132
2022-07-28 15:04:12,775 - mmpose - INFO - Epoch [55][50/87]	lr: 5.000e-04, eta: 0:59:56, time: 0.447, data_time: 0.287, memory: 1757, reg_loss: -112.5958, 2: -112.6158, 3: 0.0201, acc_pose: 0.8041, loss: -112.5958
2022-07-28 15:04:49,850 - mmpose - INFO - Epoch [56][50/87]	lr: 5.000e-04, eta: 0:59:32, time: 0.456, data_time: 0.341, memory: 1757, reg_loss: -113.1326, 2: -113.1523, 3: 0.0197, acc_pose: 0.8098, loss: -113.1326
2022-07-28 15:05:26,522 - mmpose - INFO - Epoch [57][50/87]	lr: 5.000e-04, eta: 0:59:07, time: 0.453, data_time: 0.324, memory: 1757, reg_loss: -113.4448, 2: -113.4647, 3: 0.0199, acc_pose: 0.8067, loss: -113.4448
2022-07-28 15:06:03,070 - mmpose - INFO - Epoch [58][50/87]	lr: 5.000e-04, eta: 0:58:43, time: 0.454, data_time: 0.196, memory: 1757, reg_loss: -112.8457, 2: -112.8655, 3: 0.0198, acc_pose: 0.8026, loss: -112.8457
2022-07-28 15:06:39,667 - mmpose - INFO - Epoch [59][50/87]	lr: 5.000e-04, eta: 0:58:19, time: 0.455, data_time: 0.153, memory: 1757, reg_loss: -113.4656, 2: -113.4852, 3: 0.0196, acc_pose: 0.8101, loss: -113.4656
2022-07-28 15:07:16,546 - mmpose - INFO - Epoch [60][50/87]	lr: 5.000e-04, eta: 0:57:55, time: 0.456, data_time: 0.141, memory: 1757, reg_loss: -113.3259, 2: -113.3457, 3: 0.0198, acc_pose: 0.8043, loss: -113.3259
2022-07-28 15:07:30,144 - mmpose - INFO - Saving checkpoint at 60 epochs
2022-07-28 15:07:37,005 - mmpose - INFO - The previous best checkpoint /data/tfj/workspace/python_projects/pose/mmpose0270/work_dirs/30_reg_shufflenetv2_mpii_256x256_dsnt_rle_highres_simc/best_PCKh_epoch_50.pth was removed
2022-07-28 15:07:37,252 - mmpose - INFO - Now best checkpoint is saved as best_PCKh_epoch_60.pth.
2022-07-28 15:07:37,252 - mmpose - INFO - Best PCKh is 80.1327 at 60 epoch.
2022-07-28 15:07:37,252 - mmpose - INFO - Epoch(val) [60][24]	Head: 92.8035, Shoulder: 90.9477, Elbow: 79.7001, Wrist: 70.3463, Hip: 83.1054, Knee: 72.0541, Ankle: 64.7848, PCKh: 80.1327, PCKh@0.1: 18.7978
2022-07-28 15:07:59,734 - mmpose - INFO - Epoch [61][50/87]	lr: 5.000e-04, eta: 0:57:31, time: 0.450, data_time: 0.283, memory: 1757, reg_loss: -114.4140, 2: -114.4334, 3: 0.0194, acc_pose: 0.8103, loss: -114.4140
2022-07-28 15:08:35,682 - mmpose - INFO - Epoch [62][50/87]	lr: 5.000e-04, eta: 0:57:06, time: 0.448, data_time: 0.299, memory: 1757, reg_loss: -114.0510, 2: -114.0704, 3: 0.0195, acc_pose: 0.8058, loss: -114.0510
2022-07-28 15:09:12,534 - mmpose - INFO - Epoch [63][50/87]	lr: 5.000e-04, eta: 0:56:42, time: 0.454, data_time: 0.335, memory: 1757, reg_loss: -114.3484, 2: -114.3679, 3: 0.0195, acc_pose: 0.8143, loss: -114.3484
2022-07-28 15:09:48,950 - mmpose - INFO - Epoch [64][50/87]	lr: 5.000e-04, eta: 0:56:18, time: 0.454, data_time: 0.333, memory: 1757, reg_loss: -114.3835, 2: -114.4030, 3: 0.0195, acc_pose: 0.8009, loss: -114.3835
2022-07-28 15:10:25,282 - mmpose - INFO - Epoch [65][50/87]	lr: 5.000e-04, eta: 0:55:54, time: 0.450, data_time: 0.249, memory: 1757, reg_loss: -113.7152, 2: -113.7347, 3: 0.0195, acc_pose: 0.8113, loss: -113.7152
2022-07-28 15:11:01,696 - mmpose - INFO - Epoch [66][50/87]	lr: 5.000e-04, eta: 0:55:30, time: 0.453, data_time: 0.307, memory: 1757, reg_loss: -114.2464, 2: -114.2659, 3: 0.0195, acc_pose: 0.8149, loss: -114.2464
2022-07-28 15:11:39,100 - mmpose - INFO - Epoch [67][50/87]	lr: 5.000e-04, eta: 0:55:07, time: 0.462, data_time: 0.336, memory: 1757, reg_loss: -114.5179, 2: -114.5373, 3: 0.0195, acc_pose: 0.8122, loss: -114.5179
2022-07-28 15:12:15,631 - mmpose - INFO - Epoch [68][50/87]	lr: 5.000e-04, eta: 0:54:42, time: 0.448, data_time: 0.342, memory: 1757, reg_loss: -114.7500, 2: -114.7694, 3: 0.0194, acc_pose: 0.8104, loss: -114.7500
2022-07-28 15:12:52,151 - mmpose - INFO - Epoch [69][50/87]	lr: 5.000e-04, eta: 0:54:17, time: 0.446, data_time: 0.268, memory: 1757, reg_loss: -114.3775, 2: -114.3969, 3: 0.0194, acc_pose: 0.8092, loss: -114.3775
2022-07-28 15:13:28,527 - mmpose - INFO - Epoch [70][50/87]	lr: 5.000e-04, eta: 0:53:53, time: 0.445, data_time: 0.284, memory: 1757, reg_loss: -115.1588, 2: -115.1781, 3: 0.0193, acc_pose: 0.8078, loss: -115.1588
2022-07-28 15:13:42,581 - mmpose - INFO - Saving checkpoint at 70 epochs
2022-07-28 15:13:47,468 - mmpose - INFO - The previous best checkpoint /data/tfj/workspace/python_projects/pose/mmpose0270/work_dirs/30_reg_shufflenetv2_mpii_256x256_dsnt_rle_highres_simc/best_PCKh_epoch_60.pth was removed
2022-07-28 15:13:47,673 - mmpose - INFO - Now best checkpoint is saved as best_PCKh_epoch_70.pth.
2022-07-28 15:13:47,674 - mmpose - INFO - Best PCKh is 80.3591 at 70 epoch.
2022-07-28 15:13:47,674 - mmpose - INFO - Epoch(val) [70][24]	Head: 92.7012, Shoulder: 91.1515, Elbow: 80.0240, Wrist: 70.1219, Hip: 83.4516, Knee: 72.8200, Ankle: 65.0680, PCKh: 80.3591, PCKh@0.1: 19.2714
2022-07-28 15:14:09,859 - mmpose - INFO - Epoch [71][50/87]	lr: 5.000e-04, eta: 0:53:28, time: 0.444, data_time: 0.335, memory: 1757, reg_loss: -115.3740, 2: -115.3930, 3: 0.0191, acc_pose: 0.8120, loss: -115.3740
2022-07-28 15:14:46,435 - mmpose - INFO - Epoch [72][50/87]	lr: 5.000e-04, eta: 0:53:04, time: 0.452, data_time: 0.168, memory: 1757, reg_loss: -114.3730, 2: -114.3925, 3: 0.0194, acc_pose: 0.8115, loss: -114.3730
2022-07-28 15:15:23,171 - mmpose - INFO - Epoch [73][50/87]	lr: 5.000e-04, eta: 0:52:41, time: 0.454, data_time: 0.261, memory: 1757, reg_loss: -115.2148, 2: -115.2338, 3: 0.0190, acc_pose: 0.8168, loss: -115.2148
2022-07-28 15:15:59,436 - mmpose - INFO - Epoch [74][50/87]	lr: 5.000e-04, eta: 0:52:17, time: 0.451, data_time: 0.333, memory: 1757, reg_loss: -115.8466, 2: -115.8655, 3: 0.0190, acc_pose: 0.8154, loss: -115.8466
2022-07-28 15:16:35,966 - mmpose - INFO - Epoch [75][50/87]	lr: 5.000e-04, eta: 0:51:53, time: 0.450, data_time: 0.191, memory: 1757, reg_loss: -115.1099, 2: -115.1290, 3: 0.0191, acc_pose: 0.8144, loss: -115.1099
2022-07-28 15:17:12,373 - mmpose - INFO - Epoch [76][50/87]	lr: 5.000e-04, eta: 0:51:30, time: 0.456, data_time: 0.285, memory: 1757, reg_loss: -115.6822, 2: -115.7012, 3: 0.0190, acc_pose: 0.8179, loss: -115.6822
2022-07-28 15:17:49,019 - mmpose - INFO - Epoch [77][50/87]	lr: 5.000e-04, eta: 0:51:06, time: 0.450, data_time: 0.256, memory: 1757, reg_loss: -116.1770, 2: -116.1958, 3: 0.0188, acc_pose: 0.8180, loss: -116.1770
2022-07-28 15:18:25,396 - mmpose - INFO - Epoch [78][50/87]	lr: 5.000e-04, eta: 0:50:42, time: 0.446, data_time: 0.221, memory: 1757, reg_loss: -116.6346, 2: -116.6533, 3: 0.0187, acc_pose: 0.8180, loss: -116.6346
2022-07-28 15:19:01,845 - mmpose - INFO - Epoch [79][50/87]	lr: 5.000e-04, eta: 0:50:18, time: 0.454, data_time: 0.284, memory: 1757, reg_loss: -115.4147, 2: -115.4338, 3: 0.0191, acc_pose: 0.8134, loss: -115.4147
2022-07-28 15:19:38,510 - mmpose - INFO - Epoch [80][50/87]	lr: 5.000e-04, eta: 0:49:55, time: 0.454, data_time: 0.112, memory: 1757, reg_loss: -115.7863, 2: -115.8052, 3: 0.0189, acc_pose: 0.8213, loss: -115.7863
2022-07-28 15:19:52,345 - mmpose - INFO - Saving checkpoint at 80 epochs
2022-07-28 15:19:58,473 - mmpose - INFO - The previous best checkpoint /data/tfj/workspace/python_projects/pose/mmpose0270/work_dirs/30_reg_shufflenetv2_mpii_256x256_dsnt_rle_highres_simc/best_PCKh_epoch_70.pth was removed
2022-07-28 15:19:58,695 - mmpose - INFO - Now best checkpoint is saved as best_PCKh_epoch_80.pth.
2022-07-28 15:19:58,695 - mmpose - INFO - Best PCKh is 80.5569 at 80 epoch.
2022-07-28 15:19:58,695 - mmpose - INFO - Epoch(val) [80][24]	Head: 92.7012, Shoulder: 91.4572, Elbow: 80.6376, Wrist: 70.1920, Hip: 84.3171, Knee: 72.7386, Ankle: 64.4068, PCKh: 80.5569, PCKh@0.1: 18.8993
2022-07-28 15:20:21,658 - mmpose - INFO - Epoch [81][50/87]	lr: 5.000e-04, eta: 0:49:32, time: 0.459, data_time: 0.343, memory: 1757, reg_loss: -116.5725, 2: -116.5912, 3: 0.0187, acc_pose: 0.8188, loss: -116.5725
2022-07-28 15:20:57,756 - mmpose - INFO - Epoch [82][50/87]	lr: 5.000e-04, eta: 0:49:08, time: 0.450, data_time: 0.174, memory: 1757, reg_loss: -116.2208, 2: -116.2398, 3: 0.0190, acc_pose: 0.8194, loss: -116.2208
2022-07-28 15:21:34,625 - mmpose - INFO - Epoch [83][50/87]	lr: 5.000e-04, eta: 0:48:45, time: 0.456, data_time: 0.218, memory: 1757, reg_loss: -116.1868, 2: -116.2054, 3: 0.0186, acc_pose: 0.8240, loss: -116.1868
2022-07-28 15:22:10,883 - mmpose - INFO - Epoch [84][50/87]	lr: 5.000e-04, eta: 0:48:21, time: 0.448, data_time: 0.281, memory: 1757, reg_loss: -116.3164, 2: -116.3352, 3: 0.0188, acc_pose: 0.8204, loss: -116.3164
2022-07-28 15:22:47,815 - mmpose - INFO - Epoch [85][50/87]	lr: 5.000e-04, eta: 0:47:58, time: 0.456, data_time: 0.214, memory: 1757, reg_loss: -117.1125, 2: -117.1311, 3: 0.0185, acc_pose: 0.8248, loss: -117.1125
2022-07-28 15:23:24,596 - mmpose - INFO - Epoch [86][50/87]	lr: 5.000e-04, eta: 0:47:35, time: 0.454, data_time: 0.338, memory: 1757, reg_loss: -117.0478, 2: -117.0663, 3: 0.0185, acc_pose: 0.8233, loss: -117.0478
2022-07-28 15:24:01,573 - mmpose - INFO - Epoch [87][50/87]	lr: 5.000e-04, eta: 0:47:12, time: 0.457, data_time: 0.186, memory: 1757, reg_loss: -116.8958, 2: -116.9144, 3: 0.0186, acc_pose: 0.8261, loss: -116.8958
2022-07-28 15:24:37,478 - mmpose - INFO - Epoch [88][50/87]	lr: 5.000e-04, eta: 0:46:48, time: 0.450, data_time: 0.315, memory: 1757, reg_loss: -116.8117, 2: -116.8302, 3: 0.0185, acc_pose: 0.8254, loss: -116.8117
2022-07-28 15:25:14,038 - mmpose - INFO - Epoch [89][50/87]	lr: 5.000e-04, eta: 0:46:25, time: 0.454, data_time: 0.253, memory: 1757, reg_loss: -116.7476, 2: -116.7662, 3: 0.0186, acc_pose: 0.8212, loss: -116.7476
2022-07-28 15:25:50,765 - mmpose - INFO - Epoch [90][50/87]	lr: 5.000e-04, eta: 0:46:01, time: 0.453, data_time: 0.247, memory: 1757, reg_loss: -116.8156, 2: -116.8342, 3: 0.0186, acc_pose: 0.8315, loss: -116.8156
2022-07-28 15:26:05,312 - mmpose - INFO - Saving checkpoint at 90 epochs
2022-07-28 15:26:10,195 - mmpose - INFO - Epoch(val) [90][24]	Head: 93.3151, Shoulder: 90.7779, Elbow: 79.8535, Wrist: 70.0203, Hip: 83.6766, Knee: 72.8002, Ankle: 64.8315, PCKh: 80.3253, PCKh@0.1: 19.1569
2022-07-28 15:26:32,653 - mmpose - INFO - Epoch [91][50/87]	lr: 5.000e-04, eta: 0:45:38, time: 0.449, data_time: 0.355, memory: 1757, reg_loss: -116.6074, 2: -116.6263, 3: 0.0189, acc_pose: 0.8175, loss: -116.6074
2022-07-28 15:27:09,343 - mmpose - INFO - Epoch [92][50/87]	lr: 5.000e-04, eta: 0:45:15, time: 0.453, data_time: 0.328, memory: 1757, reg_loss: -117.2477, 2: -117.2662, 3: 0.0184, acc_pose: 0.8263, loss: -117.2477
2022-07-28 15:27:46,505 - mmpose - INFO - Epoch [93][50/87]	lr: 5.000e-04, eta: 0:44:52, time: 0.458, data_time: 0.227, memory: 1757, reg_loss: -117.5703, 2: -117.5888, 3: 0.0186, acc_pose: 0.8237, loss: -117.5703
2022-07-28 15:28:23,751 - mmpose - INFO - Epoch [94][50/87]	lr: 5.000e-04, eta: 0:44:29, time: 0.457, data_time: 0.223, memory: 1757, reg_loss: -117.6909, 2: -117.7094, 3: 0.0185, acc_pose: 0.8277, loss: -117.6909
2022-07-28 15:29:00,838 - mmpose - INFO - Epoch [95][50/87]	lr: 5.000e-04, eta: 0:44:05, time: 0.454, data_time: 0.290, memory: 1757, reg_loss: -116.8795, 2: -116.8980, 3: 0.0185, acc_pose: 0.8191, loss: -116.8795
2022-07-28 15:29:37,851 - mmpose - INFO - Epoch [96][50/87]	lr: 5.000e-04, eta: 0:43:43, time: 0.459, data_time: 0.200, memory: 1757, reg_loss: -117.8221, 2: -117.8404, 3: 0.0183, acc_pose: 0.8281, loss: -117.8221
2022-07-28 15:30:15,020 - mmpose - INFO - Epoch [97][50/87]	lr: 5.000e-04, eta: 0:43:20, time: 0.462, data_time: 0.236, memory: 1757, reg_loss: -118.0551, 2: -118.0734, 3: 0.0183, acc_pose: 0.8283, loss: -118.0551
2022-07-28 15:30:51,802 - mmpose - INFO - Epoch [98][50/87]	lr: 5.000e-04, eta: 0:42:57, time: 0.456, data_time: 0.276, memory: 1757, reg_loss: -118.3243, 2: -118.3425, 3: 0.0182, acc_pose: 0.8304, loss: -118.3243
2022-07-28 15:31:28,580 - mmpose - INFO - Epoch [99][50/87]	lr: 5.000e-04, eta: 0:42:34, time: 0.453, data_time: 0.347, memory: 1757, reg_loss: -118.2179, 2: -118.2360, 3: 0.0181, acc_pose: 0.8254, loss: -118.2179
2022-07-28 15:32:05,559 - mmpose - INFO - Epoch [100][50/87]	lr: 5.000e-04, eta: 0:42:10, time: 0.454, data_time: 0.330, memory: 1757, reg_loss: -118.1130, 2: -118.1312, 3: 0.0182, acc_pose: 0.8253, loss: -118.1130
2022-07-28 15:32:19,576 - mmpose - INFO - Saving checkpoint at 100 epochs
2022-07-28 15:32:24,514 - mmpose - INFO - The previous best checkpoint /data/tfj/workspace/python_projects/pose/mmpose0270/work_dirs/30_reg_shufflenetv2_mpii_256x256_dsnt_rle_highres_simc/best_PCKh_epoch_80.pth was removed
2022-07-28 15:32:24,734 - mmpose - INFO - Now best checkpoint is saved as best_PCKh_epoch_100.pth.
2022-07-28 15:32:24,734 - mmpose - INFO - Best PCKh is 80.7884 at 100 epoch.
2022-07-28 15:32:24,734 - mmpose - INFO - Epoch(val) [100][24]	Head: 93.1105, Shoulder: 91.5421, Elbow: 80.5694, Wrist: 70.4319, Hip: 83.4689, Knee: 73.5850, Ankle: 65.8704, PCKh: 80.7884, PCKh@0.1: 19.5863
2022-07-28 15:32:46,933 - mmpose - INFO - Epoch [101][50/87]	lr: 5.000e-04, eta: 0:41:47, time: 0.444, data_time: 0.293, memory: 1757, reg_loss: -117.8304, 2: -117.8487, 3: 0.0183, acc_pose: 0.8268, loss: -117.8304
2022-07-28 15:33:24,112 - mmpose - INFO - Epoch [102][50/87]	lr: 5.000e-04, eta: 0:41:23, time: 0.452, data_time: 0.328, memory: 1757, reg_loss: -118.4962, 2: -118.5143, 3: 0.0181, acc_pose: 0.8300, loss: -118.4962
2022-07-28 15:34:00,923 - mmpose - INFO - Epoch [103][50/87]	lr: 5.000e-04, eta: 0:41:00, time: 0.453, data_time: 0.285, memory: 1757, reg_loss: -118.3272, 2: -118.3454, 3: 0.0182, acc_pose: 0.8296, loss: -118.3272
2022-07-28 15:34:38,102 - mmpose - INFO - Epoch [104][50/87]	lr: 5.000e-04, eta: 0:40:37, time: 0.460, data_time: 0.325, memory: 1757, reg_loss: -118.8101, 2: -118.8281, 3: 0.0180, acc_pose: 0.8378, loss: -118.8101
2022-07-28 15:35:14,120 - mmpose - INFO - Epoch [105][50/87]	lr: 5.000e-04, eta: 0:40:14, time: 0.444, data_time: 0.311, memory: 1757, reg_loss: -118.5008, 2: -118.5189, 3: 0.0181, acc_pose: 0.8324, loss: -118.5008
2022-07-28 15:35:50,979 - mmpose - INFO - Epoch [106][50/87]	lr: 5.000e-04, eta: 0:39:50, time: 0.446, data_time: 0.268, memory: 1757, reg_loss: -118.2366, 2: -118.2549, 3: 0.0183, acc_pose: 0.8262, loss: -118.2366
2022-07-28 15:36:27,909 - mmpose - INFO - Epoch [107][50/87]	lr: 5.000e-04, eta: 0:39:27, time: 0.457, data_time: 0.310, memory: 1757, reg_loss: -118.5367, 2: -118.5548, 3: 0.0181, acc_pose: 0.8271, loss: -118.5367
2022-07-28 15:37:04,751 - mmpose - INFO - Epoch [108][50/87]	lr: 5.000e-04, eta: 0:39:04, time: 0.455, data_time: 0.248, memory: 1757, reg_loss: -118.3536, 2: -118.3718, 3: 0.0182, acc_pose: 0.8292, loss: -118.3536
2022-07-28 15:37:41,082 - mmpose - INFO - Epoch [109][50/87]	lr: 5.000e-04, eta: 0:38:41, time: 0.453, data_time: 0.245, memory: 1757, reg_loss: -119.3490, 2: -119.3669, 3: 0.0179, acc_pose: 0.8303, loss: -119.3490
2022-07-28 15:38:17,101 - mmpose - INFO - Epoch [110][50/87]	lr: 5.000e-04, eta: 0:38:18, time: 0.445, data_time: 0.289, memory: 1757, reg_loss: -119.1024, 2: -119.1204, 3: 0.0180, acc_pose: 0.8317, loss: -119.1024
2022-07-28 15:38:31,479 - mmpose - INFO - Saving checkpoint at 110 epochs
2022-07-28 15:38:36,272 - mmpose - INFO - Epoch(val) [110][24]	Head: 93.0764, Shoulder: 91.2704, Elbow: 80.4841, Wrist: 70.3796, Hip: 83.6593, Knee: 73.4236, Ankle: 65.5402, PCKh: 80.6818, PCKh@0.1: 19.5837
2022-07-28 15:38:58,995 - mmpose - INFO - Epoch [111][50/87]	lr: 5.000e-04, eta: 0:37:55, time: 0.454, data_time: 0.353, memory: 1757, reg_loss: -118.9153, 2: -118.9334, 3: 0.0181, acc_pose: 0.8355, loss: -118.9153
2022-07-28 15:39:35,710 - mmpose - INFO - Epoch [112][50/87]	lr: 5.000e-04, eta: 0:37:32, time: 0.455, data_time: 0.257, memory: 1757, reg_loss: -119.3320, 2: -119.3499, 3: 0.0179, acc_pose: 0.8358, loss: -119.3320
2022-07-28 15:40:11,935 - mmpose - INFO - Epoch [113][50/87]	lr: 5.000e-04, eta: 0:37:08, time: 0.446, data_time: 0.284, memory: 1757, reg_loss: -119.0042, 2: -119.0222, 3: 0.0180, acc_pose: 0.8342, loss: -119.0042
2022-07-28 15:40:49,023 - mmpose - INFO - Epoch [114][50/87]	lr: 5.000e-04, eta: 0:36:45, time: 0.453, data_time: 0.336, memory: 1757, reg_loss: -119.6261, 2: -119.6438, 3: 0.0177, acc_pose: 0.8326, loss: -119.6261
2022-07-28 15:41:25,515 - mmpose - INFO - Epoch [115][50/87]	lr: 5.000e-04, eta: 0:36:22, time: 0.451, data_time: 0.317, memory: 1757, reg_loss: -118.9838, 2: -119.0018, 3: 0.0180, acc_pose: 0.8316, loss: -118.9838
2022-07-28 15:42:02,146 - mmpose - INFO - Epoch [116][50/87]	lr: 5.000e-04, eta: 0:35:59, time: 0.457, data_time: 0.257, memory: 1757, reg_loss: -119.4169, 2: -119.4348, 3: 0.0179, acc_pose: 0.8274, loss: -119.4169
2022-07-28 15:42:38,939 - mmpose - INFO - Epoch [117][50/87]	lr: 5.000e-04, eta: 0:35:36, time: 0.458, data_time: 0.316, memory: 1757, reg_loss: -119.1821, 2: -119.2002, 3: 0.0181, acc_pose: 0.8264, loss: -119.1821
2022-07-28 15:43:15,479 - mmpose - INFO - Epoch [118][50/87]	lr: 5.000e-04, eta: 0:35:13, time: 0.453, data_time: 0.285, memory: 1757, reg_loss: -119.5746, 2: -119.5925, 3: 0.0179, acc_pose: 0.8414, loss: -119.5746
2022-07-28 15:43:52,468 - mmpose - INFO - Epoch [119][50/87]	lr: 5.000e-04, eta: 0:34:50, time: 0.453, data_time: 0.266, memory: 1757, reg_loss: -120.4093, 2: -120.4270, 3: 0.0177, acc_pose: 0.8366, loss: -120.4093
2022-07-28 15:44:28,937 - mmpose - INFO - Epoch [120][50/87]	lr: 5.000e-04, eta: 0:34:27, time: 0.447, data_time: 0.296, memory: 1757, reg_loss: -120.4058, 2: -120.4232, 3: 0.0175, acc_pose: 0.8359, loss: -120.4058
2022-07-28 15:44:42,879 - mmpose - INFO - Saving checkpoint at 120 epochs
2022-07-28 15:44:47,811 - mmpose - INFO - The previous best checkpoint /data/tfj/workspace/python_projects/pose/mmpose0270/work_dirs/30_reg_shufflenetv2_mpii_256x256_dsnt_rle_highres_simc/best_PCKh_epoch_100.pth was removed
2022-07-28 15:44:48,021 - mmpose - INFO - Now best checkpoint is saved as best_PCKh_epoch_120.pth.
2022-07-28 15:44:48,021 - mmpose - INFO - Best PCKh is 80.9680 at 120 epoch.
2022-07-28 15:44:48,021 - mmpose - INFO - Epoch(val) [120][24]	Head: 93.5880, Shoulder: 91.4572, Elbow: 80.7058, Wrist: 70.8072, Hip: 84.1786, Knee: 73.1410, Ankle: 66.0128, PCKh: 80.9680, PCKh@0.1: 20.0000
2022-07-28 15:45:10,207 - mmpose - INFO - Epoch [121][50/87]	lr: 5.000e-04, eta: 0:34:04, time: 0.444, data_time: 0.341, memory: 1757, reg_loss: -120.0382, 2: -120.0558, 3: 0.0176, acc_pose: 0.8376, loss: -120.0382
2022-07-28 15:45:46,615 - mmpose - INFO - Epoch [122][50/87]	lr: 5.000e-04, eta: 0:33:40, time: 0.450, data_time: 0.307, memory: 1757, reg_loss: -120.2344, 2: -120.2521, 3: 0.0177, acc_pose: 0.8397, loss: -120.2344
2022-07-28 15:46:23,497 - mmpose - INFO - Epoch [123][50/87]	lr: 5.000e-04, eta: 0:33:17, time: 0.450, data_time: 0.266, memory: 1757, reg_loss: -119.5552, 2: -119.5731, 3: 0.0179, acc_pose: 0.8293, loss: -119.5552
2022-07-28 15:47:00,386 - mmpose - INFO - Epoch [124][50/87]	lr: 5.000e-04, eta: 0:32:55, time: 0.457, data_time: 0.321, memory: 1757, reg_loss: -119.5665, 2: -119.5842, 3: 0.0178, acc_pose: 0.8352, loss: -119.5665
2022-07-28 15:47:36,630 - mmpose - INFO - Epoch [125][50/87]	lr: 5.000e-04, eta: 0:32:31, time: 0.449, data_time: 0.339, memory: 1757, reg_loss: -119.6818, 2: -119.6995, 3: 0.0177, acc_pose: 0.8403, loss: -119.6818
2022-07-28 15:48:13,062 - mmpose - INFO - Epoch [126][50/87]	lr: 5.000e-04, eta: 0:32:08, time: 0.449, data_time: 0.280, memory: 1757, reg_loss: -119.9083, 2: -119.9261, 3: 0.0178, acc_pose: 0.8433, loss: -119.9083
2022-07-28 15:48:49,655 - mmpose - INFO - Epoch [127][50/87]	lr: 5.000e-04, eta: 0:31:45, time: 0.448, data_time: 0.310, memory: 1757, reg_loss: -120.5925, 2: -120.6100, 3: 0.0175, acc_pose: 0.8364, loss: -120.5925
2022-07-28 15:49:26,204 - mmpose - INFO - Epoch [128][50/87]	lr: 5.000e-04, eta: 0:31:22, time: 0.457, data_time: 0.369, memory: 1757, reg_loss: -120.5981, 2: -120.6157, 3: 0.0176, acc_pose: 0.8415, loss: -120.5981
2022-07-28 15:50:01,948 - mmpose - INFO - Epoch [129][50/87]	lr: 5.000e-04, eta: 0:30:59, time: 0.446, data_time: 0.243, memory: 1757, reg_loss: -119.9951, 2: -120.0127, 3: 0.0176, acc_pose: 0.8347, loss: -119.9951
2022-07-28 15:50:39,465 - mmpose - INFO - Epoch [130][50/87]	lr: 5.000e-04, eta: 0:30:36, time: 0.456, data_time: 0.137, memory: 1757, reg_loss: -121.1175, 2: -121.1350, 3: 0.0175, acc_pose: 0.8412, loss: -121.1175
2022-07-28 15:50:53,405 - mmpose - INFO - Saving checkpoint at 130 epochs
2022-07-28 15:50:58,235 - mmpose - INFO - Epoch(val) [130][24]	Head: 92.9059, Shoulder: 91.1515, Elbow: 79.9900, Wrist: 70.8922, Hip: 83.4515, Knee: 73.1820, Ankle: 65.8236, PCKh: 80.6297, PCKh@0.1: 19.4770
2022-07-28 15:51:20,650 - mmpose - INFO - Epoch [131][50/87]	lr: 5.000e-04, eta: 0:30:13, time: 0.448, data_time: 0.211, memory: 1757, reg_loss: -120.9158, 2: -120.9333, 3: 0.0175, acc_pose: 0.8401, loss: -120.9158
2022-07-28 15:51:57,381 - mmpose - INFO - Epoch [132][50/87]	lr: 5.000e-04, eta: 0:29:50, time: 0.458, data_time: 0.364, memory: 1757, reg_loss: -121.1172, 2: -121.1346, 3: 0.0174, acc_pose: 0.8394, loss: -121.1172
2022-07-28 15:52:33,100 - mmpose - INFO - Epoch [133][50/87]	lr: 5.000e-04, eta: 0:29:27, time: 0.448, data_time: 0.334, memory: 1757, reg_loss: -120.7347, 2: -120.7523, 3: 0.0177, acc_pose: 0.8431, loss: -120.7347
2022-07-28 15:53:09,529 - mmpose - INFO - Epoch [134][50/87]	lr: 5.000e-04, eta: 0:29:04, time: 0.452, data_time: 0.284, memory: 1757, reg_loss: -120.9629, 2: -120.9804, 3: 0.0175, acc_pose: 0.8405, loss: -120.9629
2022-07-28 15:53:45,778 - mmpose - INFO - Epoch [135][50/87]	lr: 5.000e-04, eta: 0:28:41, time: 0.449, data_time: 0.126, memory: 1757, reg_loss: -121.4264, 2: -121.4437, 3: 0.0173, acc_pose: 0.8418, loss: -121.4264
2022-07-28 15:54:22,384 - mmpose - INFO - Epoch [136][50/87]	lr: 5.000e-04, eta: 0:28:18, time: 0.456, data_time: 0.198, memory: 1757, reg_loss: -121.5341, 2: -121.5513, 3: 0.0172, acc_pose: 0.8468, loss: -121.5341
2022-07-28 15:54:58,725 - mmpose - INFO - Epoch [137][50/87]	lr: 5.000e-04, eta: 0:27:55, time: 0.448, data_time: 0.260, memory: 1757, reg_loss: -121.0420, 2: -121.0595, 3: 0.0175, acc_pose: 0.8339, loss: -121.0420
2022-07-28 15:55:36,473 - mmpose - INFO - Epoch [138][50/87]	lr: 5.000e-04, eta: 0:27:33, time: 0.462, data_time: 0.124, memory: 1757, reg_loss: -121.2449, 2: -121.2623, 3: 0.0174, acc_pose: 0.8384, loss: -121.2449
2022-07-28 15:56:13,252 - mmpose - INFO - Epoch [139][50/87]	lr: 5.000e-04, eta: 0:27:10, time: 0.455, data_time: 0.233, memory: 1757, reg_loss: -120.9830, 2: -121.0005, 3: 0.0175, acc_pose: 0.8431, loss: -120.9830
2022-07-28 15:56:49,957 - mmpose - INFO - Epoch [140][50/87]	lr: 5.000e-04, eta: 0:26:47, time: 0.454, data_time: 0.217, memory: 1757, reg_loss: -121.0978, 2: -121.1151, 3: 0.0174, acc_pose: 0.8423, loss: -121.0978
2022-07-28 15:57:03,821 - mmpose - INFO - Saving checkpoint at 140 epochs
2022-07-28 15:57:08,772 - mmpose - INFO - Epoch(val) [140][24]	Head: 93.4175, Shoulder: 91.7120, Elbow: 80.7230, Wrist: 70.7748, Hip: 83.5381, Knee: 74.3108, Ankle: 65.2806, PCKh: 80.9680, PCKh@0.1: 19.8725
2022-07-28 15:57:31,502 - mmpose - INFO - Epoch [141][50/87]	lr: 5.000e-04, eta: 0:26:24, time: 0.454, data_time: 0.179, memory: 1757, reg_loss: -121.2301, 2: -121.2475, 3: 0.0174, acc_pose: 0.8384, loss: -121.2301
2022-07-28 15:58:07,928 - mmpose - INFO - Epoch [142][50/87]	lr: 5.000e-04, eta: 0:26:01, time: 0.447, data_time: 0.331, memory: 1757, reg_loss: -121.9469, 2: -121.9641, 3: 0.0172, acc_pose: 0.8423, loss: -121.9469
2022-07-28 15:58:44,971 - mmpose - INFO - Epoch [143][50/87]	lr: 5.000e-04, eta: 0:25:38, time: 0.450, data_time: 0.280, memory: 1757, reg_loss: -121.4174, 2: -121.4347, 3: 0.0173, acc_pose: 0.8474, loss: -121.4174
2022-07-28 15:59:21,531 - mmpose - INFO - Epoch [144][50/87]	lr: 5.000e-04, eta: 0:25:15, time: 0.448, data_time: 0.233, memory: 1757, reg_loss: -121.1057, 2: -121.1232, 3: 0.0174, acc_pose: 0.8434, loss: -121.1057
2022-07-28 15:59:58,311 - mmpose - INFO - Epoch [145][50/87]	lr: 5.000e-04, eta: 0:24:52, time: 0.453, data_time: 0.306, memory: 1757, reg_loss: -122.1771, 2: -122.1941, 3: 0.0170, acc_pose: 0.8460, loss: -122.1771
2022-07-28 16:00:34,542 - mmpose - INFO - Epoch [146][50/87]	lr: 5.000e-04, eta: 0:24:29, time: 0.451, data_time: 0.231, memory: 1757, reg_loss: -121.9937, 2: -122.0110, 3: 0.0173, acc_pose: 0.8442, loss: -121.9937
2022-07-28 16:01:11,801 - mmpose - INFO - Epoch [147][50/87]	lr: 5.000e-04, eta: 0:24:06, time: 0.458, data_time: 0.366, memory: 1757, reg_loss: -121.9131, 2: -121.9303, 3: 0.0172, acc_pose: 0.8472, loss: -121.9131
2022-07-28 16:01:48,596 - mmpose - INFO - Epoch [148][50/87]	lr: 5.000e-04, eta: 0:23:44, time: 0.457, data_time: 0.270, memory: 1757, reg_loss: -121.9463, 2: -121.9635, 3: 0.0172, acc_pose: 0.8460, loss: -121.9463
2022-07-28 16:02:26,219 - mmpose - INFO - Epoch [149][50/87]	lr: 5.000e-04, eta: 0:23:21, time: 0.452, data_time: 0.161, memory: 1757, reg_loss: -122.2536, 2: -122.2707, 3: 0.0171, acc_pose: 0.8455, loss: -122.2536
2022-07-28 16:03:02,896 - mmpose - INFO - Epoch [150][50/87]	lr: 5.000e-04, eta: 0:22:58, time: 0.454, data_time: 0.244, memory: 1757, reg_loss: -122.0486, 2: -122.0657, 3: 0.0171, acc_pose: 0.8454, loss: -122.0486
2022-07-28 16:03:16,979 - mmpose - INFO - Saving checkpoint at 150 epochs
2022-07-28 16:03:21,906 - mmpose - INFO - The previous best checkpoint /data/tfj/workspace/python_projects/pose/mmpose0270/work_dirs/30_reg_shufflenetv2_mpii_256x256_dsnt_rle_highres_simc/best_PCKh_epoch_120.pth was removed
2022-07-28 16:03:22,119 - mmpose - INFO - Now best checkpoint is saved as best_PCKh_epoch_150.pth.
2022-07-28 16:03:22,119 - mmpose - INFO - Best PCKh is 81.1111 at 150 epoch.
2022-07-28 16:03:22,120 - mmpose - INFO - Epoch(val) [150][24]	Head: 93.0082, Shoulder: 91.7289, Elbow: 80.9784, Wrist: 71.3373, Hip: 84.2652, Knee: 73.5243, Ankle: 65.7531, PCKh: 81.1111, PCKh@0.1: 19.6279
2022-07-28 16:03:44,397 - mmpose - INFO - Epoch [151][50/87]	lr: 5.000e-04, eta: 0:22:35, time: 0.445, data_time: 0.355, memory: 1757, reg_loss: -122.0548, 2: -122.0719, 3: 0.0171, acc_pose: 0.8460, loss: -122.0548
2022-07-28 16:04:21,292 - mmpose - INFO - Epoch [152][50/87]	lr: 5.000e-04, eta: 0:22:12, time: 0.456, data_time: 0.212, memory: 1757, reg_loss: -122.0615, 2: -122.0785, 3: 0.0170, acc_pose: 0.8473, loss: -122.0615
2022-07-28 16:04:57,772 - mmpose - INFO - Epoch [153][50/87]	lr: 5.000e-04, eta: 0:21:49, time: 0.451, data_time: 0.299, memory: 1757, reg_loss: -121.8753, 2: -121.8924, 3: 0.0171, acc_pose: 0.8437, loss: -121.8753
2022-07-28 16:05:33,980 - mmpose - INFO - Epoch [154][50/87]	lr: 5.000e-04, eta: 0:21:26, time: 0.446, data_time: 0.256, memory: 1757, reg_loss: -122.0539, 2: -122.0710, 3: 0.0171, acc_pose: 0.8492, loss: -122.0539
2022-07-28 16:06:10,433 - mmpose - INFO - Epoch [155][50/87]	lr: 5.000e-04, eta: 0:21:03, time: 0.446, data_time: 0.182, memory: 1757, reg_loss: -122.1332, 2: -122.1502, 3: 0.0170, acc_pose: 0.8428, loss: -122.1332
2022-07-28 16:06:47,752 - mmpose - INFO - Epoch [156][50/87]	lr: 5.000e-04, eta: 0:20:40, time: 0.458, data_time: 0.363, memory: 1757, reg_loss: -122.1929, 2: -122.2099, 3: 0.0171, acc_pose: 0.8424, loss: -122.1929
2022-07-28 16:07:24,283 - mmpose - INFO - Epoch [157][50/87]	lr: 5.000e-04, eta: 0:20:18, time: 0.452, data_time: 0.263, memory: 1757, reg_loss: -122.6905, 2: -122.7075, 3: 0.0170, acc_pose: 0.8477, loss: -122.6905
2022-07-28 16:08:01,473 - mmpose - INFO - Epoch [158][50/87]	lr: 5.000e-04, eta: 0:19:55, time: 0.459, data_time: 0.358, memory: 1757, reg_loss: -122.5679, 2: -122.5847, 3: 0.0168, acc_pose: 0.8475, loss: -122.5679
2022-07-28 16:08:38,485 - mmpose - INFO - Epoch [159][50/87]	lr: 5.000e-04, eta: 0:19:32, time: 0.454, data_time: 0.255, memory: 1757, reg_loss: -122.4152, 2: -122.4323, 3: 0.0171, acc_pose: 0.8452, loss: -122.4152
2022-07-28 16:09:15,306 - mmpose - INFO - Epoch [160][50/87]	lr: 5.000e-04, eta: 0:19:09, time: 0.453, data_time: 0.287, memory: 1757, reg_loss: -122.7047, 2: -122.7216, 3: 0.0170, acc_pose: 0.8434, loss: -122.7047
2022-07-28 16:09:29,247 - mmpose - INFO - Saving checkpoint at 160 epochs
2022-07-28 16:09:34,254 - mmpose - INFO - Epoch(val) [160][24]	Head: 93.1105, Shoulder: 91.6610, Elbow: 80.6208, Wrist: 71.1669, Hip: 83.8151, Knee: 73.7064, Ankle: 65.7064, PCKh: 80.9810, PCKh@0.1: 19.4431
2022-07-28 16:09:56,653 - mmpose - INFO - Epoch [161][50/87]	lr: 5.000e-04, eta: 0:18:46, time: 0.448, data_time: 0.326, memory: 1757, reg_loss: -122.9180, 2: -122.9350, 3: 0.0170, acc_pose: 0.8513, loss: -122.9180
2022-07-28 16:10:33,508 - mmpose - INFO - Epoch [162][50/87]	lr: 5.000e-04, eta: 0:18:23, time: 0.456, data_time: 0.295, memory: 1757, reg_loss: -123.0884, 2: -123.1053, 3: 0.0169, acc_pose: 0.8535, loss: -123.0884
2022-07-28 16:11:09,967 - mmpose - INFO - Epoch [163][50/87]	lr: 5.000e-04, eta: 0:18:01, time: 0.452, data_time: 0.361, memory: 1757, reg_loss: -122.6457, 2: -122.6626, 3: 0.0169, acc_pose: 0.8459, loss: -122.6457
2022-07-28 16:11:46,887 - mmpose - INFO - Epoch [164][50/87]	lr: 5.000e-04, eta: 0:17:38, time: 0.454, data_time: 0.311, memory: 1757, reg_loss: -123.5807, 2: -123.5974, 3: 0.0168, acc_pose: 0.8498, loss: -123.5807
2022-07-28 16:12:23,947 - mmpose - INFO - Epoch [165][50/87]	lr: 5.000e-04, eta: 0:17:15, time: 0.458, data_time: 0.243, memory: 1757, reg_loss: -123.3043, 2: -123.3210, 3: 0.0167, acc_pose: 0.8488, loss: -123.3043
2022-07-28 16:13:00,928 - mmpose - INFO - Epoch [166][50/87]	lr: 5.000e-04, eta: 0:16:52, time: 0.453, data_time: 0.320, memory: 1757, reg_loss: -123.2275, 2: -123.2443, 3: 0.0168, acc_pose: 0.8510, loss: -123.2275
2022-07-28 16:13:37,773 - mmpose - INFO - Epoch [167][50/87]	lr: 5.000e-04, eta: 0:16:29, time: 0.454, data_time: 0.236, memory: 1757, reg_loss: -123.7108, 2: -123.7275, 3: 0.0167, acc_pose: 0.8513, loss: -123.7108
2022-07-28 16:14:14,718 - mmpose - INFO - Epoch [168][50/87]	lr: 5.000e-04, eta: 0:16:06, time: 0.454, data_time: 0.330, memory: 1757, reg_loss: -123.1241, 2: -123.1410, 3: 0.0169, acc_pose: 0.8524, loss: -123.1241
2022-07-28 16:14:51,130 - mmpose - INFO - Epoch [169][50/87]	lr: 5.000e-04, eta: 0:15:44, time: 0.456, data_time: 0.170, memory: 1757, reg_loss: -123.7875, 2: -123.8042, 3: 0.0167, acc_pose: 0.8492, loss: -123.7875
2022-07-28 16:15:27,514 - mmpose - INFO - Epoch [170][50/87]	lr: 5.000e-04, eta: 0:15:21, time: 0.452, data_time: 0.341, memory: 1757, reg_loss: -123.9587, 2: -123.9752, 3: 0.0165, acc_pose: 0.8519, loss: -123.9587
2022-07-28 16:15:41,280 - mmpose - INFO - Saving checkpoint at 170 epochs
2022-07-28 16:15:48,717 - mmpose - INFO - The previous best checkpoint /data/tfj/workspace/python_projects/pose/mmpose0270/work_dirs/30_reg_shufflenetv2_mpii_256x256_dsnt_rle_highres_simc/best_PCKh_epoch_150.pth was removed
2022-07-28 16:15:48,937 - mmpose - INFO - Now best checkpoint is saved as best_PCKh_epoch_170.pth.
2022-07-28 16:15:48,938 - mmpose - INFO - Best PCKh is 81.3245 at 170 epoch.
2022-07-28 16:15:48,938 - mmpose - INFO - Epoch(val) [170][24]	Head: 93.3834, Shoulder: 91.9497, Elbow: 80.9445, Wrist: 71.9378, Hip: 84.0921, Knee: 73.7667, Ankle: 66.1071, PCKh: 81.3245, PCKh@0.1: 20.2368
2022-07-28 16:16:11,708 - mmpose - INFO - Epoch [171][50/87]	lr: 5.000e-05, eta: 0:14:58, time: 0.455, data_time: 0.352, memory: 1757, reg_loss: -125.0678, 2: -125.0842, 3: 0.0164, acc_pose: 0.8526, loss: -125.0678
2022-07-28 16:16:48,208 - mmpose - INFO - Epoch [172][50/87]	lr: 5.000e-05, eta: 0:14:35, time: 0.453, data_time: 0.267, memory: 1757, reg_loss: -125.5392, 2: -125.5554, 3: 0.0162, acc_pose: 0.8556, loss: -125.5392
2022-07-28 16:17:24,415 - mmpose - INFO - Epoch [173][50/87]	lr: 5.000e-05, eta: 0:14:12, time: 0.451, data_time: 0.277, memory: 1757, reg_loss: -126.6408, 2: -126.6567, 3: 0.0159, acc_pose: 0.8574, loss: -126.6408
2022-07-28 16:18:01,057 - mmpose - INFO - Epoch [174][50/87]	lr: 5.000e-05, eta: 0:13:50, time: 0.451, data_time: 0.292, memory: 1757, reg_loss: -126.8905, 2: -126.9063, 3: 0.0158, acc_pose: 0.8640, loss: -126.8905
2022-07-28 16:18:37,492 - mmpose - INFO - Epoch [175][50/87]	lr: 5.000e-05, eta: 0:13:27, time: 0.449, data_time: 0.312, memory: 1757, reg_loss: -127.5509, 2: -127.5665, 3: 0.0156, acc_pose: 0.8629, loss: -127.5509
2022-07-28 16:19:14,535 - mmpose - INFO - Epoch [176][50/87]	lr: 5.000e-05, eta: 0:13:04, time: 0.464, data_time: 0.199, memory: 1757, reg_loss: -127.2545, 2: -127.2701, 3: 0.0157, acc_pose: 0.8680, loss: -127.2545
2022-07-28 16:19:51,029 - mmpose - INFO - Epoch [177][50/87]	lr: 5.000e-05, eta: 0:12:41, time: 0.449, data_time: 0.263, memory: 1757, reg_loss: -128.0350, 2: -128.0506, 3: 0.0156, acc_pose: 0.8687, loss: -128.0350
2022-07-28 16:20:27,398 - mmpose - INFO - Epoch [178][50/87]	lr: 5.000e-05, eta: 0:12:18, time: 0.446, data_time: 0.280, memory: 1757, reg_loss: -128.2213, 2: -128.2369, 3: 0.0156, acc_pose: 0.8638, loss: -128.2213
2022-07-28 16:21:04,112 - mmpose - INFO - Epoch [179][50/87]	lr: 5.000e-05, eta: 0:11:55, time: 0.449, data_time: 0.294, memory: 1757, reg_loss: -127.6755, 2: -127.6912, 3: 0.0156, acc_pose: 0.8643, loss: -127.6755
2022-07-28 16:21:40,392 - mmpose - INFO - Epoch [180][50/87]	lr: 5.000e-05, eta: 0:11:33, time: 0.453, data_time: 0.336, memory: 1757, reg_loss: -128.5208, 2: -128.5363, 3: 0.0155, acc_pose: 0.8597, loss: -128.5208
2022-07-28 16:21:54,285 - mmpose - INFO - Saving checkpoint at 180 epochs
2022-07-28 16:22:03,805 - mmpose - INFO - The previous best checkpoint /data/tfj/workspace/python_projects/pose/mmpose0270/work_dirs/30_reg_shufflenetv2_mpii_256x256_dsnt_rle_highres_simc/best_PCKh_epoch_170.pth was removed
2022-07-28 16:22:04,108 - mmpose - INFO - Now best checkpoint is saved as best_PCKh_epoch_180.pth.
2022-07-28 16:22:04,108 - mmpose - INFO - Best PCKh is 81.5743 at 180 epoch.
2022-07-28 16:22:04,109 - mmpose - INFO - Epoch(val) [180][24]	Head: 93.6562, Shoulder: 91.8308, Elbow: 81.3535, Wrist: 72.1094, Hip: 84.2652, Knee: 74.2703, Ankle: 66.7685, PCKh: 81.5743, PCKh@0.1: 20.3721
2022-07-28 16:22:26,500 - mmpose - INFO - Epoch [181][50/87]	lr: 5.000e-05, eta: 0:11:10, time: 0.448, data_time: 0.333, memory: 1757, reg_loss: -128.6506, 2: -128.6660, 3: 0.0154, acc_pose: 0.8692, loss: -128.6506
2022-07-28 16:23:02,658 - mmpose - INFO - Epoch [182][50/87]	lr: 5.000e-05, eta: 0:10:47, time: 0.449, data_time: 0.283, memory: 1757, reg_loss: -128.6086, 2: -128.6239, 3: 0.0154, acc_pose: 0.8693, loss: -128.6086
2022-07-28 16:23:38,981 - mmpose - INFO - Epoch [183][50/87]	lr: 5.000e-05, eta: 0:10:24, time: 0.448, data_time: 0.278, memory: 1757, reg_loss: -128.4110, 2: -128.4263, 3: 0.0154, acc_pose: 0.8672, loss: -128.4110
2022-07-28 16:24:16,399 - mmpose - INFO - Epoch [184][50/87]	lr: 5.000e-05, eta: 0:10:01, time: 0.470, data_time: 0.211, memory: 1757, reg_loss: -128.5436, 2: -128.5589, 3: 0.0153, acc_pose: 0.8666, loss: -128.5436
2022-07-28 16:24:52,692 - mmpose - INFO - Epoch [185][50/87]	lr: 5.000e-05, eta: 0:09:39, time: 0.455, data_time: 0.315, memory: 1757, reg_loss: -128.5534, 2: -128.5688, 3: 0.0154, acc_pose: 0.8693, loss: -128.5534
2022-07-28 16:25:28,831 - mmpose - INFO - Epoch [186][50/87]	lr: 5.000e-05, eta: 0:09:16, time: 0.447, data_time: 0.297, memory: 1757, reg_loss: -129.5388, 2: -129.5540, 3: 0.0152, acc_pose: 0.8679, loss: -129.5388
2022-07-28 16:26:04,699 - mmpose - INFO - Epoch [187][50/87]	lr: 5.000e-05, eta: 0:08:53, time: 0.444, data_time: 0.310, memory: 1757, reg_loss: -129.5270, 2: -129.5422, 3: 0.0152, acc_pose: 0.8680, loss: -129.5270
2022-07-28 16:26:42,099 - mmpose - INFO - Epoch [188][50/87]	lr: 5.000e-05, eta: 0:08:30, time: 0.463, data_time: 0.151, memory: 1757, reg_loss: -129.1516, 2: -129.1669, 3: 0.0153, acc_pose: 0.8671, loss: -129.1516
2022-07-28 16:27:19,139 - mmpose - INFO - Epoch [189][50/87]	lr: 5.000e-05, eta: 0:08:07, time: 0.465, data_time: 0.361, memory: 1757, reg_loss: -128.5612, 2: -128.5768, 3: 0.0155, acc_pose: 0.8640, loss: -128.5612
2022-07-28 16:27:55,622 - mmpose - INFO - Epoch [190][50/87]	lr: 5.000e-05, eta: 0:07:45, time: 0.458, data_time: 0.251, memory: 1757, reg_loss: -129.1303, 2: -129.1456, 3: 0.0153, acc_pose: 0.8657, loss: -129.1303
2022-07-28 16:28:09,483 - mmpose - INFO - Saving checkpoint at 190 epochs
2022-07-28 16:28:17,732 - mmpose - INFO - The previous best checkpoint /data/tfj/workspace/python_projects/pose/mmpose0270/work_dirs/30_reg_shufflenetv2_mpii_256x256_dsnt_rle_highres_simc/best_PCKh_epoch_180.pth was removed
2022-07-28 16:28:17,953 - mmpose - INFO - Now best checkpoint is saved as best_PCKh_epoch_190.pth.
2022-07-28 16:28:17,953 - mmpose - INFO - Best PCKh is 81.6888 at 190 epoch.
2022-07-28 16:28:17,954 - mmpose - INFO - Epoch(val) [190][24]	Head: 93.7244, Shoulder: 92.1196, Elbow: 81.3705, Wrist: 72.0236, Hip: 84.3171, Knee: 74.6527, Ankle: 66.9103, PCKh: 81.6888, PCKh@0.1: 20.3539
2022-07-28 16:28:40,401 - mmpose - INFO - Epoch [191][50/87]	lr: 5.000e-05, eta: 0:07:22, time: 0.448, data_time: 0.345, memory: 1757, reg_loss: -129.1094, 2: -129.1247, 3: 0.0154, acc_pose: 0.8655, loss: -129.1094
2022-07-28 16:29:17,287 - mmpose - INFO - Epoch [192][50/87]	lr: 5.000e-05, eta: 0:06:59, time: 0.456, data_time: 0.239, memory: 1757, reg_loss: -128.6619, 2: -128.6773, 3: 0.0154, acc_pose: 0.8703, loss: -128.6619
2022-07-28 16:29:53,981 - mmpose - INFO - Epoch [193][50/87]	lr: 5.000e-05, eta: 0:06:36, time: 0.449, data_time: 0.362, memory: 1757, reg_loss: -129.0623, 2: -129.0776, 3: 0.0153, acc_pose: 0.8741, loss: -129.0623
2022-07-28 16:30:30,611 - mmpose - INFO - Epoch [194][50/87]	lr: 5.000e-05, eta: 0:06:14, time: 0.451, data_time: 0.321, memory: 1757, reg_loss: -129.0693, 2: -129.0846, 3: 0.0153, acc_pose: 0.8738, loss: -129.0693
2022-07-28 16:31:06,986 - mmpose - INFO - Epoch [195][50/87]	lr: 5.000e-05, eta: 0:05:51, time: 0.450, data_time: 0.329, memory: 1757, reg_loss: -130.1510, 2: -130.1661, 3: 0.0151, acc_pose: 0.8687, loss: -130.1510
2022-07-28 16:31:43,670 - mmpose - INFO - Epoch [196][50/87]	lr: 5.000e-05, eta: 0:05:28, time: 0.453, data_time: 0.265, memory: 1757, reg_loss: -129.3783, 2: -129.3935, 3: 0.0152, acc_pose: 0.8758, loss: -129.3783
2022-07-28 16:32:20,363 - mmpose - INFO - Epoch [197][50/87]	lr: 5.000e-05, eta: 0:05:05, time: 0.449, data_time: 0.334, memory: 1757, reg_loss: -129.2678, 2: -129.2830, 3: 0.0152, acc_pose: 0.8645, loss: -129.2678
2022-07-28 16:32:57,344 - mmpose - INFO - Epoch [198][50/87]	lr: 5.000e-05, eta: 0:04:42, time: 0.453, data_time: 0.201, memory: 1757, reg_loss: -129.3686, 2: -129.3838, 3: 0.0152, acc_pose: 0.8692, loss: -129.3686
2022-07-28 16:33:34,306 - mmpose - INFO - Epoch [199][50/87]	lr: 5.000e-05, eta: 0:04:20, time: 0.454, data_time: 0.244, memory: 1757, reg_loss: -129.3565, 2: -129.3718, 3: 0.0153, acc_pose: 0.8684, loss: -129.3565
2022-07-28 16:34:10,600 - mmpose - INFO - Epoch [200][50/87]	lr: 5.000e-05, eta: 0:03:57, time: 0.453, data_time: 0.356, memory: 1757, reg_loss: -129.8106, 2: -129.8256, 3: 0.0150, acc_pose: 0.8707, loss: -129.8106
2022-07-28 16:34:24,491 - mmpose - INFO - Saving checkpoint at 200 epochs
2022-07-28 16:34:29,681 - mmpose - INFO - Epoch(val) [200][24]	Head: 93.7926, Shoulder: 92.1196, Elbow: 81.2853, Wrist: 71.7676, Hip: 84.1440, Knee: 74.6527, Ankle: 66.9339, PCKh: 81.6289, PCKh@0.1: 20.4476
2022-07-28 16:34:52,435 - mmpose - INFO - Epoch [201][50/87]	lr: 5.000e-06, eta: 0:03:34, time: 0.455, data_time: 0.235, memory: 1757, reg_loss: -130.0954, 2: -130.1105, 3: 0.0151, acc_pose: 0.8686, loss: -130.0954
2022-07-28 16:35:29,695 - mmpose - INFO - Epoch [202][50/87]	lr: 5.000e-06, eta: 0:03:11, time: 0.460, data_time: 0.230, memory: 1757, reg_loss: -129.8755, 2: -129.8907, 3: 0.0152, acc_pose: 0.8720, loss: -129.8755
2022-07-28 16:36:07,196 - mmpose - INFO - Epoch [203][50/87]	lr: 5.000e-06, eta: 0:02:49, time: 0.460, data_time: 0.329, memory: 1757, reg_loss: -130.4693, 2: -130.4843, 3: 0.0150, acc_pose: 0.8744, loss: -130.4693
2022-07-28 16:36:44,577 - mmpose - INFO - Epoch [204][50/87]	lr: 5.000e-06, eta: 0:02:26, time: 0.458, data_time: 0.301, memory: 1757, reg_loss: -129.4783, 2: -129.4935, 3: 0.0152, acc_pose: 0.8738, loss: -129.4783
2022-07-28 16:37:21,269 - mmpose - INFO - Epoch [205][50/87]	lr: 5.000e-06, eta: 0:02:03, time: 0.460, data_time: 0.270, memory: 1757, reg_loss: -129.6626, 2: -129.6778, 3: 0.0152, acc_pose: 0.8721, loss: -129.6626
2022-07-28 16:37:58,543 - mmpose - INFO - Epoch [206][50/87]	lr: 5.000e-06, eta: 0:01:40, time: 0.457, data_time: 0.328, memory: 1757, reg_loss: -129.8277, 2: -129.8428, 3: 0.0152, acc_pose: 0.8698, loss: -129.8277
2022-07-28 16:38:34,774 - mmpose - INFO - Epoch [207][50/87]	lr: 5.000e-06, eta: 0:01:17, time: 0.449, data_time: 0.199, memory: 1757, reg_loss: -130.8258, 2: -130.8408, 3: 0.0150, acc_pose: 0.8730, loss: -130.8258
2022-07-28 16:39:11,700 - mmpose - INFO - Epoch [208][50/87]	lr: 5.000e-06, eta: 0:00:55, time: 0.458, data_time: 0.276, memory: 1757, reg_loss: -129.8796, 2: -129.8948, 3: 0.0152, acc_pose: 0.8749, loss: -129.8796
2022-07-28 16:39:48,584 - mmpose - INFO - Epoch [209][50/87]	lr: 5.000e-06, eta: 0:00:32, time: 0.463, data_time: 0.293, memory: 1757, reg_loss: -129.8749, 2: -129.8901, 3: 0.0151, acc_pose: 0.8693, loss: -129.8749
2022-07-28 16:40:25,738 - mmpose - INFO - Epoch [210][50/87]	lr: 5.000e-06, eta: 0:00:09, time: 0.457, data_time: 0.312, memory: 1757, reg_loss: -130.1460, 2: -130.1610, 3: 0.0150, acc_pose: 0.8746, loss: -130.1460
2022-07-28 16:40:39,522 - mmpose - INFO - Saving checkpoint at 210 epochs
2022-07-28 16:40:44,271 - mmpose - INFO - Epoch(val) [210][24]	Head: 93.7244, Shoulder: 92.0007, Elbow: 81.2852, Wrist: 71.6130, Hip: 84.2998, Knee: 74.6125, Ankle: 67.1468, PCKh: 81.6159, PCKh@0.1: 20.5100
