2022-07-20 06:49:27,118 - mmpose - INFO - Environment info:
------------------------------------------------------------
sys.platform: linux
Python: 3.9.7 (default, Sep 16 2021, 13:09:58) [GCC 7.5.0]
CUDA available: True
GPU 0,1,2,3: NVIDIA GeForce RTX 3090
CUDA_HOME: /usr/local/cuda-11.1
NVCC: Cuda compilation tools, release 11.1, V11.1.74
GCC: gcc (Ubuntu 7.5.0-3ubuntu1~18.04) 7.5.0
PyTorch: 1.9.1+cu111
PyTorch compiling details: PyTorch built with:
  - GCC 7.3
  - C++ Version: 201402
  - Intel(R) Math Kernel Library Version 2020.0.0 Product Build 20191122 for Intel(R) 64 architecture applications
  - Intel(R) MKL-DNN v2.1.2 (Git Hash 98be7e8afa711dc9b66c8ff3504129cb82013cdb)
  - OpenMP 201511 (a.k.a. OpenMP 4.5)
  - NNPACK is enabled
  - CPU capability usage: AVX2
  - CUDA Runtime 11.1
  - NVCC architecture flags: -gencode;arch=compute_37,code=sm_37;-gencode;arch=compute_50,code=sm_50;-gencode;arch=compute_60,code=sm_60;-gencode;arch=compute_70,code=sm_70;-gencode;arch=compute_75,code=sm_75;-gencode;arch=compute_80,code=sm_80;-gencode;arch=compute_86,code=sm_86
  - CuDNN 8.0.5
  - Magma 2.5.2
  - Build settings: BLAS_INFO=mkl, BUILD_TYPE=Release, CUDA_VERSION=11.1, CUDNN_VERSION=8.0.5, CXX_COMPILER=/opt/rh/devtoolset-7/root/usr/bin/c++, CXX_FLAGS= -Wno-deprecated -fvisibility-inlines-hidden -DUSE_PTHREADPOOL -fopenmp -DNDEBUG -DUSE_KINETO -DUSE_FBGEMM -DUSE_QNNPACK -DUSE_PYTORCH_QNNPACK -DUSE_XNNPACK -DSYMBOLICATE_MOBILE_DEBUG_HANDLE -O2 -fPIC -Wno-narrowing -Wall -Wextra -Werror=return-type -Wno-missing-field-initializers -Wno-type-limits -Wno-array-bounds -Wno-unknown-pragmas -Wno-sign-compare -Wno-unused-parameter -Wno-unused-variable -Wno-unused-function -Wno-unused-result -Wno-unused-local-typedefs -Wno-strict-overflow -Wno-strict-aliasing -Wno-error=deprecated-declarations -Wno-stringop-overflow -Wno-psabi -Wno-error=pedantic -Wno-error=redundant-decls -Wno-error=old-style-cast -fdiagnostics-color=always -faligned-new -Wno-unused-but-set-variable -Wno-maybe-uninitialized -fno-math-errno -fno-trapping-math -Werror=format -Wno-stringop-overflow, LAPACK_INFO=mkl, PERF_WITH_AVX=1, PERF_WITH_AVX2=1, PERF_WITH_AVX512=1, TORCH_VERSION=1.9.1, USE_CUDA=ON, USE_CUDNN=ON, USE_EXCEPTION_PTR=1, USE_GFLAGS=OFF, USE_GLOG=OFF, USE_MKL=ON, USE_MKLDNN=ON, USE_MPI=OFF, USE_NCCL=ON, USE_NNPACK=ON, USE_OPENMP=ON, 

TorchVision: 0.10.1+cu111
OpenCV: 4.5.5
MMCV: 1.5.1
MMCV Compiler: GCC 7.5
MMCV CUDA Compiler: 11.1
MMPose: 0.27.0+5b76a00
------------------------------------------------------------

2022-07-20 06:49:27,118 - mmpose - INFO - Distributed training: True
2022-07-20 06:49:30,567 - mmpose - INFO - Config:
checkpoint_config = dict(interval=10)
log_config = dict(interval=50, hooks=[dict(type='TextLoggerHook')])
log_level = 'INFO'
load_from = None
resume_from = None
dist_params = dict(backend='nccl')
workflow = [('train', 1)]
opencv_num_threads = 0
mp_start_method = 'fork'
dataset_info = dict(
    dataset_name='mpii',
    paper_info=dict(
        author=
        'Mykhaylo Andriluka and Leonid Pishchulin and Peter Gehler and Schiele, Bernt',
        title=
        '2D Human Pose Estimation: New Benchmark and State of the Art Analysis',
        container=
        'IEEE Conference on Computer Vision and Pattern Recognition (CVPR)',
        year='2014',
        homepage='http://human-pose.mpi-inf.mpg.de/'),
    keypoint_info=dict({
        0:
        dict(
            name='right_ankle',
            id=0,
            color=[255, 128, 0],
            type='lower',
            swap='left_ankle'),
        1:
        dict(
            name='right_knee',
            id=1,
            color=[255, 128, 0],
            type='lower',
            swap='left_knee'),
        2:
        dict(
            name='right_hip',
            id=2,
            color=[255, 128, 0],
            type='lower',
            swap='left_hip'),
        3:
        dict(
            name='left_hip',
            id=3,
            color=[0, 255, 0],
            type='lower',
            swap='right_hip'),
        4:
        dict(
            name='left_knee',
            id=4,
            color=[0, 255, 0],
            type='lower',
            swap='right_knee'),
        5:
        dict(
            name='left_ankle',
            id=5,
            color=[0, 255, 0],
            type='lower',
            swap='right_ankle'),
        6:
        dict(name='pelvis', id=6, color=[51, 153, 255], type='lower', swap=''),
        7:
        dict(name='thorax', id=7, color=[51, 153, 255], type='upper', swap=''),
        8:
        dict(
            name='upper_neck',
            id=8,
            color=[51, 153, 255],
            type='upper',
            swap=''),
        9:
        dict(
            name='head_top', id=9, color=[51, 153, 255], type='upper',
            swap=''),
        10:
        dict(
            name='right_wrist',
            id=10,
            color=[255, 128, 0],
            type='upper',
            swap='left_wrist'),
        11:
        dict(
            name='right_elbow',
            id=11,
            color=[255, 128, 0],
            type='upper',
            swap='left_elbow'),
        12:
        dict(
            name='right_shoulder',
            id=12,
            color=[255, 128, 0],
            type='upper',
            swap='left_shoulder'),
        13:
        dict(
            name='left_shoulder',
            id=13,
            color=[0, 255, 0],
            type='upper',
            swap='right_shoulder'),
        14:
        dict(
            name='left_elbow',
            id=14,
            color=[0, 255, 0],
            type='upper',
            swap='right_elbow'),
        15:
        dict(
            name='left_wrist',
            id=15,
            color=[0, 255, 0],
            type='upper',
            swap='right_wrist')
    }),
    skeleton_info=dict({
        0:
        dict(link=('right_ankle', 'right_knee'), id=0, color=[255, 128, 0]),
        1:
        dict(link=('right_knee', 'right_hip'), id=1, color=[255, 128, 0]),
        2:
        dict(link=('right_hip', 'pelvis'), id=2, color=[255, 128, 0]),
        3:
        dict(link=('pelvis', 'left_hip'), id=3, color=[0, 255, 0]),
        4:
        dict(link=('left_hip', 'left_knee'), id=4, color=[0, 255, 0]),
        5:
        dict(link=('left_knee', 'left_ankle'), id=5, color=[0, 255, 0]),
        6:
        dict(link=('pelvis', 'thorax'), id=6, color=[51, 153, 255]),
        7:
        dict(link=('thorax', 'upper_neck'), id=7, color=[51, 153, 255]),
        8:
        dict(link=('upper_neck', 'head_top'), id=8, color=[51, 153, 255]),
        9:
        dict(link=('upper_neck', 'right_shoulder'), id=9, color=[255, 128, 0]),
        10:
        dict(
            link=('right_shoulder', 'right_elbow'), id=10, color=[255, 128,
                                                                  0]),
        11:
        dict(link=('right_elbow', 'right_wrist'), id=11, color=[255, 128, 0]),
        12:
        dict(link=('upper_neck', 'left_shoulder'), id=12, color=[0, 255, 0]),
        13:
        dict(link=('left_shoulder', 'left_elbow'), id=13, color=[0, 255, 0]),
        14:
        dict(link=('left_elbow', 'left_wrist'), id=14, color=[0, 255, 0])
    }),
    joint_weights=[
        1.5, 1.2, 1.0, 1.0, 1.2, 1.5, 1.0, 1.0, 1.0, 1.0, 1.5, 1.2, 1.0, 1.0,
        1.2, 1.5
    ],
    sigmas=[
        0.089, 0.083, 0.107, 0.107, 0.083, 0.089, 0.026, 0.026, 0.026, 0.026,
        0.062, 0.072, 0.179, 0.179, 0.072, 0.062
    ])
evaluation = dict(interval=10, metric='PCKh', save_best='PCKh')
optimizer = dict(type='AdamW', lr=0.0005)
optimizer_config = dict(grad_clip=None)
lr_config = dict(
    policy='step',
    warmup='linear',
    warmup_iters=500,
    warmup_ratio=0.001,
    step=[170, 200])
total_epochs = 210
channel_cfg = dict(
    num_output_channels=16,
    dataset_joints=16,
    dataset_channel=[0, 1, 2, 3, 4, 5, 6, 7, 8, 9, 10, 11, 12, 13, 14, 15],
    inference_channel=[0, 1, 2, 3, 4, 5, 6, 7, 8, 9, 10, 11, 12, 13, 14, 15])
model = dict(
    type='TopDown',
    pretrained=
    'work_dirs/2_hm_shufflenetv2_mpii_256x256/best_PCKh_epoch_200.pth',
    backbone=dict(type='ShuffleNetV2', widen_factor=1.0),
    keypoint_head=dict(
        type='IntegralPoseRegressionHead',
        in_channels=1024,
        num_joints=16,
        loss_keypoint=dict(
            type='DSNTLoss',
            use_target_weight=True,
            sigma=0.25,
            mse_weight=1,
            js_weight=1,
            is_dsnt=True)),
    train_cfg=dict(),
    test_cfg=dict(flip_test=True))
data_cfg = dict(
    image_size=[256, 256],
    heatmap_size=[64, 64],
    num_output_channels=16,
    num_joints=16,
    dataset_channel=[0, 1, 2, 3, 4, 5, 6, 7, 8, 9, 10, 11, 12, 13, 14, 15],
    inference_channel=[0, 1, 2, 3, 4, 5, 6, 7, 8, 9, 10, 11, 12, 13, 14, 15],
    use_gt_bbox=True,
    bbox_file=None)
train_pipeline = [
    dict(type='LoadImageFromFile'),
    dict(type='TopDownGetBboxCenterScale', padding=1.25),
    dict(type='TopDownRandomFlip', flip_prob=0.5),
    dict(
        type='TopDownGetRandomScaleRotation', rot_factor=40, scale_factor=0.5),
    dict(type='TopDownAffine'),
    dict(type='ToTensor'),
    dict(
        type='NormalizeTensor',
        mean=[0.485, 0.456, 0.406],
        std=[0.229, 0.224, 0.225]),
    dict(type='TopDownGenerateTargetRegression'),
    dict(
        type='Collect',
        keys=['img', 'target', 'target_weight'],
        meta_keys=[
            'image_file', 'joints_3d', 'joints_3d_visible', 'center', 'scale',
            'rotation', 'flip_pairs'
        ])
]
val_pipeline = [
    dict(type='LoadImageFromFile'),
    dict(type='TopDownGetBboxCenterScale', padding=1.25),
    dict(type='TopDownAffine'),
    dict(type='ToTensor'),
    dict(
        type='NormalizeTensor',
        mean=[0.485, 0.456, 0.406],
        std=[0.229, 0.224, 0.225]),
    dict(
        type='Collect',
        keys=['img'],
        meta_keys=['image_file', 'center', 'scale', 'rotation', 'flip_pairs'])
]
test_pipeline = [
    dict(type='LoadImageFromFile'),
    dict(type='TopDownGetBboxCenterScale', padding=1.25),
    dict(type='TopDownAffine'),
    dict(type='ToTensor'),
    dict(
        type='NormalizeTensor',
        mean=[0.485, 0.456, 0.406],
        std=[0.229, 0.224, 0.225]),
    dict(
        type='Collect',
        keys=['img'],
        meta_keys=['image_file', 'center', 'scale', 'rotation', 'flip_pairs'])
]
data_root = '/data/tfj/workspace/datasets/MPII'
data = dict(
    samples_per_gpu=64,
    workers_per_gpu=4,
    persistent_workers=True,
    val_dataloader=dict(samples_per_gpu=32),
    test_dataloader=dict(samples_per_gpu=32),
    train=dict(
        type='TopDownMpiiDataset',
        ann_file=
        '/data/tfj/workspace/datasets/MPII/annotations/mpii_train.json',
        img_prefix='/data/tfj/workspace/datasets/MPII/images/',
        data_cfg=dict(
            image_size=[256, 256],
            heatmap_size=[64, 64],
            num_output_channels=16,
            num_joints=16,
            dataset_channel=[
                0, 1, 2, 3, 4, 5, 6, 7, 8, 9, 10, 11, 12, 13, 14, 15
            ],
            inference_channel=[
                0, 1, 2, 3, 4, 5, 6, 7, 8, 9, 10, 11, 12, 13, 14, 15
            ],
            use_gt_bbox=True,
            bbox_file=None),
        pipeline=[
            dict(type='LoadImageFromFile'),
            dict(type='TopDownGetBboxCenterScale', padding=1.25),
            dict(type='TopDownRandomFlip', flip_prob=0.5),
            dict(
                type='TopDownGetRandomScaleRotation',
                rot_factor=40,
                scale_factor=0.5),
            dict(type='TopDownAffine'),
            dict(type='ToTensor'),
            dict(
                type='NormalizeTensor',
                mean=[0.485, 0.456, 0.406],
                std=[0.229, 0.224, 0.225]),
            dict(type='TopDownGenerateTargetRegression'),
            dict(
                type='Collect',
                keys=['img', 'target', 'target_weight'],
                meta_keys=[
                    'image_file', 'joints_3d', 'joints_3d_visible', 'center',
                    'scale', 'rotation', 'flip_pairs'
                ])
        ],
        dataset_info=dict(
            dataset_name='mpii',
            paper_info=dict(
                author=
                'Mykhaylo Andriluka and Leonid Pishchulin and Peter Gehler and Schiele, Bernt',
                title=
                '2D Human Pose Estimation: New Benchmark and State of the Art Analysis',
                container=
                'IEEE Conference on Computer Vision and Pattern Recognition (CVPR)',
                year='2014',
                homepage='http://human-pose.mpi-inf.mpg.de/'),
            keypoint_info=dict({
                0:
                dict(
                    name='right_ankle',
                    id=0,
                    color=[255, 128, 0],
                    type='lower',
                    swap='left_ankle'),
                1:
                dict(
                    name='right_knee',
                    id=1,
                    color=[255, 128, 0],
                    type='lower',
                    swap='left_knee'),
                2:
                dict(
                    name='right_hip',
                    id=2,
                    color=[255, 128, 0],
                    type='lower',
                    swap='left_hip'),
                3:
                dict(
                    name='left_hip',
                    id=3,
                    color=[0, 255, 0],
                    type='lower',
                    swap='right_hip'),
                4:
                dict(
                    name='left_knee',
                    id=4,
                    color=[0, 255, 0],
                    type='lower',
                    swap='right_knee'),
                5:
                dict(
                    name='left_ankle',
                    id=5,
                    color=[0, 255, 0],
                    type='lower',
                    swap='right_ankle'),
                6:
                dict(
                    name='pelvis',
                    id=6,
                    color=[51, 153, 255],
                    type='lower',
                    swap=''),
                7:
                dict(
                    name='thorax',
                    id=7,
                    color=[51, 153, 255],
                    type='upper',
                    swap=''),
                8:
                dict(
                    name='upper_neck',
                    id=8,
                    color=[51, 153, 255],
                    type='upper',
                    swap=''),
                9:
                dict(
                    name='head_top',
                    id=9,
                    color=[51, 153, 255],
                    type='upper',
                    swap=''),
                10:
                dict(
                    name='right_wrist',
                    id=10,
                    color=[255, 128, 0],
                    type='upper',
                    swap='left_wrist'),
                11:
                dict(
                    name='right_elbow',
                    id=11,
                    color=[255, 128, 0],
                    type='upper',
                    swap='left_elbow'),
                12:
                dict(
                    name='right_shoulder',
                    id=12,
                    color=[255, 128, 0],
                    type='upper',
                    swap='left_shoulder'),
                13:
                dict(
                    name='left_shoulder',
                    id=13,
                    color=[0, 255, 0],
                    type='upper',
                    swap='right_shoulder'),
                14:
                dict(
                    name='left_elbow',
                    id=14,
                    color=[0, 255, 0],
                    type='upper',
                    swap='right_elbow'),
                15:
                dict(
                    name='left_wrist',
                    id=15,
                    color=[0, 255, 0],
                    type='upper',
                    swap='right_wrist')
            }),
            skeleton_info=dict({
                0:
                dict(
                    link=('right_ankle', 'right_knee'),
                    id=0,
                    color=[255, 128, 0]),
                1:
                dict(
                    link=('right_knee', 'right_hip'),
                    id=1,
                    color=[255, 128, 0]),
                2:
                dict(link=('right_hip', 'pelvis'), id=2, color=[255, 128, 0]),
                3:
                dict(link=('pelvis', 'left_hip'), id=3, color=[0, 255, 0]),
                4:
                dict(link=('left_hip', 'left_knee'), id=4, color=[0, 255, 0]),
                5:
                dict(
                    link=('left_knee', 'left_ankle'), id=5, color=[0, 255, 0]),
                6:
                dict(link=('pelvis', 'thorax'), id=6, color=[51, 153, 255]),
                7:
                dict(
                    link=('thorax', 'upper_neck'), id=7, color=[51, 153, 255]),
                8:
                dict(
                    link=('upper_neck', 'head_top'),
                    id=8,
                    color=[51, 153, 255]),
                9:
                dict(
                    link=('upper_neck', 'right_shoulder'),
                    id=9,
                    color=[255, 128, 0]),
                10:
                dict(
                    link=('right_shoulder', 'right_elbow'),
                    id=10,
                    color=[255, 128, 0]),
                11:
                dict(
                    link=('right_elbow', 'right_wrist'),
                    id=11,
                    color=[255, 128, 0]),
                12:
                dict(
                    link=('upper_neck', 'left_shoulder'),
                    id=12,
                    color=[0, 255, 0]),
                13:
                dict(
                    link=('left_shoulder', 'left_elbow'),
                    id=13,
                    color=[0, 255, 0]),
                14:
                dict(
                    link=('left_elbow', 'left_wrist'),
                    id=14,
                    color=[0, 255, 0])
            }),
            joint_weights=[
                1.5, 1.2, 1.0, 1.0, 1.2, 1.5, 1.0, 1.0, 1.0, 1.0, 1.5, 1.2,
                1.0, 1.0, 1.2, 1.5
            ],
            sigmas=[
                0.089, 0.083, 0.107, 0.107, 0.083, 0.089, 0.026, 0.026, 0.026,
                0.026, 0.062, 0.072, 0.179, 0.179, 0.072, 0.062
            ])),
    val=dict(
        type='TopDownMpiiDataset',
        ann_file='/data/tfj/workspace/datasets/MPII/annotations/mpii_val.json',
        img_prefix='/data/tfj/workspace/datasets/MPII/images/',
        data_cfg=dict(
            image_size=[256, 256],
            heatmap_size=[64, 64],
            num_output_channels=16,
            num_joints=16,
            dataset_channel=[
                0, 1, 2, 3, 4, 5, 6, 7, 8, 9, 10, 11, 12, 13, 14, 15
            ],
            inference_channel=[
                0, 1, 2, 3, 4, 5, 6, 7, 8, 9, 10, 11, 12, 13, 14, 15
            ],
            use_gt_bbox=True,
            bbox_file=None),
        pipeline=[
            dict(type='LoadImageFromFile'),
            dict(type='TopDownGetBboxCenterScale', padding=1.25),
            dict(type='TopDownAffine'),
            dict(type='ToTensor'),
            dict(
                type='NormalizeTensor',
                mean=[0.485, 0.456, 0.406],
                std=[0.229, 0.224, 0.225]),
            dict(
                type='Collect',
                keys=['img'],
                meta_keys=[
                    'image_file', 'center', 'scale', 'rotation', 'flip_pairs'
                ])
        ],
        dataset_info=dict(
            dataset_name='mpii',
            paper_info=dict(
                author=
                'Mykhaylo Andriluka and Leonid Pishchulin and Peter Gehler and Schiele, Bernt',
                title=
                '2D Human Pose Estimation: New Benchmark and State of the Art Analysis',
                container=
                'IEEE Conference on Computer Vision and Pattern Recognition (CVPR)',
                year='2014',
                homepage='http://human-pose.mpi-inf.mpg.de/'),
            keypoint_info=dict({
                0:
                dict(
                    name='right_ankle',
                    id=0,
                    color=[255, 128, 0],
                    type='lower',
                    swap='left_ankle'),
                1:
                dict(
                    name='right_knee',
                    id=1,
                    color=[255, 128, 0],
                    type='lower',
                    swap='left_knee'),
                2:
                dict(
                    name='right_hip',
                    id=2,
                    color=[255, 128, 0],
                    type='lower',
                    swap='left_hip'),
                3:
                dict(
                    name='left_hip',
                    id=3,
                    color=[0, 255, 0],
                    type='lower',
                    swap='right_hip'),
                4:
                dict(
                    name='left_knee',
                    id=4,
                    color=[0, 255, 0],
                    type='lower',
                    swap='right_knee'),
                5:
                dict(
                    name='left_ankle',
                    id=5,
                    color=[0, 255, 0],
                    type='lower',
                    swap='right_ankle'),
                6:
                dict(
                    name='pelvis',
                    id=6,
                    color=[51, 153, 255],
                    type='lower',
                    swap=''),
                7:
                dict(
                    name='thorax',
                    id=7,
                    color=[51, 153, 255],
                    type='upper',
                    swap=''),
                8:
                dict(
                    name='upper_neck',
                    id=8,
                    color=[51, 153, 255],
                    type='upper',
                    swap=''),
                9:
                dict(
                    name='head_top',
                    id=9,
                    color=[51, 153, 255],
                    type='upper',
                    swap=''),
                10:
                dict(
                    name='right_wrist',
                    id=10,
                    color=[255, 128, 0],
                    type='upper',
                    swap='left_wrist'),
                11:
                dict(
                    name='right_elbow',
                    id=11,
                    color=[255, 128, 0],
                    type='upper',
                    swap='left_elbow'),
                12:
                dict(
                    name='right_shoulder',
                    id=12,
                    color=[255, 128, 0],
                    type='upper',
                    swap='left_shoulder'),
                13:
                dict(
                    name='left_shoulder',
                    id=13,
                    color=[0, 255, 0],
                    type='upper',
                    swap='right_shoulder'),
                14:
                dict(
                    name='left_elbow',
                    id=14,
                    color=[0, 255, 0],
                    type='upper',
                    swap='right_elbow'),
                15:
                dict(
                    name='left_wrist',
                    id=15,
                    color=[0, 255, 0],
                    type='upper',
                    swap='right_wrist')
            }),
            skeleton_info=dict({
                0:
                dict(
                    link=('right_ankle', 'right_knee'),
                    id=0,
                    color=[255, 128, 0]),
                1:
                dict(
                    link=('right_knee', 'right_hip'),
                    id=1,
                    color=[255, 128, 0]),
                2:
                dict(link=('right_hip', 'pelvis'), id=2, color=[255, 128, 0]),
                3:
                dict(link=('pelvis', 'left_hip'), id=3, color=[0, 255, 0]),
                4:
                dict(link=('left_hip', 'left_knee'), id=4, color=[0, 255, 0]),
                5:
                dict(
                    link=('left_knee', 'left_ankle'), id=5, color=[0, 255, 0]),
                6:
                dict(link=('pelvis', 'thorax'), id=6, color=[51, 153, 255]),
                7:
                dict(
                    link=('thorax', 'upper_neck'), id=7, color=[51, 153, 255]),
                8:
                dict(
                    link=('upper_neck', 'head_top'),
                    id=8,
                    color=[51, 153, 255]),
                9:
                dict(
                    link=('upper_neck', 'right_shoulder'),
                    id=9,
                    color=[255, 128, 0]),
                10:
                dict(
                    link=('right_shoulder', 'right_elbow'),
                    id=10,
                    color=[255, 128, 0]),
                11:
                dict(
                    link=('right_elbow', 'right_wrist'),
                    id=11,
                    color=[255, 128, 0]),
                12:
                dict(
                    link=('upper_neck', 'left_shoulder'),
                    id=12,
                    color=[0, 255, 0]),
                13:
                dict(
                    link=('left_shoulder', 'left_elbow'),
                    id=13,
                    color=[0, 255, 0]),
                14:
                dict(
                    link=('left_elbow', 'left_wrist'),
                    id=14,
                    color=[0, 255, 0])
            }),
            joint_weights=[
                1.5, 1.2, 1.0, 1.0, 1.2, 1.5, 1.0, 1.0, 1.0, 1.0, 1.5, 1.2,
                1.0, 1.0, 1.2, 1.5
            ],
            sigmas=[
                0.089, 0.083, 0.107, 0.107, 0.083, 0.089, 0.026, 0.026, 0.026,
                0.026, 0.062, 0.072, 0.179, 0.179, 0.072, 0.062
            ])),
    test=dict(
        type='TopDownMpiiDataset',
        ann_file='/data/tfj/workspace/datasets/MPII/annotations/mpii_val.json',
        img_prefix='/data/tfj/workspace/datasets/MPII/images/',
        data_cfg=dict(
            image_size=[256, 256],
            heatmap_size=[64, 64],
            num_output_channels=16,
            num_joints=16,
            dataset_channel=[
                0, 1, 2, 3, 4, 5, 6, 7, 8, 9, 10, 11, 12, 13, 14, 15
            ],
            inference_channel=[
                0, 1, 2, 3, 4, 5, 6, 7, 8, 9, 10, 11, 12, 13, 14, 15
            ],
            use_gt_bbox=True,
            bbox_file=None),
        pipeline=[
            dict(type='LoadImageFromFile'),
            dict(type='TopDownGetBboxCenterScale', padding=1.25),
            dict(type='TopDownAffine'),
            dict(type='ToTensor'),
            dict(
                type='NormalizeTensor',
                mean=[0.485, 0.456, 0.406],
                std=[0.229, 0.224, 0.225]),
            dict(
                type='Collect',
                keys=['img'],
                meta_keys=[
                    'image_file', 'center', 'scale', 'rotation', 'flip_pairs'
                ])
        ],
        dataset_info=dict(
            dataset_name='mpii',
            paper_info=dict(
                author=
                'Mykhaylo Andriluka and Leonid Pishchulin and Peter Gehler and Schiele, Bernt',
                title=
                '2D Human Pose Estimation: New Benchmark and State of the Art Analysis',
                container=
                'IEEE Conference on Computer Vision and Pattern Recognition (CVPR)',
                year='2014',
                homepage='http://human-pose.mpi-inf.mpg.de/'),
            keypoint_info=dict({
                0:
                dict(
                    name='right_ankle',
                    id=0,
                    color=[255, 128, 0],
                    type='lower',
                    swap='left_ankle'),
                1:
                dict(
                    name='right_knee',
                    id=1,
                    color=[255, 128, 0],
                    type='lower',
                    swap='left_knee'),
                2:
                dict(
                    name='right_hip',
                    id=2,
                    color=[255, 128, 0],
                    type='lower',
                    swap='left_hip'),
                3:
                dict(
                    name='left_hip',
                    id=3,
                    color=[0, 255, 0],
                    type='lower',
                    swap='right_hip'),
                4:
                dict(
                    name='left_knee',
                    id=4,
                    color=[0, 255, 0],
                    type='lower',
                    swap='right_knee'),
                5:
                dict(
                    name='left_ankle',
                    id=5,
                    color=[0, 255, 0],
                    type='lower',
                    swap='right_ankle'),
                6:
                dict(
                    name='pelvis',
                    id=6,
                    color=[51, 153, 255],
                    type='lower',
                    swap=''),
                7:
                dict(
                    name='thorax',
                    id=7,
                    color=[51, 153, 255],
                    type='upper',
                    swap=''),
                8:
                dict(
                    name='upper_neck',
                    id=8,
                    color=[51, 153, 255],
                    type='upper',
                    swap=''),
                9:
                dict(
                    name='head_top',
                    id=9,
                    color=[51, 153, 255],
                    type='upper',
                    swap=''),
                10:
                dict(
                    name='right_wrist',
                    id=10,
                    color=[255, 128, 0],
                    type='upper',
                    swap='left_wrist'),
                11:
                dict(
                    name='right_elbow',
                    id=11,
                    color=[255, 128, 0],
                    type='upper',
                    swap='left_elbow'),
                12:
                dict(
                    name='right_shoulder',
                    id=12,
                    color=[255, 128, 0],
                    type='upper',
                    swap='left_shoulder'),
                13:
                dict(
                    name='left_shoulder',
                    id=13,
                    color=[0, 255, 0],
                    type='upper',
                    swap='right_shoulder'),
                14:
                dict(
                    name='left_elbow',
                    id=14,
                    color=[0, 255, 0],
                    type='upper',
                    swap='right_elbow'),
                15:
                dict(
                    name='left_wrist',
                    id=15,
                    color=[0, 255, 0],
                    type='upper',
                    swap='right_wrist')
            }),
            skeleton_info=dict({
                0:
                dict(
                    link=('right_ankle', 'right_knee'),
                    id=0,
                    color=[255, 128, 0]),
                1:
                dict(
                    link=('right_knee', 'right_hip'),
                    id=1,
                    color=[255, 128, 0]),
                2:
                dict(link=('right_hip', 'pelvis'), id=2, color=[255, 128, 0]),
                3:
                dict(link=('pelvis', 'left_hip'), id=3, color=[0, 255, 0]),
                4:
                dict(link=('left_hip', 'left_knee'), id=4, color=[0, 255, 0]),
                5:
                dict(
                    link=('left_knee', 'left_ankle'), id=5, color=[0, 255, 0]),
                6:
                dict(link=('pelvis', 'thorax'), id=6, color=[51, 153, 255]),
                7:
                dict(
                    link=('thorax', 'upper_neck'), id=7, color=[51, 153, 255]),
                8:
                dict(
                    link=('upper_neck', 'head_top'),
                    id=8,
                    color=[51, 153, 255]),
                9:
                dict(
                    link=('upper_neck', 'right_shoulder'),
                    id=9,
                    color=[255, 128, 0]),
                10:
                dict(
                    link=('right_shoulder', 'right_elbow'),
                    id=10,
                    color=[255, 128, 0]),
                11:
                dict(
                    link=('right_elbow', 'right_wrist'),
                    id=11,
                    color=[255, 128, 0]),
                12:
                dict(
                    link=('upper_neck', 'left_shoulder'),
                    id=12,
                    color=[0, 255, 0]),
                13:
                dict(
                    link=('left_shoulder', 'left_elbow'),
                    id=13,
                    color=[0, 255, 0]),
                14:
                dict(
                    link=('left_elbow', 'left_wrist'),
                    id=14,
                    color=[0, 255, 0])
            }),
            joint_weights=[
                1.5, 1.2, 1.0, 1.0, 1.2, 1.5, 1.0, 1.0, 1.0, 1.0, 1.5, 1.2,
                1.0, 1.0, 1.2, 1.5
            ],
            sigmas=[
                0.089, 0.083, 0.107, 0.107, 0.083, 0.089, 0.026, 0.026, 0.026,
                0.026, 0.062, 0.072, 0.179, 0.179, 0.072, 0.062
            ])))
work_dir = './work_dirs/14_reg_shufflenetv2_mpii_256x256_dsnt'
gpu_ids = range(0, 4)

2022-07-20 06:49:30,569 - mmpose - INFO - Set random seed to 2526, deterministic: False
2022-07-20 06:49:39,517 - mmpose - INFO - Start running, host: tianfj@qwe, work_dir: /data/tfj/workspace/python_projects/pose/mmpose0270/work_dirs/14_reg_shufflenetv2_mpii_256x256_dsnt
2022-07-20 06:49:39,517 - mmpose - INFO - Hooks will be executed in the following order:
before_run:
(VERY_HIGH   ) StepLrUpdaterHook                  
(NORMAL      ) CheckpointHook                     
(NORMAL      ) DistEvalHook                       
(VERY_LOW    ) TextLoggerHook                     
 -------------------- 
before_train_epoch:
(VERY_HIGH   ) StepLrUpdaterHook                  
(NORMAL      ) DistSamplerSeedHook                
(NORMAL      ) DistEvalHook                       
(LOW         ) IterTimerHook                      
(VERY_LOW    ) TextLoggerHook                     
 -------------------- 
before_train_iter:
(VERY_HIGH   ) StepLrUpdaterHook                  
(NORMAL      ) DistEvalHook                       
(LOW         ) IterTimerHook                      
 -------------------- 
after_train_iter:
(ABOVE_NORMAL) OptimizerHook                      
(NORMAL      ) CheckpointHook                     
(NORMAL      ) DistEvalHook                       
(LOW         ) IterTimerHook                      
(VERY_LOW    ) TextLoggerHook                     
 -------------------- 
after_train_epoch:
(NORMAL      ) CheckpointHook                     
(NORMAL      ) DistEvalHook                       
(VERY_LOW    ) TextLoggerHook                     
 -------------------- 
before_val_epoch:
(NORMAL      ) DistSamplerSeedHook                
(LOW         ) IterTimerHook                      
(VERY_LOW    ) TextLoggerHook                     
 -------------------- 
before_val_iter:
(LOW         ) IterTimerHook                      
 -------------------- 
after_val_iter:
(LOW         ) IterTimerHook                      
 -------------------- 
after_val_epoch:
(VERY_LOW    ) TextLoggerHook                     
 -------------------- 
after_run:
(VERY_LOW    ) TextLoggerHook                     
 -------------------- 
2022-07-20 06:49:39,517 - mmpose - INFO - workflow: [('train', 1)], max: 210 epochs
2022-07-20 06:49:39,517 - mmpose - INFO - Checkpoints will be saved to /data/tfj/workspace/python_projects/pose/mmpose0270/work_dirs/14_reg_shufflenetv2_mpii_256x256_dsnt by HardDiskBackend.
2022-07-20 06:50:01,748 - mmpose - INFO - Epoch [1][50/87]	lr: 4.945e-05, eta: 2:14:57, time: 0.444, data_time: 0.288, memory: 1583, reg_loss: 0.6773, acc_pose: 0.0679, loss: 0.6773
2022-07-20 06:50:36,484 - mmpose - INFO - Epoch [2][50/87]	lr: 1.364e-04, eta: 1:37:05, time: 0.436, data_time: 0.333, memory: 1583, reg_loss: 0.2888, acc_pose: 0.4216, loss: 0.2888
2022-07-20 06:51:11,462 - mmpose - INFO - Epoch [3][50/87]	lr: 2.233e-04, eta: 1:28:03, time: 0.431, data_time: 0.206, memory: 1583, reg_loss: 0.2112, acc_pose: 0.5620, loss: 0.2112
2022-07-20 06:51:46,734 - mmpose - INFO - Epoch [4][50/87]	lr: 3.102e-04, eta: 1:23:45, time: 0.429, data_time: 0.210, memory: 1583, reg_loss: 0.1824, acc_pose: 0.6095, loss: 0.1824
2022-07-20 06:52:21,922 - mmpose - INFO - Epoch [5][50/87]	lr: 3.971e-04, eta: 1:21:16, time: 0.431, data_time: 0.188, memory: 1583, reg_loss: 0.1678, acc_pose: 0.6415, loss: 0.1678
2022-07-20 06:52:56,995 - mmpose - INFO - Epoch [6][50/87]	lr: 4.840e-04, eta: 1:19:37, time: 0.434, data_time: 0.280, memory: 1583, reg_loss: 0.1615, acc_pose: 0.6561, loss: 0.1615
2022-07-20 06:53:31,720 - mmpose - INFO - Epoch [7][50/87]	lr: 5.000e-04, eta: 1:18:20, time: 0.432, data_time: 0.310, memory: 1583, reg_loss: 0.1562, acc_pose: 0.6698, loss: 0.1562
2022-07-20 06:54:06,406 - mmpose - INFO - Epoch [8][50/87]	lr: 5.000e-04, eta: 1:17:15, time: 0.431, data_time: 0.302, memory: 1583, reg_loss: 0.1503, acc_pose: 0.6822, loss: 0.1503
2022-07-20 06:54:41,395 - mmpose - INFO - Epoch [9][50/87]	lr: 5.000e-04, eta: 1:16:25, time: 0.435, data_time: 0.199, memory: 1583, reg_loss: 0.1483, acc_pose: 0.6740, loss: 0.1483
2022-07-20 06:55:16,177 - mmpose - INFO - Epoch [10][50/87]	lr: 5.000e-04, eta: 1:15:38, time: 0.432, data_time: 0.362, memory: 1583, reg_loss: 0.1453, acc_pose: 0.6898, loss: 0.1453
2022-07-20 06:55:29,724 - mmpose - INFO - Saving checkpoint at 10 epochs
2022-07-20 06:55:34,352 - mmpose - INFO - Now best checkpoint is saved as best_PCKh_epoch_10.pth.
2022-07-20 06:55:34,352 - mmpose - INFO - Best PCKh is 72.3731 at 10 epoch.
2022-07-20 06:55:34,353 - mmpose - INFO - Epoch(val) [10][24]	Head: 90.6207, Shoulder: 88.7398, Elbow: 72.9508, Wrist: 60.0337, Hip: 79.5050, Knee: 59.9437, Ankle: 42.4890, PCKh: 72.3731, PCKh@0.1: 11.7616
2022-07-20 06:55:55,914 - mmpose - INFO - Epoch [11][50/87]	lr: 5.000e-04, eta: 1:14:55, time: 0.431, data_time: 0.249, memory: 1583, reg_loss: 0.1445, acc_pose: 0.6935, loss: 0.1445
2022-07-20 06:56:30,814 - mmpose - INFO - Epoch [12][50/87]	lr: 5.000e-04, eta: 1:14:18, time: 0.433, data_time: 0.269, memory: 1583, reg_loss: 0.1428, acc_pose: 0.6910, loss: 0.1428
2022-07-20 06:57:05,912 - mmpose - INFO - Epoch [13][50/87]	lr: 5.000e-04, eta: 1:13:42, time: 0.432, data_time: 0.355, memory: 1583, reg_loss: 0.1403, acc_pose: 0.7028, loss: 0.1403
2022-07-20 06:57:40,533 - mmpose - INFO - Epoch [14][50/87]	lr: 5.000e-04, eta: 1:13:07, time: 0.431, data_time: 0.217, memory: 1583, reg_loss: 0.1381, acc_pose: 0.7012, loss: 0.1381
2022-07-20 06:58:15,094 - mmpose - INFO - Epoch [15][50/87]	lr: 5.000e-04, eta: 1:12:35, time: 0.431, data_time: 0.258, memory: 1583, reg_loss: 0.1401, acc_pose: 0.7007, loss: 0.1401
2022-07-20 06:58:50,211 - mmpose - INFO - Epoch [16][50/87]	lr: 5.000e-04, eta: 1:12:01, time: 0.428, data_time: 0.239, memory: 1583, reg_loss: 0.1363, acc_pose: 0.7020, loss: 0.1363
2022-07-20 06:59:25,333 - mmpose - INFO - Epoch [17][50/87]	lr: 5.000e-04, eta: 1:11:31, time: 0.431, data_time: 0.241, memory: 1583, reg_loss: 0.1355, acc_pose: 0.7032, loss: 0.1355
2022-07-20 07:00:00,039 - mmpose - INFO - Epoch [18][50/87]	lr: 5.000e-04, eta: 1:11:02, time: 0.432, data_time: 0.279, memory: 1583, reg_loss: 0.1358, acc_pose: 0.7068, loss: 0.1358
2022-07-20 07:00:34,905 - mmpose - INFO - Epoch [19][50/87]	lr: 5.000e-04, eta: 1:10:36, time: 0.434, data_time: 0.242, memory: 1583, reg_loss: 0.1353, acc_pose: 0.7047, loss: 0.1353
2022-07-20 07:01:10,045 - mmpose - INFO - Epoch [20][50/87]	lr: 5.000e-04, eta: 1:10:07, time: 0.430, data_time: 0.267, memory: 1583, reg_loss: 0.1328, acc_pose: 0.7186, loss: 0.1328
2022-07-20 07:01:23,525 - mmpose - INFO - Saving checkpoint at 20 epochs
2022-07-20 07:01:28,010 - mmpose - INFO - The previous best checkpoint /data/tfj/workspace/python_projects/pose/mmpose0270/work_dirs/14_reg_shufflenetv2_mpii_256x256_dsnt/best_PCKh_epoch_10.pth was removed
2022-07-20 07:01:28,060 - mmpose - INFO - Now best checkpoint is saved as best_PCKh_epoch_20.pth.
2022-07-20 07:01:28,061 - mmpose - INFO - Best PCKh is 74.5667 at 20 epoch.
2022-07-20 07:01:28,061 - mmpose - INFO - Epoch(val) [20][24]	Head: 90.4843, Shoulder: 89.4361, Elbow: 75.7290, Wrist: 63.5609, Hip: 80.4569, Knee: 62.9865, Ankle: 47.9448, PCKh: 74.5667, PCKh@0.1: 12.8910
2022-07-20 07:01:49,270 - mmpose - INFO - Epoch [21][50/87]	lr: 5.000e-04, eta: 1:09:37, time: 0.424, data_time: 0.258, memory: 1583, reg_loss: 0.1347, acc_pose: 0.7126, loss: 0.1347
2022-07-20 07:02:23,794 - mmpose - INFO - Epoch [22][50/87]	lr: 5.000e-04, eta: 1:09:09, time: 0.428, data_time: 0.322, memory: 1583, reg_loss: 0.1323, acc_pose: 0.7136, loss: 0.1323
2022-07-20 07:02:58,496 - mmpose - INFO - Epoch [23][50/87]	lr: 5.000e-04, eta: 1:08:41, time: 0.425, data_time: 0.282, memory: 1583, reg_loss: 0.1322, acc_pose: 0.7057, loss: 0.1322
2022-07-20 07:03:33,863 - mmpose - INFO - Epoch [24][50/87]	lr: 5.000e-04, eta: 1:08:16, time: 0.431, data_time: 0.314, memory: 1583, reg_loss: 0.1304, acc_pose: 0.7182, loss: 0.1304
2022-07-20 07:04:08,617 - mmpose - INFO - Epoch [25][50/87]	lr: 5.000e-04, eta: 1:07:49, time: 0.428, data_time: 0.327, memory: 1583, reg_loss: 0.1318, acc_pose: 0.7155, loss: 0.1318
2022-07-20 07:04:43,588 - mmpose - INFO - Epoch [26][50/87]	lr: 5.000e-04, eta: 1:07:23, time: 0.428, data_time: 0.305, memory: 1583, reg_loss: 0.1302, acc_pose: 0.7153, loss: 0.1302
2022-07-20 07:05:18,120 - mmpose - INFO - Epoch [27][50/87]	lr: 5.000e-04, eta: 1:06:57, time: 0.427, data_time: 0.269, memory: 1583, reg_loss: 0.1302, acc_pose: 0.7160, loss: 0.1302
2022-07-20 07:05:52,853 - mmpose - INFO - Epoch [28][50/87]	lr: 5.000e-04, eta: 1:06:33, time: 0.430, data_time: 0.361, memory: 1583, reg_loss: 0.1299, acc_pose: 0.7134, loss: 0.1299
2022-07-20 07:06:27,258 - mmpose - INFO - Epoch [29][50/87]	lr: 5.000e-04, eta: 1:06:08, time: 0.430, data_time: 0.202, memory: 1583, reg_loss: 0.1276, acc_pose: 0.7185, loss: 0.1276
2022-07-20 07:07:02,225 - mmpose - INFO - Epoch [30][50/87]	lr: 5.000e-04, eta: 1:05:47, time: 0.438, data_time: 0.310, memory: 1583, reg_loss: 0.1283, acc_pose: 0.7174, loss: 0.1283
2022-07-20 07:07:15,460 - mmpose - INFO - Saving checkpoint at 30 epochs
2022-07-20 07:07:20,094 - mmpose - INFO - Epoch(val) [30][24]	Head: 91.0641, Shoulder: 89.7079, Elbow: 75.7632, Wrist: 62.9113, Hip: 80.8898, Knee: 62.7651, Ankle: 45.6299, PCKh: 74.3612, PCKh@0.1: 13.4947
2022-07-20 07:07:41,614 - mmpose - INFO - Epoch [31][50/87]	lr: 5.000e-04, eta: 1:05:23, time: 0.430, data_time: 0.233, memory: 1583, reg_loss: 0.1278, acc_pose: 0.7219, loss: 0.1278
2022-07-20 07:08:16,416 - mmpose - INFO - Epoch [32][50/87]	lr: 5.000e-04, eta: 1:04:59, time: 0.429, data_time: 0.245, memory: 1583, reg_loss: 0.1270, acc_pose: 0.7210, loss: 0.1270
2022-07-20 07:08:51,022 - mmpose - INFO - Epoch [33][50/87]	lr: 5.000e-04, eta: 1:04:34, time: 0.427, data_time: 0.188, memory: 1583, reg_loss: 0.1276, acc_pose: 0.7241, loss: 0.1276
2022-07-20 07:09:25,897 - mmpose - INFO - Epoch [34][50/87]	lr: 5.000e-04, eta: 1:04:11, time: 0.434, data_time: 0.190, memory: 1583, reg_loss: 0.1260, acc_pose: 0.7327, loss: 0.1260
2022-07-20 07:10:00,617 - mmpose - INFO - Epoch [35][50/87]	lr: 5.000e-04, eta: 1:03:48, time: 0.431, data_time: 0.331, memory: 1583, reg_loss: 0.1259, acc_pose: 0.7289, loss: 0.1259
2022-07-20 07:10:35,246 - mmpose - INFO - Epoch [36][50/87]	lr: 5.000e-04, eta: 1:03:25, time: 0.431, data_time: 0.136, memory: 1583, reg_loss: 0.1252, acc_pose: 0.7337, loss: 0.1252
2022-07-20 07:11:09,835 - mmpose - INFO - Epoch [37][50/87]	lr: 5.000e-04, eta: 1:03:00, time: 0.425, data_time: 0.236, memory: 1583, reg_loss: 0.1249, acc_pose: 0.7293, loss: 0.1249
2022-07-20 07:11:44,800 - mmpose - INFO - Epoch [38][50/87]	lr: 5.000e-04, eta: 1:02:39, time: 0.435, data_time: 0.329, memory: 1583, reg_loss: 0.1249, acc_pose: 0.7316, loss: 0.1249
2022-07-20 07:12:19,937 - mmpose - INFO - Epoch [39][50/87]	lr: 5.000e-04, eta: 1:02:16, time: 0.432, data_time: 0.247, memory: 1583, reg_loss: 0.1239, acc_pose: 0.7324, loss: 0.1239
2022-07-20 07:12:54,835 - mmpose - INFO - Epoch [40][50/87]	lr: 5.000e-04, eta: 1:01:54, time: 0.433, data_time: 0.364, memory: 1583, reg_loss: 0.1242, acc_pose: 0.7366, loss: 0.1242
2022-07-20 07:13:07,799 - mmpose - INFO - Saving checkpoint at 40 epochs
2022-07-20 07:13:12,538 - mmpose - INFO - The previous best checkpoint /data/tfj/workspace/python_projects/pose/mmpose0270/work_dirs/14_reg_shufflenetv2_mpii_256x256_dsnt/best_PCKh_epoch_20.pth was removed
2022-07-20 07:13:12,586 - mmpose - INFO - Now best checkpoint is saved as best_PCKh_epoch_40.pth.
2022-07-20 07:13:12,586 - mmpose - INFO - Best PCKh is 75.1652 at 40 epoch.
2022-07-20 07:13:12,586 - mmpose - INFO - Epoch(val) [40][24]	Head: 91.4393, Shoulder: 89.5720, Elbow: 76.7685, Wrist: 64.5730, Hip: 80.6818, Knee: 63.8922, Ankle: 47.9918, PCKh: 75.1652, PCKh@0.1: 13.9969
2022-07-20 07:13:33,648 - mmpose - INFO - Epoch [41][50/87]	lr: 5.000e-04, eta: 1:01:29, time: 0.421, data_time: 0.323, memory: 1583, reg_loss: 0.1238, acc_pose: 0.7334, loss: 0.1238
2022-07-20 07:14:08,532 - mmpose - INFO - Epoch [42][50/87]	lr: 5.000e-04, eta: 1:01:06, time: 0.430, data_time: 0.268, memory: 1583, reg_loss: 0.1251, acc_pose: 0.7336, loss: 0.1251
2022-07-20 07:14:42,885 - mmpose - INFO - Epoch [43][50/87]	lr: 5.000e-04, eta: 1:00:43, time: 0.431, data_time: 0.356, memory: 1583, reg_loss: 0.1233, acc_pose: 0.7350, loss: 0.1233
2022-07-20 07:15:17,388 - mmpose - INFO - Epoch [44][50/87]	lr: 5.000e-04, eta: 1:00:20, time: 0.426, data_time: 0.357, memory: 1583, reg_loss: 0.1232, acc_pose: 0.7343, loss: 0.1232
2022-07-20 07:15:52,348 - mmpose - INFO - Epoch [45][50/87]	lr: 5.000e-04, eta: 0:59:58, time: 0.436, data_time: 0.276, memory: 1583, reg_loss: 0.1241, acc_pose: 0.7355, loss: 0.1241
2022-07-20 07:16:27,260 - mmpose - INFO - Epoch [46][50/87]	lr: 5.000e-04, eta: 0:59:35, time: 0.430, data_time: 0.209, memory: 1583, reg_loss: 0.1221, acc_pose: 0.7373, loss: 0.1221
2022-07-20 07:17:02,251 - mmpose - INFO - Epoch [47][50/87]	lr: 5.000e-04, eta: 0:59:14, time: 0.436, data_time: 0.334, memory: 1583, reg_loss: 0.1216, acc_pose: 0.7408, loss: 0.1216
2022-07-20 07:17:36,606 - mmpose - INFO - Epoch [48][50/87]	lr: 5.000e-04, eta: 0:58:51, time: 0.430, data_time: 0.344, memory: 1583, reg_loss: 0.1213, acc_pose: 0.7354, loss: 0.1213
2022-07-20 07:18:11,944 - mmpose - INFO - Epoch [49][50/87]	lr: 5.000e-04, eta: 0:58:30, time: 0.438, data_time: 0.182, memory: 1583, reg_loss: 0.1201, acc_pose: 0.7372, loss: 0.1201
2022-07-20 07:18:46,967 - mmpose - INFO - Epoch [50][50/87]	lr: 5.000e-04, eta: 0:58:08, time: 0.433, data_time: 0.270, memory: 1583, reg_loss: 0.1216, acc_pose: 0.7400, loss: 0.1216
2022-07-20 07:18:59,983 - mmpose - INFO - Saving checkpoint at 50 epochs
2022-07-20 07:19:04,533 - mmpose - INFO - The previous best checkpoint /data/tfj/workspace/python_projects/pose/mmpose0270/work_dirs/14_reg_shufflenetv2_mpii_256x256_dsnt/best_PCKh_epoch_40.pth was removed
2022-07-20 07:19:04,590 - mmpose - INFO - Now best checkpoint is saved as best_PCKh_epoch_50.pth.
2022-07-20 07:19:04,590 - mmpose - INFO - Best PCKh is 76.0187 at 50 epoch.
2022-07-20 07:19:04,591 - mmpose - INFO - Epoch(val) [50][24]	Head: 91.2688, Shoulder: 90.5401, Elbow: 76.8368, Wrist: 65.7381, Hip: 81.4090, Knee: 65.7662, Ankle: 49.5505, PCKh: 76.0187, PCKh@0.1: 14.1452
2022-07-20 07:19:26,330 - mmpose - INFO - Epoch [51][50/87]	lr: 5.000e-04, eta: 0:57:46, time: 0.435, data_time: 0.202, memory: 1583, reg_loss: 0.1211, acc_pose: 0.7345, loss: 0.1211
2022-07-20 07:20:00,827 - mmpose - INFO - Epoch [52][50/87]	lr: 5.000e-04, eta: 0:57:24, time: 0.432, data_time: 0.264, memory: 1583, reg_loss: 0.1216, acc_pose: 0.7390, loss: 0.1216
2022-07-20 07:20:35,206 - mmpose - INFO - Epoch [53][50/87]	lr: 5.000e-04, eta: 0:57:00, time: 0.421, data_time: 0.217, memory: 1583, reg_loss: 0.1208, acc_pose: 0.7413, loss: 0.1208
2022-07-20 07:21:10,597 - mmpose - INFO - Epoch [54][50/87]	lr: 5.000e-04, eta: 0:56:37, time: 0.426, data_time: 0.353, memory: 1583, reg_loss: 0.1206, acc_pose: 0.7442, loss: 0.1206
2022-07-20 07:21:45,426 - mmpose - INFO - Epoch [55][50/87]	lr: 5.000e-04, eta: 0:56:14, time: 0.426, data_time: 0.351, memory: 1583, reg_loss: 0.1207, acc_pose: 0.7437, loss: 0.1207
2022-07-20 07:22:20,355 - mmpose - INFO - Epoch [56][50/87]	lr: 5.000e-04, eta: 0:55:52, time: 0.432, data_time: 0.286, memory: 1583, reg_loss: 0.1192, acc_pose: 0.7475, loss: 0.1192
2022-07-20 07:22:55,531 - mmpose - INFO - Epoch [57][50/87]	lr: 5.000e-04, eta: 0:55:31, time: 0.438, data_time: 0.299, memory: 1583, reg_loss: 0.1202, acc_pose: 0.7413, loss: 0.1202
2022-07-20 07:23:29,560 - mmpose - INFO - Epoch [58][50/87]	lr: 5.000e-04, eta: 0:55:09, time: 0.430, data_time: 0.246, memory: 1583, reg_loss: 0.1208, acc_pose: 0.7392, loss: 0.1208
2022-07-20 07:24:04,261 - mmpose - INFO - Epoch [59][50/87]	lr: 5.000e-04, eta: 0:54:46, time: 0.428, data_time: 0.174, memory: 1583, reg_loss: 0.1187, acc_pose: 0.7458, loss: 0.1187
2022-07-20 07:24:38,826 - mmpose - INFO - Epoch [60][50/87]	lr: 5.000e-04, eta: 0:54:24, time: 0.427, data_time: 0.113, memory: 1583, reg_loss: 0.1195, acc_pose: 0.7381, loss: 0.1195
2022-07-20 07:24:51,976 - mmpose - INFO - Saving checkpoint at 60 epochs
2022-07-20 07:24:57,347 - mmpose - INFO - Epoch(val) [60][24]	Head: 90.8936, Shoulder: 89.8438, Elbow: 77.1780, Wrist: 65.3621, Hip: 80.7339, Knee: 65.3240, Ankle: 49.1020, PCKh: 75.6414, PCKh@0.1: 14.4184
2022-07-20 07:25:18,972 - mmpose - INFO - Epoch [61][50/87]	lr: 5.000e-04, eta: 0:54:02, time: 0.432, data_time: 0.253, memory: 1583, reg_loss: 0.1169, acc_pose: 0.7470, loss: 0.1169
2022-07-20 07:25:53,617 - mmpose - INFO - Epoch [62][50/87]	lr: 5.000e-04, eta: 0:53:39, time: 0.429, data_time: 0.280, memory: 1583, reg_loss: 0.1181, acc_pose: 0.7399, loss: 0.1181
2022-07-20 07:26:28,046 - mmpose - INFO - Epoch [63][50/87]	lr: 5.000e-04, eta: 0:53:17, time: 0.426, data_time: 0.318, memory: 1583, reg_loss: 0.1173, acc_pose: 0.7497, loss: 0.1173
2022-07-20 07:27:02,544 - mmpose - INFO - Epoch [64][50/87]	lr: 5.000e-04, eta: 0:52:54, time: 0.428, data_time: 0.355, memory: 1583, reg_loss: 0.1174, acc_pose: 0.7331, loss: 0.1174
2022-07-20 07:27:36,837 - mmpose - INFO - Epoch [65][50/87]	lr: 5.000e-04, eta: 0:52:32, time: 0.426, data_time: 0.257, memory: 1583, reg_loss: 0.1181, acc_pose: 0.7426, loss: 0.1181
2022-07-20 07:28:11,377 - mmpose - INFO - Epoch [66][50/87]	lr: 5.000e-04, eta: 0:52:10, time: 0.431, data_time: 0.213, memory: 1583, reg_loss: 0.1184, acc_pose: 0.7461, loss: 0.1184
2022-07-20 07:28:46,605 - mmpose - INFO - Epoch [67][50/87]	lr: 5.000e-04, eta: 0:51:49, time: 0.438, data_time: 0.288, memory: 1583, reg_loss: 0.1176, acc_pose: 0.7464, loss: 0.1176
2022-07-20 07:29:21,342 - mmpose - INFO - Epoch [68][50/87]	lr: 5.000e-04, eta: 0:51:27, time: 0.430, data_time: 0.243, memory: 1583, reg_loss: 0.1188, acc_pose: 0.7454, loss: 0.1188
2022-07-20 07:29:56,003 - mmpose - INFO - Epoch [69][50/87]	lr: 5.000e-04, eta: 0:51:05, time: 0.430, data_time: 0.300, memory: 1583, reg_loss: 0.1177, acc_pose: 0.7445, loss: 0.1177
2022-07-20 07:30:30,384 - mmpose - INFO - Epoch [70][50/87]	lr: 5.000e-04, eta: 0:50:42, time: 0.427, data_time: 0.304, memory: 1583, reg_loss: 0.1175, acc_pose: 0.7388, loss: 0.1175
2022-07-20 07:30:43,904 - mmpose - INFO - Saving checkpoint at 70 epochs
2022-07-20 07:30:48,431 - mmpose - INFO - Epoch(val) [70][24]	Head: 91.1664, Shoulder: 90.1325, Elbow: 77.0927, Wrist: 65.2402, Hip: 81.1320, Knee: 64.9415, Ankle: 49.1017, PCKh: 75.6961, PCKh@0.1: 14.6136
2022-07-20 07:31:09,682 - mmpose - INFO - Epoch [71][50/87]	lr: 5.000e-04, eta: 0:50:20, time: 0.425, data_time: 0.325, memory: 1583, reg_loss: 0.1171, acc_pose: 0.7419, loss: 0.1171
2022-07-20 07:31:44,273 - mmpose - INFO - Epoch [72][50/87]	lr: 5.000e-04, eta: 0:49:58, time: 0.428, data_time: 0.158, memory: 1583, reg_loss: 0.1181, acc_pose: 0.7442, loss: 0.1181
2022-07-20 07:32:19,092 - mmpose - INFO - Epoch [73][50/87]	lr: 5.000e-04, eta: 0:49:35, time: 0.427, data_time: 0.261, memory: 1583, reg_loss: 0.1160, acc_pose: 0.7466, loss: 0.1160
2022-07-20 07:32:53,441 - mmpose - INFO - Epoch [74][50/87]	lr: 5.000e-04, eta: 0:49:13, time: 0.428, data_time: 0.360, memory: 1583, reg_loss: 0.1164, acc_pose: 0.7468, loss: 0.1164
2022-07-20 07:33:28,615 - mmpose - INFO - Epoch [75][50/87]	lr: 5.000e-04, eta: 0:48:52, time: 0.438, data_time: 0.163, memory: 1583, reg_loss: 0.1168, acc_pose: 0.7464, loss: 0.1168
2022-07-20 07:34:03,083 - mmpose - INFO - Epoch [76][50/87]	lr: 5.000e-04, eta: 0:48:30, time: 0.433, data_time: 0.316, memory: 1583, reg_loss: 0.1167, acc_pose: 0.7468, loss: 0.1167
2022-07-20 07:34:37,460 - mmpose - INFO - Epoch [77][50/87]	lr: 5.000e-04, eta: 0:48:08, time: 0.427, data_time: 0.292, memory: 1583, reg_loss: 0.1148, acc_pose: 0.7504, loss: 0.1148
2022-07-20 07:35:11,819 - mmpose - INFO - Epoch [78][50/87]	lr: 5.000e-04, eta: 0:47:46, time: 0.421, data_time: 0.265, memory: 1583, reg_loss: 0.1139, acc_pose: 0.7484, loss: 0.1139
2022-07-20 07:35:46,427 - mmpose - INFO - Epoch [79][50/87]	lr: 5.000e-04, eta: 0:47:23, time: 0.426, data_time: 0.325, memory: 1583, reg_loss: 0.1158, acc_pose: 0.7501, loss: 0.1158
2022-07-20 07:36:20,935 - mmpose - INFO - Epoch [80][50/87]	lr: 5.000e-04, eta: 0:47:01, time: 0.427, data_time: 0.186, memory: 1583, reg_loss: 0.1157, acc_pose: 0.7531, loss: 0.1157
2022-07-20 07:36:34,186 - mmpose - INFO - Saving checkpoint at 80 epochs
2022-07-20 07:36:38,730 - mmpose - INFO - The previous best checkpoint /data/tfj/workspace/python_projects/pose/mmpose0270/work_dirs/14_reg_shufflenetv2_mpii_256x256_dsnt/best_PCKh_epoch_50.pth was removed
2022-07-20 07:36:38,786 - mmpose - INFO - Now best checkpoint is saved as best_PCKh_epoch_80.pth.
2022-07-20 07:36:38,787 - mmpose - INFO - Best PCKh is 76.4221 at 80 epoch.
2022-07-20 07:36:38,787 - mmpose - INFO - Epoch(val) [80][24]	Head: 91.6098, Shoulder: 90.3533, Elbow: 78.1834, Wrist: 66.1321, Hip: 81.7725, Knee: 66.0699, Ankle: 50.1412, PCKh: 76.4221, PCKh@0.1: 14.3872
2022-07-20 07:37:00,581 - mmpose - INFO - Epoch [81][50/87]	lr: 5.000e-04, eta: 0:46:40, time: 0.436, data_time: 0.367, memory: 1583, reg_loss: 0.1141, acc_pose: 0.7507, loss: 0.1141
2022-07-20 07:37:35,003 - mmpose - INFO - Epoch [82][50/87]	lr: 5.000e-04, eta: 0:46:18, time: 0.428, data_time: 0.246, memory: 1583, reg_loss: 0.1157, acc_pose: 0.7490, loss: 0.1157
2022-07-20 07:38:09,502 - mmpose - INFO - Epoch [83][50/87]	lr: 5.000e-04, eta: 0:45:56, time: 0.431, data_time: 0.211, memory: 1583, reg_loss: 0.1137, acc_pose: 0.7511, loss: 0.1137
2022-07-20 07:38:43,927 - mmpose - INFO - Epoch [84][50/87]	lr: 5.000e-04, eta: 0:45:34, time: 0.427, data_time: 0.249, memory: 1583, reg_loss: 0.1153, acc_pose: 0.7489, loss: 0.1153
2022-07-20 07:39:18,634 - mmpose - INFO - Epoch [85][50/87]	lr: 5.000e-04, eta: 0:45:12, time: 0.430, data_time: 0.220, memory: 1583, reg_loss: 0.1133, acc_pose: 0.7539, loss: 0.1133
2022-07-20 07:39:53,555 - mmpose - INFO - Epoch [86][50/87]	lr: 5.000e-04, eta: 0:44:51, time: 0.437, data_time: 0.335, memory: 1583, reg_loss: 0.1144, acc_pose: 0.7524, loss: 0.1144
2022-07-20 07:40:28,743 - mmpose - INFO - Epoch [87][50/87]	lr: 5.000e-04, eta: 0:44:29, time: 0.434, data_time: 0.249, memory: 1583, reg_loss: 0.1140, acc_pose: 0.7522, loss: 0.1140
2022-07-20 07:41:03,073 - mmpose - INFO - Epoch [88][50/87]	lr: 5.000e-04, eta: 0:44:07, time: 0.427, data_time: 0.331, memory: 1583, reg_loss: 0.1140, acc_pose: 0.7574, loss: 0.1140
2022-07-20 07:41:37,657 - mmpose - INFO - Epoch [89][50/87]	lr: 5.000e-04, eta: 0:43:45, time: 0.428, data_time: 0.308, memory: 1583, reg_loss: 0.1143, acc_pose: 0.7486, loss: 0.1143
2022-07-20 07:42:12,700 - mmpose - INFO - Epoch [90][50/87]	lr: 5.000e-04, eta: 0:43:24, time: 0.437, data_time: 0.244, memory: 1583, reg_loss: 0.1133, acc_pose: 0.7613, loss: 0.1133
2022-07-20 07:42:26,563 - mmpose - INFO - Saving checkpoint at 90 epochs
2022-07-20 07:42:31,047 - mmpose - INFO - Epoch(val) [90][24]	Head: 91.2688, Shoulder: 90.1155, Elbow: 77.5187, Wrist: 65.7370, Hip: 81.3051, Knee: 65.9294, Ankle: 50.2586, PCKh: 76.1540, PCKh@0.1: 15.0169
2022-07-20 07:42:52,380 - mmpose - INFO - Epoch [91][50/87]	lr: 5.000e-04, eta: 0:43:02, time: 0.427, data_time: 0.339, memory: 1583, reg_loss: 0.1147, acc_pose: 0.7474, loss: 0.1147
2022-07-20 07:43:27,180 - mmpose - INFO - Epoch [92][50/87]	lr: 5.000e-04, eta: 0:42:40, time: 0.432, data_time: 0.343, memory: 1583, reg_loss: 0.1139, acc_pose: 0.7525, loss: 0.1139
2022-07-20 07:44:02,053 - mmpose - INFO - Epoch [93][50/87]	lr: 5.000e-04, eta: 0:42:19, time: 0.430, data_time: 0.256, memory: 1583, reg_loss: 0.1136, acc_pose: 0.7520, loss: 0.1136
2022-07-20 07:44:37,230 - mmpose - INFO - Epoch [94][50/87]	lr: 5.000e-04, eta: 0:41:57, time: 0.436, data_time: 0.260, memory: 1583, reg_loss: 0.1125, acc_pose: 0.7579, loss: 0.1125
2022-07-20 07:45:12,466 - mmpose - INFO - Epoch [95][50/87]	lr: 5.000e-04, eta: 0:41:36, time: 0.431, data_time: 0.281, memory: 1583, reg_loss: 0.1140, acc_pose: 0.7489, loss: 0.1140
2022-07-20 07:45:47,127 - mmpose - INFO - Epoch [96][50/87]	lr: 5.000e-04, eta: 0:41:14, time: 0.436, data_time: 0.213, memory: 1583, reg_loss: 0.1127, acc_pose: 0.7537, loss: 0.1127
2022-07-20 07:46:21,439 - mmpose - INFO - Epoch [97][50/87]	lr: 5.000e-04, eta: 0:40:52, time: 0.428, data_time: 0.279, memory: 1583, reg_loss: 0.1125, acc_pose: 0.7576, loss: 0.1125
2022-07-20 07:46:56,027 - mmpose - INFO - Epoch [98][50/87]	lr: 5.000e-04, eta: 0:40:30, time: 0.428, data_time: 0.247, memory: 1583, reg_loss: 0.1121, acc_pose: 0.7593, loss: 0.1121
2022-07-20 07:47:30,285 - mmpose - INFO - Epoch [99][50/87]	lr: 5.000e-04, eta: 0:40:08, time: 0.423, data_time: 0.302, memory: 1583, reg_loss: 0.1127, acc_pose: 0.7530, loss: 0.1127
2022-07-20 07:48:04,809 - mmpose - INFO - Epoch [100][50/87]	lr: 5.000e-04, eta: 0:39:46, time: 0.426, data_time: 0.314, memory: 1583, reg_loss: 0.1109, acc_pose: 0.7537, loss: 0.1109
2022-07-20 07:48:18,205 - mmpose - INFO - Saving checkpoint at 100 epochs
2022-07-20 07:48:22,598 - mmpose - INFO - The previous best checkpoint /data/tfj/workspace/python_projects/pose/mmpose0270/work_dirs/14_reg_shufflenetv2_mpii_256x256_dsnt/best_PCKh_epoch_80.pth was removed
2022-07-20 07:48:22,646 - mmpose - INFO - Now best checkpoint is saved as best_PCKh_epoch_100.pth.
2022-07-20 07:48:22,646 - mmpose - INFO - Best PCKh is 76.4637 at 100 epoch.
2022-07-20 07:48:22,646 - mmpose - INFO - Epoch(val) [100][24]	Head: 92.0191, Shoulder: 90.4721, Elbow: 77.5525, Wrist: 66.6795, Hip: 81.1840, Knee: 66.2305, Ankle: 50.4479, PCKh: 76.4637, PCKh@0.1: 15.1496
2022-07-20 07:48:43,982 - mmpose - INFO - Epoch [101][50/87]	lr: 5.000e-04, eta: 0:39:24, time: 0.427, data_time: 0.281, memory: 1583, reg_loss: 0.1131, acc_pose: 0.7571, loss: 0.1131
2022-07-20 07:49:18,966 - mmpose - INFO - Epoch [102][50/87]	lr: 5.000e-04, eta: 0:39:03, time: 0.434, data_time: 0.271, memory: 1583, reg_loss: 0.1117, acc_pose: 0.7572, loss: 0.1117
2022-07-20 07:49:53,690 - mmpose - INFO - Epoch [103][50/87]	lr: 5.000e-04, eta: 0:38:41, time: 0.431, data_time: 0.306, memory: 1583, reg_loss: 0.1126, acc_pose: 0.7560, loss: 0.1126
2022-07-20 07:50:28,235 - mmpose - INFO - Epoch [104][50/87]	lr: 5.000e-04, eta: 0:38:19, time: 0.428, data_time: 0.353, memory: 1583, reg_loss: 0.1118, acc_pose: 0.7673, loss: 0.1118
2022-07-20 07:51:02,995 - mmpose - INFO - Epoch [105][50/87]	lr: 5.000e-04, eta: 0:37:57, time: 0.426, data_time: 0.321, memory: 1583, reg_loss: 0.1123, acc_pose: 0.7623, loss: 0.1123
2022-07-20 07:51:37,682 - mmpose - INFO - Epoch [106][50/87]	lr: 5.000e-04, eta: 0:37:36, time: 0.427, data_time: 0.226, memory: 1583, reg_loss: 0.1129, acc_pose: 0.7554, loss: 0.1129
2022-07-20 07:52:12,715 - mmpose - INFO - Epoch [107][50/87]	lr: 5.000e-04, eta: 0:37:14, time: 0.436, data_time: 0.373, memory: 1583, reg_loss: 0.1119, acc_pose: 0.7538, loss: 0.1119
2022-07-20 07:52:47,492 - mmpose - INFO - Epoch [108][50/87]	lr: 5.000e-04, eta: 0:36:52, time: 0.432, data_time: 0.282, memory: 1583, reg_loss: 0.1121, acc_pose: 0.7576, loss: 0.1121
2022-07-20 07:53:22,234 - mmpose - INFO - Epoch [109][50/87]	lr: 5.000e-04, eta: 0:36:31, time: 0.434, data_time: 0.223, memory: 1583, reg_loss: 0.1109, acc_pose: 0.7556, loss: 0.1109
2022-07-20 07:53:56,891 - mmpose - INFO - Epoch [110][50/87]	lr: 5.000e-04, eta: 0:36:09, time: 0.427, data_time: 0.259, memory: 1583, reg_loss: 0.1108, acc_pose: 0.7601, loss: 0.1108
2022-07-20 07:54:10,364 - mmpose - INFO - Saving checkpoint at 110 epochs
2022-07-20 07:54:14,908 - mmpose - INFO - The previous best checkpoint /data/tfj/workspace/python_projects/pose/mmpose0270/work_dirs/14_reg_shufflenetv2_mpii_256x256_dsnt/best_PCKh_epoch_100.pth was removed
2022-07-20 07:54:14,961 - mmpose - INFO - Now best checkpoint is saved as best_PCKh_epoch_110.pth.
2022-07-20 07:54:14,961 - mmpose - INFO - Best PCKh is 76.7551 at 110 epoch.
2022-07-20 07:54:14,962 - mmpose - INFO - Epoch(val) [110][24]	Head: 92.1896, Shoulder: 90.0306, Elbow: 78.0982, Wrist: 67.3822, Hip: 81.2705, Knee: 67.2170, Ankle: 50.7554, PCKh: 76.7551, PCKh@0.1: 15.0742
2022-07-20 07:54:36,518 - mmpose - INFO - Epoch [111][50/87]	lr: 5.000e-04, eta: 0:35:47, time: 0.431, data_time: 0.370, memory: 1583, reg_loss: 0.1113, acc_pose: 0.7586, loss: 0.1113
2022-07-20 07:55:11,206 - mmpose - INFO - Epoch [112][50/87]	lr: 5.000e-04, eta: 0:35:26, time: 0.430, data_time: 0.250, memory: 1583, reg_loss: 0.1106, acc_pose: 0.7623, loss: 0.1106
2022-07-20 07:55:45,761 - mmpose - INFO - Epoch [113][50/87]	lr: 5.000e-04, eta: 0:35:04, time: 0.426, data_time: 0.283, memory: 1583, reg_loss: 0.1114, acc_pose: 0.7593, loss: 0.1114
2022-07-20 07:56:20,486 - mmpose - INFO - Epoch [114][50/87]	lr: 5.000e-04, eta: 0:34:42, time: 0.429, data_time: 0.315, memory: 1583, reg_loss: 0.1104, acc_pose: 0.7577, loss: 0.1104
2022-07-20 07:56:55,130 - mmpose - INFO - Epoch [115][50/87]	lr: 5.000e-04, eta: 0:34:20, time: 0.427, data_time: 0.287, memory: 1583, reg_loss: 0.1113, acc_pose: 0.7576, loss: 0.1113
2022-07-20 07:57:29,901 - mmpose - INFO - Epoch [116][50/87]	lr: 5.000e-04, eta: 0:33:58, time: 0.425, data_time: 0.311, memory: 1583, reg_loss: 0.1097, acc_pose: 0.7533, loss: 0.1097
2022-07-20 07:58:04,476 - mmpose - INFO - Epoch [117][50/87]	lr: 5.000e-04, eta: 0:33:37, time: 0.430, data_time: 0.340, memory: 1583, reg_loss: 0.1108, acc_pose: 0.7539, loss: 0.1108
2022-07-20 07:58:39,097 - mmpose - INFO - Epoch [118][50/87]	lr: 5.000e-04, eta: 0:33:15, time: 0.434, data_time: 0.304, memory: 1583, reg_loss: 0.1097, acc_pose: 0.7648, loss: 0.1097
2022-07-20 07:59:13,810 - mmpose - INFO - Epoch [119][50/87]	lr: 5.000e-04, eta: 0:32:54, time: 0.428, data_time: 0.222, memory: 1583, reg_loss: 0.1102, acc_pose: 0.7617, loss: 0.1102
2022-07-20 07:59:48,233 - mmpose - INFO - Epoch [120][50/87]	lr: 5.000e-04, eta: 0:32:32, time: 0.426, data_time: 0.322, memory: 1583, reg_loss: 0.1089, acc_pose: 0.7610, loss: 0.1089
2022-07-20 08:00:01,613 - mmpose - INFO - Saving checkpoint at 120 epochs
2022-07-20 08:00:06,226 - mmpose - INFO - Epoch(val) [120][24]	Head: 91.6439, Shoulder: 89.5720, Elbow: 77.4847, Wrist: 67.0046, Hip: 81.7033, Knee: 66.9156, Ankle: 51.1565, PCKh: 76.5470, PCKh@0.1: 14.6084
2022-07-20 08:00:27,425 - mmpose - INFO - Epoch [121][50/87]	lr: 5.000e-04, eta: 0:32:10, time: 0.424, data_time: 0.336, memory: 1583, reg_loss: 0.1107, acc_pose: 0.7651, loss: 0.1107
2022-07-20 08:01:02,324 - mmpose - INFO - Epoch [122][50/87]	lr: 5.000e-04, eta: 0:31:48, time: 0.429, data_time: 0.281, memory: 1583, reg_loss: 0.1099, acc_pose: 0.7673, loss: 0.1099
2022-07-20 08:01:37,442 - mmpose - INFO - Epoch [123][50/87]	lr: 5.000e-04, eta: 0:31:27, time: 0.431, data_time: 0.257, memory: 1583, reg_loss: 0.1115, acc_pose: 0.7508, loss: 0.1115
2022-07-20 08:02:12,895 - mmpose - INFO - Epoch [124][50/87]	lr: 5.000e-04, eta: 0:31:05, time: 0.438, data_time: 0.373, memory: 1583, reg_loss: 0.1099, acc_pose: 0.7621, loss: 0.1099
2022-07-20 08:02:47,423 - mmpose - INFO - Epoch [125][50/87]	lr: 5.000e-04, eta: 0:30:43, time: 0.424, data_time: 0.326, memory: 1583, reg_loss: 0.1106, acc_pose: 0.7640, loss: 0.1106
2022-07-20 08:03:22,734 - mmpose - INFO - Epoch [126][50/87]	lr: 5.000e-04, eta: 0:30:22, time: 0.429, data_time: 0.281, memory: 1583, reg_loss: 0.1105, acc_pose: 0.7632, loss: 0.1105
2022-07-20 08:03:57,639 - mmpose - INFO - Epoch [127][50/87]	lr: 5.000e-04, eta: 0:30:00, time: 0.428, data_time: 0.313, memory: 1583, reg_loss: 0.1096, acc_pose: 0.7601, loss: 0.1096
2022-07-20 08:04:32,545 - mmpose - INFO - Epoch [128][50/87]	lr: 5.000e-04, eta: 0:29:39, time: 0.436, data_time: 0.370, memory: 1583, reg_loss: 0.1096, acc_pose: 0.7647, loss: 0.1096
2022-07-20 08:05:06,986 - mmpose - INFO - Epoch [129][50/87]	lr: 5.000e-04, eta: 0:29:17, time: 0.426, data_time: 0.274, memory: 1583, reg_loss: 0.1098, acc_pose: 0.7607, loss: 0.1098
2022-07-20 08:05:41,854 - mmpose - INFO - Epoch [130][50/87]	lr: 5.000e-04, eta: 0:28:55, time: 0.430, data_time: 0.179, memory: 1583, reg_loss: 0.1088, acc_pose: 0.7679, loss: 0.1088
2022-07-20 08:05:55,171 - mmpose - INFO - Saving checkpoint at 130 epochs
2022-07-20 08:05:59,596 - mmpose - INFO - Epoch(val) [130][24]	Head: 91.8827, Shoulder: 89.7928, Elbow: 77.7233, Wrist: 66.3704, Hip: 81.0802, Knee: 65.0615, Ankle: 50.5668, PCKh: 76.1593, PCKh@0.1: 15.0742
2022-07-20 08:06:21,147 - mmpose - INFO - Epoch [131][50/87]	lr: 5.000e-04, eta: 0:28:34, time: 0.431, data_time: 0.202, memory: 1583, reg_loss: 0.1094, acc_pose: 0.7679, loss: 0.1094
2022-07-20 08:06:56,577 - mmpose - INFO - Epoch [132][50/87]	lr: 5.000e-04, eta: 0:28:12, time: 0.448, data_time: 0.379, memory: 1583, reg_loss: 0.1090, acc_pose: 0.7605, loss: 0.1090
2022-07-20 08:07:30,866 - mmpose - INFO - Epoch [133][50/87]	lr: 5.000e-04, eta: 0:27:51, time: 0.432, data_time: 0.342, memory: 1583, reg_loss: 0.1090, acc_pose: 0.7680, loss: 0.1090
2022-07-20 08:08:05,778 - mmpose - INFO - Epoch [134][50/87]	lr: 5.000e-04, eta: 0:27:29, time: 0.432, data_time: 0.236, memory: 1583, reg_loss: 0.1093, acc_pose: 0.7631, loss: 0.1093
2022-07-20 08:08:39,984 - mmpose - INFO - Epoch [135][50/87]	lr: 5.000e-04, eta: 0:27:08, time: 0.427, data_time: 0.124, memory: 1583, reg_loss: 0.1083, acc_pose: 0.7674, loss: 0.1083
2022-07-20 08:09:14,409 - mmpose - INFO - Epoch [136][50/87]	lr: 5.000e-04, eta: 0:26:46, time: 0.427, data_time: 0.247, memory: 1583, reg_loss: 0.1075, acc_pose: 0.7694, loss: 0.1075
2022-07-20 08:09:49,325 - mmpose - INFO - Epoch [137][50/87]	lr: 5.000e-04, eta: 0:26:24, time: 0.427, data_time: 0.300, memory: 1583, reg_loss: 0.1086, acc_pose: 0.7578, loss: 0.1086
2022-07-20 08:10:24,026 - mmpose - INFO - Epoch [138][50/87]	lr: 5.000e-04, eta: 0:26:03, time: 0.432, data_time: 0.174, memory: 1583, reg_loss: 0.1088, acc_pose: 0.7667, loss: 0.1088
2022-07-20 08:10:58,951 - mmpose - INFO - Epoch [139][50/87]	lr: 5.000e-04, eta: 0:25:41, time: 0.432, data_time: 0.295, memory: 1583, reg_loss: 0.1078, acc_pose: 0.7688, loss: 0.1078
2022-07-20 08:11:33,925 - mmpose - INFO - Epoch [140][50/87]	lr: 5.000e-04, eta: 0:25:19, time: 0.431, data_time: 0.269, memory: 1583, reg_loss: 0.1090, acc_pose: 0.7638, loss: 0.1090
2022-07-20 08:11:46,945 - mmpose - INFO - Saving checkpoint at 140 epochs
2022-07-20 08:11:51,373 - mmpose - INFO - The previous best checkpoint /data/tfj/workspace/python_projects/pose/mmpose0270/work_dirs/14_reg_shufflenetv2_mpii_256x256_dsnt/best_PCKh_epoch_110.pth was removed
2022-07-20 08:11:51,430 - mmpose - INFO - Now best checkpoint is saved as best_PCKh_epoch_140.pth.
2022-07-20 08:11:51,430 - mmpose - INFO - Best PCKh is 76.9217 at 140 epoch.
2022-07-20 08:11:51,430 - mmpose - INFO - Epoch(val) [140][24]	Head: 92.2237, Shoulder: 90.9307, Elbow: 78.6094, Wrist: 67.1769, Hip: 80.9589, Knee: 67.2173, Ankle: 50.9688, PCKh: 76.9217, PCKh@0.1: 15.2537
2022-07-20 08:12:12,710 - mmpose - INFO - Epoch [141][50/87]	lr: 5.000e-04, eta: 0:24:58, time: 0.426, data_time: 0.231, memory: 1583, reg_loss: 0.1086, acc_pose: 0.7621, loss: 0.1086
2022-07-20 08:12:47,097 - mmpose - INFO - Epoch [142][50/87]	lr: 5.000e-04, eta: 0:24:36, time: 0.424, data_time: 0.330, memory: 1583, reg_loss: 0.1074, acc_pose: 0.7680, loss: 0.1074
2022-07-20 08:13:22,006 - mmpose - INFO - Epoch [143][50/87]	lr: 5.000e-04, eta: 0:24:14, time: 0.428, data_time: 0.260, memory: 1583, reg_loss: 0.1076, acc_pose: 0.7699, loss: 0.1076
2022-07-20 08:13:57,063 - mmpose - INFO - Epoch [144][50/87]	lr: 5.000e-04, eta: 0:23:53, time: 0.432, data_time: 0.240, memory: 1583, reg_loss: 0.1090, acc_pose: 0.7722, loss: 0.1090
2022-07-20 08:14:31,932 - mmpose - INFO - Epoch [145][50/87]	lr: 5.000e-04, eta: 0:23:31, time: 0.430, data_time: 0.298, memory: 1583, reg_loss: 0.1068, acc_pose: 0.7631, loss: 0.1068
2022-07-20 08:15:06,554 - mmpose - INFO - Epoch [146][50/87]	lr: 5.000e-04, eta: 0:23:09, time: 0.426, data_time: 0.198, memory: 1583, reg_loss: 0.1069, acc_pose: 0.7677, loss: 0.1069
2022-07-20 08:15:42,024 - mmpose - INFO - Epoch [147][50/87]	lr: 5.000e-04, eta: 0:22:48, time: 0.436, data_time: 0.370, memory: 1583, reg_loss: 0.1084, acc_pose: 0.7682, loss: 0.1084
2022-07-20 08:16:17,078 - mmpose - INFO - Epoch [148][50/87]	lr: 5.000e-04, eta: 0:22:26, time: 0.436, data_time: 0.306, memory: 1583, reg_loss: 0.1075, acc_pose: 0.7692, loss: 0.1075
2022-07-20 08:16:52,263 - mmpose - INFO - Epoch [149][50/87]	lr: 5.000e-04, eta: 0:22:05, time: 0.436, data_time: 0.204, memory: 1583, reg_loss: 0.1064, acc_pose: 0.7713, loss: 0.1064
2022-07-20 08:17:27,058 - mmpose - INFO - Epoch [150][50/87]	lr: 5.000e-04, eta: 0:21:43, time: 0.432, data_time: 0.264, memory: 1583, reg_loss: 0.1072, acc_pose: 0.7681, loss: 0.1072
2022-07-20 08:17:40,272 - mmpose - INFO - Saving checkpoint at 150 epochs
2022-07-20 08:17:44,802 - mmpose - INFO - Epoch(val) [150][24]	Head: 91.7121, Shoulder: 90.2683, Elbow: 78.3367, Wrist: 67.3967, Hip: 81.4782, Knee: 66.8542, Ankle: 51.4403, PCKh: 76.8462, PCKh@0.1: 15.2069
2022-07-20 08:18:06,355 - mmpose - INFO - Epoch [151][50/87]	lr: 5.000e-04, eta: 0:21:22, time: 0.431, data_time: 0.264, memory: 1583, reg_loss: 0.1080, acc_pose: 0.7682, loss: 0.1080
2022-07-20 08:18:41,234 - mmpose - INFO - Epoch [152][50/87]	lr: 5.000e-04, eta: 0:21:00, time: 0.442, data_time: 0.158, memory: 1583, reg_loss: 0.1072, acc_pose: 0.7674, loss: 0.1072
2022-07-20 08:19:16,238 - mmpose - INFO - Epoch [153][50/87]	lr: 5.000e-04, eta: 0:20:39, time: 0.431, data_time: 0.292, memory: 1583, reg_loss: 0.1069, acc_pose: 0.7731, loss: 0.1069
2022-07-20 08:19:51,336 - mmpose - INFO - Epoch [154][50/87]	lr: 5.000e-04, eta: 0:20:17, time: 0.428, data_time: 0.233, memory: 1583, reg_loss: 0.1068, acc_pose: 0.7704, loss: 0.1068
2022-07-20 08:20:25,783 - mmpose - INFO - Epoch [155][50/87]	lr: 5.000e-04, eta: 0:19:55, time: 0.421, data_time: 0.207, memory: 1583, reg_loss: 0.1075, acc_pose: 0.7639, loss: 0.1075
2022-07-20 08:21:00,297 - mmpose - INFO - Epoch [156][50/87]	lr: 5.000e-04, eta: 0:19:34, time: 0.430, data_time: 0.323, memory: 1583, reg_loss: 0.1069, acc_pose: 0.7671, loss: 0.1069
2022-07-20 08:21:34,273 - mmpose - INFO - Epoch [157][50/87]	lr: 5.000e-04, eta: 0:19:12, time: 0.426, data_time: 0.278, memory: 1583, reg_loss: 0.1067, acc_pose: 0.7711, loss: 0.1067
2022-07-20 08:22:09,241 - mmpose - INFO - Epoch [158][50/87]	lr: 5.000e-04, eta: 0:18:50, time: 0.427, data_time: 0.329, memory: 1583, reg_loss: 0.1064, acc_pose: 0.7702, loss: 0.1064
2022-07-20 08:22:44,473 - mmpose - INFO - Epoch [159][50/87]	lr: 5.000e-04, eta: 0:18:29, time: 0.437, data_time: 0.320, memory: 1583, reg_loss: 0.1060, acc_pose: 0.7671, loss: 0.1060
2022-07-20 08:23:18,661 - mmpose - INFO - Epoch [160][50/87]	lr: 5.000e-04, eta: 0:18:07, time: 0.422, data_time: 0.288, memory: 1583, reg_loss: 0.1068, acc_pose: 0.7727, loss: 0.1068
2022-07-20 08:23:32,900 - mmpose - INFO - Saving checkpoint at 160 epochs
2022-07-20 08:23:37,500 - mmpose - INFO - The previous best checkpoint /data/tfj/workspace/python_projects/pose/mmpose0270/work_dirs/14_reg_shufflenetv2_mpii_256x256_dsnt/best_PCKh_epoch_140.pth was removed
2022-07-20 08:23:37,559 - mmpose - INFO - Now best checkpoint is saved as best_PCKh_epoch_160.pth.
2022-07-20 08:23:37,559 - mmpose - INFO - Best PCKh is 77.3016 at 160 epoch.
2022-07-20 08:23:37,560 - mmpose - INFO - Epoch(val) [160][24]	Head: 92.1214, Shoulder: 90.7609, Elbow: 78.7970, Wrist: 68.0170, Hip: 81.3051, Knee: 67.5597, Ankle: 52.2198, PCKh: 77.3016, PCKh@0.1: 15.5243
2022-07-20 08:23:58,988 - mmpose - INFO - Epoch [161][50/87]	lr: 5.000e-04, eta: 0:17:46, time: 0.428, data_time: 0.263, memory: 1583, reg_loss: 0.1062, acc_pose: 0.7752, loss: 0.1062
2022-07-20 08:24:33,706 - mmpose - INFO - Epoch [162][50/87]	lr: 5.000e-04, eta: 0:17:24, time: 0.432, data_time: 0.308, memory: 1583, reg_loss: 0.1058, acc_pose: 0.7738, loss: 0.1058
2022-07-20 08:25:08,244 - mmpose - INFO - Epoch [163][50/87]	lr: 5.000e-04, eta: 0:17:02, time: 0.428, data_time: 0.211, memory: 1583, reg_loss: 0.1061, acc_pose: 0.7736, loss: 0.1061
2022-07-20 08:25:42,658 - mmpose - INFO - Epoch [164][50/87]	lr: 5.000e-04, eta: 0:16:41, time: 0.422, data_time: 0.293, memory: 1583, reg_loss: 0.1056, acc_pose: 0.7748, loss: 0.1056
2022-07-20 08:26:27,854 - mmpose - INFO - Epoch [165][50/87]	lr: 5.000e-04, eta: 0:16:22, time: 0.644, data_time: 0.106, memory: 1583, reg_loss: 0.1048, acc_pose: 0.7683, loss: 0.1048
2022-07-20 08:27:01,899 - mmpose - INFO - Epoch [166][50/87]	lr: 5.000e-04, eta: 0:16:00, time: 0.425, data_time: 0.294, memory: 1583, reg_loss: 0.1057, acc_pose: 0.7759, loss: 0.1057
2022-07-20 08:27:36,843 - mmpose - INFO - Epoch [167][50/87]	lr: 5.000e-04, eta: 0:15:39, time: 0.429, data_time: 0.240, memory: 1583, reg_loss: 0.1051, acc_pose: 0.7763, loss: 0.1051
2022-07-20 08:28:11,031 - mmpose - INFO - Epoch [168][50/87]	lr: 5.000e-04, eta: 0:15:17, time: 0.420, data_time: 0.273, memory: 1583, reg_loss: 0.1054, acc_pose: 0.7750, loss: 0.1054
2022-07-20 08:29:40,290 - mmpose - INFO - Epoch [169][50/87]	lr: 5.000e-04, eta: 0:15:06, time: 1.337, data_time: 0.143, memory: 1583, reg_loss: 0.1055, acc_pose: 0.7692, loss: 0.1055
2022-07-20 08:30:15,032 - mmpose - INFO - Epoch [170][50/87]	lr: 5.000e-04, eta: 0:14:44, time: 0.431, data_time: 0.334, memory: 1583, reg_loss: 0.1053, acc_pose: 0.7742, loss: 0.1053
2022-07-20 08:30:27,845 - mmpose - INFO - Saving checkpoint at 170 epochs
2022-07-20 08:30:50,097 - mmpose - INFO - Epoch(val) [170][24]	Head: 92.0532, Shoulder: 90.7269, Elbow: 78.6096, Wrist: 68.0169, Hip: 81.5475, Knee: 67.5396, Ankle: 51.3462, PCKh: 77.1663, PCKh@0.1: 15.5764
2022-07-20 08:31:12,188 - mmpose - INFO - Epoch [171][50/87]	lr: 5.000e-05, eta: 0:14:23, time: 0.442, data_time: 0.266, memory: 1583, reg_loss: 0.1038, acc_pose: 0.7767, loss: 0.1038
2022-07-20 08:31:46,751 - mmpose - INFO - Epoch [172][50/87]	lr: 5.000e-05, eta: 0:14:01, time: 0.424, data_time: 0.261, memory: 1583, reg_loss: 0.1030, acc_pose: 0.7758, loss: 0.1030
2022-07-20 08:32:21,825 - mmpose - INFO - Epoch [173][50/87]	lr: 5.000e-05, eta: 0:13:39, time: 0.441, data_time: 0.267, memory: 1583, reg_loss: 0.1002, acc_pose: 0.7797, loss: 0.1002
2022-07-20 08:32:56,297 - mmpose - INFO - Epoch [174][50/87]	lr: 5.000e-05, eta: 0:13:17, time: 0.428, data_time: 0.291, memory: 1583, reg_loss: 0.1003, acc_pose: 0.7861, loss: 0.1003
2022-07-20 08:33:30,737 - mmpose - INFO - Epoch [175][50/87]	lr: 5.000e-05, eta: 0:12:55, time: 0.431, data_time: 0.277, memory: 1583, reg_loss: 0.0990, acc_pose: 0.7842, loss: 0.0990
2022-07-20 08:34:04,929 - mmpose - INFO - Epoch [176][50/87]	lr: 5.000e-05, eta: 0:12:33, time: 0.427, data_time: 0.206, memory: 1583, reg_loss: 0.0995, acc_pose: 0.7921, loss: 0.0995
2022-07-20 08:34:39,004 - mmpose - INFO - Epoch [177][50/87]	lr: 5.000e-05, eta: 0:12:11, time: 0.423, data_time: 0.274, memory: 1583, reg_loss: 0.0994, acc_pose: 0.7896, loss: 0.0994
2022-07-20 08:35:13,731 - mmpose - INFO - Epoch [178][50/87]	lr: 5.000e-05, eta: 0:11:49, time: 0.426, data_time: 0.292, memory: 1583, reg_loss: 0.0988, acc_pose: 0.7866, loss: 0.0988
2022-07-20 08:35:48,594 - mmpose - INFO - Epoch [179][50/87]	lr: 5.000e-05, eta: 0:11:27, time: 0.424, data_time: 0.316, memory: 1583, reg_loss: 0.0997, acc_pose: 0.7846, loss: 0.0997
2022-07-20 08:36:23,059 - mmpose - INFO - Epoch [180][50/87]	lr: 5.000e-05, eta: 0:11:05, time: 0.428, data_time: 0.343, memory: 1583, reg_loss: 0.0990, acc_pose: 0.7820, loss: 0.0990
2022-07-20 08:36:35,955 - mmpose - INFO - Saving checkpoint at 180 epochs
2022-07-20 08:36:49,752 - mmpose - INFO - The previous best checkpoint /data/tfj/workspace/python_projects/pose/mmpose0270/work_dirs/14_reg_shufflenetv2_mpii_256x256_dsnt/best_PCKh_epoch_160.pth was removed
2022-07-20 08:36:49,804 - mmpose - INFO - Now best checkpoint is saved as best_PCKh_epoch_180.pth.
2022-07-20 08:36:49,805 - mmpose - INFO - Best PCKh is 77.7518 at 180 epoch.
2022-07-20 08:36:49,805 - mmpose - INFO - Epoch(val) [180][24]	Head: 92.3261, Shoulder: 90.8288, Elbow: 79.2743, Wrist: 68.1703, Hip: 82.7246, Knee: 68.1849, Ankle: 52.6217, PCKh: 77.7518, PCKh@0.1: 16.0187
2022-07-20 08:37:11,142 - mmpose - INFO - Epoch [181][50/87]	lr: 5.000e-05, eta: 0:10:43, time: 0.427, data_time: 0.281, memory: 1583, reg_loss: 0.0974, acc_pose: 0.7929, loss: 0.0974
2022-07-20 08:37:45,469 - mmpose - INFO - Epoch [182][50/87]	lr: 5.000e-05, eta: 0:10:21, time: 0.427, data_time: 0.318, memory: 1583, reg_loss: 0.0983, acc_pose: 0.7905, loss: 0.0983
2022-07-20 08:38:19,534 - mmpose - INFO - Epoch [183][50/87]	lr: 5.000e-05, eta: 0:09:59, time: 0.425, data_time: 0.308, memory: 1583, reg_loss: 0.0979, acc_pose: 0.7868, loss: 0.0979
2022-07-20 08:38:54,236 - mmpose - INFO - Epoch [184][50/87]	lr: 5.000e-05, eta: 0:09:37, time: 0.431, data_time: 0.263, memory: 1583, reg_loss: 0.0982, acc_pose: 0.7851, loss: 0.0982
2022-07-20 08:39:28,332 - mmpose - INFO - Epoch [185][50/87]	lr: 5.000e-05, eta: 0:09:15, time: 0.425, data_time: 0.322, memory: 1583, reg_loss: 0.0986, acc_pose: 0.7900, loss: 0.0986
2022-07-20 08:40:02,313 - mmpose - INFO - Epoch [186][50/87]	lr: 5.000e-05, eta: 0:08:53, time: 0.422, data_time: 0.294, memory: 1583, reg_loss: 0.0961, acc_pose: 0.7884, loss: 0.0961
2022-07-20 08:40:36,724 - mmpose - INFO - Epoch [187][50/87]	lr: 5.000e-05, eta: 0:08:31, time: 0.415, data_time: 0.297, memory: 1583, reg_loss: 0.0969, acc_pose: 0.7903, loss: 0.0969
2022-07-20 08:41:11,891 - mmpose - INFO - Epoch [188][50/87]	lr: 5.000e-05, eta: 0:08:09, time: 0.435, data_time: 0.196, memory: 1583, reg_loss: 0.0976, acc_pose: 0.7891, loss: 0.0976
2022-07-20 08:41:46,537 - mmpose - INFO - Epoch [189][50/87]	lr: 5.000e-05, eta: 0:07:48, time: 0.439, data_time: 0.370, memory: 1583, reg_loss: 0.0983, acc_pose: 0.7869, loss: 0.0983
2022-07-20 08:42:20,745 - mmpose - INFO - Epoch [190][50/87]	lr: 5.000e-05, eta: 0:07:26, time: 0.428, data_time: 0.274, memory: 1583, reg_loss: 0.0975, acc_pose: 0.7909, loss: 0.0975
2022-07-20 08:42:33,764 - mmpose - INFO - Saving checkpoint at 190 epochs
2022-07-20 08:42:42,759 - mmpose - INFO - The previous best checkpoint /data/tfj/workspace/python_projects/pose/mmpose0270/work_dirs/14_reg_shufflenetv2_mpii_256x256_dsnt/best_PCKh_epoch_180.pth was removed
2022-07-20 08:42:42,809 - mmpose - INFO - Now best checkpoint is saved as best_PCKh_epoch_190.pth.
2022-07-20 08:42:42,809 - mmpose - INFO - Best PCKh is 78.0354 at 190 epoch.
2022-07-20 08:42:42,809 - mmpose - INFO - Epoch(val) [190][24]	Head: 92.5648, Shoulder: 90.8967, Elbow: 79.6491, Wrist: 68.6503, Hip: 82.9322, Knee: 68.4873, Ankle: 53.0466, PCKh: 78.0354, PCKh@0.1: 16.1905
2022-07-20 08:43:03,928 - mmpose - INFO - Epoch [191][50/87]	lr: 5.000e-05, eta: 0:07:04, time: 0.422, data_time: 0.333, memory: 1583, reg_loss: 0.0980, acc_pose: 0.7861, loss: 0.0980
2022-07-20 08:43:38,906 - mmpose - INFO - Epoch [192][50/87]	lr: 5.000e-05, eta: 0:06:42, time: 0.434, data_time: 0.226, memory: 1583, reg_loss: 0.0978, acc_pose: 0.7911, loss: 0.0978
2022-07-20 08:44:13,522 - mmpose - INFO - Epoch [193][50/87]	lr: 5.000e-05, eta: 0:06:20, time: 0.420, data_time: 0.331, memory: 1583, reg_loss: 0.0979, acc_pose: 0.7964, loss: 0.0979
2022-07-20 08:44:48,176 - mmpose - INFO - Epoch [194][50/87]	lr: 5.000e-05, eta: 0:05:58, time: 0.427, data_time: 0.312, memory: 1583, reg_loss: 0.0980, acc_pose: 0.7983, loss: 0.0980
2022-07-20 08:45:22,417 - mmpose - INFO - Epoch [195][50/87]	lr: 5.000e-05, eta: 0:05:36, time: 0.426, data_time: 0.324, memory: 1583, reg_loss: 0.0962, acc_pose: 0.7900, loss: 0.0962
2022-07-20 08:45:57,061 - mmpose - INFO - Epoch [196][50/87]	lr: 5.000e-05, eta: 0:05:14, time: 0.429, data_time: 0.260, memory: 1583, reg_loss: 0.0966, acc_pose: 0.7956, loss: 0.0966
2022-07-20 08:46:31,148 - mmpose - INFO - Epoch [197][50/87]	lr: 5.000e-05, eta: 0:04:52, time: 0.423, data_time: 0.323, memory: 1583, reg_loss: 0.0968, acc_pose: 0.7874, loss: 0.0968
2022-07-20 08:47:05,748 - mmpose - INFO - Epoch [198][50/87]	lr: 5.000e-05, eta: 0:04:31, time: 0.423, data_time: 0.262, memory: 1583, reg_loss: 0.0969, acc_pose: 0.7924, loss: 0.0969
2022-07-20 08:47:40,327 - mmpose - INFO - Epoch [199][50/87]	lr: 5.000e-05, eta: 0:04:09, time: 0.430, data_time: 0.257, memory: 1583, reg_loss: 0.0973, acc_pose: 0.7900, loss: 0.0973
2022-07-20 08:48:14,648 - mmpose - INFO - Epoch [200][50/87]	lr: 5.000e-05, eta: 0:03:47, time: 0.428, data_time: 0.360, memory: 1583, reg_loss: 0.0960, acc_pose: 0.7924, loss: 0.0960
2022-07-20 08:48:27,528 - mmpose - INFO - Saving checkpoint at 200 epochs
2022-07-20 08:48:31,915 - mmpose - INFO - The previous best checkpoint /data/tfj/workspace/python_projects/pose/mmpose0270/work_dirs/14_reg_shufflenetv2_mpii_256x256_dsnt/best_PCKh_epoch_190.pth was removed
2022-07-20 08:48:31,971 - mmpose - INFO - Now best checkpoint is saved as best_PCKh_epoch_200.pth.
2022-07-20 08:48:31,972 - mmpose - INFO - Best PCKh is 78.1056 at 200 epoch.
2022-07-20 08:48:31,972 - mmpose - INFO - Epoch(val) [200][24]	Head: 92.3943, Shoulder: 91.0156, Elbow: 79.8537, Wrist: 68.6674, Hip: 82.8977, Knee: 68.8295, Ankle: 53.0703, PCKh: 78.1056, PCKh@0.1: 16.2711
2022-07-20 08:48:53,276 - mmpose - INFO - Epoch [201][50/87]	lr: 5.000e-06, eta: 0:03:25, time: 0.426, data_time: 0.224, memory: 1583, reg_loss: 0.0969, acc_pose: 0.7921, loss: 0.0969
2022-07-20 08:49:27,507 - mmpose - INFO - Epoch [202][50/87]	lr: 5.000e-06, eta: 0:03:03, time: 0.428, data_time: 0.178, memory: 1583, reg_loss: 0.0973, acc_pose: 0.7936, loss: 0.0973
2022-07-20 08:50:01,738 - mmpose - INFO - Epoch [203][50/87]	lr: 5.000e-06, eta: 0:02:41, time: 0.426, data_time: 0.319, memory: 1583, reg_loss: 0.0956, acc_pose: 0.7949, loss: 0.0956
2022-07-20 08:50:36,394 - mmpose - INFO - Epoch [204][50/87]	lr: 5.000e-06, eta: 0:02:20, time: 0.427, data_time: 0.262, memory: 1583, reg_loss: 0.0972, acc_pose: 0.7987, loss: 0.0972
2022-07-20 08:51:11,079 - mmpose - INFO - Epoch [205][50/87]	lr: 5.000e-06, eta: 0:01:58, time: 0.433, data_time: 0.261, memory: 1583, reg_loss: 0.0973, acc_pose: 0.7923, loss: 0.0973
2022-07-20 08:51:45,612 - mmpose - INFO - Epoch [206][50/87]	lr: 5.000e-06, eta: 0:01:36, time: 0.432, data_time: 0.364, memory: 1583, reg_loss: 0.0966, acc_pose: 0.7918, loss: 0.0966
2022-07-20 08:52:20,147 - mmpose - INFO - Epoch [207][50/87]	lr: 5.000e-06, eta: 0:01:14, time: 0.426, data_time: 0.248, memory: 1583, reg_loss: 0.0960, acc_pose: 0.7964, loss: 0.0960
2022-07-20 08:52:54,825 - mmpose - INFO - Epoch [208][50/87]	lr: 5.000e-06, eta: 0:00:52, time: 0.431, data_time: 0.234, memory: 1583, reg_loss: 0.0971, acc_pose: 0.7950, loss: 0.0971
2022-07-20 08:53:29,315 - mmpose - INFO - Epoch [209][50/87]	lr: 5.000e-06, eta: 0:00:31, time: 0.431, data_time: 0.290, memory: 1583, reg_loss: 0.0970, acc_pose: 0.7896, loss: 0.0970
2022-07-20 08:54:03,878 - mmpose - INFO - Epoch [210][50/87]	lr: 5.000e-06, eta: 0:00:09, time: 0.429, data_time: 0.333, memory: 1583, reg_loss: 0.0956, acc_pose: 0.7912, loss: 0.0956
2022-07-20 08:54:16,923 - mmpose - INFO - Saving checkpoint at 210 epochs
2022-07-20 08:54:21,406 - mmpose - INFO - The previous best checkpoint /data/tfj/workspace/python_projects/pose/mmpose0270/work_dirs/14_reg_shufflenetv2_mpii_256x256_dsnt/best_PCKh_epoch_200.pth was removed
2022-07-20 08:54:21,453 - mmpose - INFO - Now best checkpoint is saved as best_PCKh_epoch_210.pth.
2022-07-20 08:54:21,453 - mmpose - INFO - Best PCKh is 78.1317 at 210 epoch.
2022-07-20 08:54:21,454 - mmpose - INFO - Epoch(val) [210][24]	Head: 92.4625, Shoulder: 90.9477, Elbow: 79.8878, Wrist: 68.8388, Hip: 82.9150, Knee: 68.8899, Ankle: 52.9757, PCKh: 78.1317, PCKh@0.1: 16.3154
