2022-07-18 09:05:24,843 - mmpose - INFO - Environment info:
------------------------------------------------------------
sys.platform: linux
Python: 3.9.7 (default, Sep 16 2021, 13:09:58) [GCC 7.5.0]
CUDA available: True
GPU 0,1,2,3: NVIDIA GeForce RTX 3090
CUDA_HOME: /usr/local/cuda-11.1
NVCC: Cuda compilation tools, release 11.1, V11.1.74
GCC: gcc (Ubuntu 7.5.0-3ubuntu1~18.04) 7.5.0
PyTorch: 1.9.1+cu111
PyTorch compiling details: PyTorch built with:
  - GCC 7.3
  - C++ Version: 201402
  - Intel(R) Math Kernel Library Version 2020.0.0 Product Build 20191122 for Intel(R) 64 architecture applications
  - Intel(R) MKL-DNN v2.1.2 (Git Hash 98be7e8afa711dc9b66c8ff3504129cb82013cdb)
  - OpenMP 201511 (a.k.a. OpenMP 4.5)
  - NNPACK is enabled
  - CPU capability usage: AVX2
  - CUDA Runtime 11.1
  - NVCC architecture flags: -gencode;arch=compute_37,code=sm_37;-gencode;arch=compute_50,code=sm_50;-gencode;arch=compute_60,code=sm_60;-gencode;arch=compute_70,code=sm_70;-gencode;arch=compute_75,code=sm_75;-gencode;arch=compute_80,code=sm_80;-gencode;arch=compute_86,code=sm_86
  - CuDNN 8.0.5
  - Magma 2.5.2
  - Build settings: BLAS_INFO=mkl, BUILD_TYPE=Release, CUDA_VERSION=11.1, CUDNN_VERSION=8.0.5, CXX_COMPILER=/opt/rh/devtoolset-7/root/usr/bin/c++, CXX_FLAGS= -Wno-deprecated -fvisibility-inlines-hidden -DUSE_PTHREADPOOL -fopenmp -DNDEBUG -DUSE_KINETO -DUSE_FBGEMM -DUSE_QNNPACK -DUSE_PYTORCH_QNNPACK -DUSE_XNNPACK -DSYMBOLICATE_MOBILE_DEBUG_HANDLE -O2 -fPIC -Wno-narrowing -Wall -Wextra -Werror=return-type -Wno-missing-field-initializers -Wno-type-limits -Wno-array-bounds -Wno-unknown-pragmas -Wno-sign-compare -Wno-unused-parameter -Wno-unused-variable -Wno-unused-function -Wno-unused-result -Wno-unused-local-typedefs -Wno-strict-overflow -Wno-strict-aliasing -Wno-error=deprecated-declarations -Wno-stringop-overflow -Wno-psabi -Wno-error=pedantic -Wno-error=redundant-decls -Wno-error=old-style-cast -fdiagnostics-color=always -faligned-new -Wno-unused-but-set-variable -Wno-maybe-uninitialized -fno-math-errno -fno-trapping-math -Werror=format -Wno-stringop-overflow, LAPACK_INFO=mkl, PERF_WITH_AVX=1, PERF_WITH_AVX2=1, PERF_WITH_AVX512=1, TORCH_VERSION=1.9.1, USE_CUDA=ON, USE_CUDNN=ON, USE_EXCEPTION_PTR=1, USE_GFLAGS=OFF, USE_GLOG=OFF, USE_MKL=ON, USE_MKLDNN=ON, USE_MPI=OFF, USE_NCCL=ON, USE_NNPACK=ON, USE_OPENMP=ON, 

TorchVision: 0.10.1+cu111
OpenCV: 4.5.5
MMCV: 1.5.1
MMCV Compiler: GCC 7.5
MMCV CUDA Compiler: 11.1
MMPose: 0.27.0+
------------------------------------------------------------

2022-07-18 09:05:24,844 - mmpose - INFO - Distributed training: True
2022-07-18 09:05:28,198 - mmpose - INFO - Config:
checkpoint_config = dict(interval=10)
log_config = dict(interval=50, hooks=[dict(type='TextLoggerHook')])
log_level = 'INFO'
load_from = None
resume_from = None
dist_params = dict(backend='nccl')
workflow = [('train', 1)]
opencv_num_threads = 0
mp_start_method = 'fork'
dataset_info = dict(
    dataset_name='mpii',
    paper_info=dict(
        author=
        'Mykhaylo Andriluka and Leonid Pishchulin and Peter Gehler and Schiele, Bernt',
        title=
        '2D Human Pose Estimation: New Benchmark and State of the Art Analysis',
        container=
        'IEEE Conference on Computer Vision and Pattern Recognition (CVPR)',
        year='2014',
        homepage='http://human-pose.mpi-inf.mpg.de/'),
    keypoint_info=dict({
        0:
        dict(
            name='right_ankle',
            id=0,
            color=[255, 128, 0],
            type='lower',
            swap='left_ankle'),
        1:
        dict(
            name='right_knee',
            id=1,
            color=[255, 128, 0],
            type='lower',
            swap='left_knee'),
        2:
        dict(
            name='right_hip',
            id=2,
            color=[255, 128, 0],
            type='lower',
            swap='left_hip'),
        3:
        dict(
            name='left_hip',
            id=3,
            color=[0, 255, 0],
            type='lower',
            swap='right_hip'),
        4:
        dict(
            name='left_knee',
            id=4,
            color=[0, 255, 0],
            type='lower',
            swap='right_knee'),
        5:
        dict(
            name='left_ankle',
            id=5,
            color=[0, 255, 0],
            type='lower',
            swap='right_ankle'),
        6:
        dict(name='pelvis', id=6, color=[51, 153, 255], type='lower', swap=''),
        7:
        dict(name='thorax', id=7, color=[51, 153, 255], type='upper', swap=''),
        8:
        dict(
            name='upper_neck',
            id=8,
            color=[51, 153, 255],
            type='upper',
            swap=''),
        9:
        dict(
            name='head_top', id=9, color=[51, 153, 255], type='upper',
            swap=''),
        10:
        dict(
            name='right_wrist',
            id=10,
            color=[255, 128, 0],
            type='upper',
            swap='left_wrist'),
        11:
        dict(
            name='right_elbow',
            id=11,
            color=[255, 128, 0],
            type='upper',
            swap='left_elbow'),
        12:
        dict(
            name='right_shoulder',
            id=12,
            color=[255, 128, 0],
            type='upper',
            swap='left_shoulder'),
        13:
        dict(
            name='left_shoulder',
            id=13,
            color=[0, 255, 0],
            type='upper',
            swap='right_shoulder'),
        14:
        dict(
            name='left_elbow',
            id=14,
            color=[0, 255, 0],
            type='upper',
            swap='right_elbow'),
        15:
        dict(
            name='left_wrist',
            id=15,
            color=[0, 255, 0],
            type='upper',
            swap='right_wrist')
    }),
    skeleton_info=dict({
        0:
        dict(link=('right_ankle', 'right_knee'), id=0, color=[255, 128, 0]),
        1:
        dict(link=('right_knee', 'right_hip'), id=1, color=[255, 128, 0]),
        2:
        dict(link=('right_hip', 'pelvis'), id=2, color=[255, 128, 0]),
        3:
        dict(link=('pelvis', 'left_hip'), id=3, color=[0, 255, 0]),
        4:
        dict(link=('left_hip', 'left_knee'), id=4, color=[0, 255, 0]),
        5:
        dict(link=('left_knee', 'left_ankle'), id=5, color=[0, 255, 0]),
        6:
        dict(link=('pelvis', 'thorax'), id=6, color=[51, 153, 255]),
        7:
        dict(link=('thorax', 'upper_neck'), id=7, color=[51, 153, 255]),
        8:
        dict(link=('upper_neck', 'head_top'), id=8, color=[51, 153, 255]),
        9:
        dict(link=('upper_neck', 'right_shoulder'), id=9, color=[255, 128, 0]),
        10:
        dict(
            link=('right_shoulder', 'right_elbow'), id=10, color=[255, 128,
                                                                  0]),
        11:
        dict(link=('right_elbow', 'right_wrist'), id=11, color=[255, 128, 0]),
        12:
        dict(link=('upper_neck', 'left_shoulder'), id=12, color=[0, 255, 0]),
        13:
        dict(link=('left_shoulder', 'left_elbow'), id=13, color=[0, 255, 0]),
        14:
        dict(link=('left_elbow', 'left_wrist'), id=14, color=[0, 255, 0])
    }),
    joint_weights=[
        1.5, 1.2, 1.0, 1.0, 1.2, 1.5, 1.0, 1.0, 1.0, 1.0, 1.5, 1.2, 1.0, 1.0,
        1.2, 1.5
    ],
    sigmas=[
        0.089, 0.083, 0.107, 0.107, 0.083, 0.089, 0.026, 0.026, 0.026, 0.026,
        0.062, 0.072, 0.179, 0.179, 0.072, 0.062
    ])
evaluation = dict(interval=10, metric='PCKh', save_best='PCKh')
optimizer = dict(type='Adam', lr=0.0005)
optimizer_config = dict(grad_clip=None)
lr_config = dict(
    policy='step',
    warmup='linear',
    warmup_iters=500,
    warmup_ratio=0.001,
    step=[170, 200])
total_epochs = 210
channel_cfg = dict(
    num_output_channels=16,
    dataset_joints=16,
    dataset_channel=[0, 1, 2, 3, 4, 5, 6, 7, 8, 9, 10, 11, 12, 13, 14, 15],
    inference_channel=[0, 1, 2, 3, 4, 5, 6, 7, 8, 9, 10, 11, 12, 13, 14, 15])
model = dict(
    type='TopDown',
    pretrained='mmcls://shufflenet_v2',
    backbone=dict(type='ShuffleNetV2', widen_factor=1.0),
    keypoint_head=dict(
        type='IntegralPoseRegressionHead',
        in_channels=1024,
        num_joints=16,
        loss_keypoint=dict(
            type='DSNTLoss',
            use_target_weight=True,
            sigma=0.25,
            mse_weight=1,
            js_weight=0,
            is_dsnt=True)),
    train_cfg=dict(),
    test_cfg=dict(flip_test=True))
data_cfg = dict(
    image_size=[256, 256],
    heatmap_size=[64, 64],
    num_output_channels=16,
    num_joints=16,
    dataset_channel=[0, 1, 2, 3, 4, 5, 6, 7, 8, 9, 10, 11, 12, 13, 14, 15],
    inference_channel=[0, 1, 2, 3, 4, 5, 6, 7, 8, 9, 10, 11, 12, 13, 14, 15],
    use_gt_bbox=True,
    bbox_file=None)
train_pipeline = [
    dict(type='LoadImageFromFile'),
    dict(type='TopDownGetBboxCenterScale', padding=1.25),
    dict(type='TopDownRandomFlip', flip_prob=0.5),
    dict(
        type='TopDownGetRandomScaleRotation', rot_factor=40, scale_factor=0.5),
    dict(type='TopDownAffine'),
    dict(type='ToTensor'),
    dict(
        type='NormalizeTensor',
        mean=[0.485, 0.456, 0.406],
        std=[0.229, 0.224, 0.225]),
    dict(type='TopDownGenerateTargetRegression'),
    dict(
        type='Collect',
        keys=['img', 'target', 'target_weight'],
        meta_keys=[
            'image_file', 'joints_3d', 'joints_3d_visible', 'center', 'scale',
            'rotation', 'flip_pairs'
        ])
]
val_pipeline = [
    dict(type='LoadImageFromFile'),
    dict(type='TopDownGetBboxCenterScale', padding=1.25),
    dict(type='TopDownAffine'),
    dict(type='ToTensor'),
    dict(
        type='NormalizeTensor',
        mean=[0.485, 0.456, 0.406],
        std=[0.229, 0.224, 0.225]),
    dict(
        type='Collect',
        keys=['img'],
        meta_keys=['image_file', 'center', 'scale', 'rotation', 'flip_pairs'])
]
test_pipeline = [
    dict(type='LoadImageFromFile'),
    dict(type='TopDownGetBboxCenterScale', padding=1.25),
    dict(type='TopDownAffine'),
    dict(type='ToTensor'),
    dict(
        type='NormalizeTensor',
        mean=[0.485, 0.456, 0.406],
        std=[0.229, 0.224, 0.225]),
    dict(
        type='Collect',
        keys=['img'],
        meta_keys=['image_file', 'center', 'scale', 'rotation', 'flip_pairs'])
]
data_root = '/data/tfj/workspace/datasets/MPII'
data = dict(
    samples_per_gpu=64,
    workers_per_gpu=4,
    persistent_workers=True,
    val_dataloader=dict(samples_per_gpu=32),
    test_dataloader=dict(samples_per_gpu=32),
    train=dict(
        type='TopDownMpiiDataset',
        ann_file=
        '/data/tfj/workspace/datasets/MPII/annotations/mpii_train.json',
        img_prefix='/data/tfj/workspace/datasets/MPII/images/',
        data_cfg=dict(
            image_size=[256, 256],
            heatmap_size=[64, 64],
            num_output_channels=16,
            num_joints=16,
            dataset_channel=[
                0, 1, 2, 3, 4, 5, 6, 7, 8, 9, 10, 11, 12, 13, 14, 15
            ],
            inference_channel=[
                0, 1, 2, 3, 4, 5, 6, 7, 8, 9, 10, 11, 12, 13, 14, 15
            ],
            use_gt_bbox=True,
            bbox_file=None),
        pipeline=[
            dict(type='LoadImageFromFile'),
            dict(type='TopDownGetBboxCenterScale', padding=1.25),
            dict(type='TopDownRandomFlip', flip_prob=0.5),
            dict(
                type='TopDownGetRandomScaleRotation',
                rot_factor=40,
                scale_factor=0.5),
            dict(type='TopDownAffine'),
            dict(type='ToTensor'),
            dict(
                type='NormalizeTensor',
                mean=[0.485, 0.456, 0.406],
                std=[0.229, 0.224, 0.225]),
            dict(type='TopDownGenerateTargetRegression'),
            dict(
                type='Collect',
                keys=['img', 'target', 'target_weight'],
                meta_keys=[
                    'image_file', 'joints_3d', 'joints_3d_visible', 'center',
                    'scale', 'rotation', 'flip_pairs'
                ])
        ],
        dataset_info=dict(
            dataset_name='mpii',
            paper_info=dict(
                author=
                'Mykhaylo Andriluka and Leonid Pishchulin and Peter Gehler and Schiele, Bernt',
                title=
                '2D Human Pose Estimation: New Benchmark and State of the Art Analysis',
                container=
                'IEEE Conference on Computer Vision and Pattern Recognition (CVPR)',
                year='2014',
                homepage='http://human-pose.mpi-inf.mpg.de/'),
            keypoint_info=dict({
                0:
                dict(
                    name='right_ankle',
                    id=0,
                    color=[255, 128, 0],
                    type='lower',
                    swap='left_ankle'),
                1:
                dict(
                    name='right_knee',
                    id=1,
                    color=[255, 128, 0],
                    type='lower',
                    swap='left_knee'),
                2:
                dict(
                    name='right_hip',
                    id=2,
                    color=[255, 128, 0],
                    type='lower',
                    swap='left_hip'),
                3:
                dict(
                    name='left_hip',
                    id=3,
                    color=[0, 255, 0],
                    type='lower',
                    swap='right_hip'),
                4:
                dict(
                    name='left_knee',
                    id=4,
                    color=[0, 255, 0],
                    type='lower',
                    swap='right_knee'),
                5:
                dict(
                    name='left_ankle',
                    id=5,
                    color=[0, 255, 0],
                    type='lower',
                    swap='right_ankle'),
                6:
                dict(
                    name='pelvis',
                    id=6,
                    color=[51, 153, 255],
                    type='lower',
                    swap=''),
                7:
                dict(
                    name='thorax',
                    id=7,
                    color=[51, 153, 255],
                    type='upper',
                    swap=''),
                8:
                dict(
                    name='upper_neck',
                    id=8,
                    color=[51, 153, 255],
                    type='upper',
                    swap=''),
                9:
                dict(
                    name='head_top',
                    id=9,
                    color=[51, 153, 255],
                    type='upper',
                    swap=''),
                10:
                dict(
                    name='right_wrist',
                    id=10,
                    color=[255, 128, 0],
                    type='upper',
                    swap='left_wrist'),
                11:
                dict(
                    name='right_elbow',
                    id=11,
                    color=[255, 128, 0],
                    type='upper',
                    swap='left_elbow'),
                12:
                dict(
                    name='right_shoulder',
                    id=12,
                    color=[255, 128, 0],
                    type='upper',
                    swap='left_shoulder'),
                13:
                dict(
                    name='left_shoulder',
                    id=13,
                    color=[0, 255, 0],
                    type='upper',
                    swap='right_shoulder'),
                14:
                dict(
                    name='left_elbow',
                    id=14,
                    color=[0, 255, 0],
                    type='upper',
                    swap='right_elbow'),
                15:
                dict(
                    name='left_wrist',
                    id=15,
                    color=[0, 255, 0],
                    type='upper',
                    swap='right_wrist')
            }),
            skeleton_info=dict({
                0:
                dict(
                    link=('right_ankle', 'right_knee'),
                    id=0,
                    color=[255, 128, 0]),
                1:
                dict(
                    link=('right_knee', 'right_hip'),
                    id=1,
                    color=[255, 128, 0]),
                2:
                dict(link=('right_hip', 'pelvis'), id=2, color=[255, 128, 0]),
                3:
                dict(link=('pelvis', 'left_hip'), id=3, color=[0, 255, 0]),
                4:
                dict(link=('left_hip', 'left_knee'), id=4, color=[0, 255, 0]),
                5:
                dict(
                    link=('left_knee', 'left_ankle'), id=5, color=[0, 255, 0]),
                6:
                dict(link=('pelvis', 'thorax'), id=6, color=[51, 153, 255]),
                7:
                dict(
                    link=('thorax', 'upper_neck'), id=7, color=[51, 153, 255]),
                8:
                dict(
                    link=('upper_neck', 'head_top'),
                    id=8,
                    color=[51, 153, 255]),
                9:
                dict(
                    link=('upper_neck', 'right_shoulder'),
                    id=9,
                    color=[255, 128, 0]),
                10:
                dict(
                    link=('right_shoulder', 'right_elbow'),
                    id=10,
                    color=[255, 128, 0]),
                11:
                dict(
                    link=('right_elbow', 'right_wrist'),
                    id=11,
                    color=[255, 128, 0]),
                12:
                dict(
                    link=('upper_neck', 'left_shoulder'),
                    id=12,
                    color=[0, 255, 0]),
                13:
                dict(
                    link=('left_shoulder', 'left_elbow'),
                    id=13,
                    color=[0, 255, 0]),
                14:
                dict(
                    link=('left_elbow', 'left_wrist'),
                    id=14,
                    color=[0, 255, 0])
            }),
            joint_weights=[
                1.5, 1.2, 1.0, 1.0, 1.2, 1.5, 1.0, 1.0, 1.0, 1.0, 1.5, 1.2,
                1.0, 1.0, 1.2, 1.5
            ],
            sigmas=[
                0.089, 0.083, 0.107, 0.107, 0.083, 0.089, 0.026, 0.026, 0.026,
                0.026, 0.062, 0.072, 0.179, 0.179, 0.072, 0.062
            ])),
    val=dict(
        type='TopDownMpiiDataset',
        ann_file='/data/tfj/workspace/datasets/MPII/annotations/mpii_val.json',
        img_prefix='/data/tfj/workspace/datasets/MPII/images/',
        data_cfg=dict(
            image_size=[256, 256],
            heatmap_size=[64, 64],
            num_output_channels=16,
            num_joints=16,
            dataset_channel=[
                0, 1, 2, 3, 4, 5, 6, 7, 8, 9, 10, 11, 12, 13, 14, 15
            ],
            inference_channel=[
                0, 1, 2, 3, 4, 5, 6, 7, 8, 9, 10, 11, 12, 13, 14, 15
            ],
            use_gt_bbox=True,
            bbox_file=None),
        pipeline=[
            dict(type='LoadImageFromFile'),
            dict(type='TopDownGetBboxCenterScale', padding=1.25),
            dict(type='TopDownAffine'),
            dict(type='ToTensor'),
            dict(
                type='NormalizeTensor',
                mean=[0.485, 0.456, 0.406],
                std=[0.229, 0.224, 0.225]),
            dict(
                type='Collect',
                keys=['img'],
                meta_keys=[
                    'image_file', 'center', 'scale', 'rotation', 'flip_pairs'
                ])
        ],
        dataset_info=dict(
            dataset_name='mpii',
            paper_info=dict(
                author=
                'Mykhaylo Andriluka and Leonid Pishchulin and Peter Gehler and Schiele, Bernt',
                title=
                '2D Human Pose Estimation: New Benchmark and State of the Art Analysis',
                container=
                'IEEE Conference on Computer Vision and Pattern Recognition (CVPR)',
                year='2014',
                homepage='http://human-pose.mpi-inf.mpg.de/'),
            keypoint_info=dict({
                0:
                dict(
                    name='right_ankle',
                    id=0,
                    color=[255, 128, 0],
                    type='lower',
                    swap='left_ankle'),
                1:
                dict(
                    name='right_knee',
                    id=1,
                    color=[255, 128, 0],
                    type='lower',
                    swap='left_knee'),
                2:
                dict(
                    name='right_hip',
                    id=2,
                    color=[255, 128, 0],
                    type='lower',
                    swap='left_hip'),
                3:
                dict(
                    name='left_hip',
                    id=3,
                    color=[0, 255, 0],
                    type='lower',
                    swap='right_hip'),
                4:
                dict(
                    name='left_knee',
                    id=4,
                    color=[0, 255, 0],
                    type='lower',
                    swap='right_knee'),
                5:
                dict(
                    name='left_ankle',
                    id=5,
                    color=[0, 255, 0],
                    type='lower',
                    swap='right_ankle'),
                6:
                dict(
                    name='pelvis',
                    id=6,
                    color=[51, 153, 255],
                    type='lower',
                    swap=''),
                7:
                dict(
                    name='thorax',
                    id=7,
                    color=[51, 153, 255],
                    type='upper',
                    swap=''),
                8:
                dict(
                    name='upper_neck',
                    id=8,
                    color=[51, 153, 255],
                    type='upper',
                    swap=''),
                9:
                dict(
                    name='head_top',
                    id=9,
                    color=[51, 153, 255],
                    type='upper',
                    swap=''),
                10:
                dict(
                    name='right_wrist',
                    id=10,
                    color=[255, 128, 0],
                    type='upper',
                    swap='left_wrist'),
                11:
                dict(
                    name='right_elbow',
                    id=11,
                    color=[255, 128, 0],
                    type='upper',
                    swap='left_elbow'),
                12:
                dict(
                    name='right_shoulder',
                    id=12,
                    color=[255, 128, 0],
                    type='upper',
                    swap='left_shoulder'),
                13:
                dict(
                    name='left_shoulder',
                    id=13,
                    color=[0, 255, 0],
                    type='upper',
                    swap='right_shoulder'),
                14:
                dict(
                    name='left_elbow',
                    id=14,
                    color=[0, 255, 0],
                    type='upper',
                    swap='right_elbow'),
                15:
                dict(
                    name='left_wrist',
                    id=15,
                    color=[0, 255, 0],
                    type='upper',
                    swap='right_wrist')
            }),
            skeleton_info=dict({
                0:
                dict(
                    link=('right_ankle', 'right_knee'),
                    id=0,
                    color=[255, 128, 0]),
                1:
                dict(
                    link=('right_knee', 'right_hip'),
                    id=1,
                    color=[255, 128, 0]),
                2:
                dict(link=('right_hip', 'pelvis'), id=2, color=[255, 128, 0]),
                3:
                dict(link=('pelvis', 'left_hip'), id=3, color=[0, 255, 0]),
                4:
                dict(link=('left_hip', 'left_knee'), id=4, color=[0, 255, 0]),
                5:
                dict(
                    link=('left_knee', 'left_ankle'), id=5, color=[0, 255, 0]),
                6:
                dict(link=('pelvis', 'thorax'), id=6, color=[51, 153, 255]),
                7:
                dict(
                    link=('thorax', 'upper_neck'), id=7, color=[51, 153, 255]),
                8:
                dict(
                    link=('upper_neck', 'head_top'),
                    id=8,
                    color=[51, 153, 255]),
                9:
                dict(
                    link=('upper_neck', 'right_shoulder'),
                    id=9,
                    color=[255, 128, 0]),
                10:
                dict(
                    link=('right_shoulder', 'right_elbow'),
                    id=10,
                    color=[255, 128, 0]),
                11:
                dict(
                    link=('right_elbow', 'right_wrist'),
                    id=11,
                    color=[255, 128, 0]),
                12:
                dict(
                    link=('upper_neck', 'left_shoulder'),
                    id=12,
                    color=[0, 255, 0]),
                13:
                dict(
                    link=('left_shoulder', 'left_elbow'),
                    id=13,
                    color=[0, 255, 0]),
                14:
                dict(
                    link=('left_elbow', 'left_wrist'),
                    id=14,
                    color=[0, 255, 0])
            }),
            joint_weights=[
                1.5, 1.2, 1.0, 1.0, 1.2, 1.5, 1.0, 1.0, 1.0, 1.0, 1.5, 1.2,
                1.0, 1.0, 1.2, 1.5
            ],
            sigmas=[
                0.089, 0.083, 0.107, 0.107, 0.083, 0.089, 0.026, 0.026, 0.026,
                0.026, 0.062, 0.072, 0.179, 0.179, 0.072, 0.062
            ])),
    test=dict(
        type='TopDownMpiiDataset',
        ann_file='/data/tfj/workspace/datasets/MPII/annotations/mpii_val.json',
        img_prefix='/data/tfj/workspace/datasets/MPII/images/',
        data_cfg=dict(
            image_size=[256, 256],
            heatmap_size=[64, 64],
            num_output_channels=16,
            num_joints=16,
            dataset_channel=[
                0, 1, 2, 3, 4, 5, 6, 7, 8, 9, 10, 11, 12, 13, 14, 15
            ],
            inference_channel=[
                0, 1, 2, 3, 4, 5, 6, 7, 8, 9, 10, 11, 12, 13, 14, 15
            ],
            use_gt_bbox=True,
            bbox_file=None),
        pipeline=[
            dict(type='LoadImageFromFile'),
            dict(type='TopDownGetBboxCenterScale', padding=1.25),
            dict(type='TopDownAffine'),
            dict(type='ToTensor'),
            dict(
                type='NormalizeTensor',
                mean=[0.485, 0.456, 0.406],
                std=[0.229, 0.224, 0.225]),
            dict(
                type='Collect',
                keys=['img'],
                meta_keys=[
                    'image_file', 'center', 'scale', 'rotation', 'flip_pairs'
                ])
        ],
        dataset_info=dict(
            dataset_name='mpii',
            paper_info=dict(
                author=
                'Mykhaylo Andriluka and Leonid Pishchulin and Peter Gehler and Schiele, Bernt',
                title=
                '2D Human Pose Estimation: New Benchmark and State of the Art Analysis',
                container=
                'IEEE Conference on Computer Vision and Pattern Recognition (CVPR)',
                year='2014',
                homepage='http://human-pose.mpi-inf.mpg.de/'),
            keypoint_info=dict({
                0:
                dict(
                    name='right_ankle',
                    id=0,
                    color=[255, 128, 0],
                    type='lower',
                    swap='left_ankle'),
                1:
                dict(
                    name='right_knee',
                    id=1,
                    color=[255, 128, 0],
                    type='lower',
                    swap='left_knee'),
                2:
                dict(
                    name='right_hip',
                    id=2,
                    color=[255, 128, 0],
                    type='lower',
                    swap='left_hip'),
                3:
                dict(
                    name='left_hip',
                    id=3,
                    color=[0, 255, 0],
                    type='lower',
                    swap='right_hip'),
                4:
                dict(
                    name='left_knee',
                    id=4,
                    color=[0, 255, 0],
                    type='lower',
                    swap='right_knee'),
                5:
                dict(
                    name='left_ankle',
                    id=5,
                    color=[0, 255, 0],
                    type='lower',
                    swap='right_ankle'),
                6:
                dict(
                    name='pelvis',
                    id=6,
                    color=[51, 153, 255],
                    type='lower',
                    swap=''),
                7:
                dict(
                    name='thorax',
                    id=7,
                    color=[51, 153, 255],
                    type='upper',
                    swap=''),
                8:
                dict(
                    name='upper_neck',
                    id=8,
                    color=[51, 153, 255],
                    type='upper',
                    swap=''),
                9:
                dict(
                    name='head_top',
                    id=9,
                    color=[51, 153, 255],
                    type='upper',
                    swap=''),
                10:
                dict(
                    name='right_wrist',
                    id=10,
                    color=[255, 128, 0],
                    type='upper',
                    swap='left_wrist'),
                11:
                dict(
                    name='right_elbow',
                    id=11,
                    color=[255, 128, 0],
                    type='upper',
                    swap='left_elbow'),
                12:
                dict(
                    name='right_shoulder',
                    id=12,
                    color=[255, 128, 0],
                    type='upper',
                    swap='left_shoulder'),
                13:
                dict(
                    name='left_shoulder',
                    id=13,
                    color=[0, 255, 0],
                    type='upper',
                    swap='right_shoulder'),
                14:
                dict(
                    name='left_elbow',
                    id=14,
                    color=[0, 255, 0],
                    type='upper',
                    swap='right_elbow'),
                15:
                dict(
                    name='left_wrist',
                    id=15,
                    color=[0, 255, 0],
                    type='upper',
                    swap='right_wrist')
            }),
            skeleton_info=dict({
                0:
                dict(
                    link=('right_ankle', 'right_knee'),
                    id=0,
                    color=[255, 128, 0]),
                1:
                dict(
                    link=('right_knee', 'right_hip'),
                    id=1,
                    color=[255, 128, 0]),
                2:
                dict(link=('right_hip', 'pelvis'), id=2, color=[255, 128, 0]),
                3:
                dict(link=('pelvis', 'left_hip'), id=3, color=[0, 255, 0]),
                4:
                dict(link=('left_hip', 'left_knee'), id=4, color=[0, 255, 0]),
                5:
                dict(
                    link=('left_knee', 'left_ankle'), id=5, color=[0, 255, 0]),
                6:
                dict(link=('pelvis', 'thorax'), id=6, color=[51, 153, 255]),
                7:
                dict(
                    link=('thorax', 'upper_neck'), id=7, color=[51, 153, 255]),
                8:
                dict(
                    link=('upper_neck', 'head_top'),
                    id=8,
                    color=[51, 153, 255]),
                9:
                dict(
                    link=('upper_neck', 'right_shoulder'),
                    id=9,
                    color=[255, 128, 0]),
                10:
                dict(
                    link=('right_shoulder', 'right_elbow'),
                    id=10,
                    color=[255, 128, 0]),
                11:
                dict(
                    link=('right_elbow', 'right_wrist'),
                    id=11,
                    color=[255, 128, 0]),
                12:
                dict(
                    link=('upper_neck', 'left_shoulder'),
                    id=12,
                    color=[0, 255, 0]),
                13:
                dict(
                    link=('left_shoulder', 'left_elbow'),
                    id=13,
                    color=[0, 255, 0]),
                14:
                dict(
                    link=('left_elbow', 'left_wrist'),
                    id=14,
                    color=[0, 255, 0])
            }),
            joint_weights=[
                1.5, 1.2, 1.0, 1.0, 1.2, 1.5, 1.0, 1.0, 1.0, 1.0, 1.5, 1.2,
                1.0, 1.0, 1.2, 1.5
            ],
            sigmas=[
                0.089, 0.083, 0.107, 0.107, 0.083, 0.089, 0.026, 0.026, 0.026,
                0.026, 0.062, 0.072, 0.179, 0.179, 0.072, 0.062
            ])))
work_dir = './work_dirs/10_reg_shufflenetv2_mpii_256x256_dsnt'
gpu_ids = range(0, 4)

2022-07-18 09:05:28,201 - mmpose - INFO - Set random seed to 2526, deterministic: False
2022-07-18 09:05:40,414 - mmpose - INFO - Start running, host: tianfj@qwe, work_dir: /data/tfj/workspace/python_projects/pose/mmpose-0270/work_dirs/10_reg_shufflenetv2_mpii_256x256_dsnt
2022-07-18 09:05:40,415 - mmpose - INFO - Hooks will be executed in the following order:
before_run:
(VERY_HIGH   ) StepLrUpdaterHook                  
(NORMAL      ) CheckpointHook                     
(NORMAL      ) DistEvalHook                       
(VERY_LOW    ) TextLoggerHook                     
 -------------------- 
before_train_epoch:
(VERY_HIGH   ) StepLrUpdaterHook                  
(NORMAL      ) DistSamplerSeedHook                
(NORMAL      ) DistEvalHook                       
(LOW         ) IterTimerHook                      
(VERY_LOW    ) TextLoggerHook                     
 -------------------- 
before_train_iter:
(VERY_HIGH   ) StepLrUpdaterHook                  
(NORMAL      ) DistEvalHook                       
(LOW         ) IterTimerHook                      
 -------------------- 
after_train_iter:
(ABOVE_NORMAL) OptimizerHook                      
(NORMAL      ) CheckpointHook                     
(NORMAL      ) DistEvalHook                       
(LOW         ) IterTimerHook                      
(VERY_LOW    ) TextLoggerHook                     
 -------------------- 
after_train_epoch:
(NORMAL      ) CheckpointHook                     
(NORMAL      ) DistEvalHook                       
(VERY_LOW    ) TextLoggerHook                     
 -------------------- 
before_val_epoch:
(NORMAL      ) DistSamplerSeedHook                
(LOW         ) IterTimerHook                      
(VERY_LOW    ) TextLoggerHook                     
 -------------------- 
before_val_iter:
(LOW         ) IterTimerHook                      
 -------------------- 
after_val_iter:
(LOW         ) IterTimerHook                      
 -------------------- 
after_val_epoch:
(VERY_LOW    ) TextLoggerHook                     
 -------------------- 
after_run:
(VERY_LOW    ) TextLoggerHook                     
 -------------------- 
2022-07-18 09:05:40,415 - mmpose - INFO - workflow: [('train', 1)], max: 210 epochs
2022-07-18 09:05:40,415 - mmpose - INFO - Checkpoints will be saved to /data/tfj/workspace/python_projects/pose/mmpose-0270/work_dirs/10_reg_shufflenetv2_mpii_256x256_dsnt by HardDiskBackend.
2022-07-18 09:06:03,889 - mmpose - INFO - Epoch [1][50/87]	lr: 4.945e-05, eta: 2:22:31, time: 0.469, data_time: 0.228, memory: 1583, reg_loss: 0.1708, acc_pose: 0.0655, loss: 0.1708
2022-07-18 09:06:40,382 - mmpose - INFO - Epoch [2][50/87]	lr: 1.364e-04, eta: 1:41:44, time: 0.453, data_time: 0.247, memory: 1583, reg_loss: 0.1079, acc_pose: 0.2013, loss: 0.1079
2022-07-18 09:07:17,206 - mmpose - INFO - Epoch [3][50/87]	lr: 2.233e-04, eta: 1:32:39, time: 0.458, data_time: 0.158, memory: 1583, reg_loss: 0.0918, acc_pose: 0.2853, loss: 0.0918
2022-07-18 09:07:53,660 - mmpose - INFO - Epoch [4][50/87]	lr: 3.102e-04, eta: 1:27:51, time: 0.446, data_time: 0.143, memory: 1583, reg_loss: 0.0817, acc_pose: 0.3477, loss: 0.0817
2022-07-18 09:08:30,251 - mmpose - INFO - Epoch [5][50/87]	lr: 3.971e-04, eta: 1:25:09, time: 0.450, data_time: 0.152, memory: 1583, reg_loss: 0.0743, acc_pose: 0.4020, loss: 0.0743
2022-07-18 09:09:06,395 - mmpose - INFO - Epoch [6][50/87]	lr: 4.840e-04, eta: 1:23:24, time: 0.454, data_time: 0.170, memory: 1583, reg_loss: 0.0698, acc_pose: 0.4454, loss: 0.0698
2022-07-18 09:09:42,697 - mmpose - INFO - Epoch [7][50/87]	lr: 5.000e-04, eta: 1:22:02, time: 0.452, data_time: 0.249, memory: 1583, reg_loss: 0.0665, acc_pose: 0.4804, loss: 0.0665
2022-07-18 09:10:18,426 - mmpose - INFO - Epoch [8][50/87]	lr: 5.000e-04, eta: 1:20:50, time: 0.448, data_time: 0.216, memory: 1583, reg_loss: 0.0632, acc_pose: 0.5020, loss: 0.0632
2022-07-18 09:10:55,025 - mmpose - INFO - Epoch [9][50/87]	lr: 5.000e-04, eta: 1:19:57, time: 0.454, data_time: 0.187, memory: 1583, reg_loss: 0.0613, acc_pose: 0.5079, loss: 0.0613
2022-07-18 09:11:30,270 - mmpose - INFO - Epoch [10][50/87]	lr: 5.000e-04, eta: 1:18:52, time: 0.437, data_time: 0.322, memory: 1583, reg_loss: 0.0594, acc_pose: 0.5300, loss: 0.0594
2022-07-18 09:11:43,919 - mmpose - INFO - Saving checkpoint at 10 epochs
2022-07-18 09:11:48,714 - mmpose - INFO - Now best checkpoint is saved as best_PCKh_epoch_10.pth.
2022-07-18 09:11:48,714 - mmpose - INFO - Best PCKh is 59.9167 at 10 epoch.
2022-07-18 09:11:48,714 - mmpose - INFO - Epoch(val) [10][24]	Head: 82.3670, Shoulder: 77.9042, Elbow: 57.4742, Wrist: 43.2921, Hip: 66.8512, Knee: 44.4090, Ankle: 32.7112, PCKh: 59.9167, PCKh@0.1: 7.0674
2022-07-18 09:12:10,955 - mmpose - INFO - Epoch [11][50/87]	lr: 5.000e-04, eta: 1:18:03, time: 0.445, data_time: 0.181, memory: 1583, reg_loss: 0.0583, acc_pose: 0.5456, loss: 0.0583
2022-07-18 09:12:46,204 - mmpose - INFO - Epoch [12][50/87]	lr: 5.000e-04, eta: 1:17:14, time: 0.440, data_time: 0.288, memory: 1583, reg_loss: 0.0569, acc_pose: 0.5533, loss: 0.0569
2022-07-18 09:13:21,858 - mmpose - INFO - Epoch [13][50/87]	lr: 5.000e-04, eta: 1:16:22, time: 0.432, data_time: 0.242, memory: 1583, reg_loss: 0.0560, acc_pose: 0.5675, loss: 0.0560
2022-07-18 09:13:58,535 - mmpose - INFO - Epoch [14][50/87]	lr: 5.000e-04, eta: 1:15:37, time: 0.434, data_time: 0.166, memory: 1583, reg_loss: 0.0545, acc_pose: 0.5726, loss: 0.0545
2022-07-18 09:14:35,174 - mmpose - INFO - Epoch [15][50/87]	lr: 5.000e-04, eta: 1:15:11, time: 0.458, data_time: 0.142, memory: 1583, reg_loss: 0.0549, acc_pose: 0.5798, loss: 0.0549
2022-07-18 09:15:11,327 - mmpose - INFO - Epoch [16][50/87]	lr: 5.000e-04, eta: 1:14:37, time: 0.444, data_time: 0.176, memory: 1583, reg_loss: 0.0532, acc_pose: 0.5835, loss: 0.0532
2022-07-18 09:15:47,128 - mmpose - INFO - Epoch [17][50/87]	lr: 5.000e-04, eta: 1:14:01, time: 0.440, data_time: 0.257, memory: 1583, reg_loss: 0.0528, acc_pose: 0.5907, loss: 0.0528
2022-07-18 09:16:23,971 - mmpose - INFO - Epoch [18][50/87]	lr: 5.000e-04, eta: 1:13:35, time: 0.453, data_time: 0.228, memory: 1583, reg_loss: 0.0527, acc_pose: 0.5960, loss: 0.0527
2022-07-18 09:17:00,179 - mmpose - INFO - Epoch [19][50/87]	lr: 5.000e-04, eta: 1:13:06, time: 0.448, data_time: 0.199, memory: 1583, reg_loss: 0.0516, acc_pose: 0.6019, loss: 0.0516
2022-07-18 09:17:36,607 - mmpose - INFO - Epoch [20][50/87]	lr: 5.000e-04, eta: 1:12:38, time: 0.447, data_time: 0.198, memory: 1583, reg_loss: 0.0509, acc_pose: 0.6172, loss: 0.0509
2022-07-18 09:17:49,752 - mmpose - INFO - Saving checkpoint at 20 epochs
2022-07-18 09:17:54,421 - mmpose - INFO - The previous best checkpoint /data/tfj/workspace/python_projects/pose/mmpose-0270/work_dirs/10_reg_shufflenetv2_mpii_256x256_dsnt/best_PCKh_epoch_10.pth was removed
2022-07-18 09:17:54,475 - mmpose - INFO - Now best checkpoint is saved as best_PCKh_epoch_20.pth.
2022-07-18 09:17:54,475 - mmpose - INFO - Best PCKh is 66.3284 at 20 epoch.
2022-07-18 09:17:54,475 - mmpose - INFO - Epoch(val) [20][24]	Head: 85.9823, Shoulder: 82.7785, Elbow: 64.1220, Wrist: 51.7228, Hip: 73.2386, Knee: 53.2336, Ankle: 40.5525, PCKh: 66.3284, PCKh@0.1: 9.0762
2022-07-18 09:18:16,274 - mmpose - INFO - Epoch [21][50/87]	lr: 5.000e-04, eta: 1:12:05, time: 0.436, data_time: 0.181, memory: 1583, reg_loss: 0.0512, acc_pose: 0.6114, loss: 0.0512
2022-07-18 09:18:51,785 - mmpose - INFO - Epoch [22][50/87]	lr: 5.000e-04, eta: 1:11:34, time: 0.437, data_time: 0.288, memory: 1583, reg_loss: 0.0505, acc_pose: 0.6177, loss: 0.0505
2022-07-18 09:19:27,855 - mmpose - INFO - Epoch [23][50/87]	lr: 5.000e-04, eta: 1:11:06, time: 0.445, data_time: 0.193, memory: 1583, reg_loss: 0.0499, acc_pose: 0.6059, loss: 0.0499
2022-07-18 09:20:04,629 - mmpose - INFO - Epoch [24][50/87]	lr: 5.000e-04, eta: 1:10:41, time: 0.448, data_time: 0.227, memory: 1583, reg_loss: 0.0495, acc_pose: 0.6270, loss: 0.0495
2022-07-18 09:20:40,551 - mmpose - INFO - Epoch [25][50/87]	lr: 5.000e-04, eta: 1:10:11, time: 0.438, data_time: 0.307, memory: 1583, reg_loss: 0.0494, acc_pose: 0.6275, loss: 0.0494
2022-07-18 09:21:16,761 - mmpose - INFO - Epoch [26][50/87]	lr: 5.000e-04, eta: 1:09:48, time: 0.452, data_time: 0.178, memory: 1583, reg_loss: 0.0490, acc_pose: 0.6252, loss: 0.0490
2022-07-18 09:21:53,341 - mmpose - INFO - Epoch [27][50/87]	lr: 5.000e-04, eta: 1:09:25, time: 0.455, data_time: 0.130, memory: 1583, reg_loss: 0.0487, acc_pose: 0.6279, loss: 0.0487
2022-07-18 09:22:29,651 - mmpose - INFO - Epoch [28][50/87]	lr: 5.000e-04, eta: 1:09:01, time: 0.451, data_time: 0.285, memory: 1583, reg_loss: 0.0486, acc_pose: 0.6252, loss: 0.0486
2022-07-18 09:23:04,733 - mmpose - INFO - Epoch [29][50/87]	lr: 5.000e-04, eta: 1:08:34, time: 0.439, data_time: 0.143, memory: 1583, reg_loss: 0.0476, acc_pose: 0.6345, loss: 0.0476
2022-07-18 09:23:41,315 - mmpose - INFO - Epoch [30][50/87]	lr: 5.000e-04, eta: 1:08:07, time: 0.441, data_time: 0.204, memory: 1583, reg_loss: 0.0479, acc_pose: 0.6344, loss: 0.0479
2022-07-18 09:23:54,768 - mmpose - INFO - Saving checkpoint at 30 epochs
2022-07-18 09:23:59,414 - mmpose - INFO - The previous best checkpoint /data/tfj/workspace/python_projects/pose/mmpose-0270/work_dirs/10_reg_shufflenetv2_mpii_256x256_dsnt/best_PCKh_epoch_20.pth was removed
2022-07-18 09:23:59,463 - mmpose - INFO - Now best checkpoint is saved as best_PCKh_epoch_30.pth.
2022-07-18 09:23:59,464 - mmpose - INFO - Best PCKh is 69.0710 at 30 epoch.
2022-07-18 09:23:59,464 - mmpose - INFO - Epoch(val) [30][24]	Head: 86.9372, Shoulder: 85.3940, Elbow: 67.5989, Wrist: 54.2743, Hip: 75.9909, Knee: 57.0624, Ankle: 44.0478, PCKh: 69.0710, PCKh@0.1: 10.5048
2022-07-18 09:24:21,794 - mmpose - INFO - Epoch [31][50/87]	lr: 5.000e-04, eta: 1:07:43, time: 0.447, data_time: 0.171, memory: 1583, reg_loss: 0.0475, acc_pose: 0.6381, loss: 0.0475
2022-07-18 09:24:57,859 - mmpose - INFO - Epoch [32][50/87]	lr: 5.000e-04, eta: 1:07:19, time: 0.449, data_time: 0.135, memory: 1583, reg_loss: 0.0470, acc_pose: 0.6415, loss: 0.0470
2022-07-18 09:25:32,995 - mmpose - INFO - Epoch [33][50/87]	lr: 5.000e-04, eta: 1:06:51, time: 0.432, data_time: 0.128, memory: 1583, reg_loss: 0.0470, acc_pose: 0.6453, loss: 0.0470
2022-07-18 09:26:09,530 - mmpose - INFO - Epoch [34][50/87]	lr: 5.000e-04, eta: 1:06:25, time: 0.442, data_time: 0.148, memory: 1583, reg_loss: 0.0465, acc_pose: 0.6525, loss: 0.0465
2022-07-18 09:26:45,427 - mmpose - INFO - Epoch [35][50/87]	lr: 5.000e-04, eta: 1:06:00, time: 0.441, data_time: 0.244, memory: 1583, reg_loss: 0.0465, acc_pose: 0.6579, loss: 0.0465
2022-07-18 09:27:21,514 - mmpose - INFO - Epoch [36][50/87]	lr: 5.000e-04, eta: 1:05:36, time: 0.445, data_time: 0.121, memory: 1583, reg_loss: 0.0463, acc_pose: 0.6571, loss: 0.0463
2022-07-18 09:27:56,752 - mmpose - INFO - Epoch [37][50/87]	lr: 5.000e-04, eta: 1:05:09, time: 0.431, data_time: 0.133, memory: 1583, reg_loss: 0.0458, acc_pose: 0.6584, loss: 0.0458
2022-07-18 09:28:32,610 - mmpose - INFO - Epoch [38][50/87]	lr: 5.000e-04, eta: 1:04:43, time: 0.438, data_time: 0.376, memory: 1583, reg_loss: 0.0459, acc_pose: 0.6614, loss: 0.0459
2022-07-18 09:29:07,902 - mmpose - INFO - Epoch [39][50/87]	lr: 5.000e-04, eta: 1:04:19, time: 0.442, data_time: 0.177, memory: 1583, reg_loss: 0.0458, acc_pose: 0.6645, loss: 0.0458
2022-07-18 09:29:43,510 - mmpose - INFO - Epoch [40][50/87]	lr: 5.000e-04, eta: 1:03:56, time: 0.447, data_time: 0.259, memory: 1583, reg_loss: 0.0454, acc_pose: 0.6668, loss: 0.0454
2022-07-18 09:29:56,918 - mmpose - INFO - Saving checkpoint at 40 epochs
2022-07-18 09:30:01,647 - mmpose - INFO - The previous best checkpoint /data/tfj/workspace/python_projects/pose/mmpose-0270/work_dirs/10_reg_shufflenetv2_mpii_256x256_dsnt/best_PCKh_epoch_30.pth was removed
2022-07-18 09:30:01,698 - mmpose - INFO - Now best checkpoint is saved as best_PCKh_epoch_40.pth.
2022-07-18 09:30:01,698 - mmpose - INFO - Best PCKh is 70.8795 at 40 epoch.
2022-07-18 09:30:01,698 - mmpose - INFO - Epoch(val) [40][24]	Head: 88.4379, Shoulder: 86.5149, Elbow: 69.7973, Wrist: 57.3758, Hip: 77.0469, Knee: 59.0973, Ankle: 45.9848, PCKh: 70.8795, PCKh@0.1: 11.6289
2022-07-18 09:30:22,975 - mmpose - INFO - Epoch [41][50/87]	lr: 5.000e-04, eta: 1:03:28, time: 0.425, data_time: 0.186, memory: 1583, reg_loss: 0.0452, acc_pose: 0.6693, loss: 0.0452
2022-07-18 09:30:59,556 - mmpose - INFO - Epoch [42][50/87]	lr: 5.000e-04, eta: 1:03:02, time: 0.434, data_time: 0.223, memory: 1583, reg_loss: 0.0453, acc_pose: 0.6688, loss: 0.0453
2022-07-18 09:31:34,693 - mmpose - INFO - Epoch [43][50/87]	lr: 5.000e-04, eta: 1:02:37, time: 0.437, data_time: 0.337, memory: 1583, reg_loss: 0.0448, acc_pose: 0.6684, loss: 0.0448
2022-07-18 09:32:10,382 - mmpose - INFO - Epoch [44][50/87]	lr: 5.000e-04, eta: 1:02:14, time: 0.446, data_time: 0.236, memory: 1583, reg_loss: 0.0446, acc_pose: 0.6708, loss: 0.0446
2022-07-18 09:32:46,100 - mmpose - INFO - Epoch [45][50/87]	lr: 5.000e-04, eta: 1:01:51, time: 0.441, data_time: 0.244, memory: 1583, reg_loss: 0.0449, acc_pose: 0.6672, loss: 0.0449
2022-07-18 09:33:21,415 - mmpose - INFO - Epoch [46][50/87]	lr: 5.000e-04, eta: 1:01:25, time: 0.434, data_time: 0.177, memory: 1583, reg_loss: 0.0445, acc_pose: 0.6762, loss: 0.0445
2022-07-18 09:33:57,103 - mmpose - INFO - Epoch [47][50/87]	lr: 5.000e-04, eta: 1:01:03, time: 0.449, data_time: 0.243, memory: 1583, reg_loss: 0.0442, acc_pose: 0.6795, loss: 0.0442
2022-07-18 09:34:31,953 - mmpose - INFO - Epoch [48][50/87]	lr: 5.000e-04, eta: 1:00:37, time: 0.427, data_time: 0.328, memory: 1583, reg_loss: 0.0445, acc_pose: 0.6663, loss: 0.0445
2022-07-18 09:35:07,513 - mmpose - INFO - Epoch [49][50/87]	lr: 5.000e-04, eta: 1:00:13, time: 0.439, data_time: 0.168, memory: 1583, reg_loss: 0.0437, acc_pose: 0.6753, loss: 0.0437
2022-07-18 09:35:42,972 - mmpose - INFO - Epoch [50][50/87]	lr: 5.000e-04, eta: 0:59:49, time: 0.435, data_time: 0.212, memory: 1583, reg_loss: 0.0436, acc_pose: 0.6814, loss: 0.0436
2022-07-18 09:35:56,158 - mmpose - INFO - Saving checkpoint at 50 epochs
2022-07-18 09:36:00,974 - mmpose - INFO - The previous best checkpoint /data/tfj/workspace/python_projects/pose/mmpose-0270/work_dirs/10_reg_shufflenetv2_mpii_256x256_dsnt/best_PCKh_epoch_40.pth was removed
2022-07-18 09:36:01,033 - mmpose - INFO - Now best checkpoint is saved as best_PCKh_epoch_50.pth.
2022-07-18 09:36:01,034 - mmpose - INFO - Best PCKh is 72.1311 at 50 epoch.
2022-07-18 09:36:01,034 - mmpose - INFO - Epoch(val) [50][24]	Head: 89.1201, Shoulder: 87.6868, Elbow: 71.9451, Wrist: 59.1083, Hip: 77.8605, Knee: 60.4068, Ankle: 47.3314, PCKh: 72.1311, PCKh@0.1: 12.3862
2022-07-18 09:36:23,476 - mmpose - INFO - Epoch [51][50/87]	lr: 5.000e-04, eta: 0:59:27, time: 0.449, data_time: 0.143, memory: 1583, reg_loss: 0.0435, acc_pose: 0.6751, loss: 0.0435
2022-07-18 09:36:59,975 - mmpose - INFO - Epoch [52][50/87]	lr: 5.000e-04, eta: 0:59:06, time: 0.456, data_time: 0.154, memory: 1583, reg_loss: 0.0436, acc_pose: 0.6770, loss: 0.0436
2022-07-18 09:37:34,792 - mmpose - INFO - Epoch [53][50/87]	lr: 5.000e-04, eta: 0:58:40, time: 0.429, data_time: 0.203, memory: 1583, reg_loss: 0.0432, acc_pose: 0.6849, loss: 0.0432
2022-07-18 09:38:09,940 - mmpose - INFO - Epoch [54][50/87]	lr: 5.000e-04, eta: 0:58:15, time: 0.429, data_time: 0.359, memory: 1583, reg_loss: 0.0432, acc_pose: 0.6884, loss: 0.0432
2022-07-18 09:38:45,507 - mmpose - INFO - Epoch [55][50/87]	lr: 5.000e-04, eta: 0:57:53, time: 0.443, data_time: 0.257, memory: 1583, reg_loss: 0.0431, acc_pose: 0.6881, loss: 0.0431
2022-07-18 09:39:21,840 - mmpose - INFO - Epoch [56][50/87]	lr: 5.000e-04, eta: 0:57:30, time: 0.447, data_time: 0.189, memory: 1583, reg_loss: 0.0428, acc_pose: 0.6878, loss: 0.0428
2022-07-18 09:39:57,303 - mmpose - INFO - Epoch [57][50/87]	lr: 5.000e-04, eta: 0:57:07, time: 0.441, data_time: 0.277, memory: 1583, reg_loss: 0.0432, acc_pose: 0.6800, loss: 0.0432
2022-07-18 09:40:32,395 - mmpose - INFO - Epoch [58][50/87]	lr: 5.000e-04, eta: 0:56:43, time: 0.433, data_time: 0.195, memory: 1583, reg_loss: 0.0430, acc_pose: 0.6835, loss: 0.0430
2022-07-18 09:41:08,067 - mmpose - INFO - Epoch [59][50/87]	lr: 5.000e-04, eta: 0:56:20, time: 0.445, data_time: 0.138, memory: 1583, reg_loss: 0.0425, acc_pose: 0.6891, loss: 0.0425
2022-07-18 09:41:45,417 - mmpose - INFO - Epoch [60][50/87]	lr: 5.000e-04, eta: 0:56:00, time: 0.458, data_time: 0.087, memory: 1583, reg_loss: 0.0426, acc_pose: 0.6825, loss: 0.0426
2022-07-18 09:41:58,830 - mmpose - INFO - Saving checkpoint at 60 epochs
2022-07-18 09:42:03,550 - mmpose - INFO - The previous best checkpoint /data/tfj/workspace/python_projects/pose/mmpose-0270/work_dirs/10_reg_shufflenetv2_mpii_256x256_dsnt/best_PCKh_epoch_50.pth was removed
2022-07-18 09:42:03,600 - mmpose - INFO - Now best checkpoint is saved as best_PCKh_epoch_60.pth.
2022-07-18 09:42:03,600 - mmpose - INFO - Best PCKh is 72.8623 at 60 epoch.
2022-07-18 09:42:03,601 - mmpose - INFO - Epoch(val) [60][24]	Head: 89.3929, Shoulder: 88.0265, Elbow: 72.5929, Wrist: 60.2044, Hip: 78.4491, Knee: 62.0995, Ankle: 48.2996, PCKh: 72.8623, PCKh@0.1: 12.5787
2022-07-18 09:42:25,348 - mmpose - INFO - Epoch [61][50/87]	lr: 5.000e-04, eta: 0:55:36, time: 0.435, data_time: 0.240, memory: 1583, reg_loss: 0.0418, acc_pose: 0.6969, loss: 0.0418
2022-07-18 09:43:00,373 - mmpose - INFO - Epoch [62][50/87]	lr: 5.000e-04, eta: 0:55:12, time: 0.437, data_time: 0.215, memory: 1583, reg_loss: 0.0420, acc_pose: 0.6836, loss: 0.0420
2022-07-18 09:43:35,549 - mmpose - INFO - Epoch [63][50/87]	lr: 5.000e-04, eta: 0:54:49, time: 0.439, data_time: 0.321, memory: 1583, reg_loss: 0.0420, acc_pose: 0.6991, loss: 0.0420
2022-07-18 09:44:11,570 - mmpose - INFO - Epoch [64][50/87]	lr: 5.000e-04, eta: 0:54:27, time: 0.451, data_time: 0.215, memory: 1583, reg_loss: 0.0422, acc_pose: 0.6821, loss: 0.0422
2022-07-18 09:44:47,058 - mmpose - INFO - Epoch [65][50/87]	lr: 5.000e-04, eta: 0:54:03, time: 0.433, data_time: 0.219, memory: 1583, reg_loss: 0.0420, acc_pose: 0.6954, loss: 0.0420
2022-07-18 09:45:21,786 - mmpose - INFO - Epoch [66][50/87]	lr: 5.000e-04, eta: 0:53:40, time: 0.434, data_time: 0.173, memory: 1583, reg_loss: 0.0420, acc_pose: 0.6966, loss: 0.0420
2022-07-18 09:45:57,514 - mmpose - INFO - Epoch [67][50/87]	lr: 5.000e-04, eta: 0:53:17, time: 0.445, data_time: 0.260, memory: 1583, reg_loss: 0.0418, acc_pose: 0.6958, loss: 0.0418
2022-07-18 09:46:33,082 - mmpose - INFO - Epoch [68][50/87]	lr: 5.000e-04, eta: 0:52:55, time: 0.443, data_time: 0.188, memory: 1583, reg_loss: 0.0416, acc_pose: 0.7014, loss: 0.0416
2022-07-18 09:47:08,606 - mmpose - INFO - Epoch [69][50/87]	lr: 5.000e-04, eta: 0:52:31, time: 0.436, data_time: 0.205, memory: 1583, reg_loss: 0.0419, acc_pose: 0.6913, loss: 0.0419
2022-07-18 09:47:44,835 - mmpose - INFO - Epoch [70][50/87]	lr: 5.000e-04, eta: 0:52:08, time: 0.432, data_time: 0.193, memory: 1583, reg_loss: 0.0414, acc_pose: 0.6904, loss: 0.0414
2022-07-18 09:47:58,995 - mmpose - INFO - Saving checkpoint at 70 epochs
2022-07-18 09:48:03,586 - mmpose - INFO - The previous best checkpoint /data/tfj/workspace/python_projects/pose/mmpose-0270/work_dirs/10_reg_shufflenetv2_mpii_256x256_dsnt/best_PCKh_epoch_60.pth was removed
2022-07-18 09:48:03,645 - mmpose - INFO - Now best checkpoint is saved as best_PCKh_epoch_70.pth.
2022-07-18 09:48:03,645 - mmpose - INFO - Best PCKh is 73.5077 at 70 epoch.
2022-07-18 09:48:03,646 - mmpose - INFO - Epoch(val) [70][24]	Head: 89.6317, Shoulder: 88.3662, Elbow: 73.2577, Wrist: 61.1465, Hip: 79.1241, Knee: 62.9454, Ankle: 49.1025, PCKh: 73.5077, PCKh@0.1: 13.0601
2022-07-18 09:48:24,994 - mmpose - INFO - Epoch [71][50/87]	lr: 5.000e-04, eta: 0:51:44, time: 0.427, data_time: 0.257, memory: 1583, reg_loss: 0.0413, acc_pose: 0.6936, loss: 0.0413
2022-07-18 09:49:02,310 - mmpose - INFO - Epoch [72][50/87]	lr: 5.000e-04, eta: 0:51:22, time: 0.452, data_time: 0.089, memory: 1583, reg_loss: 0.0416, acc_pose: 0.7012, loss: 0.0416
2022-07-18 09:49:37,481 - mmpose - INFO - Epoch [73][50/87]	lr: 5.000e-04, eta: 0:50:58, time: 0.432, data_time: 0.172, memory: 1583, reg_loss: 0.0411, acc_pose: 0.6979, loss: 0.0411
2022-07-18 09:50:13,620 - mmpose - INFO - Epoch [74][50/87]	lr: 5.000e-04, eta: 0:50:35, time: 0.433, data_time: 0.261, memory: 1583, reg_loss: 0.0411, acc_pose: 0.7044, loss: 0.0411
2022-07-18 09:50:50,676 - mmpose - INFO - Epoch [75][50/87]	lr: 5.000e-04, eta: 0:50:15, time: 0.468, data_time: 0.113, memory: 1583, reg_loss: 0.0411, acc_pose: 0.6973, loss: 0.0411
2022-07-18 09:51:25,959 - mmpose - INFO - Epoch [76][50/87]	lr: 5.000e-04, eta: 0:49:52, time: 0.435, data_time: 0.292, memory: 1583, reg_loss: 0.0408, acc_pose: 0.7088, loss: 0.0408
2022-07-18 09:52:00,878 - mmpose - INFO - Epoch [77][50/87]	lr: 5.000e-04, eta: 0:49:28, time: 0.431, data_time: 0.269, memory: 1583, reg_loss: 0.0403, acc_pose: 0.7083, loss: 0.0403
2022-07-18 09:52:36,285 - mmpose - INFO - Epoch [78][50/87]	lr: 5.000e-04, eta: 0:49:05, time: 0.431, data_time: 0.184, memory: 1583, reg_loss: 0.0401, acc_pose: 0.7074, loss: 0.0401
2022-07-18 09:53:12,009 - mmpose - INFO - Epoch [79][50/87]	lr: 5.000e-04, eta: 0:48:43, time: 0.446, data_time: 0.223, memory: 1583, reg_loss: 0.0407, acc_pose: 0.7070, loss: 0.0407
2022-07-18 09:53:47,956 - mmpose - INFO - Epoch [80][50/87]	lr: 5.000e-04, eta: 0:48:20, time: 0.444, data_time: 0.110, memory: 1583, reg_loss: 0.0407, acc_pose: 0.7068, loss: 0.0407
2022-07-18 09:54:02,040 - mmpose - INFO - Saving checkpoint at 80 epochs
2022-07-18 09:54:06,606 - mmpose - INFO - The previous best checkpoint /data/tfj/workspace/python_projects/pose/mmpose-0270/work_dirs/10_reg_shufflenetv2_mpii_256x256_dsnt/best_PCKh_epoch_70.pth was removed
2022-07-18 09:54:06,660 - mmpose - INFO - Now best checkpoint is saved as best_PCKh_epoch_80.pth.
2022-07-18 09:54:06,660 - mmpose - INFO - Best PCKh is 73.9891 at 80 epoch.
2022-07-18 09:54:06,660 - mmpose - INFO - Epoch(val) [80][24]	Head: 89.4952, Shoulder: 88.1793, Elbow: 73.8027, Wrist: 62.6890, Hip: 79.0721, Knee: 64.2558, Ankle: 49.4802, PCKh: 73.9891, PCKh@0.1: 13.4738
2022-07-18 09:54:28,421 - mmpose - INFO - Epoch [81][50/87]	lr: 5.000e-04, eta: 0:47:57, time: 0.435, data_time: 0.366, memory: 1583, reg_loss: 0.0405, acc_pose: 0.7076, loss: 0.0405
2022-07-18 09:55:04,331 - mmpose - INFO - Epoch [82][50/87]	lr: 5.000e-04, eta: 0:47:34, time: 0.435, data_time: 0.173, memory: 1583, reg_loss: 0.0406, acc_pose: 0.7091, loss: 0.0406
2022-07-18 09:55:39,654 - mmpose - INFO - Epoch [83][50/87]	lr: 5.000e-04, eta: 0:47:12, time: 0.443, data_time: 0.154, memory: 1583, reg_loss: 0.0400, acc_pose: 0.7070, loss: 0.0400
2022-07-18 09:56:14,678 - mmpose - INFO - Epoch [84][50/87]	lr: 5.000e-04, eta: 0:46:49, time: 0.432, data_time: 0.204, memory: 1583, reg_loss: 0.0403, acc_pose: 0.7089, loss: 0.0403
2022-07-18 09:56:49,503 - mmpose - INFO - Epoch [85][50/87]	lr: 5.000e-04, eta: 0:46:26, time: 0.433, data_time: 0.205, memory: 1583, reg_loss: 0.0399, acc_pose: 0.7144, loss: 0.0399
2022-07-18 09:57:24,608 - mmpose - INFO - Epoch [86][50/87]	lr: 5.000e-04, eta: 0:46:03, time: 0.438, data_time: 0.359, memory: 1583, reg_loss: 0.0398, acc_pose: 0.7130, loss: 0.0398
2022-07-18 09:57:59,731 - mmpose - INFO - Epoch [87][50/87]	lr: 5.000e-04, eta: 0:45:40, time: 0.435, data_time: 0.184, memory: 1583, reg_loss: 0.0400, acc_pose: 0.7164, loss: 0.0400
2022-07-18 09:58:34,753 - mmpose - INFO - Epoch [88][50/87]	lr: 5.000e-04, eta: 0:45:17, time: 0.431, data_time: 0.292, memory: 1583, reg_loss: 0.0398, acc_pose: 0.7182, loss: 0.0398
2022-07-18 09:59:09,634 - mmpose - INFO - Epoch [89][50/87]	lr: 5.000e-04, eta: 0:44:54, time: 0.433, data_time: 0.260, memory: 1583, reg_loss: 0.0398, acc_pose: 0.7099, loss: 0.0398
2022-07-18 09:59:44,527 - mmpose - INFO - Epoch [90][50/87]	lr: 5.000e-04, eta: 0:44:31, time: 0.432, data_time: 0.226, memory: 1583, reg_loss: 0.0397, acc_pose: 0.7266, loss: 0.0397
2022-07-18 09:59:58,344 - mmpose - INFO - Saving checkpoint at 90 epochs
2022-07-18 10:00:03,224 - mmpose - INFO - The previous best checkpoint /data/tfj/workspace/python_projects/pose/mmpose-0270/work_dirs/10_reg_shufflenetv2_mpii_256x256_dsnt/best_PCKh_epoch_80.pth was removed
2022-07-18 10:00:03,276 - mmpose - INFO - Now best checkpoint is saved as best_PCKh_epoch_90.pth.
2022-07-18 10:00:03,276 - mmpose - INFO - Best PCKh is 74.3534 at 90 epoch.
2022-07-18 10:00:03,277 - mmpose - INFO - Epoch(val) [90][24]	Head: 90.1432, Shoulder: 88.5190, Elbow: 73.8203, Wrist: 62.4989, Hip: 79.4184, Knee: 65.1021, Ankle: 50.5426, PCKh: 74.3534, PCKh@0.1: 13.4088
2022-07-18 10:00:25,005 - mmpose - INFO - Epoch [91][50/87]	lr: 5.000e-04, eta: 0:44:08, time: 0.435, data_time: 0.267, memory: 1583, reg_loss: 0.0400, acc_pose: 0.7112, loss: 0.0400
2022-07-18 10:00:59,779 - mmpose - INFO - Epoch [92][50/87]	lr: 5.000e-04, eta: 0:43:45, time: 0.428, data_time: 0.308, memory: 1583, reg_loss: 0.0396, acc_pose: 0.7152, loss: 0.0396
2022-07-18 10:01:35,151 - mmpose - INFO - Epoch [93][50/87]	lr: 5.000e-04, eta: 0:43:23, time: 0.436, data_time: 0.215, memory: 1583, reg_loss: 0.0393, acc_pose: 0.7199, loss: 0.0393
2022-07-18 10:02:10,611 - mmpose - INFO - Epoch [94][50/87]	lr: 5.000e-04, eta: 0:43:00, time: 0.438, data_time: 0.193, memory: 1583, reg_loss: 0.0396, acc_pose: 0.7202, loss: 0.0396
2022-07-18 10:02:45,529 - mmpose - INFO - Epoch [95][50/87]	lr: 5.000e-04, eta: 0:42:37, time: 0.428, data_time: 0.230, memory: 1583, reg_loss: 0.0396, acc_pose: 0.7140, loss: 0.0396
2022-07-18 10:03:21,239 - mmpose - INFO - Epoch [96][50/87]	lr: 5.000e-04, eta: 0:42:15, time: 0.441, data_time: 0.225, memory: 1583, reg_loss: 0.0393, acc_pose: 0.7201, loss: 0.0393
2022-07-18 10:03:55,650 - mmpose - INFO - Epoch [97][50/87]	lr: 5.000e-04, eta: 0:41:52, time: 0.437, data_time: 0.192, memory: 1583, reg_loss: 0.0392, acc_pose: 0.7196, loss: 0.0392
2022-07-18 10:04:30,384 - mmpose - INFO - Epoch [98][50/87]	lr: 5.000e-04, eta: 0:41:29, time: 0.433, data_time: 0.198, memory: 1583, reg_loss: 0.0390, acc_pose: 0.7223, loss: 0.0390
2022-07-18 10:05:05,096 - mmpose - INFO - Epoch [99][50/87]	lr: 5.000e-04, eta: 0:41:06, time: 0.429, data_time: 0.284, memory: 1583, reg_loss: 0.0389, acc_pose: 0.7198, loss: 0.0389
2022-07-18 10:05:40,176 - mmpose - INFO - Epoch [100][50/87]	lr: 5.000e-04, eta: 0:40:44, time: 0.434, data_time: 0.270, memory: 1583, reg_loss: 0.0386, acc_pose: 0.7159, loss: 0.0386
2022-07-18 10:05:53,240 - mmpose - INFO - Saving checkpoint at 100 epochs
2022-07-18 10:05:57,844 - mmpose - INFO - The previous best checkpoint /data/tfj/workspace/python_projects/pose/mmpose-0270/work_dirs/10_reg_shufflenetv2_mpii_256x256_dsnt/best_PCKh_epoch_90.pth was removed
2022-07-18 10:05:57,891 - mmpose - INFO - Now best checkpoint is saved as best_PCKh_epoch_100.pth.
2022-07-18 10:05:57,892 - mmpose - INFO - Best PCKh is 74.7515 at 100 epoch.
2022-07-18 10:05:57,892 - mmpose - INFO - Epoch(val) [100][24]	Head: 89.9727, Shoulder: 89.0285, Elbow: 74.6381, Wrist: 63.0657, Hip: 79.9896, Knee: 65.3639, Ankle: 50.4015, PCKh: 74.7515, PCKh@0.1: 13.9214
2022-07-18 10:06:19,194 - mmpose - INFO - Epoch [101][50/87]	lr: 5.000e-04, eta: 0:40:21, time: 0.426, data_time: 0.235, memory: 1583, reg_loss: 0.0391, acc_pose: 0.7230, loss: 0.0391
2022-07-18 10:06:54,730 - mmpose - INFO - Epoch [102][50/87]	lr: 5.000e-04, eta: 0:39:58, time: 0.436, data_time: 0.270, memory: 1583, reg_loss: 0.0387, acc_pose: 0.7217, loss: 0.0387
2022-07-18 10:07:29,439 - mmpose - INFO - Epoch [103][50/87]	lr: 5.000e-04, eta: 0:39:36, time: 0.432, data_time: 0.253, memory: 1583, reg_loss: 0.0390, acc_pose: 0.7226, loss: 0.0390
2022-07-18 10:08:04,551 - mmpose - INFO - Epoch [104][50/87]	lr: 5.000e-04, eta: 0:39:13, time: 0.432, data_time: 0.314, memory: 1583, reg_loss: 0.0385, acc_pose: 0.7313, loss: 0.0385
2022-07-18 10:08:39,150 - mmpose - INFO - Epoch [105][50/87]	lr: 5.000e-04, eta: 0:38:50, time: 0.429, data_time: 0.270, memory: 1583, reg_loss: 0.0386, acc_pose: 0.7271, loss: 0.0386
2022-07-18 10:09:13,901 - mmpose - INFO - Epoch [106][50/87]	lr: 5.000e-04, eta: 0:38:28, time: 0.434, data_time: 0.225, memory: 1583, reg_loss: 0.0388, acc_pose: 0.7236, loss: 0.0388
2022-07-18 10:09:49,124 - mmpose - INFO - Epoch [107][50/87]	lr: 5.000e-04, eta: 0:38:05, time: 0.438, data_time: 0.290, memory: 1583, reg_loss: 0.0388, acc_pose: 0.7190, loss: 0.0388
2022-07-18 10:10:24,194 - mmpose - INFO - Epoch [108][50/87]	lr: 5.000e-04, eta: 0:37:43, time: 0.430, data_time: 0.252, memory: 1583, reg_loss: 0.0387, acc_pose: 0.7243, loss: 0.0387
2022-07-18 10:10:59,514 - mmpose - INFO - Epoch [109][50/87]	lr: 5.000e-04, eta: 0:37:20, time: 0.439, data_time: 0.184, memory: 1583, reg_loss: 0.0386, acc_pose: 0.7238, loss: 0.0386
2022-07-18 10:11:34,118 - mmpose - INFO - Epoch [110][50/87]	lr: 5.000e-04, eta: 0:36:58, time: 0.428, data_time: 0.246, memory: 1583, reg_loss: 0.0385, acc_pose: 0.7248, loss: 0.0385
2022-07-18 10:11:47,836 - mmpose - INFO - Saving checkpoint at 110 epochs
2022-07-18 10:11:52,478 - mmpose - INFO - The previous best checkpoint /data/tfj/workspace/python_projects/pose/mmpose-0270/work_dirs/10_reg_shufflenetv2_mpii_256x256_dsnt/best_PCKh_epoch_100.pth was removed
2022-07-18 10:11:52,537 - mmpose - INFO - Now best checkpoint is saved as best_PCKh_epoch_110.pth.
2022-07-18 10:11:52,537 - mmpose - INFO - Best PCKh is 74.9258 at 110 epoch.
2022-07-18 10:11:52,538 - mmpose - INFO - Epoch(val) [110][24]	Head: 90.0068, Shoulder: 88.9096, Elbow: 74.4339, Wrist: 64.2292, Hip: 79.8857, Knee: 65.7455, Ankle: 50.6845, PCKh: 74.9258, PCKh@0.1: 13.9448
2022-07-18 10:12:14,032 - mmpose - INFO - Epoch [111][50/87]	lr: 5.000e-04, eta: 0:36:35, time: 0.430, data_time: 0.358, memory: 1583, reg_loss: 0.0385, acc_pose: 0.7278, loss: 0.0385
2022-07-18 10:12:49,365 - mmpose - INFO - Epoch [112][50/87]	lr: 5.000e-04, eta: 0:36:13, time: 0.436, data_time: 0.199, memory: 1583, reg_loss: 0.0381, acc_pose: 0.7331, loss: 0.0381
2022-07-18 10:13:24,075 - mmpose - INFO - Epoch [113][50/87]	lr: 5.000e-04, eta: 0:35:50, time: 0.430, data_time: 0.271, memory: 1583, reg_loss: 0.0383, acc_pose: 0.7301, loss: 0.0383
2022-07-18 10:13:58,786 - mmpose - INFO - Epoch [114][50/87]	lr: 5.000e-04, eta: 0:35:28, time: 0.434, data_time: 0.297, memory: 1583, reg_loss: 0.0382, acc_pose: 0.7226, loss: 0.0382
2022-07-18 10:14:34,241 - mmpose - INFO - Epoch [115][50/87]	lr: 5.000e-04, eta: 0:35:06, time: 0.442, data_time: 0.187, memory: 1583, reg_loss: 0.0384, acc_pose: 0.7261, loss: 0.0384
2022-07-18 10:15:09,571 - mmpose - INFO - Epoch [116][50/87]	lr: 5.000e-04, eta: 0:34:43, time: 0.426, data_time: 0.265, memory: 1583, reg_loss: 0.0384, acc_pose: 0.7231, loss: 0.0384
2022-07-18 10:15:44,035 - mmpose - INFO - Epoch [117][50/87]	lr: 5.000e-04, eta: 0:34:20, time: 0.426, data_time: 0.291, memory: 1583, reg_loss: 0.0383, acc_pose: 0.7259, loss: 0.0383
2022-07-18 10:16:19,506 - mmpose - INFO - Epoch [118][50/87]	lr: 5.000e-04, eta: 0:33:58, time: 0.439, data_time: 0.263, memory: 1583, reg_loss: 0.0377, acc_pose: 0.7378, loss: 0.0377
2022-07-18 10:16:54,570 - mmpose - INFO - Epoch [119][50/87]	lr: 5.000e-04, eta: 0:33:36, time: 0.433, data_time: 0.205, memory: 1583, reg_loss: 0.0379, acc_pose: 0.7306, loss: 0.0379
2022-07-18 10:17:29,213 - mmpose - INFO - Epoch [120][50/87]	lr: 5.000e-04, eta: 0:33:13, time: 0.430, data_time: 0.299, memory: 1583, reg_loss: 0.0377, acc_pose: 0.7317, loss: 0.0377
2022-07-18 10:17:42,386 - mmpose - INFO - Saving checkpoint at 120 epochs
2022-07-18 10:17:47,112 - mmpose - INFO - The previous best checkpoint /data/tfj/workspace/python_projects/pose/mmpose-0270/work_dirs/10_reg_shufflenetv2_mpii_256x256_dsnt/best_PCKh_epoch_110.pth was removed
2022-07-18 10:17:47,185 - mmpose - INFO - Now best checkpoint is saved as best_PCKh_epoch_120.pth.
2022-07-18 10:17:47,185 - mmpose - INFO - Best PCKh is 75.1392 at 120 epoch.
2022-07-18 10:17:47,186 - mmpose - INFO - Epoch(val) [120][24]	Head: 90.3820, Shoulder: 89.3512, Elbow: 75.2347, Wrist: 64.1790, Hip: 80.2838, Knee: 64.7587, Ankle: 50.9677, PCKh: 75.1392, PCKh@0.1: 14.1686
2022-07-18 10:18:08,494 - mmpose - INFO - Epoch [121][50/87]	lr: 5.000e-04, eta: 0:32:51, time: 0.426, data_time: 0.326, memory: 1583, reg_loss: 0.0380, acc_pose: 0.7359, loss: 0.0380
2022-07-18 10:18:43,035 - mmpose - INFO - Epoch [122][50/87]	lr: 5.000e-04, eta: 0:32:28, time: 0.426, data_time: 0.257, memory: 1583, reg_loss: 0.0379, acc_pose: 0.7379, loss: 0.0379
2022-07-18 10:19:19,023 - mmpose - INFO - Epoch [123][50/87]	lr: 5.000e-04, eta: 0:32:06, time: 0.438, data_time: 0.219, memory: 1583, reg_loss: 0.0381, acc_pose: 0.7245, loss: 0.0381
2022-07-18 10:19:53,680 - mmpose - INFO - Epoch [124][50/87]	lr: 5.000e-04, eta: 0:31:44, time: 0.433, data_time: 0.349, memory: 1583, reg_loss: 0.0378, acc_pose: 0.7327, loss: 0.0378
2022-07-18 10:20:28,005 - mmpose - INFO - Epoch [125][50/87]	lr: 5.000e-04, eta: 0:31:21, time: 0.424, data_time: 0.276, memory: 1583, reg_loss: 0.0378, acc_pose: 0.7375, loss: 0.0378
2022-07-18 10:21:03,109 - mmpose - INFO - Epoch [126][50/87]	lr: 5.000e-04, eta: 0:30:59, time: 0.428, data_time: 0.225, memory: 1583, reg_loss: 0.0380, acc_pose: 0.7377, loss: 0.0380
2022-07-18 10:21:38,254 - mmpose - INFO - Epoch [127][50/87]	lr: 5.000e-04, eta: 0:30:36, time: 0.430, data_time: 0.291, memory: 1583, reg_loss: 0.0375, acc_pose: 0.7325, loss: 0.0375
2022-07-18 10:22:13,561 - mmpose - INFO - Epoch [128][50/87]	lr: 5.000e-04, eta: 0:30:14, time: 0.442, data_time: 0.342, memory: 1583, reg_loss: 0.0377, acc_pose: 0.7412, loss: 0.0377
2022-07-18 10:22:48,344 - mmpose - INFO - Epoch [129][50/87]	lr: 5.000e-04, eta: 0:29:52, time: 0.429, data_time: 0.233, memory: 1583, reg_loss: 0.0377, acc_pose: 0.7327, loss: 0.0377
2022-07-18 10:23:23,442 - mmpose - INFO - Epoch [130][50/87]	lr: 5.000e-04, eta: 0:29:30, time: 0.436, data_time: 0.143, memory: 1583, reg_loss: 0.0375, acc_pose: 0.7378, loss: 0.0375
2022-07-18 10:23:36,905 - mmpose - INFO - Saving checkpoint at 130 epochs
2022-07-18 10:23:41,634 - mmpose - INFO - The previous best checkpoint /data/tfj/workspace/python_projects/pose/mmpose-0270/work_dirs/10_reg_shufflenetv2_mpii_256x256_dsnt/best_PCKh_epoch_120.pth was removed
2022-07-18 10:23:41,686 - mmpose - INFO - Now best checkpoint is saved as best_PCKh_epoch_130.pth.
2022-07-18 10:23:41,686 - mmpose - INFO - Best PCKh is 75.5243 at 130 epoch.
2022-07-18 10:23:41,687 - mmpose - INFO - Epoch(val) [130][24]	Head: 90.2115, Shoulder: 89.1474, Elbow: 75.5585, Wrist: 64.7781, Hip: 80.5954, Knee: 66.6527, Ankle: 51.0627, PCKh: 75.5243, PCKh@0.1: 14.3716
2022-07-18 10:24:03,487 - mmpose - INFO - Epoch [131][50/87]	lr: 5.000e-04, eta: 0:29:08, time: 0.436, data_time: 0.215, memory: 1583, reg_loss: 0.0377, acc_pose: 0.7347, loss: 0.0377
2022-07-18 10:24:38,224 - mmpose - INFO - Epoch [132][50/87]	lr: 5.000e-04, eta: 0:28:45, time: 0.435, data_time: 0.375, memory: 1583, reg_loss: 0.0372, acc_pose: 0.7365, loss: 0.0372
2022-07-18 10:25:12,981 - mmpose - INFO - Epoch [133][50/87]	lr: 5.000e-04, eta: 0:28:23, time: 0.438, data_time: 0.288, memory: 1583, reg_loss: 0.0373, acc_pose: 0.7411, loss: 0.0373
2022-07-18 10:25:48,131 - mmpose - INFO - Epoch [134][50/87]	lr: 5.000e-04, eta: 0:28:01, time: 0.435, data_time: 0.189, memory: 1583, reg_loss: 0.0375, acc_pose: 0.7407, loss: 0.0375
2022-07-18 10:26:22,553 - mmpose - INFO - Epoch [135][50/87]	lr: 5.000e-04, eta: 0:27:39, time: 0.427, data_time: 0.122, memory: 1583, reg_loss: 0.0371, acc_pose: 0.7382, loss: 0.0371
2022-07-18 10:26:57,220 - mmpose - INFO - Epoch [136][50/87]	lr: 5.000e-04, eta: 0:27:17, time: 0.427, data_time: 0.205, memory: 1583, reg_loss: 0.0370, acc_pose: 0.7439, loss: 0.0370
2022-07-18 10:27:32,495 - mmpose - INFO - Epoch [137][50/87]	lr: 5.000e-04, eta: 0:26:54, time: 0.432, data_time: 0.260, memory: 1583, reg_loss: 0.0373, acc_pose: 0.7299, loss: 0.0373
2022-07-18 10:28:07,331 - mmpose - INFO - Epoch [138][50/87]	lr: 5.000e-04, eta: 0:26:32, time: 0.436, data_time: 0.142, memory: 1583, reg_loss: 0.0373, acc_pose: 0.7374, loss: 0.0373
2022-07-18 10:28:42,229 - mmpose - INFO - Epoch [139][50/87]	lr: 5.000e-04, eta: 0:26:10, time: 0.435, data_time: 0.198, memory: 1583, reg_loss: 0.0373, acc_pose: 0.7411, loss: 0.0373
2022-07-18 10:29:17,331 - mmpose - INFO - Epoch [140][50/87]	lr: 5.000e-04, eta: 0:25:48, time: 0.438, data_time: 0.205, memory: 1583, reg_loss: 0.0372, acc_pose: 0.7382, loss: 0.0372
2022-07-18 10:29:30,245 - mmpose - INFO - Saving checkpoint at 140 epochs
2022-07-18 10:29:34,821 - mmpose - INFO - The previous best checkpoint /data/tfj/workspace/python_projects/pose/mmpose-0270/work_dirs/10_reg_shufflenetv2_mpii_256x256_dsnt/best_PCKh_epoch_130.pth was removed
2022-07-18 10:29:34,872 - mmpose - INFO - Now best checkpoint is saved as best_PCKh_epoch_140.pth.
2022-07-18 10:29:34,872 - mmpose - INFO - Best PCKh is 75.6388 at 140 epoch.
2022-07-18 10:29:34,872 - mmpose - INFO - Epoch(val) [140][24]	Head: 90.8595, Shoulder: 89.5550, Elbow: 75.5584, Wrist: 64.5717, Hip: 80.6127, Knee: 66.6529, Ankle: 51.4637, PCKh: 75.6388, PCKh@0.1: 14.4106
2022-07-18 10:29:56,229 - mmpose - INFO - Epoch [141][50/87]	lr: 5.000e-04, eta: 0:25:26, time: 0.427, data_time: 0.188, memory: 1583, reg_loss: 0.0372, acc_pose: 0.7345, loss: 0.0372
2022-07-18 10:30:30,895 - mmpose - INFO - Epoch [142][50/87]	lr: 5.000e-04, eta: 0:25:04, time: 0.430, data_time: 0.294, memory: 1583, reg_loss: 0.0369, acc_pose: 0.7429, loss: 0.0369
2022-07-18 10:31:05,990 - mmpose - INFO - Epoch [143][50/87]	lr: 5.000e-04, eta: 0:24:41, time: 0.433, data_time: 0.254, memory: 1583, reg_loss: 0.0367, acc_pose: 0.7482, loss: 0.0367
2022-07-18 10:31:41,343 - mmpose - INFO - Epoch [144][50/87]	lr: 5.000e-04, eta: 0:24:19, time: 0.436, data_time: 0.183, memory: 1583, reg_loss: 0.0369, acc_pose: 0.7454, loss: 0.0369
2022-07-18 10:32:16,127 - mmpose - INFO - Epoch [145][50/87]	lr: 5.000e-04, eta: 0:23:57, time: 0.427, data_time: 0.284, memory: 1583, reg_loss: 0.0364, acc_pose: 0.7431, loss: 0.0364
2022-07-18 10:32:50,963 - mmpose - INFO - Epoch [146][50/87]	lr: 5.000e-04, eta: 0:23:35, time: 0.429, data_time: 0.210, memory: 1583, reg_loss: 0.0368, acc_pose: 0.7420, loss: 0.0368
2022-07-18 10:33:25,812 - mmpose - INFO - Epoch [147][50/87]	lr: 5.000e-04, eta: 0:23:13, time: 0.436, data_time: 0.341, memory: 1583, reg_loss: 0.0369, acc_pose: 0.7427, loss: 0.0369
2022-07-18 10:34:00,815 - mmpose - INFO - Epoch [148][50/87]	lr: 5.000e-04, eta: 0:22:51, time: 0.435, data_time: 0.247, memory: 1583, reg_loss: 0.0369, acc_pose: 0.7455, loss: 0.0369
2022-07-18 10:34:35,788 - mmpose - INFO - Epoch [149][50/87]	lr: 5.000e-04, eta: 0:22:29, time: 0.432, data_time: 0.194, memory: 1583, reg_loss: 0.0365, acc_pose: 0.7475, loss: 0.0365
2022-07-18 10:35:10,879 - mmpose - INFO - Epoch [150][50/87]	lr: 5.000e-04, eta: 0:22:07, time: 0.433, data_time: 0.226, memory: 1583, reg_loss: 0.0365, acc_pose: 0.7461, loss: 0.0365
2022-07-18 10:35:24,372 - mmpose - INFO - Saving checkpoint at 150 epochs
2022-07-18 10:35:29,071 - mmpose - INFO - Epoch(val) [150][24]	Head: 90.2115, Shoulder: 89.5550, Elbow: 75.6948, Wrist: 64.4705, Hip: 80.3357, Knee: 66.0482, Ankle: 52.4088, PCKh: 75.5894, PCKh@0.1: 14.7957
2022-07-18 10:35:50,449 - mmpose - INFO - Epoch [151][50/87]	lr: 5.000e-04, eta: 0:21:44, time: 0.427, data_time: 0.317, memory: 1583, reg_loss: 0.0366, acc_pose: 0.7447, loss: 0.0366
2022-07-18 10:36:25,678 - mmpose - INFO - Epoch [152][50/87]	lr: 5.000e-04, eta: 0:21:22, time: 0.442, data_time: 0.186, memory: 1583, reg_loss: 0.0363, acc_pose: 0.7455, loss: 0.0363
2022-07-18 10:37:00,598 - mmpose - INFO - Epoch [153][50/87]	lr: 5.000e-04, eta: 0:21:00, time: 0.430, data_time: 0.258, memory: 1583, reg_loss: 0.0363, acc_pose: 0.7500, loss: 0.0363
2022-07-18 10:37:35,498 - mmpose - INFO - Epoch [154][50/87]	lr: 5.000e-04, eta: 0:20:38, time: 0.427, data_time: 0.230, memory: 1583, reg_loss: 0.0366, acc_pose: 0.7457, loss: 0.0366
2022-07-18 10:38:10,498 - mmpose - INFO - Epoch [155][50/87]	lr: 5.000e-04, eta: 0:20:16, time: 0.432, data_time: 0.202, memory: 1583, reg_loss: 0.0363, acc_pose: 0.7436, loss: 0.0363
2022-07-18 10:38:45,354 - mmpose - INFO - Epoch [156][50/87]	lr: 5.000e-04, eta: 0:19:54, time: 0.433, data_time: 0.295, memory: 1583, reg_loss: 0.0364, acc_pose: 0.7440, loss: 0.0364
2022-07-18 10:39:19,915 - mmpose - INFO - Epoch [157][50/87]	lr: 5.000e-04, eta: 0:19:32, time: 0.431, data_time: 0.235, memory: 1583, reg_loss: 0.0365, acc_pose: 0.7481, loss: 0.0365
2022-07-18 10:39:54,686 - mmpose - INFO - Epoch [158][50/87]	lr: 5.000e-04, eta: 0:19:10, time: 0.430, data_time: 0.329, memory: 1583, reg_loss: 0.0361, acc_pose: 0.7516, loss: 0.0361
2022-07-18 10:40:29,658 - mmpose - INFO - Epoch [159][50/87]	lr: 5.000e-04, eta: 0:18:48, time: 0.431, data_time: 0.246, memory: 1583, reg_loss: 0.0363, acc_pose: 0.7446, loss: 0.0363
2022-07-18 10:41:04,386 - mmpose - INFO - Epoch [160][50/87]	lr: 5.000e-04, eta: 0:18:26, time: 0.430, data_time: 0.174, memory: 1583, reg_loss: 0.0360, acc_pose: 0.7496, loss: 0.0360
2022-07-18 10:41:17,573 - mmpose - INFO - Saving checkpoint at 160 epochs
2022-07-18 10:41:22,299 - mmpose - INFO - The previous best checkpoint /data/tfj/workspace/python_projects/pose/mmpose-0270/work_dirs/10_reg_shufflenetv2_mpii_256x256_dsnt/best_PCKh_epoch_140.pth was removed
2022-07-18 10:41:22,349 - mmpose - INFO - Now best checkpoint is saved as best_PCKh_epoch_160.pth.
2022-07-18 10:41:22,349 - mmpose - INFO - Best PCKh is 75.7819 at 160 epoch.
2022-07-18 10:41:22,349 - mmpose - INFO - Epoch(val) [160][24]	Head: 90.3479, Shoulder: 88.9096, Elbow: 75.9503, Wrist: 64.8980, Hip: 80.8031, Knee: 66.6924, Ankle: 52.6453, PCKh: 75.7819, PCKh@0.1: 14.5928
2022-07-18 10:41:43,754 - mmpose - INFO - Epoch [161][50/87]	lr: 5.000e-04, eta: 0:18:04, time: 0.428, data_time: 0.325, memory: 1583, reg_loss: 0.0362, acc_pose: 0.7516, loss: 0.0362
2022-07-18 10:42:18,732 - mmpose - INFO - Epoch [162][50/87]	lr: 5.000e-04, eta: 0:17:42, time: 0.434, data_time: 0.223, memory: 1583, reg_loss: 0.0361, acc_pose: 0.7539, loss: 0.0361
2022-07-18 10:42:53,655 - mmpose - INFO - Epoch [163][50/87]	lr: 5.000e-04, eta: 0:17:20, time: 0.433, data_time: 0.280, memory: 1583, reg_loss: 0.0360, acc_pose: 0.7524, loss: 0.0360
2022-07-18 10:43:28,657 - mmpose - INFO - Epoch [164][50/87]	lr: 5.000e-04, eta: 0:16:57, time: 0.427, data_time: 0.271, memory: 1583, reg_loss: 0.0360, acc_pose: 0.7524, loss: 0.0360
2022-07-18 10:44:03,505 - mmpose - INFO - Epoch [165][50/87]	lr: 5.000e-04, eta: 0:16:35, time: 0.433, data_time: 0.240, memory: 1583, reg_loss: 0.0358, acc_pose: 0.7500, loss: 0.0358
2022-07-18 10:44:38,289 - mmpose - INFO - Epoch [166][50/87]	lr: 5.000e-04, eta: 0:16:13, time: 0.430, data_time: 0.266, memory: 1583, reg_loss: 0.0359, acc_pose: 0.7560, loss: 0.0359
2022-07-18 10:45:13,651 - mmpose - INFO - Epoch [167][50/87]	lr: 5.000e-04, eta: 0:15:51, time: 0.427, data_time: 0.248, memory: 1583, reg_loss: 0.0357, acc_pose: 0.7543, loss: 0.0357
2022-07-18 10:45:48,439 - mmpose - INFO - Epoch [168][50/87]	lr: 5.000e-04, eta: 0:15:29, time: 0.430, data_time: 0.282, memory: 1583, reg_loss: 0.0360, acc_pose: 0.7545, loss: 0.0360
2022-07-18 10:46:23,506 - mmpose - INFO - Epoch [169][50/87]	lr: 5.000e-04, eta: 0:15:07, time: 0.437, data_time: 0.116, memory: 1583, reg_loss: 0.0357, acc_pose: 0.7483, loss: 0.0357
2022-07-18 10:46:58,108 - mmpose - INFO - Epoch [170][50/87]	lr: 5.000e-04, eta: 0:14:45, time: 0.431, data_time: 0.316, memory: 1583, reg_loss: 0.0357, acc_pose: 0.7531, loss: 0.0357
2022-07-18 10:47:11,275 - mmpose - INFO - Saving checkpoint at 170 epochs
2022-07-18 10:47:15,994 - mmpose - INFO - The previous best checkpoint /data/tfj/workspace/python_projects/pose/mmpose-0270/work_dirs/10_reg_shufflenetv2_mpii_256x256_dsnt/best_PCKh_epoch_160.pth was removed
2022-07-18 10:47:16,045 - mmpose - INFO - Now best checkpoint is saved as best_PCKh_epoch_170.pth.
2022-07-18 10:47:16,045 - mmpose - INFO - Best PCKh is 76.4481 at 170 epoch.
2022-07-18 10:47:16,045 - mmpose - INFO - Epoch(val) [170][24]	Head: 91.3029, Shoulder: 89.8098, Elbow: 76.5129, Wrist: 64.9852, Hip: 81.1840, Knee: 68.1836, Ankle: 53.3298, PCKh: 76.4481, PCKh@0.1: 14.7697
2022-07-18 10:47:37,997 - mmpose - INFO - Epoch [171][50/87]	lr: 5.000e-05, eta: 0:14:24, time: 0.439, data_time: 0.266, memory: 1583, reg_loss: 0.0353, acc_pose: 0.7542, loss: 0.0353
2022-07-18 10:48:12,469 - mmpose - INFO - Epoch [172][50/87]	lr: 5.000e-05, eta: 0:14:01, time: 0.430, data_time: 0.202, memory: 1583, reg_loss: 0.0353, acc_pose: 0.7534, loss: 0.0353
2022-07-18 10:48:47,570 - mmpose - INFO - Epoch [173][50/87]	lr: 5.000e-05, eta: 0:13:40, time: 0.434, data_time: 0.262, memory: 1583, reg_loss: 0.0346, acc_pose: 0.7573, loss: 0.0346
2022-07-18 10:49:22,325 - mmpose - INFO - Epoch [174][50/87]	lr: 5.000e-05, eta: 0:13:18, time: 0.434, data_time: 0.247, memory: 1583, reg_loss: 0.0344, acc_pose: 0.7682, loss: 0.0344
2022-07-18 10:49:57,363 - mmpose - INFO - Epoch [175][50/87]	lr: 5.000e-05, eta: 0:12:56, time: 0.437, data_time: 0.253, memory: 1583, reg_loss: 0.0342, acc_pose: 0.7665, loss: 0.0342
2022-07-18 10:50:32,233 - mmpose - INFO - Epoch [176][50/87]	lr: 5.000e-05, eta: 0:12:34, time: 0.436, data_time: 0.183, memory: 1583, reg_loss: 0.0341, acc_pose: 0.7717, loss: 0.0341
2022-07-18 10:51:07,080 - mmpose - INFO - Epoch [177][50/87]	lr: 5.000e-05, eta: 0:12:12, time: 0.432, data_time: 0.241, memory: 1583, reg_loss: 0.0341, acc_pose: 0.7715, loss: 0.0341
2022-07-18 10:51:42,064 - mmpose - INFO - Epoch [178][50/87]	lr: 5.000e-05, eta: 0:11:50, time: 0.435, data_time: 0.223, memory: 1583, reg_loss: 0.0342, acc_pose: 0.7707, loss: 0.0342
2022-07-18 10:52:17,630 - mmpose - INFO - Epoch [179][50/87]	lr: 5.000e-05, eta: 0:11:28, time: 0.433, data_time: 0.288, memory: 1583, reg_loss: 0.0343, acc_pose: 0.7640, loss: 0.0343
2022-07-18 10:52:52,468 - mmpose - INFO - Epoch [180][50/87]	lr: 5.000e-05, eta: 0:11:06, time: 0.428, data_time: 0.337, memory: 1583, reg_loss: 0.0339, acc_pose: 0.7644, loss: 0.0339
2022-07-18 10:53:05,533 - mmpose - INFO - Saving checkpoint at 180 epochs
2022-07-18 10:53:10,213 - mmpose - INFO - The previous best checkpoint /data/tfj/workspace/python_projects/pose/mmpose-0270/work_dirs/10_reg_shufflenetv2_mpii_256x256_dsnt/best_PCKh_epoch_170.pth was removed
2022-07-18 10:53:10,285 - mmpose - INFO - Now best checkpoint is saved as best_PCKh_epoch_180.pth.
2022-07-18 10:53:10,285 - mmpose - INFO - Best PCKh is 76.9815 at 180 epoch.
2022-07-18 10:53:10,285 - mmpose - INFO - Epoch(val) [180][24]	Head: 91.1664, Shoulder: 90.4212, Elbow: 77.0925, Wrist: 66.1991, Hip: 81.7033, Knee: 68.2039, Ankle: 54.2032, PCKh: 76.9815, PCKh@0.1: 15.6154
2022-07-18 10:53:31,784 - mmpose - INFO - Epoch [181][50/87]	lr: 5.000e-05, eta: 0:10:44, time: 0.430, data_time: 0.323, memory: 1583, reg_loss: 0.0335, acc_pose: 0.7735, loss: 0.0335
2022-07-18 10:54:06,972 - mmpose - INFO - Epoch [182][50/87]	lr: 5.000e-05, eta: 0:10:22, time: 0.435, data_time: 0.260, memory: 1583, reg_loss: 0.0338, acc_pose: 0.7716, loss: 0.0338
2022-07-18 10:54:41,582 - mmpose - INFO - Epoch [183][50/87]	lr: 5.000e-05, eta: 0:10:00, time: 0.429, data_time: 0.236, memory: 1583, reg_loss: 0.0336, acc_pose: 0.7655, loss: 0.0336
2022-07-18 10:55:17,061 - mmpose - INFO - Epoch [184][50/87]	lr: 5.000e-05, eta: 0:09:38, time: 0.440, data_time: 0.233, memory: 1583, reg_loss: 0.0338, acc_pose: 0.7663, loss: 0.0338
2022-07-18 10:55:51,922 - mmpose - INFO - Epoch [185][50/87]	lr: 5.000e-05, eta: 0:09:16, time: 0.432, data_time: 0.285, memory: 1583, reg_loss: 0.0338, acc_pose: 0.7722, loss: 0.0338
2022-07-18 10:56:26,420 - mmpose - INFO - Epoch [186][50/87]	lr: 5.000e-05, eta: 0:08:54, time: 0.428, data_time: 0.268, memory: 1583, reg_loss: 0.0334, acc_pose: 0.7705, loss: 0.0334
2022-07-18 10:57:01,117 - mmpose - INFO - Epoch [187][50/87]	lr: 5.000e-05, eta: 0:08:32, time: 0.426, data_time: 0.243, memory: 1583, reg_loss: 0.0334, acc_pose: 0.7736, loss: 0.0334
2022-07-18 10:57:36,633 - mmpose - INFO - Epoch [188][50/87]	lr: 5.000e-05, eta: 0:08:10, time: 0.444, data_time: 0.167, memory: 1583, reg_loss: 0.0336, acc_pose: 0.7678, loss: 0.0336
2022-07-18 10:58:11,388 - mmpose - INFO - Epoch [189][50/87]	lr: 5.000e-05, eta: 0:07:49, time: 0.436, data_time: 0.341, memory: 1583, reg_loss: 0.0339, acc_pose: 0.7700, loss: 0.0339
2022-07-18 10:58:46,113 - mmpose - INFO - Epoch [190][50/87]	lr: 5.000e-05, eta: 0:07:27, time: 0.437, data_time: 0.216, memory: 1583, reg_loss: 0.0336, acc_pose: 0.7704, loss: 0.0336
2022-07-18 10:58:59,676 - mmpose - INFO - Saving checkpoint at 190 epochs
2022-07-18 10:59:04,316 - mmpose - INFO - The previous best checkpoint /data/tfj/workspace/python_projects/pose/mmpose-0270/work_dirs/10_reg_shufflenetv2_mpii_256x256_dsnt/best_PCKh_epoch_180.pth was removed
2022-07-18 10:59:04,365 - mmpose - INFO - Now best checkpoint is saved as best_PCKh_epoch_190.pth.
2022-07-18 10:59:04,365 - mmpose - INFO - Best PCKh is 77.0310 at 190 epoch.
2022-07-18 10:59:04,365 - mmpose - INFO - Epoch(val) [190][24]	Head: 91.4052, Shoulder: 90.3872, Elbow: 77.1777, Wrist: 66.2860, Hip: 81.6513, Knee: 68.6669, Ankle: 53.8494, PCKh: 77.0310, PCKh@0.1: 15.8626
2022-07-18 10:59:26,768 - mmpose - INFO - Epoch [191][50/87]	lr: 5.000e-05, eta: 0:07:05, time: 0.448, data_time: 0.253, memory: 1583, reg_loss: 0.0338, acc_pose: 0.7661, loss: 0.0338
2022-07-18 11:00:01,492 - mmpose - INFO - Epoch [192][50/87]	lr: 5.000e-05, eta: 0:06:43, time: 0.432, data_time: 0.234, memory: 1583, reg_loss: 0.0336, acc_pose: 0.7693, loss: 0.0336
2022-07-18 11:00:36,249 - mmpose - INFO - Epoch [193][50/87]	lr: 5.000e-05, eta: 0:06:21, time: 0.423, data_time: 0.343, memory: 1583, reg_loss: 0.0337, acc_pose: 0.7776, loss: 0.0337
2022-07-18 11:01:11,295 - mmpose - INFO - Epoch [194][50/87]	lr: 5.000e-05, eta: 0:05:59, time: 0.430, data_time: 0.271, memory: 1583, reg_loss: 0.0339, acc_pose: 0.7771, loss: 0.0339
2022-07-18 11:01:46,309 - mmpose - INFO - Epoch [195][50/87]	lr: 5.000e-05, eta: 0:05:37, time: 0.430, data_time: 0.325, memory: 1583, reg_loss: 0.0333, acc_pose: 0.7739, loss: 0.0333
2022-07-18 11:02:21,487 - mmpose - INFO - Epoch [196][50/87]	lr: 5.000e-05, eta: 0:05:15, time: 0.441, data_time: 0.274, memory: 1583, reg_loss: 0.0333, acc_pose: 0.7794, loss: 0.0333
2022-07-18 11:02:56,235 - mmpose - INFO - Epoch [197][50/87]	lr: 5.000e-05, eta: 0:04:53, time: 0.432, data_time: 0.319, memory: 1583, reg_loss: 0.0335, acc_pose: 0.7647, loss: 0.0335
2022-07-18 11:03:30,907 - mmpose - INFO - Epoch [198][50/87]	lr: 5.000e-05, eta: 0:04:31, time: 0.433, data_time: 0.242, memory: 1583, reg_loss: 0.0335, acc_pose: 0.7719, loss: 0.0335
2022-07-18 11:04:06,494 - mmpose - INFO - Epoch [199][50/87]	lr: 5.000e-05, eta: 0:04:09, time: 0.433, data_time: 0.221, memory: 1583, reg_loss: 0.0337, acc_pose: 0.7677, loss: 0.0337
2022-07-18 11:04:41,154 - mmpose - INFO - Epoch [200][50/87]	lr: 5.000e-05, eta: 0:03:48, time: 0.426, data_time: 0.348, memory: 1583, reg_loss: 0.0332, acc_pose: 0.7758, loss: 0.0332
2022-07-18 11:04:54,594 - mmpose - INFO - Saving checkpoint at 200 epochs
2022-07-18 11:04:59,208 - mmpose - INFO - The previous best checkpoint /data/tfj/workspace/python_projects/pose/mmpose-0270/work_dirs/10_reg_shufflenetv2_mpii_256x256_dsnt/best_PCKh_epoch_190.pth was removed
2022-07-18 11:04:59,266 - mmpose - INFO - Now best checkpoint is saved as best_PCKh_epoch_200.pth.
2022-07-18 11:04:59,266 - mmpose - INFO - Best PCKh is 77.1377 at 200 epoch.
2022-07-18 11:04:59,267 - mmpose - INFO - Epoch(val) [200][24]	Head: 91.7804, Shoulder: 90.3702, Elbow: 77.2118, Wrist: 66.3710, Hip: 81.9802, Knee: 68.7880, Ankle: 53.8257, PCKh: 77.1377, PCKh@0.1: 16.0187
2022-07-18 11:05:20,992 - mmpose - INFO - Epoch [201][50/87]	lr: 5.000e-06, eta: 0:03:26, time: 0.434, data_time: 0.187, memory: 1583, reg_loss: 0.0334, acc_pose: 0.7731, loss: 0.0334
2022-07-18 11:05:55,693 - mmpose - INFO - Epoch [202][50/87]	lr: 5.000e-06, eta: 0:03:04, time: 0.432, data_time: 0.136, memory: 1583, reg_loss: 0.0333, acc_pose: 0.7757, loss: 0.0333
2022-07-18 11:06:31,306 - mmpose - INFO - Epoch [203][50/87]	lr: 5.000e-06, eta: 0:02:42, time: 0.447, data_time: 0.161, memory: 1583, reg_loss: 0.0330, acc_pose: 0.7799, loss: 0.0330
2022-07-18 11:07:06,627 - mmpose - INFO - Epoch [204][50/87]	lr: 5.000e-06, eta: 0:02:20, time: 0.427, data_time: 0.246, memory: 1583, reg_loss: 0.0334, acc_pose: 0.7778, loss: 0.0334
2022-07-18 11:07:41,455 - mmpose - INFO - Epoch [205][50/87]	lr: 5.000e-06, eta: 0:01:58, time: 0.436, data_time: 0.230, memory: 1583, reg_loss: 0.0334, acc_pose: 0.7737, loss: 0.0334
2022-07-18 11:08:15,858 - mmpose - INFO - Epoch [206][50/87]	lr: 5.000e-06, eta: 0:01:36, time: 0.429, data_time: 0.335, memory: 1583, reg_loss: 0.0333, acc_pose: 0.7744, loss: 0.0333
2022-07-18 11:08:50,689 - mmpose - INFO - Epoch [207][50/87]	lr: 5.000e-06, eta: 0:01:14, time: 0.431, data_time: 0.235, memory: 1583, reg_loss: 0.0329, acc_pose: 0.7786, loss: 0.0329
2022-07-18 11:09:25,708 - mmpose - INFO - Epoch [208][50/87]	lr: 5.000e-06, eta: 0:00:53, time: 0.437, data_time: 0.201, memory: 1583, reg_loss: 0.0336, acc_pose: 0.7735, loss: 0.0336
2022-07-18 11:10:00,758 - mmpose - INFO - Epoch [209][50/87]	lr: 5.000e-06, eta: 0:00:31, time: 0.433, data_time: 0.254, memory: 1583, reg_loss: 0.0335, acc_pose: 0.7707, loss: 0.0335
2022-07-18 11:10:35,507 - mmpose - INFO - Epoch [210][50/87]	lr: 5.000e-06, eta: 0:00:09, time: 0.427, data_time: 0.269, memory: 1583, reg_loss: 0.0330, acc_pose: 0.7735, loss: 0.0330
2022-07-18 11:10:49,006 - mmpose - INFO - Saving checkpoint at 210 epochs
2022-07-18 11:10:53,730 - mmpose - INFO - Epoch(val) [210][24]	Head: 91.7462, Shoulder: 90.4552, Elbow: 77.0072, Wrist: 66.4389, Hip: 81.9629, Knee: 68.5466, Ankle: 53.9439, PCKh: 77.1116, PCKh@0.1: 16.0083
